#! /opt/homebrew/Cellar/icarus-verilog/12.0/bin/vvp
:ivl_version "12.0 (stable)";
:ivl_delay_selection "TYPICAL";
:vpi_time_precision - 12;
:vpi_module "/opt/homebrew/Cellar/icarus-verilog/12.0/lib/ivl/system.vpi";
:vpi_module "/opt/homebrew/Cellar/icarus-verilog/12.0/lib/ivl/vhdl_sys.vpi";
:vpi_module "/opt/homebrew/Cellar/icarus-verilog/12.0/lib/ivl/vhdl_textio.vpi";
:vpi_module "/opt/homebrew/Cellar/icarus-verilog/12.0/lib/ivl/v2005_math.vpi";
:vpi_module "/opt/homebrew/Cellar/icarus-verilog/12.0/lib/ivl/va_math.vpi";
S_0x11de72750 .scope module, "test" "test" 2 7;
 .timescale -9 -12;
P_0x11de64030 .param/l "STEP" 0 2 8, +C4<00000000000000000000000000001010>;
v0x11de8add0_0 .var "clk", 0 0;
v0x11de8ae60_0 .var/i "fd_r", 31 0;
v0x11de8af10_0 .var/i "fd_w", 31 0;
v0x11de8afd0_0 .var/i "num_test_file", 31 0;
v0x11de8b080_0 .var "rst", 0 0;
v0x11de8b190_0 .var/i "rtn", 31 0;
v0x11de8b220_0 .var "test_file_name", 511 0;
v0x11de8b2d0_0 .var/i "test_file_num", 31 0;
v0x11de8b380 .array "test_files", 127 0, 511 0;
v0x11de8b490 .array "test_pass", 127 0, 0 0;
S_0x11de61a40 .scope module, "core_0" "core" 2 41, 3 4 0, S_0x11de72750;
 .timescale 0 0;
    .port_info 0 /INPUT 1 "clk";
    .port_info 1 /INPUT 1 "rst";
L_0x11de8b520 .functor NOT 1, L_0x11de8f680, C4<0>, C4<0>, C4<0>;
L_0x11de8b5b0 .functor NOT 1, L_0x11de8ca40, C4<0>, C4<0>, C4<0>;
L_0x11de8b660 .functor AND 1, L_0x11de8b520, L_0x11de8b5b0, C4<1>, C4<1>;
L_0x1100781c0 .functor BUFT 1, C4<0>, C4<0>, C4<0>, C4<0>;
L_0x11de8cab0 .functor XNOR 1, v0x11de81ae0_0, L_0x1100781c0, C4<0>, C4<0>;
L_0x110078208 .functor BUFT 1, C4<0>, C4<0>, C4<0>, C4<0>;
L_0x11de8cbc0 .functor XNOR 1, v0x11de81b70_0, L_0x110078208, C4<0>, C4<0>;
L_0x110078400 .functor BUFT 1, C4<0>, C4<0>, C4<0>, C4<0>;
L_0x11de8e030 .functor XNOR 1, v0x11de881d0_0, L_0x110078400, C4<0>, C4<0>;
L_0x110078448 .functor BUFT 1, C4<0>, C4<0>, C4<0>, C4<0>;
L_0x11de8e280 .functor XNOR 1, v0x11de88460_0, L_0x110078448, C4<0>, C4<0>;
L_0x11de8e5d0 .functor AND 1, v0x11de88730_0, v0x11de7e250_0, C4<1>, C4<1>;
L_0x11de8e680 .functor OR 1, v0x11de88b90_0, L_0x11de8e5d0, C4<0>, C4<0>;
L_0x11de8e780 .functor OR 1, v0x11de88850_0, v0x11de889b0_0, C4<0>, C4<0>;
v0x11de86b10_0 .net *"_ivl_0", 0 0, L_0x11de8b520;  1 drivers
v0x11de86bd0_0 .net/2u *"_ivl_10", 0 0, L_0x1100781c0;  1 drivers
v0x11de86c70_0 .net *"_ivl_12", 0 0, L_0x11de8cab0;  1 drivers
v0x11de86d00_0 .net/2u *"_ivl_16", 0 0, L_0x110078208;  1 drivers
v0x11de86da0_0 .net *"_ivl_18", 0 0, L_0x11de8cbc0;  1 drivers
v0x11de86e80_0 .net *"_ivl_2", 0 0, L_0x11de8b5b0;  1 drivers
L_0x1100783b8 .functor BUFT 1, C4<00000000000000000000000000000100>, C4<0>, C4<0>, C4<0>;
v0x11de86f30_0 .net/2u *"_ivl_22", 31 0, L_0x1100783b8;  1 drivers
v0x11de86fe0_0 .net/2u *"_ivl_26", 0 0, L_0x110078400;  1 drivers
v0x11de87090_0 .net *"_ivl_28", 0 0, L_0x11de8e030;  1 drivers
v0x11de871a0_0 .net/2u *"_ivl_32", 0 0, L_0x110078448;  1 drivers
v0x11de87240_0 .net *"_ivl_34", 0 0, L_0x11de8e280;  1 drivers
v0x11de872e0_0 .net *"_ivl_40", 0 0, L_0x11de8e5d0;  1 drivers
L_0x110078490 .functor BUFT 1, C4<00>, C4<0>, C4<0>, C4<0>;
v0x11de87390_0 .net/2u *"_ivl_46", 1 0, L_0x110078490;  1 drivers
v0x11de87440_0 .net *"_ivl_48", 0 0, L_0x11de8e930;  1 drivers
L_0x1100784d8 .functor BUFT 1, C4<01>, C4<0>, C4<0>, C4<0>;
v0x11de874e0_0 .net/2u *"_ivl_50", 1 0, L_0x1100784d8;  1 drivers
v0x11de87590_0 .net *"_ivl_52", 0 0, L_0x11de8ea20;  1 drivers
L_0x110078520 .functor BUFT 1, C4<10>, C4<0>, C4<0>, C4<0>;
v0x11de87630_0 .net/2u *"_ivl_54", 1 0, L_0x110078520;  1 drivers
v0x11de877c0_0 .net *"_ivl_56", 0 0, L_0x11de8eac0;  1 drivers
v0x11de87850_0 .net *"_ivl_58", 31 0, L_0x11de8ec00;  1 drivers
v0x11de878f0_0 .net *"_ivl_60", 31 0, L_0x11de8ece0;  1 drivers
L_0x1100787a8 .functor BUFT 1, C4<00000000000000000000000000000100>, C4<0>, C4<0>, C4<0>;
v0x11de879a0_0 .net/2u *"_ivl_74", 31 0, L_0x1100787a8;  1 drivers
L_0x1100787f0 .functor BUFT 1, C4<00000000000000000000000000000000>, C4<0>, C4<0>, C4<0>;
v0x11de87a50_0 .net/2u *"_ivl_78", 31 0, L_0x1100787f0;  1 drivers
v0x11de87b00_0 .net *"_ivl_81", 29 0, L_0x11de90910;  1 drivers
L_0x110078838 .functor BUFT 1, C4<00>, C4<0>, C4<0>, C4<0>;
v0x11de87bb0_0 .net/2u *"_ivl_82", 1 0, L_0x110078838;  1 drivers
v0x11de87c60_0 .net *"_ivl_84", 31 0, L_0x11de90750;  1 drivers
v0x11de87d10_0 .net *"_ivl_87", 29 0, L_0x11de90b40;  1 drivers
L_0x110078880 .functor BUFT 1, C4<00>, C4<0>, C4<0>, C4<0>;
v0x11de87dc0_0 .net/2u *"_ivl_88", 1 0, L_0x110078880;  1 drivers
v0x11de87e70_0 .net *"_ivl_90", 31 0, L_0x11de90c00;  1 drivers
v0x11de87f20_0 .net *"_ivl_92", 31 0, L_0x11de90d60;  1 drivers
v0x11de87fd0_0 .net *"_ivl_94", 31 0, L_0x11de90ec0;  1 drivers
v0x11de88080_0 .net "clk", 0 0, v0x11de8add0_0;  1 drivers
v0x11de88110_0 .net "e_alu_in1", 31 0, L_0x11de8e0e0;  1 drivers
v0x11de881d0_0 .var "e_alu_in1_sel", 0 0;
v0x11de876c0_0 .net "e_alu_in2", 31 0, L_0x11de8e330;  1 drivers
v0x11de88460_0 .var "e_alu_in2_sel", 0 0;
v0x11de884f0_0 .net "e_alu_out", 31 0, v0x11de7ddf0_0;  1 drivers
v0x11de88580_0 .var "e_alu_sel", 3 0;
v0x11de88610_0 .net "e_br_en", 0 0, v0x11de7e250_0;  1 drivers
v0x11de886a0_0 .net "e_br_pred_miss", 0 0, L_0x11de8e680;  1 drivers
v0x11de88730_0 .var "e_branch", 0 0;
v0x11de887c0_0 .net "e_csr_r_data", 31 0, v0x11de80330_0;  1 drivers
v0x11de88850_0 .var "e_ecall", 0 0;
v0x11de888e0_0 .var "e_funct3", 2 0;
v0x11de889b0_0 .var "e_illegal_inst", 0 0;
v0x11de88a40_0 .var "e_imm", 31 0;
v0x11de88ad0_0 .var "e_inst_31_20", 11 0;
v0x11de88b90_0 .var "e_jump", 0 0;
v0x11de88c20_0 .var "e_load", 0 0;
v0x11de88cf0_0 .net "e_ma_stall", 0 0, L_0x11de8f680;  1 drivers
v0x11de88dc0_0 .net "e_mem_rw_addr", 31 0, v0x11de82ea0_0;  1 drivers
v0x11de88e90_0 .net "e_mem_w_data", 31 0, v0x11de83050_0;  1 drivers
v0x11de88f60_0 .net "e_mem_we", 3 0, v0x11de83440_0;  1 drivers
v0x11de89030_0 .var "e_mret", 0 0;
v0x11de890c0_0 .net "e_out", 31 0, L_0x11de8ee30;  1 drivers
v0x11de89150_0 .var "e_out_sel", 1 0;
v0x11de891e0_0 .var "e_pc", 31 0;
v0x11de89290_0 .net "e_pc_plus4", 31 0, L_0x11de8df30;  1 drivers
v0x11de89320_0 .var "e_rd_addr", 4 0;
v0x11de893e0_0 .var "e_reg_we", 0 0;
v0x11de89490_0 .var "e_rs1_addr", 4 0;
v0x11de89540_0 .var "e_rs1_data", 31 0;
v0x11de89610_0 .net "e_rs1_plus_imm", 31 0, L_0x11de8e490;  1 drivers
v0x11de896a0_0 .var "e_rs2_data", 31 0;
v0x11de89770_0 .var "e_store", 0 0;
v0x11de89800_0 .net "e_trap", 0 0, L_0x11de8e780;  1 drivers
v0x11de88260_0 .var "e_zicsr", 0 0;
v0x11de88310_0 .net "fd_alu_in1_sel", 0 0, v0x11de80d80_0;  1 drivers
v0x11de883c0_0 .net "fd_alu_in2_sel", 0 0, v0x11de80e30_0;  1 drivers
v0x11de898b0_0 .net "fd_alu_sel", 3 0, v0x11de80ed0_0;  1 drivers
v0x11de89960_0 .net "fd_branch", 0 0, v0x11de80f60_0;  1 drivers
v0x11de89a10_0 .net "fd_e_out_sel", 1 0, v0x11de810c0_0;  1 drivers
v0x11de89ac0_0 .net "fd_ecall", 0 0, v0x11de812b0_0;  1 drivers
v0x11de89b70_0 .net "fd_illegal_inst", 0 0, v0x11de813c0_0;  1 drivers
v0x11de89c20_0 .net "fd_imm", 31 0, v0x11de81450_0;  1 drivers
v0x11de89cd0_0 .net "fd_inst", 31 0, v0x11de850e0_0;  1 drivers
v0x11de89da0_0 .net "fd_jump", 0 0, v0x11de815b0_0;  1 drivers
v0x11de89e30_0 .net "fd_lduse", 0 0, L_0x11de8ca40;  1 drivers
v0x11de89ee0_0 .net "fd_load", 0 0, v0x11de81830_0;  1 drivers
v0x11de89f90_0 .net "fd_mret", 0 0, v0x11de819c0_0;  1 drivers
v0x11de8a040_0 .var "fd_pc", 31 0;
v0x11de8a0d0_0 .net "fd_pc_plus4", 31 0, L_0x11de90870;  1 drivers
v0x11de8a160_0 .net "fd_reg_we", 0 0, v0x11de81a50_0;  1 drivers
v0x11de8a210_0 .net "fd_rs1_data", 31 0, L_0x11de8cb20;  1 drivers
v0x11de8a2a0_0 .net "fd_rs1_sel", 0 0, v0x11de81ae0_0;  1 drivers
v0x11de8a350_0 .net "fd_rs2_data", 31 0, L_0x11de8ccf0;  1 drivers
v0x11de8a3e0_0 .net "fd_rs2_sel", 0 0, v0x11de81b70_0;  1 drivers
v0x11de8a490_0 .net "fd_store", 0 0, v0x11de81c10_0;  1 drivers
v0x11de8a540_0 .net "fd_tmp_rs1_data", 31 0, L_0x11de8be80;  1 drivers
v0x11de8a5f0_0 .net "fd_tmp_rs2_data", 31 0, L_0x11de8c5e0;  1 drivers
v0x11de8a6a0_0 .net "fd_zicsr", 0 0, v0x11de81df0_0;  1 drivers
v0x11de8a750_0 .var "mw_e_out", 31 0;
v0x11de8a7e0_0 .var "mw_funct3", 2 0;
v0x11de8a870_0 .var "mw_load", 0 0;
v0x11de8a900_0 .net "mw_mem_fmt_r_data", 31 0, v0x11de84750_0;  1 drivers
v0x11de8a9b0_0 .net "mw_mem_raw_r_data", 31 0, v0x11de85180_0;  1 drivers
v0x11de8aa80_0 .var "mw_rd_addr", 4 0;
v0x11de8ab10_0 .net "mw_rd_data", 31 0, L_0x11de906b0;  1 drivers
v0x11de8abc0_0 .var "mw_reg_we", 0 0;
v0x11de8ac70_0 .net "next_pc", 31 0, L_0x11de91020;  1 drivers
v0x11de8ad20_0 .net "rst", 0 0, v0x11de8b080_0;  1 drivers
L_0x11de8c780 .part v0x11de850e0_0, 15, 5;
L_0x11de8c8a0 .part v0x11de850e0_0, 20, 5;
L_0x11de8cb20 .functor MUXZ 32, L_0x11de8ee30, L_0x11de8be80, L_0x11de8cab0, C4<>;
L_0x11de8ccf0 .functor MUXZ 32, L_0x11de8ee30, L_0x11de8c5e0, L_0x11de8cbc0, C4<>;
L_0x11de8df30 .arith/sum 32, v0x11de891e0_0, L_0x1100783b8;
L_0x11de8e0e0 .functor MUXZ 32, v0x11de891e0_0, v0x11de89540_0, L_0x11de8e030, C4<>;
L_0x11de8e330 .functor MUXZ 32, v0x11de88a40_0, v0x11de896a0_0, L_0x11de8e280, C4<>;
L_0x11de8e490 .arith/sum 32, v0x11de89540_0, v0x11de88a40_0;
L_0x11de8e930 .cmp/eq 2, v0x11de89150_0, L_0x110078490;
L_0x11de8ea20 .cmp/eq 2, v0x11de89150_0, L_0x1100784d8;
L_0x11de8eac0 .cmp/eq 2, v0x11de89150_0, L_0x110078520;
L_0x11de8ec00 .functor MUXZ 32, v0x11de80330_0, L_0x11de8df30, L_0x11de8eac0, C4<>;
L_0x11de8ece0 .functor MUXZ 32, L_0x11de8ec00, v0x11de88a40_0, L_0x11de8ea20, C4<>;
L_0x11de8ee30 .functor MUXZ 32, L_0x11de8ece0, v0x11de7ddf0_0, L_0x11de8e930, C4<>;
L_0x11de8f7d0 .part v0x11de888e0_0, 0, 2;
L_0x11de90400 .part v0x11de8a750_0, 0, 2;
L_0x11de904a0 .part v0x11de8a7e0_0, 0, 2;
L_0x11de905f0 .part v0x11de8a7e0_0, 2, 1;
L_0x11de906b0 .functor MUXZ 32, v0x11de8a750_0, v0x11de84750_0, v0x11de8a870_0, C4<>;
L_0x11de90870 .arith/sum 32, v0x11de8a040_0, L_0x1100787a8;
L_0x11de90910 .part v0x11de7ddf0_0, 2, 30;
L_0x11de90750 .concat [ 2 30 0 0], L_0x110078838, L_0x11de90910;
L_0x11de90b40 .part v0x11de80330_0, 2, 30;
L_0x11de90c00 .concat [ 2 30 0 0], L_0x110078880, L_0x11de90b40;
L_0x11de90d60 .functor MUXZ 32, L_0x11de90870, L_0x11de90c00, L_0x11de8e780, C4<>;
L_0x11de90ec0 .functor MUXZ 32, L_0x11de90d60, L_0x11de90750, L_0x11de8e680, C4<>;
L_0x11de91020 .functor MUXZ 32, L_0x11de90ec0, L_0x1100787f0, v0x11de8b080_0, C4<>;
S_0x11de0c070 .scope module, "alu_0" "alu" 3 208, 4 4 0, S_0x11de61a40;
 .timescale 0 0;
    .port_info 0 /INPUT 32 "in1";
    .port_info 1 /INPUT 32 "in2";
    .port_info 2 /INPUT 4 "sel";
    .port_info 3 /OUTPUT 32 "out";
v0x11de677c0_0 .net/s "in1", 31 0, L_0x11de8e0e0;  alias, 1 drivers
v0x11de7dd40_0 .net/s "in2", 31 0, L_0x11de8e330;  alias, 1 drivers
v0x11de7ddf0_0 .var "out", 31 0;
v0x11de7deb0_0 .net "sel", 3 0, v0x11de88580_0;  1 drivers
E_0x11de0ca70 .event anyedge, v0x11de7deb0_0, v0x11de677c0_0, v0x11de7dd40_0;
S_0x11de7dfc0 .scope module, "br_unit_0" "br_unit" 3 221, 5 4 0, S_0x11de61a40;
 .timescale 0 0;
    .port_info 0 /INPUT 32 "in1";
    .port_info 1 /INPUT 32 "in2";
    .port_info 2 /INPUT 3 "sel";
    .port_info 3 /OUTPUT 1 "br_en";
v0x11de7e250_0 .var "br_en", 0 0;
v0x11de7e300_0 .net/s "in1", 31 0, v0x11de89540_0;  1 drivers
v0x11de7e3b0_0 .net/s "in2", 31 0, v0x11de896a0_0;  1 drivers
v0x11de7e470_0 .net "sel", 2 0, v0x11de888e0_0;  1 drivers
E_0x11de7e1f0 .event anyedge, v0x11de7e470_0, v0x11de7e300_0, v0x11de7e3b0_0;
S_0x11de7e580 .scope module, "csr_0" "csr" 3 182, 6 7 0, S_0x11de61a40;
 .timescale 0 0;
    .port_info 0 /INPUT 12 "addr";
    .port_info 1 /INPUT 5 "uimm";
    .port_info 2 /INPUT 32 "rs1_data";
    .port_info 3 /INPUT 32 "pc";
    .port_info 4 /INPUT 3 "funct3";
    .port_info 5 /INPUT 1 "zicsr";
    .port_info 6 /INPUT 1 "illegal_inst";
    .port_info 7 /INPUT 1 "ecall";
    .port_info 8 /INPUT 1 "mret";
    .port_info 9 /INPUT 1 "rst";
    .port_info 10 /INPUT 1 "clk";
    .port_info 11 /OUTPUT 32 "r_data";
L_0x110078250 .functor BUFT 1, C4<0>, C4<0>, C4<0>, C4<0>;
L_0x11de8cf30 .functor XNOR 1, L_0x11de8ce10, L_0x110078250, C4<0>, C4<0>;
L_0x11de8d6d0 .functor OR 32, v0x11de80330_0, L_0x11de8d140, C4<00000000000000000000000000000000>, C4<00000000000000000000000000000000>;
L_0x11de8d9d0 .functor NOT 32, L_0x11de8d140, C4<00000000000000000000000000000000>, C4<00000000000000000000000000000000>, C4<00000000000000000000000000000000>;
L_0x11de8da40 .functor AND 32, v0x11de80330_0, L_0x11de8d9d0, C4<11111111111111111111111111111111>, C4<11111111111111111111111111111111>;
v0x11de7e9b0_0 .net *"_ivl_1", 0 0, L_0x11de8ce10;  1 drivers
v0x11de7ea70_0 .net *"_ivl_13", 1 0, L_0x11de8d260;  1 drivers
L_0x1100782e0 .functor BUFT 1, C4<01>, C4<0>, C4<0>, C4<0>;
v0x11de7eb20_0 .net/2u *"_ivl_14", 1 0, L_0x1100782e0;  1 drivers
v0x11de7ebe0_0 .net *"_ivl_16", 0 0, L_0x11de8d380;  1 drivers
v0x11de7ec80_0 .net *"_ivl_19", 1 0, L_0x11de8d4d0;  1 drivers
v0x11de7ed70_0 .net/2u *"_ivl_2", 0 0, L_0x110078250;  1 drivers
L_0x110078328 .functor BUFT 1, C4<10>, C4<0>, C4<0>, C4<0>;
v0x11de7ee20_0 .net/2u *"_ivl_20", 1 0, L_0x110078328;  1 drivers
v0x11de7eed0_0 .net *"_ivl_22", 0 0, L_0x11de8d570;  1 drivers
v0x11de7ef70_0 .net *"_ivl_24", 31 0, L_0x11de8d6d0;  1 drivers
v0x11de7f080_0 .net *"_ivl_27", 1 0, L_0x11de8d7c0;  1 drivers
L_0x110078370 .functor BUFT 1, C4<11>, C4<0>, C4<0>, C4<0>;
v0x11de7f130_0 .net/2u *"_ivl_28", 1 0, L_0x110078370;  1 drivers
v0x11de7f1e0_0 .net *"_ivl_30", 0 0, L_0x11de8d860;  1 drivers
v0x11de7f280_0 .net *"_ivl_32", 31 0, L_0x11de8d9d0;  1 drivers
v0x11de7f330_0 .net *"_ivl_34", 31 0, L_0x11de8da40;  1 drivers
v0x11de7f3e0_0 .net *"_ivl_36", 31 0, L_0x11de8dab0;  1 drivers
v0x11de7f490_0 .net *"_ivl_38", 31 0, L_0x11de8dc10;  1 drivers
v0x11de7f540_0 .net *"_ivl_4", 0 0, L_0x11de8cf30;  1 drivers
L_0x110078298 .functor BUFT 1, C4<000000000000000000000000000>, C4<0>, C4<0>, C4<0>;
v0x11de7f6d0_0 .net/2u *"_ivl_6", 26 0, L_0x110078298;  1 drivers
v0x11de7f760_0 .net *"_ivl_8", 31 0, L_0x11de8d000;  1 drivers
v0x11de7f800_0 .net "addr", 11 0, v0x11de88ad0_0;  1 drivers
v0x11de7f8b0_0 .net "clk", 0 0, v0x11de8add0_0;  alias, 1 drivers
v0x11de7f950_0 .net "ecall", 0 0, v0x11de88850_0;  1 drivers
v0x11de7f9f0_0 .net "funct3", 2 0, v0x11de888e0_0;  alias, 1 drivers
v0x11de7fab0_0 .net "illegal_inst", 0 0, v0x11de889b0_0;  1 drivers
v0x11de7fb40_0 .var "mcause", 31 0;
v0x11de7fbd0_0 .var "mepc", 31 0;
v0x11de7fc60_0 .net "mret", 0 0, v0x11de89030_0;  1 drivers
v0x11de7fcf0_0 .var "mscratch", 31 0;
v0x11de7fd80_0 .var "mstatus_mie", 0 0;
v0x11de7fe10_0 .var "mstatus_mpie", 0 0;
v0x11de7feb0_0 .var "mstatus_mpp", 1 0;
v0x11de7ff60_0 .var "mtvec", 31 0;
v0x11de80010_0 .net "operand", 31 0, L_0x11de8d140;  1 drivers
v0x11de7f5f0_0 .net "pc", 31 0, v0x11de891e0_0;  1 drivers
v0x11de802a0_0 .var "privilege_mode", 1 0;
v0x11de80330_0 .var "r_data", 31 0;
v0x11de803d0_0 .net "rs1_data", 31 0, v0x11de89540_0;  alias, 1 drivers
v0x11de80490_0 .net "rst", 0 0, v0x11de8b080_0;  alias, 1 drivers
v0x11de80520_0 .net "uimm", 4 0, v0x11de89490_0;  1 drivers
v0x11de805d0_0 .net "w_data", 31 0, L_0x11de8dd90;  1 drivers
v0x11de80680_0 .net "zicsr", 0 0, v0x11de88260_0;  1 drivers
E_0x11de7e8c0 .event posedge, v0x11de7f8b0_0;
E_0x11de7e910/0 .event anyedge, v0x11de80680_0, v0x11de7f800_0, v0x11de7feb0_0, v0x11de7fe10_0;
E_0x11de7e910/1 .event anyedge, v0x11de7fd80_0, v0x11de7ff60_0, v0x11de7fcf0_0, v0x11de7fbd0_0;
E_0x11de7e910/2 .event anyedge, v0x11de7fb40_0, v0x11de7fab0_0, v0x11de7f950_0, v0x11de7fc60_0;
E_0x11de7e910 .event/or E_0x11de7e910/0, E_0x11de7e910/1, E_0x11de7e910/2;
L_0x11de8ce10 .part v0x11de888e0_0, 2, 1;
L_0x11de8d000 .concat [ 5 27 0 0], v0x11de89490_0, L_0x110078298;
L_0x11de8d140 .functor MUXZ 32, L_0x11de8d000, v0x11de89540_0, L_0x11de8cf30, C4<>;
L_0x11de8d260 .part v0x11de888e0_0, 0, 2;
L_0x11de8d380 .cmp/eq 2, L_0x11de8d260, L_0x1100782e0;
L_0x11de8d4d0 .part v0x11de888e0_0, 0, 2;
L_0x11de8d570 .cmp/eq 2, L_0x11de8d4d0, L_0x110078328;
L_0x11de8d7c0 .part v0x11de888e0_0, 0, 2;
L_0x11de8d860 .cmp/eq 2, L_0x11de8d7c0, L_0x110078370;
L_0x11de8dab0 .functor MUXZ 32, v0x11de80330_0, L_0x11de8da40, L_0x11de8d860, C4<>;
L_0x11de8dc10 .functor MUXZ 32, L_0x11de8dab0, L_0x11de8d6d0, L_0x11de8d570, C4<>;
L_0x11de8dd90 .functor MUXZ 32, L_0x11de8dc10, L_0x11de8d140, L_0x11de8d380, C4<>;
S_0x11de80840 .scope module, "decoder_0" "decoder" 3 78, 7 4 0, S_0x11de61a40;
 .timescale 0 0;
    .port_info 0 /INPUT 32 "inst";
    .port_info 1 /INPUT 5 "e_rd_addr";
    .port_info 2 /INPUT 1 "e_reg_we";
    .port_info 3 /INPUT 1 "e_load";
    .port_info 4 /OUTPUT 32 "imm";
    .port_info 5 /OUTPUT 1 "alu_in1_sel";
    .port_info 6 /OUTPUT 1 "alu_in2_sel";
    .port_info 7 /OUTPUT 4 "alu_sel";
    .port_info 8 /OUTPUT 1 "reg_we";
    .port_info 9 /OUTPUT 2 "e_out_sel";
    .port_info 10 /OUTPUT 1 "jump";
    .port_info 11 /OUTPUT 1 "branch";
    .port_info 12 /OUTPUT 1 "load";
    .port_info 13 /OUTPUT 1 "store";
    .port_info 14 /OUTPUT 1 "zicsr";
    .port_info 15 /OUTPUT 1 "ecall";
    .port_info 16 /OUTPUT 1 "illegal_inst";
    .port_info 17 /OUTPUT 1 "mret";
    .port_info 18 /OUTPUT 1 "rs1_sel";
    .port_info 19 /OUTPUT 1 "rs2_sel";
    .port_info 20 /OUTPUT 1 "lduse";
L_0x11de8ca40 .functor OR 1, v0x11de816f0_0, v0x11de81790_0, C4<0>, C4<0>;
v0x11de80d80_0 .var "alu_in1_sel", 0 0;
v0x11de80e30_0 .var "alu_in2_sel", 0 0;
v0x11de80ed0_0 .var "alu_sel", 3 0;
v0x11de80f60_0 .var "branch", 0 0;
v0x11de80ff0_0 .net "e_load", 0 0, v0x11de88c20_0;  1 drivers
v0x11de810c0_0 .var "e_out_sel", 1 0;
v0x11de81160_0 .net "e_rd_addr", 4 0, v0x11de89320_0;  1 drivers
v0x11de81210_0 .net "e_reg_we", 0 0, v0x11de893e0_0;  1 drivers
v0x11de812b0_0 .var "ecall", 0 0;
v0x11de813c0_0 .var "illegal_inst", 0 0;
v0x11de81450_0 .var "imm", 31 0;
v0x11de81500_0 .net "inst", 31 0, v0x11de850e0_0;  alias, 1 drivers
v0x11de815b0_0 .var "jump", 0 0;
v0x11de81650_0 .net "lduse", 0 0, L_0x11de8ca40;  alias, 1 drivers
v0x11de816f0_0 .var "lduse_rs1", 0 0;
v0x11de81790_0 .var "lduse_rs2", 0 0;
v0x11de81830_0 .var "load", 0 0;
v0x11de819c0_0 .var "mret", 0 0;
v0x11de81a50_0 .var "reg_we", 0 0;
v0x11de81ae0_0 .var "rs1_sel", 0 0;
v0x11de81b70_0 .var "rs2_sel", 0 0;
v0x11de81c10_0 .var "store", 0 0;
v0x11de81cb0_0 .var "use_rs1", 0 0;
v0x11de81d50_0 .var "use_rs2", 0 0;
v0x11de81df0_0 .var "zicsr", 0 0;
E_0x11de80cb0/0 .event anyedge, v0x11de81cb0_0, v0x11de81210_0, v0x11de81160_0, v0x11de81500_0;
E_0x11de80cb0/1 .event anyedge, v0x11de80ff0_0, v0x11de81d50_0;
E_0x11de80cb0 .event/or E_0x11de80cb0/0, E_0x11de80cb0/1;
E_0x11de80d30 .event anyedge, v0x11de81500_0;
S_0x11de82090 .scope module, "ma_ctrl_0" "ma_ctrl" 3 239, 8 4 0, S_0x11de61a40;
 .timescale 0 0;
    .port_info 0 /INPUT 32 "in_addr";
    .port_info 1 /INPUT 32 "in_data";
    .port_info 2 /INPUT 2 "len";
    .port_info 3 /INPUT 1 "load";
    .port_info 4 /INPUT 1 "store";
    .port_info 5 /INPUT 1 "clk";
    .port_info 6 /OUTPUT 32 "out_addr";
    .port_info 7 /OUTPUT 32 "out_data";
    .port_info 8 /OUTPUT 4 "we";
    .port_info 9 /OUTPUT 1 "stall";
L_0x11de8f4b0 .functor NOT 1, v0x11de831b0_0, C4<0>, C4<0>, C4<0>;
L_0x11de8f520 .functor AND 1, L_0x11de8f4b0, v0x11de82e10_0, C4<1>, C4<1>;
L_0x11de8f5d0 .functor OR 1, v0x11de88c20_0, v0x11de89770_0, C4<0>, C4<0>;
L_0x11de8f680 .functor AND 1, L_0x11de8f520, L_0x11de8f5d0, C4<1>, C4<1>;
L_0x110078568 .functor BUFT 1, C4<000000000000000000000000>, C4<0>, C4<0>, C4<0>;
v0x11de82370_0 .net/2u *"_ivl_0", 23 0, L_0x110078568;  1 drivers
L_0x1100785f8 .functor BUFT 1, C4<00000000000000000000000000001000>, C4<0>, C4<0>, C4<0>;
v0x11de82430_0 .net/2u *"_ivl_10", 31 0, L_0x1100785f8;  1 drivers
v0x11de824d0_0 .net *"_ivl_13", 31 0, L_0x11de8f270;  1 drivers
v0x11de82580_0 .net *"_ivl_16", 0 0, L_0x11de8f4b0;  1 drivers
v0x11de82630_0 .net *"_ivl_18", 0 0, L_0x11de8f520;  1 drivers
v0x11de82720_0 .net *"_ivl_2", 55 0, L_0x11de8ef90;  1 drivers
v0x11de827d0_0 .net *"_ivl_20", 0 0, L_0x11de8f5d0;  1 drivers
v0x11de82880_0 .net *"_ivl_5", 1 0, L_0x11de8f0b0;  1 drivers
v0x11de82930_0 .net *"_ivl_6", 31 0, L_0x11de8f150;  1 drivers
L_0x1100785b0 .functor BUFT 1, C4<000000000000000000000000000000>, C4<0>, C4<0>, C4<0>;
v0x11de82a40_0 .net *"_ivl_9", 29 0, L_0x1100785b0;  1 drivers
v0x11de82af0_0 .net "clk", 0 0, v0x11de8add0_0;  alias, 1 drivers
v0x11de82ba0_0 .net "in_addr", 31 0, L_0x11de8e490;  alias, 1 drivers
v0x11de82c30_0 .net "in_data", 31 0, v0x11de896a0_0;  alias, 1 drivers
v0x11de82cc0_0 .net "len", 1 0, L_0x11de8f7d0;  1 drivers
v0x11de82d60_0 .net "load", 0 0, v0x11de88c20_0;  alias, 1 drivers
v0x11de82e10_0 .var "misaligned", 0 0;
v0x11de82ea0_0 .var "out_addr", 31 0;
v0x11de83050_0 .var "out_data", 31 0;
v0x11de83100_0 .var "prev_addr", 31 0;
v0x11de831b0_0 .var "second_access", 0 0;
v0x11de83250_0 .net "shifted_data", 55 0, L_0x11de8f390;  1 drivers
v0x11de83300_0 .net "stall", 0 0, L_0x11de8f680;  alias, 1 drivers
v0x11de833a0_0 .net "store", 0 0, v0x11de89770_0;  1 drivers
v0x11de83440_0 .var "we", 3 0;
E_0x11de80a50/0 .event anyedge, v0x11de831b0_0, v0x11de83100_0, v0x11de83250_0, v0x11de833a0_0;
E_0x11de80a50/1 .event anyedge, v0x11de82cc0_0, v0x11de82ba0_0;
E_0x11de80a50 .event/or E_0x11de80a50/0, E_0x11de80a50/1;
E_0x11de82330 .event anyedge, v0x11de82cc0_0, v0x11de82ba0_0;
L_0x11de8ef90 .concat [ 32 24 0 0], v0x11de896a0_0, L_0x110078568;
L_0x11de8f0b0 .part L_0x11de8e490, 0, 2;
L_0x11de8f150 .concat [ 2 30 0 0], L_0x11de8f0b0, L_0x1100785b0;
L_0x11de8f270 .arith/mult 32, L_0x11de8f150, L_0x1100785f8;
L_0x11de8f390 .shift/l 56, L_0x11de8ef90, L_0x11de8f270;
S_0x11de835e0 .scope module, "r_data_fmt_0" "r_data_fmt" 3 276, 9 4 0, S_0x11de61a40;
 .timescale 0 0;
    .port_info 0 /INPUT 2 "low_addr";
    .port_info 1 /INPUT 32 "in_data";
    .port_info 2 /INPUT 2 "len";
    .port_info 3 /INPUT 1 "uns";
    .port_info 4 /INPUT 1 "e_ma_stall";
    .port_info 5 /INPUT 1 "clk";
    .port_info 6 /OUTPUT 32 "out_data";
v0x11de83830_0 .net *"_ivl_0", 63 0, L_0x11de8f8f0;  1 drivers
v0x11de838f0_0 .net *"_ivl_10", 63 0, L_0x11de8fc10;  1 drivers
v0x11de839a0_0 .net *"_ivl_12", 63 0, L_0x11de8fd30;  1 drivers
L_0x1100786d0 .functor BUFT 1, C4<00000000000000000000000000000000>, C4<0>, C4<0>, C4<0>;
v0x11de83a60_0 .net *"_ivl_15", 31 0, L_0x1100786d0;  1 drivers
v0x11de83b10_0 .net *"_ivl_16", 31 0, L_0x11de8feb0;  1 drivers
L_0x110078718 .functor BUFT 1, C4<000000000000000000000000000000>, C4<0>, C4<0>, C4<0>;
v0x11de83c00_0 .net *"_ivl_19", 29 0, L_0x110078718;  1 drivers
v0x11de83cb0_0 .net *"_ivl_2", 31 0, L_0x11de8f9b0;  1 drivers
L_0x110078760 .functor BUFT 1, C4<00000000000000000000000000001000>, C4<0>, C4<0>, C4<0>;
v0x11de83d60_0 .net/2u *"_ivl_20", 31 0, L_0x110078760;  1 drivers
v0x11de83e10_0 .net *"_ivl_23", 31 0, L_0x11de8ffd0;  1 drivers
v0x11de83f20_0 .net *"_ivl_24", 63 0, L_0x11de90110;  1 drivers
v0x11de83fd0_0 .net *"_ivl_26", 63 0, L_0x11de90230;  1 drivers
L_0x110078640 .functor BUFT 1, C4<000000000000000000000000000000>, C4<0>, C4<0>, C4<0>;
v0x11de84080_0 .net *"_ivl_5", 29 0, L_0x110078640;  1 drivers
L_0x110078688 .functor BUFT 1, C4<00000000000000000000000000001000>, C4<0>, C4<0>, C4<0>;
v0x11de84130_0 .net/2u *"_ivl_6", 31 0, L_0x110078688;  1 drivers
v0x11de841e0_0 .net *"_ivl_9", 31 0, L_0x11de8fad0;  1 drivers
v0x11de84290_0 .net "clk", 0 0, v0x11de8add0_0;  alias, 1 drivers
v0x11de84320_0 .net "e_ma_stall", 0 0, L_0x11de8f680;  alias, 1 drivers
v0x11de843b0_0 .var "first_access", 0 0;
v0x11de84540_0 .net "in_data", 31 0, v0x11de85180_0;  alias, 1 drivers
v0x11de845f0_0 .net "len", 1 0, L_0x11de904a0;  1 drivers
v0x11de846a0_0 .net "low_addr", 1 0, L_0x11de90400;  1 drivers
v0x11de84750_0 .var "out_data", 31 0;
v0x11de84800_0 .var "prev_data", 31 0;
v0x11de848b0_0 .var "second_access", 0 0;
v0x11de84950_0 .net "shifted_data", 31 0, L_0x11de90360;  1 drivers
v0x11de84a00_0 .net "uns", 0 0, L_0x11de905f0;  1 drivers
E_0x11de82a00 .event anyedge, v0x11de845f0_0, v0x11de84a00_0, v0x11de84950_0;
L_0x11de8f8f0 .concat [ 32 32 0 0], v0x11de84800_0, v0x11de85180_0;
L_0x11de8f9b0 .concat [ 2 30 0 0], L_0x11de90400, L_0x110078640;
L_0x11de8fad0 .arith/mult 32, L_0x11de8f9b0, L_0x110078688;
L_0x11de8fc10 .shift/r 64, L_0x11de8f8f0, L_0x11de8fad0;
L_0x11de8fd30 .concat [ 32 32 0 0], v0x11de85180_0, L_0x1100786d0;
L_0x11de8feb0 .concat [ 2 30 0 0], L_0x11de90400, L_0x110078718;
L_0x11de8ffd0 .arith/mult 32, L_0x11de8feb0, L_0x110078760;
L_0x11de90110 .shift/r 64, L_0x11de8fd30, L_0x11de8ffd0;
L_0x11de90230 .functor MUXZ 64, L_0x11de90110, L_0x11de8fc10, v0x11de848b0_0, C4<>;
L_0x11de90360 .part L_0x11de90230, 0, 32;
S_0x11de84b50 .scope module, "ram_0" "ram" 3 29, 10 4 0, S_0x11de61a40;
 .timescale 0 0;
    .port_info 0 /INPUT 32 "addr1";
    .port_info 1 /INPUT 1 "ce1";
    .port_info 2 /OUTPUT 32 "r_data1";
    .port_info 3 /INPUT 1 "clk";
    .port_info 4 /INPUT 32 "addr2";
    .port_info 5 /INPUT 4 "we2";
    .port_info 6 /INPUT 32 "w_data2";
    .port_info 7 /OUTPUT 32 "r_data2";
v0x11de84d80_0 .net "addr1", 31 0, L_0x11de91020;  alias, 1 drivers
v0x11de84e10_0 .net "addr2", 31 0, v0x11de82ea0_0;  alias, 1 drivers
v0x11de84ed0_0 .net "ce1", 0 0, L_0x11de8b660;  1 drivers
v0x11de84f80_0 .net "clk", 0 0, v0x11de8add0_0;  alias, 1 drivers
v0x11de85010 .array "mem", 2023 0, 31 0;
v0x11de850e0_0 .var "r_data1", 31 0;
v0x11de85180_0 .var "r_data2", 31 0;
v0x11de85230_0 .net "w_data2", 31 0, v0x11de83050_0;  alias, 1 drivers
v0x11de852e0_0 .net "we2", 3 0, v0x11de83440_0;  alias, 1 drivers
S_0x11de85480 .scope module, "reg_file_0" "reg_file" 3 47, 11 2 0, S_0x11de61a40;
 .timescale 0 0;
    .port_info 0 /INPUT 1 "clk";
    .port_info 1 /INPUT 1 "we";
    .port_info 2 /INPUT 5 "r_addr1";
    .port_info 3 /INPUT 5 "r_addr2";
    .port_info 4 /INPUT 5 "w_addr";
    .port_info 5 /INPUT 32 "w_data";
    .port_info 6 /OUTPUT 32 "r_data1";
    .port_info 7 /OUTPUT 32 "r_data2";
L_0x11de8ba00 .functor AND 1, v0x11de8abc0_0, L_0x11de8b8c0, C4<1>, C4<1>;
L_0x11de8c220 .functor AND 1, v0x11de8abc0_0, L_0x11de8c140, C4<1>, C4<1>;
L_0x110078010 .functor BUFT 1, C4<00000>, C4<0>, C4<0>, C4<0>;
v0x11de85700_0 .net/2u *"_ivl_0", 4 0, L_0x110078010;  1 drivers
v0x11de857c0_0 .net *"_ivl_10", 31 0, L_0x11de8baf0;  1 drivers
v0x11de85870_0 .net *"_ivl_12", 6 0, L_0x11de8bbb0;  1 drivers
L_0x1100780a0 .functor BUFT 1, C4<00>, C4<0>, C4<0>, C4<0>;
v0x11de85930_0 .net *"_ivl_15", 1 0, L_0x1100780a0;  1 drivers
v0x11de859e0_0 .net *"_ivl_16", 31 0, L_0x11de8bcf0;  1 drivers
v0x11de85ad0_0 .net *"_ivl_2", 0 0, L_0x11de8b770;  1 drivers
L_0x1100780e8 .functor BUFT 1, C4<00000>, C4<0>, C4<0>, C4<0>;
v0x11de85b70_0 .net/2u *"_ivl_20", 4 0, L_0x1100780e8;  1 drivers
v0x11de85c20_0 .net *"_ivl_22", 0 0, L_0x11de8bfe0;  1 drivers
L_0x110078130 .functor BUFT 1, C4<00000000000000000000000000000000>, C4<0>, C4<0>, C4<0>;
v0x11de85cc0_0 .net/2u *"_ivl_24", 31 0, L_0x110078130;  1 drivers
v0x11de85dd0_0 .net *"_ivl_26", 0 0, L_0x11de8c140;  1 drivers
v0x11de85e70_0 .net *"_ivl_28", 0 0, L_0x11de8c220;  1 drivers
v0x11de85f20_0 .net *"_ivl_30", 31 0, L_0x11de8c2d0;  1 drivers
v0x11de85fd0_0 .net *"_ivl_32", 6 0, L_0x11de8c3c0;  1 drivers
L_0x110078178 .functor BUFT 1, C4<00>, C4<0>, C4<0>, C4<0>;
v0x11de86080_0 .net *"_ivl_35", 1 0, L_0x110078178;  1 drivers
v0x11de86130_0 .net *"_ivl_36", 31 0, L_0x11de8c4a0;  1 drivers
L_0x110078058 .functor BUFT 1, C4<00000000000000000000000000000000>, C4<0>, C4<0>, C4<0>;
v0x11de861e0_0 .net/2u *"_ivl_4", 31 0, L_0x110078058;  1 drivers
v0x11de86290_0 .net *"_ivl_6", 0 0, L_0x11de8b8c0;  1 drivers
v0x11de86420_0 .net *"_ivl_8", 0 0, L_0x11de8ba00;  1 drivers
v0x11de864b0_0 .net "clk", 0 0, v0x11de8add0_0;  alias, 1 drivers
v0x11de86540 .array "mem", 31 0, 31 0;
v0x11de865d0_0 .net "r_addr1", 4 0, L_0x11de8c780;  1 drivers
v0x11de86680_0 .net "r_addr2", 4 0, L_0x11de8c8a0;  1 drivers
v0x11de86730_0 .net "r_data1", 31 0, L_0x11de8be80;  alias, 1 drivers
v0x11de867e0_0 .net "r_data2", 31 0, L_0x11de8c5e0;  alias, 1 drivers
v0x11de86890_0 .net "w_addr", 4 0, v0x11de8aa80_0;  1 drivers
v0x11de86940_0 .net "w_data", 31 0, L_0x11de906b0;  alias, 1 drivers
v0x11de869f0_0 .net "we", 0 0, v0x11de8abc0_0;  1 drivers
L_0x11de8b770 .cmp/eq 5, L_0x11de8c780, L_0x110078010;
L_0x11de8b8c0 .cmp/eq 5, L_0x11de8c780, v0x11de8aa80_0;
L_0x11de8baf0 .array/port v0x11de86540, L_0x11de8bbb0;
L_0x11de8bbb0 .concat [ 5 2 0 0], L_0x11de8c780, L_0x1100780a0;
L_0x11de8bcf0 .functor MUXZ 32, L_0x11de8baf0, L_0x11de906b0, L_0x11de8ba00, C4<>;
L_0x11de8be80 .functor MUXZ 32, L_0x11de8bcf0, L_0x110078058, L_0x11de8b770, C4<>;
L_0x11de8bfe0 .cmp/eq 5, L_0x11de8c8a0, L_0x1100780e8;
L_0x11de8c140 .cmp/eq 5, L_0x11de8c8a0, v0x11de8aa80_0;
L_0x11de8c2d0 .array/port v0x11de86540, L_0x11de8c3c0;
L_0x11de8c3c0 .concat [ 5 2 0 0], L_0x11de8c8a0, L_0x110078178;
L_0x11de8c4a0 .functor MUXZ 32, L_0x11de8c2d0, L_0x11de906b0, L_0x11de8c220, C4<>;
L_0x11de8c5e0 .functor MUXZ 32, L_0x11de8c4a0, L_0x110078130, L_0x11de8bfe0, C4<>;
    .scope S_0x11de84b50;
T_0 ;
    %wait E_0x11de7e8c0;
    %load/vec4 v0x11de84ed0_0;
    %flag_set/vec4 8;
    %jmp/0xz  T_0.0, 8;
    %load/vec4 v0x11de84d80_0;
    %parti/s 30, 2, 3;
    %ix/vec4 4;
    %load/vec4a v0x11de85010, 4;
    %assign/vec4 v0x11de850e0_0, 0;
T_0.0 ;
    %load/vec4 v0x11de84e10_0;
    %parti/s 30, 2, 3;
    %ix/vec4 4;
    %load/vec4a v0x11de85010, 4;
    %assign/vec4 v0x11de85180_0, 0;
    %jmp T_0;
    .thread T_0;
    .scope S_0x11de84b50;
T_1 ;
    %wait E_0x11de7e8c0;
    %load/vec4 v0x11de852e0_0;
    %parti/s 1, 0, 2;
    %flag_set/vec4 8;
    %jmp/0xz  T_1.0, 8;
    %load/vec4 v0x11de85230_0;
    %parti/s 8, 0, 2;
    %load/vec4 v0x11de84e10_0;
    %parti/s 30, 2, 3;
    %ix/vec4 3;
    %ix/load 4, 0, 0; Constant delay
    %assign/vec4/a/d v0x11de85010, 0, 4;
T_1.0 ;
    %load/vec4 v0x11de852e0_0;
    %parti/s 1, 1, 2;
    %flag_set/vec4 8;
    %jmp/0xz  T_1.2, 8;
    %load/vec4 v0x11de85230_0;
    %parti/s 8, 8, 5;
    %load/vec4 v0x11de84e10_0;
    %parti/s 30, 2, 3;
    %ix/vec4 3;
    %ix/load 4, 8, 0; part off
    %ix/load 5, 0, 0; Constant delay
    %assign/vec4/a/d v0x11de85010, 4, 5;
T_1.2 ;
    %load/vec4 v0x11de852e0_0;
    %parti/s 1, 2, 3;
    %flag_set/vec4 8;
    %jmp/0xz  T_1.4, 8;
    %load/vec4 v0x11de85230_0;
    %parti/s 8, 16, 6;
    %load/vec4 v0x11de84e10_0;
    %parti/s 30, 2, 3;
    %ix/vec4 3;
    %ix/load 4, 16, 0; part off
    %ix/load 5, 0, 0; Constant delay
    %assign/vec4/a/d v0x11de85010, 4, 5;
T_1.4 ;
    %load/vec4 v0x11de852e0_0;
    %parti/s 1, 3, 3;
    %flag_set/vec4 8;
    %jmp/0xz  T_1.6, 8;
    %load/vec4 v0x11de85230_0;
    %parti/s 8, 24, 6;
    %load/vec4 v0x11de84e10_0;
    %parti/s 30, 2, 3;
    %ix/vec4 3;
    %ix/load 4, 24, 0; part off
    %ix/load 5, 0, 0; Constant delay
    %assign/vec4/a/d v0x11de85010, 4, 5;
T_1.6 ;
    %jmp T_1;
    .thread T_1;
    .scope S_0x11de85480;
T_2 ;
    %wait E_0x11de7e8c0;
    %load/vec4 v0x11de869f0_0;
    %flag_set/vec4 9;
    %flag_get/vec4 9;
    %jmp/0 T_2.2, 9;
    %load/vec4 v0x11de86890_0;
    %pushi/vec4 0, 0, 5;
    %cmp/ne;
    %flag_get/vec4 4;
    %and;
T_2.2;
    %flag_set/vec4 8;
    %jmp/0xz  T_2.0, 8;
    %load/vec4 v0x11de86940_0;
    %load/vec4 v0x11de86890_0;
    %pad/u 7;
    %ix/vec4 3;
    %ix/load 4, 0, 0; Constant delay
    %assign/vec4/a/d v0x11de86540, 0, 4;
T_2.0 ;
    %jmp T_2;
    .thread T_2;
    .scope S_0x11de80840;
T_3 ;
    %wait E_0x11de80d30;
    %pushi/vec4 0, 0, 1;
    %store/vec4 v0x11de813c0_0, 0, 1;
    %load/vec4 v0x11de81500_0;
    %dup/vec4;
    %pushi/vec4 4294967219, 4294967168, 32;
    %cmp/x;
    %jmp/1 T_3.0, 4;
    %dup/vec4;
    %pushi/vec4 4294967187, 4294967168, 32;
    %cmp/x;
    %jmp/1 T_3.1, 4;
    %dup/vec4;
    %pushi/vec4 4294967223, 4294967168, 32;
    %cmp/x;
    %jmp/1 T_3.2, 4;
    %dup/vec4;
    %pushi/vec4 4294967191, 4294967168, 32;
    %cmp/x;
    %jmp/1 T_3.3, 4;
    %dup/vec4;
    %pushi/vec4 4294967279, 4294967168, 32;
    %cmp/x;
    %jmp/1 T_3.4, 4;
    %dup/vec4;
    %pushi/vec4 4294967271, 4294967168, 32;
    %cmp/x;
    %jmp/1 T_3.5, 4;
    %dup/vec4;
    %pushi/vec4 4294967267, 4294967168, 32;
    %cmp/x;
    %jmp/1 T_3.6, 4;
    %dup/vec4;
    %pushi/vec4 4294967171, 4294967168, 32;
    %cmp/x;
    %jmp/1 T_3.7, 4;
    %dup/vec4;
    %pushi/vec4 4294967203, 4294967168, 32;
    %cmp/x;
    %jmp/1 T_3.8, 4;
    %dup/vec4;
    %pushi/vec4 4294967283, 4294967168, 32;
    %cmp/x;
    %jmp/1 T_3.9, 4;
    %pushi/vec4 4294967295, 4294967295, 32;
    %store/vec4 v0x11de81450_0, 0, 32;
    %pushi/vec4 1, 1, 1;
    %store/vec4 v0x11de80d80_0, 0, 1;
    %pushi/vec4 1, 1, 1;
    %store/vec4 v0x11de80e30_0, 0, 1;
    %pushi/vec4 15, 15, 4;
    %store/vec4 v0x11de80ed0_0, 0, 4;
    %pushi/vec4 0, 0, 1;
    %store/vec4 v0x11de81a50_0, 0, 1;
    %pushi/vec4 3, 3, 2;
    %store/vec4 v0x11de810c0_0, 0, 2;
    %pushi/vec4 0, 0, 1;
    %store/vec4 v0x11de815b0_0, 0, 1;
    %pushi/vec4 0, 0, 1;
    %store/vec4 v0x11de80f60_0, 0, 1;
    %pushi/vec4 0, 0, 1;
    %store/vec4 v0x11de81830_0, 0, 1;
    %pushi/vec4 0, 0, 1;
    %store/vec4 v0x11de81c10_0, 0, 1;
    %pushi/vec4 0, 0, 1;
    %store/vec4 v0x11de81df0_0, 0, 1;
    %pushi/vec4 0, 0, 1;
    %store/vec4 v0x11de812b0_0, 0, 1;
    %pushi/vec4 0, 0, 1;
    %store/vec4 v0x11de819c0_0, 0, 1;
    %pushi/vec4 0, 0, 1;
    %store/vec4 v0x11de81cb0_0, 0, 1;
    %pushi/vec4 0, 0, 1;
    %store/vec4 v0x11de81d50_0, 0, 1;
    %jmp T_3.11;
T_3.0 ;
    %pushi/vec4 4294967295, 4294967295, 32;
    %store/vec4 v0x11de81450_0, 0, 32;
    %pushi/vec4 0, 0, 1;
    %store/vec4 v0x11de80d80_0, 0, 1;
    %pushi/vec4 0, 0, 1;
    %store/vec4 v0x11de80e30_0, 0, 1;
    %pushi/vec4 1, 0, 1;
    %store/vec4 v0x11de81a50_0, 0, 1;
    %pushi/vec4 0, 0, 2;
    %store/vec4 v0x11de810c0_0, 0, 2;
    %load/vec4 v0x11de81500_0;
    %dup/vec4;
    %pushi/vec4 33525683, 33525632, 32;
    %cmp/x;
    %jmp/1 T_3.12, 4;
    %dup/vec4;
    %pushi/vec4 1107267507, 33525632, 32;
    %cmp/x;
    %jmp/1 T_3.13, 4;
    %dup/vec4;
    %pushi/vec4 33529779, 33525632, 32;
    %cmp/x;
    %jmp/1 T_3.14, 4;
    %dup/vec4;
    %pushi/vec4 33533875, 33525632, 32;
    %cmp/x;
    %jmp/1 T_3.15, 4;
    %dup/vec4;
    %pushi/vec4 33537971, 33525632, 32;
    %cmp/x;
    %jmp/1 T_3.16, 4;
    %dup/vec4;
    %pushi/vec4 33542067, 33525632, 32;
    %cmp/x;
    %jmp/1 T_3.17, 4;
    %dup/vec4;
    %pushi/vec4 33546163, 33525632, 32;
    %cmp/x;
    %jmp/1 T_3.18, 4;
    %dup/vec4;
    %pushi/vec4 1107287987, 33525632, 32;
    %cmp/x;
    %jmp/1 T_3.19, 4;
    %dup/vec4;
    %pushi/vec4 33550259, 33525632, 32;
    %cmp/x;
    %jmp/1 T_3.20, 4;
    %dup/vec4;
    %pushi/vec4 33554355, 33525632, 32;
    %cmp/x;
    %jmp/1 T_3.21, 4;
    %pushi/vec4 0, 0, 1;
    %store/vec4 v0x11de81a50_0, 0, 1;
    %pushi/vec4 15, 15, 4;
    %store/vec4 v0x11de80ed0_0, 0, 4;
    %pushi/vec4 1, 0, 1;
    %store/vec4 v0x11de813c0_0, 0, 1;
    %jmp T_3.23;
T_3.12 ;
    %pushi/vec4 0, 0, 4;
    %store/vec4 v0x11de80ed0_0, 0, 4;
    %jmp T_3.23;
T_3.13 ;
    %pushi/vec4 8, 0, 4;
    %store/vec4 v0x11de80ed0_0, 0, 4;
    %jmp T_3.23;
T_3.14 ;
    %pushi/vec4 1, 0, 4;
    %store/vec4 v0x11de80ed0_0, 0, 4;
    %jmp T_3.23;
T_3.15 ;
    %pushi/vec4 2, 0, 4;
    %store/vec4 v0x11de80ed0_0, 0, 4;
    %jmp T_3.23;
T_3.16 ;
    %pushi/vec4 3, 0, 4;
    %store/vec4 v0x11de80ed0_0, 0, 4;
    %jmp T_3.23;
T_3.17 ;
    %pushi/vec4 4, 0, 4;
    %store/vec4 v0x11de80ed0_0, 0, 4;
    %jmp T_3.23;
T_3.18 ;
    %pushi/vec4 5, 0, 4;
    %store/vec4 v0x11de80ed0_0, 0, 4;
    %jmp T_3.23;
T_3.19 ;
    %pushi/vec4 13, 0, 4;
    %store/vec4 v0x11de80ed0_0, 0, 4;
    %jmp T_3.23;
T_3.20 ;
    %pushi/vec4 6, 0, 4;
    %store/vec4 v0x11de80ed0_0, 0, 4;
    %jmp T_3.23;
T_3.21 ;
    %pushi/vec4 7, 0, 4;
    %store/vec4 v0x11de80ed0_0, 0, 4;
    %jmp T_3.23;
T_3.23 ;
    %pop/vec4 1;
    %pushi/vec4 0, 0, 1;
    %store/vec4 v0x11de815b0_0, 0, 1;
    %pushi/vec4 0, 0, 1;
    %store/vec4 v0x11de80f60_0, 0, 1;
    %pushi/vec4 0, 0, 1;
    %store/vec4 v0x11de81830_0, 0, 1;
    %pushi/vec4 0, 0, 1;
    %store/vec4 v0x11de81c10_0, 0, 1;
    %pushi/vec4 0, 0, 1;
    %store/vec4 v0x11de81df0_0, 0, 1;
    %pushi/vec4 0, 0, 1;
    %store/vec4 v0x11de812b0_0, 0, 1;
    %pushi/vec4 0, 0, 1;
    %store/vec4 v0x11de819c0_0, 0, 1;
    %pushi/vec4 1, 0, 1;
    %store/vec4 v0x11de81cb0_0, 0, 1;
    %pushi/vec4 1, 0, 1;
    %store/vec4 v0x11de81d50_0, 0, 1;
    %jmp T_3.11;
T_3.1 ;
    %load/vec4 v0x11de81500_0;
    %parti/s 1, 31, 6;
    %replicate 20;
    %load/vec4 v0x11de81500_0;
    %parti/s 12, 20, 6;
    %concat/vec4; draw_concat_vec4
    %store/vec4 v0x11de81450_0, 0, 32;
    %pushi/vec4 0, 0, 1;
    %store/vec4 v0x11de80d80_0, 0, 1;
    %pushi/vec4 1, 0, 1;
    %store/vec4 v0x11de80e30_0, 0, 1;
    %pushi/vec4 1, 0, 1;
    %store/vec4 v0x11de81a50_0, 0, 1;
    %pushi/vec4 0, 0, 2;
    %store/vec4 v0x11de810c0_0, 0, 2;
    %load/vec4 v0x11de81500_0;
    %dup/vec4;
    %pushi/vec4 4294938515, 4294938496, 32;
    %cmp/x;
    %jmp/1 T_3.24, 4;
    %dup/vec4;
    %pushi/vec4 4294946707, 4294938496, 32;
    %cmp/x;
    %jmp/1 T_3.25, 4;
    %dup/vec4;
    %pushi/vec4 4294950803, 4294938496, 32;
    %cmp/x;
    %jmp/1 T_3.26, 4;
    %dup/vec4;
    %pushi/vec4 4294954899, 4294938496, 32;
    %cmp/x;
    %jmp/1 T_3.27, 4;
    %dup/vec4;
    %pushi/vec4 4294963091, 4294938496, 32;
    %cmp/x;
    %jmp/1 T_3.28, 4;
    %dup/vec4;
    %pushi/vec4 4294967187, 4294938496, 32;
    %cmp/x;
    %jmp/1 T_3.29, 4;
    %dup/vec4;
    %pushi/vec4 33529747, 33525632, 32;
    %cmp/x;
    %jmp/1 T_3.30, 4;
    %dup/vec4;
    %pushi/vec4 33546131, 33525632, 32;
    %cmp/x;
    %jmp/1 T_3.31, 4;
    %dup/vec4;
    %pushi/vec4 1107287955, 33525632, 32;
    %cmp/x;
    %jmp/1 T_3.32, 4;
    %pushi/vec4 0, 0, 1;
    %store/vec4 v0x11de81a50_0, 0, 1;
    %pushi/vec4 15, 15, 4;
    %store/vec4 v0x11de80ed0_0, 0, 4;
    %pushi/vec4 1, 0, 1;
    %store/vec4 v0x11de813c0_0, 0, 1;
    %jmp T_3.34;
T_3.24 ;
    %pushi/vec4 0, 0, 4;
    %store/vec4 v0x11de80ed0_0, 0, 4;
    %jmp T_3.34;
T_3.25 ;
    %pushi/vec4 2, 0, 4;
    %store/vec4 v0x11de80ed0_0, 0, 4;
    %jmp T_3.34;
T_3.26 ;
    %pushi/vec4 3, 0, 4;
    %store/vec4 v0x11de80ed0_0, 0, 4;
    %jmp T_3.34;
T_3.27 ;
    %pushi/vec4 4, 0, 4;
    %store/vec4 v0x11de80ed0_0, 0, 4;
    %jmp T_3.34;
T_3.28 ;
    %pushi/vec4 6, 0, 4;
    %store/vec4 v0x11de80ed0_0, 0, 4;
    %jmp T_3.34;
T_3.29 ;
    %pushi/vec4 7, 0, 4;
    %store/vec4 v0x11de80ed0_0, 0, 4;
    %jmp T_3.34;
T_3.30 ;
    %pushi/vec4 1, 0, 4;
    %store/vec4 v0x11de80ed0_0, 0, 4;
    %jmp T_3.34;
T_3.31 ;
    %pushi/vec4 5, 0, 4;
    %store/vec4 v0x11de80ed0_0, 0, 4;
    %jmp T_3.34;
T_3.32 ;
    %pushi/vec4 13, 0, 4;
    %store/vec4 v0x11de80ed0_0, 0, 4;
    %jmp T_3.34;
T_3.34 ;
    %pop/vec4 1;
    %pushi/vec4 0, 0, 1;
    %store/vec4 v0x11de815b0_0, 0, 1;
    %pushi/vec4 0, 0, 1;
    %store/vec4 v0x11de80f60_0, 0, 1;
    %pushi/vec4 0, 0, 1;
    %store/vec4 v0x11de81830_0, 0, 1;
    %pushi/vec4 0, 0, 1;
    %store/vec4 v0x11de81c10_0, 0, 1;
    %pushi/vec4 0, 0, 1;
    %store/vec4 v0x11de81df0_0, 0, 1;
    %pushi/vec4 0, 0, 1;
    %store/vec4 v0x11de812b0_0, 0, 1;
    %pushi/vec4 0, 0, 1;
    %store/vec4 v0x11de819c0_0, 0, 1;
    %pushi/vec4 1, 0, 1;
    %store/vec4 v0x11de81cb0_0, 0, 1;
    %pushi/vec4 0, 0, 1;
    %store/vec4 v0x11de81d50_0, 0, 1;
    %jmp T_3.11;
T_3.2 ;
    %load/vec4 v0x11de81500_0;
    %parti/s 20, 12, 5;
    %concati/vec4 0, 0, 12;
    %store/vec4 v0x11de81450_0, 0, 32;
    %pushi/vec4 1, 1, 1;
    %store/vec4 v0x11de80d80_0, 0, 1;
    %pushi/vec4 1, 1, 1;
    %store/vec4 v0x11de80e30_0, 0, 1;
    %pushi/vec4 15, 15, 4;
    %store/vec4 v0x11de80ed0_0, 0, 4;
    %pushi/vec4 1, 0, 1;
    %store/vec4 v0x11de81a50_0, 0, 1;
    %pushi/vec4 1, 0, 2;
    %store/vec4 v0x11de810c0_0, 0, 2;
    %pushi/vec4 0, 0, 1;
    %store/vec4 v0x11de815b0_0, 0, 1;
    %pushi/vec4 0, 0, 1;
    %store/vec4 v0x11de80f60_0, 0, 1;
    %pushi/vec4 0, 0, 1;
    %store/vec4 v0x11de81830_0, 0, 1;
    %pushi/vec4 0, 0, 1;
    %store/vec4 v0x11de81c10_0, 0, 1;
    %pushi/vec4 0, 0, 1;
    %store/vec4 v0x11de81df0_0, 0, 1;
    %pushi/vec4 0, 0, 1;
    %store/vec4 v0x11de812b0_0, 0, 1;
    %pushi/vec4 0, 0, 1;
    %store/vec4 v0x11de819c0_0, 0, 1;
    %pushi/vec4 0, 0, 1;
    %store/vec4 v0x11de81cb0_0, 0, 1;
    %pushi/vec4 0, 0, 1;
    %store/vec4 v0x11de81d50_0, 0, 1;
    %jmp T_3.11;
T_3.3 ;
    %load/vec4 v0x11de81500_0;
    %parti/s 20, 12, 5;
    %concati/vec4 0, 0, 12;
    %store/vec4 v0x11de81450_0, 0, 32;
    %pushi/vec4 1, 0, 1;
    %store/vec4 v0x11de80d80_0, 0, 1;
    %pushi/vec4 1, 0, 1;
    %store/vec4 v0x11de80e30_0, 0, 1;
    %pushi/vec4 0, 0, 4;
    %store/vec4 v0x11de80ed0_0, 0, 4;
    %pushi/vec4 1, 0, 1;
    %store/vec4 v0x11de81a50_0, 0, 1;
    %pushi/vec4 0, 0, 2;
    %store/vec4 v0x11de810c0_0, 0, 2;
    %pushi/vec4 0, 0, 1;
    %store/vec4 v0x11de815b0_0, 0, 1;
    %pushi/vec4 0, 0, 1;
    %store/vec4 v0x11de80f60_0, 0, 1;
    %pushi/vec4 0, 0, 1;
    %store/vec4 v0x11de81830_0, 0, 1;
    %pushi/vec4 0, 0, 1;
    %store/vec4 v0x11de81c10_0, 0, 1;
    %pushi/vec4 0, 0, 1;
    %store/vec4 v0x11de81df0_0, 0, 1;
    %pushi/vec4 0, 0, 1;
    %store/vec4 v0x11de812b0_0, 0, 1;
    %pushi/vec4 0, 0, 1;
    %store/vec4 v0x11de819c0_0, 0, 1;
    %pushi/vec4 0, 0, 1;
    %store/vec4 v0x11de81cb0_0, 0, 1;
    %pushi/vec4 0, 0, 1;
    %store/vec4 v0x11de81d50_0, 0, 1;
    %jmp T_3.11;
T_3.4 ;
    %load/vec4 v0x11de81500_0;
    %parti/s 1, 31, 6;
    %replicate 12;
    %load/vec4 v0x11de81500_0;
    %parti/s 8, 12, 5;
    %concat/vec4; draw_concat_vec4
    %load/vec4 v0x11de81500_0;
    %parti/s 1, 20, 6;
    %concat/vec4; draw_concat_vec4
    %load/vec4 v0x11de81500_0;
    %parti/s 10, 21, 6;
    %concat/vec4; draw_concat_vec4
    %concati/vec4 0, 0, 1;
    %store/vec4 v0x11de81450_0, 0, 32;
    %pushi/vec4 1, 0, 1;
    %store/vec4 v0x11de80d80_0, 0, 1;
    %pushi/vec4 1, 0, 1;
    %store/vec4 v0x11de80e30_0, 0, 1;
    %pushi/vec4 0, 0, 4;
    %store/vec4 v0x11de80ed0_0, 0, 4;
    %pushi/vec4 1, 0, 1;
    %store/vec4 v0x11de81a50_0, 0, 1;
    %pushi/vec4 2, 0, 2;
    %store/vec4 v0x11de810c0_0, 0, 2;
    %pushi/vec4 1, 0, 1;
    %store/vec4 v0x11de815b0_0, 0, 1;
    %pushi/vec4 0, 0, 1;
    %store/vec4 v0x11de80f60_0, 0, 1;
    %pushi/vec4 0, 0, 1;
    %store/vec4 v0x11de81830_0, 0, 1;
    %pushi/vec4 0, 0, 1;
    %store/vec4 v0x11de81c10_0, 0, 1;
    %pushi/vec4 0, 0, 1;
    %store/vec4 v0x11de81df0_0, 0, 1;
    %pushi/vec4 0, 0, 1;
    %store/vec4 v0x11de812b0_0, 0, 1;
    %pushi/vec4 0, 0, 1;
    %store/vec4 v0x11de819c0_0, 0, 1;
    %pushi/vec4 0, 0, 1;
    %store/vec4 v0x11de81cb0_0, 0, 1;
    %pushi/vec4 0, 0, 1;
    %store/vec4 v0x11de81d50_0, 0, 1;
    %jmp T_3.11;
T_3.5 ;
    %load/vec4 v0x11de81500_0;
    %parti/s 1, 31, 6;
    %replicate 20;
    %load/vec4 v0x11de81500_0;
    %parti/s 12, 20, 6;
    %concat/vec4; draw_concat_vec4
    %store/vec4 v0x11de81450_0, 0, 32;
    %pushi/vec4 0, 0, 1;
    %store/vec4 v0x11de80d80_0, 0, 1;
    %pushi/vec4 1, 0, 1;
    %store/vec4 v0x11de80e30_0, 0, 1;
    %pushi/vec4 0, 0, 4;
    %store/vec4 v0x11de80ed0_0, 0, 4;
    %pushi/vec4 1, 0, 1;
    %store/vec4 v0x11de81a50_0, 0, 1;
    %pushi/vec4 2, 0, 2;
    %store/vec4 v0x11de810c0_0, 0, 2;
    %pushi/vec4 1, 0, 1;
    %store/vec4 v0x11de815b0_0, 0, 1;
    %pushi/vec4 0, 0, 1;
    %store/vec4 v0x11de80f60_0, 0, 1;
    %pushi/vec4 0, 0, 1;
    %store/vec4 v0x11de81830_0, 0, 1;
    %pushi/vec4 0, 0, 1;
    %store/vec4 v0x11de81c10_0, 0, 1;
    %pushi/vec4 0, 0, 1;
    %store/vec4 v0x11de81df0_0, 0, 1;
    %pushi/vec4 0, 0, 1;
    %store/vec4 v0x11de812b0_0, 0, 1;
    %pushi/vec4 0, 0, 1;
    %store/vec4 v0x11de819c0_0, 0, 1;
    %pushi/vec4 1, 0, 1;
    %store/vec4 v0x11de81cb0_0, 0, 1;
    %pushi/vec4 0, 0, 1;
    %store/vec4 v0x11de81d50_0, 0, 1;
    %jmp T_3.11;
T_3.6 ;
    %load/vec4 v0x11de81500_0;
    %parti/s 1, 31, 6;
    %replicate 20;
    %load/vec4 v0x11de81500_0;
    %parti/s 1, 7, 4;
    %concat/vec4; draw_concat_vec4
    %load/vec4 v0x11de81500_0;
    %parti/s 6, 25, 6;
    %concat/vec4; draw_concat_vec4
    %load/vec4 v0x11de81500_0;
    %parti/s 4, 8, 5;
    %concat/vec4; draw_concat_vec4
    %concati/vec4 0, 0, 1;
    %store/vec4 v0x11de81450_0, 0, 32;
    %pushi/vec4 1, 0, 1;
    %store/vec4 v0x11de80d80_0, 0, 1;
    %pushi/vec4 1, 0, 1;
    %store/vec4 v0x11de80e30_0, 0, 1;
    %pushi/vec4 0, 0, 4;
    %store/vec4 v0x11de80ed0_0, 0, 4;
    %pushi/vec4 0, 0, 1;
    %store/vec4 v0x11de81a50_0, 0, 1;
    %pushi/vec4 0, 0, 2;
    %store/vec4 v0x11de810c0_0, 0, 2;
    %pushi/vec4 0, 0, 1;
    %store/vec4 v0x11de815b0_0, 0, 1;
    %pushi/vec4 1, 0, 1;
    %store/vec4 v0x11de80f60_0, 0, 1;
    %load/vec4 v0x11de81500_0;
    %dup/vec4;
    %pushi/vec4 4294938595, 4294938496, 32;
    %cmp/x;
    %jmp/1 T_3.35, 4;
    %dup/vec4;
    %pushi/vec4 4294942691, 4294938496, 32;
    %cmp/x;
    %jmp/1 T_3.36, 4;
    %dup/vec4;
    %pushi/vec4 4294954979, 4294938496, 32;
    %cmp/x;
    %jmp/1 T_3.37, 4;
    %dup/vec4;
    %pushi/vec4 4294959075, 4294938496, 32;
    %cmp/x;
    %jmp/1 T_3.38, 4;
    %dup/vec4;
    %pushi/vec4 4294963171, 4294938496, 32;
    %cmp/x;
    %jmp/1 T_3.39, 4;
    %dup/vec4;
    %pushi/vec4 4294967267, 4294938496, 32;
    %cmp/x;
    %jmp/1 T_3.40, 4;
    %pushi/vec4 0, 0, 1;
    %store/vec4 v0x11de80f60_0, 0, 1;
    %pushi/vec4 1, 0, 1;
    %store/vec4 v0x11de813c0_0, 0, 1;
    %jmp T_3.42;
T_3.35 ;
    %jmp T_3.42;
T_3.36 ;
    %jmp T_3.42;
T_3.37 ;
    %jmp T_3.42;
T_3.38 ;
    %jmp T_3.42;
T_3.39 ;
    %jmp T_3.42;
T_3.40 ;
    %jmp T_3.42;
T_3.42 ;
    %pop/vec4 1;
    %pushi/vec4 0, 0, 1;
    %store/vec4 v0x11de81830_0, 0, 1;
    %pushi/vec4 0, 0, 1;
    %store/vec4 v0x11de81c10_0, 0, 1;
    %pushi/vec4 0, 0, 1;
    %store/vec4 v0x11de81df0_0, 0, 1;
    %pushi/vec4 0, 0, 1;
    %store/vec4 v0x11de812b0_0, 0, 1;
    %pushi/vec4 0, 0, 1;
    %store/vec4 v0x11de819c0_0, 0, 1;
    %pushi/vec4 1, 0, 1;
    %store/vec4 v0x11de81cb0_0, 0, 1;
    %pushi/vec4 1, 0, 1;
    %store/vec4 v0x11de81d50_0, 0, 1;
    %jmp T_3.11;
T_3.7 ;
    %load/vec4 v0x11de81500_0;
    %parti/s 1, 31, 6;
    %replicate 20;
    %load/vec4 v0x11de81500_0;
    %parti/s 12, 20, 6;
    %concat/vec4; draw_concat_vec4
    %store/vec4 v0x11de81450_0, 0, 32;
    %pushi/vec4 0, 0, 1;
    %store/vec4 v0x11de80d80_0, 0, 1;
    %pushi/vec4 1, 0, 1;
    %store/vec4 v0x11de80e30_0, 0, 1;
    %pushi/vec4 0, 0, 4;
    %store/vec4 v0x11de80ed0_0, 0, 4;
    %pushi/vec4 1, 0, 1;
    %store/vec4 v0x11de81a50_0, 0, 1;
    %pushi/vec4 0, 0, 2;
    %store/vec4 v0x11de810c0_0, 0, 2;
    %pushi/vec4 0, 0, 1;
    %store/vec4 v0x11de815b0_0, 0, 1;
    %pushi/vec4 0, 0, 1;
    %store/vec4 v0x11de80f60_0, 0, 1;
    %pushi/vec4 1, 0, 1;
    %store/vec4 v0x11de81830_0, 0, 1;
    %pushi/vec4 0, 0, 1;
    %store/vec4 v0x11de81c10_0, 0, 1;
    %load/vec4 v0x11de81500_0;
    %dup/vec4;
    %pushi/vec4 4294938499, 4294938496, 32;
    %cmp/x;
    %jmp/1 T_3.43, 4;
    %dup/vec4;
    %pushi/vec4 4294942595, 4294938496, 32;
    %cmp/x;
    %jmp/1 T_3.44, 4;
    %dup/vec4;
    %pushi/vec4 4294946691, 4294938496, 32;
    %cmp/x;
    %jmp/1 T_3.45, 4;
    %dup/vec4;
    %pushi/vec4 4294954883, 4294938496, 32;
    %cmp/x;
    %jmp/1 T_3.46, 4;
    %dup/vec4;
    %pushi/vec4 4294958979, 4294938496, 32;
    %cmp/x;
    %jmp/1 T_3.47, 4;
    %pushi/vec4 0, 0, 1;
    %store/vec4 v0x11de81830_0, 0, 1;
    %pushi/vec4 1, 0, 1;
    %store/vec4 v0x11de813c0_0, 0, 1;
    %jmp T_3.49;
T_3.43 ;
    %jmp T_3.49;
T_3.44 ;
    %jmp T_3.49;
T_3.45 ;
    %jmp T_3.49;
T_3.46 ;
    %jmp T_3.49;
T_3.47 ;
    %jmp T_3.49;
T_3.49 ;
    %pop/vec4 1;
    %pushi/vec4 0, 0, 1;
    %store/vec4 v0x11de81df0_0, 0, 1;
    %pushi/vec4 0, 0, 1;
    %store/vec4 v0x11de812b0_0, 0, 1;
    %pushi/vec4 0, 0, 1;
    %store/vec4 v0x11de819c0_0, 0, 1;
    %pushi/vec4 1, 0, 1;
    %store/vec4 v0x11de81cb0_0, 0, 1;
    %pushi/vec4 0, 0, 1;
    %store/vec4 v0x11de81d50_0, 0, 1;
    %jmp T_3.11;
T_3.8 ;
    %load/vec4 v0x11de81500_0;
    %parti/s 1, 31, 6;
    %replicate 20;
    %load/vec4 v0x11de81500_0;
    %parti/s 7, 25, 6;
    %concat/vec4; draw_concat_vec4
    %load/vec4 v0x11de81500_0;
    %parti/s 5, 7, 4;
    %concat/vec4; draw_concat_vec4
    %store/vec4 v0x11de81450_0, 0, 32;
    %pushi/vec4 0, 0, 1;
    %store/vec4 v0x11de80d80_0, 0, 1;
    %pushi/vec4 1, 0, 1;
    %store/vec4 v0x11de80e30_0, 0, 1;
    %pushi/vec4 0, 0, 4;
    %store/vec4 v0x11de80ed0_0, 0, 4;
    %pushi/vec4 0, 0, 1;
    %store/vec4 v0x11de81a50_0, 0, 1;
    %pushi/vec4 0, 0, 2;
    %store/vec4 v0x11de810c0_0, 0, 2;
    %pushi/vec4 0, 0, 1;
    %store/vec4 v0x11de815b0_0, 0, 1;
    %pushi/vec4 0, 0, 1;
    %store/vec4 v0x11de80f60_0, 0, 1;
    %pushi/vec4 0, 0, 1;
    %store/vec4 v0x11de81830_0, 0, 1;
    %pushi/vec4 1, 0, 1;
    %store/vec4 v0x11de81c10_0, 0, 1;
    %load/vec4 v0x11de81500_0;
    %dup/vec4;
    %pushi/vec4 4294938531, 4294938496, 32;
    %cmp/x;
    %jmp/1 T_3.50, 4;
    %dup/vec4;
    %pushi/vec4 4294942627, 4294938496, 32;
    %cmp/x;
    %jmp/1 T_3.51, 4;
    %dup/vec4;
    %pushi/vec4 4294946723, 4294938496, 32;
    %cmp/x;
    %jmp/1 T_3.52, 4;
    %pushi/vec4 0, 0, 1;
    %store/vec4 v0x11de81c10_0, 0, 1;
    %pushi/vec4 1, 0, 1;
    %store/vec4 v0x11de813c0_0, 0, 1;
    %jmp T_3.54;
T_3.50 ;
    %jmp T_3.54;
T_3.51 ;
    %jmp T_3.54;
T_3.52 ;
    %jmp T_3.54;
T_3.54 ;
    %pop/vec4 1;
    %pushi/vec4 0, 0, 1;
    %store/vec4 v0x11de81df0_0, 0, 1;
    %pushi/vec4 0, 0, 1;
    %store/vec4 v0x11de812b0_0, 0, 1;
    %pushi/vec4 0, 0, 1;
    %store/vec4 v0x11de819c0_0, 0, 1;
    %pushi/vec4 1, 0, 1;
    %store/vec4 v0x11de81cb0_0, 0, 1;
    %pushi/vec4 1, 0, 1;
    %store/vec4 v0x11de81d50_0, 0, 1;
    %jmp T_3.11;
T_3.9 ;
    %pushi/vec4 4294967295, 4294967295, 32;
    %store/vec4 v0x11de81450_0, 0, 32;
    %pushi/vec4 1, 1, 1;
    %store/vec4 v0x11de80d80_0, 0, 1;
    %pushi/vec4 1, 1, 1;
    %store/vec4 v0x11de80e30_0, 0, 1;
    %pushi/vec4 15, 15, 4;
    %store/vec4 v0x11de80ed0_0, 0, 4;
    %pushi/vec4 1, 0, 1;
    %store/vec4 v0x11de81a50_0, 0, 1;
    %pushi/vec4 3, 0, 2;
    %store/vec4 v0x11de810c0_0, 0, 2;
    %pushi/vec4 0, 0, 1;
    %store/vec4 v0x11de815b0_0, 0, 1;
    %pushi/vec4 0, 0, 1;
    %store/vec4 v0x11de80f60_0, 0, 1;
    %pushi/vec4 0, 0, 1;
    %store/vec4 v0x11de81830_0, 0, 1;
    %pushi/vec4 0, 0, 1;
    %store/vec4 v0x11de81c10_0, 0, 1;
    %load/vec4 v0x11de81500_0;
    %dup/vec4;
    %pushi/vec4 115, 0, 32;
    %cmp/x;
    %jmp/1 T_3.55, 4;
    %dup/vec4;
    %pushi/vec4 4294942707, 4294938496, 32;
    %cmp/x;
    %jmp/1 T_3.56, 4;
    %dup/vec4;
    %pushi/vec4 4294946803, 4294938496, 32;
    %cmp/x;
    %jmp/1 T_3.57, 4;
    %dup/vec4;
    %pushi/vec4 4294950899, 4294938496, 32;
    %cmp/x;
    %jmp/1 T_3.58, 4;
    %dup/vec4;
    %pushi/vec4 4294959091, 4294938496, 32;
    %cmp/x;
    %jmp/1 T_3.59, 4;
    %dup/vec4;
    %pushi/vec4 4294963187, 4294938496, 32;
    %cmp/x;
    %jmp/1 T_3.60, 4;
    %dup/vec4;
    %pushi/vec4 4294967283, 4294938496, 32;
    %cmp/x;
    %jmp/1 T_3.61, 4;
    %dup/vec4;
    %pushi/vec4 807403635, 0, 32;
    %cmp/x;
    %jmp/1 T_3.62, 4;
    %pushi/vec4 0, 0, 1;
    %store/vec4 v0x11de81a50_0, 0, 1;
    %pushi/vec4 0, 0, 1;
    %store/vec4 v0x11de81df0_0, 0, 1;
    %pushi/vec4 0, 0, 1;
    %store/vec4 v0x11de812b0_0, 0, 1;
    %pushi/vec4 0, 0, 1;
    %store/vec4 v0x11de819c0_0, 0, 1;
    %pushi/vec4 0, 0, 1;
    %store/vec4 v0x11de81cb0_0, 0, 1;
    %pushi/vec4 1, 0, 1;
    %store/vec4 v0x11de813c0_0, 0, 1;
    %jmp T_3.64;
T_3.55 ;
    %pushi/vec4 0, 0, 1;
    %store/vec4 v0x11de81df0_0, 0, 1;
    %pushi/vec4 1, 0, 1;
    %store/vec4 v0x11de812b0_0, 0, 1;
    %pushi/vec4 0, 0, 1;
    %store/vec4 v0x11de819c0_0, 0, 1;
    %pushi/vec4 0, 0, 1;
    %store/vec4 v0x11de81cb0_0, 0, 1;
    %jmp T_3.64;
T_3.56 ;
    %pushi/vec4 1, 0, 1;
    %store/vec4 v0x11de81df0_0, 0, 1;
    %pushi/vec4 0, 0, 1;
    %store/vec4 v0x11de812b0_0, 0, 1;
    %pushi/vec4 0, 0, 1;
    %store/vec4 v0x11de819c0_0, 0, 1;
    %pushi/vec4 1, 0, 1;
    %store/vec4 v0x11de81cb0_0, 0, 1;
    %jmp T_3.64;
T_3.57 ;
    %pushi/vec4 1, 0, 1;
    %store/vec4 v0x11de81df0_0, 0, 1;
    %pushi/vec4 0, 0, 1;
    %store/vec4 v0x11de812b0_0, 0, 1;
    %pushi/vec4 0, 0, 1;
    %store/vec4 v0x11de819c0_0, 0, 1;
    %pushi/vec4 1, 0, 1;
    %store/vec4 v0x11de81cb0_0, 0, 1;
    %jmp T_3.64;
T_3.58 ;
    %pushi/vec4 1, 0, 1;
    %store/vec4 v0x11de81df0_0, 0, 1;
    %pushi/vec4 0, 0, 1;
    %store/vec4 v0x11de812b0_0, 0, 1;
    %pushi/vec4 0, 0, 1;
    %store/vec4 v0x11de819c0_0, 0, 1;
    %pushi/vec4 1, 0, 1;
    %store/vec4 v0x11de81cb0_0, 0, 1;
    %jmp T_3.64;
T_3.59 ;
    %pushi/vec4 1, 0, 1;
    %store/vec4 v0x11de81df0_0, 0, 1;
    %pushi/vec4 0, 0, 1;
    %store/vec4 v0x11de812b0_0, 0, 1;
    %pushi/vec4 0, 0, 1;
    %store/vec4 v0x11de819c0_0, 0, 1;
    %pushi/vec4 0, 0, 1;
    %store/vec4 v0x11de81cb0_0, 0, 1;
    %jmp T_3.64;
T_3.60 ;
    %pushi/vec4 1, 0, 1;
    %store/vec4 v0x11de81df0_0, 0, 1;
    %pushi/vec4 0, 0, 1;
    %store/vec4 v0x11de812b0_0, 0, 1;
    %pushi/vec4 0, 0, 1;
    %store/vec4 v0x11de819c0_0, 0, 1;
    %pushi/vec4 0, 0, 1;
    %store/vec4 v0x11de81cb0_0, 0, 1;
    %jmp T_3.64;
T_3.61 ;
    %pushi/vec4 1, 0, 1;
    %store/vec4 v0x11de81df0_0, 0, 1;
    %pushi/vec4 0, 0, 1;
    %store/vec4 v0x11de812b0_0, 0, 1;
    %pushi/vec4 0, 0, 1;
    %store/vec4 v0x11de819c0_0, 0, 1;
    %pushi/vec4 0, 0, 1;
    %store/vec4 v0x11de81cb0_0, 0, 1;
    %jmp T_3.64;
T_3.62 ;
    %pushi/vec4 0, 0, 1;
    %store/vec4 v0x11de81df0_0, 0, 1;
    %pushi/vec4 0, 0, 1;
    %store/vec4 v0x11de812b0_0, 0, 1;
    %pushi/vec4 1, 0, 1;
    %store/vec4 v0x11de819c0_0, 0, 1;
    %pushi/vec4 0, 0, 1;
    %store/vec4 v0x11de81cb0_0, 0, 1;
    %jmp T_3.64;
T_3.64 ;
    %pop/vec4 1;
    %pushi/vec4 0, 0, 1;
    %store/vec4 v0x11de81d50_0, 0, 1;
    %jmp T_3.11;
T_3.11 ;
    %pop/vec4 1;
    %jmp T_3;
    .thread T_3, $push;
    .scope S_0x11de80840;
T_4 ;
    %wait E_0x11de80cb0;
    %load/vec4 v0x11de81cb0_0;
    %flag_set/vec4 8;
    %jmp/0xz  T_4.0, 8;
    %load/vec4 v0x11de81210_0;
    %load/vec4 v0x11de81160_0;
    %pushi/vec4 0, 0, 5;
    %cmp/ne;
    %flag_get/vec4 4;
    %and;
    %load/vec4 v0x11de81500_0;
    %parti/s 5, 15, 5;
    %load/vec4 v0x11de81160_0;
    %cmp/e;
    %flag_get/vec4 4;
    %and;
    %flag_set/vec4 8;
    %jmp/0xz  T_4.2, 8;
    %load/vec4 v0x11de80ff0_0;
    %flag_set/vec4 8;
    %jmp/0xz  T_4.4, 8;
    %pushi/vec4 1, 1, 1;
    %store/vec4 v0x11de81ae0_0, 0, 1;
    %pushi/vec4 1, 0, 1;
    %store/vec4 v0x11de816f0_0, 0, 1;
    %jmp T_4.5;
T_4.4 ;
    %pushi/vec4 1, 0, 1;
    %store/vec4 v0x11de81ae0_0, 0, 1;
    %pushi/vec4 0, 0, 1;
    %store/vec4 v0x11de816f0_0, 0, 1;
T_4.5 ;
    %jmp T_4.3;
T_4.2 ;
    %pushi/vec4 0, 0, 1;
    %store/vec4 v0x11de81ae0_0, 0, 1;
    %pushi/vec4 0, 0, 1;
    %store/vec4 v0x11de816f0_0, 0, 1;
T_4.3 ;
    %jmp T_4.1;
T_4.0 ;
    %pushi/vec4 1, 1, 1;
    %store/vec4 v0x11de81ae0_0, 0, 1;
    %pushi/vec4 0, 0, 1;
    %store/vec4 v0x11de816f0_0, 0, 1;
T_4.1 ;
    %load/vec4 v0x11de81d50_0;
    %flag_set/vec4 8;
    %jmp/0xz  T_4.6, 8;
    %load/vec4 v0x11de81210_0;
    %load/vec4 v0x11de81160_0;
    %pushi/vec4 0, 0, 5;
    %cmp/ne;
    %flag_get/vec4 4;
    %and;
    %load/vec4 v0x11de81500_0;
    %parti/s 5, 20, 6;
    %load/vec4 v0x11de81160_0;
    %cmp/e;
    %flag_get/vec4 4;
    %and;
    %flag_set/vec4 8;
    %jmp/0xz  T_4.8, 8;
    %load/vec4 v0x11de80ff0_0;
    %flag_set/vec4 8;
    %jmp/0xz  T_4.10, 8;
    %pushi/vec4 1, 1, 1;
    %store/vec4 v0x11de81b70_0, 0, 1;
    %pushi/vec4 1, 0, 1;
    %store/vec4 v0x11de81790_0, 0, 1;
    %jmp T_4.11;
T_4.10 ;
    %pushi/vec4 1, 0, 1;
    %store/vec4 v0x11de81b70_0, 0, 1;
    %pushi/vec4 0, 0, 1;
    %store/vec4 v0x11de81790_0, 0, 1;
T_4.11 ;
    %jmp T_4.9;
T_4.8 ;
    %pushi/vec4 0, 0, 1;
    %store/vec4 v0x11de81b70_0, 0, 1;
    %pushi/vec4 0, 0, 1;
    %store/vec4 v0x11de81790_0, 0, 1;
T_4.9 ;
    %jmp T_4.7;
T_4.6 ;
    %pushi/vec4 1, 1, 1;
    %store/vec4 v0x11de81b70_0, 0, 1;
    %pushi/vec4 0, 0, 1;
    %store/vec4 v0x11de81790_0, 0, 1;
T_4.7 ;
    %jmp T_4;
    .thread T_4, $push;
    .scope S_0x11de7e580;
T_5 ;
    %pushi/vec4 3, 0, 2;
    %store/vec4 v0x11de802a0_0, 0, 2;
    %end;
    .thread T_5;
    .scope S_0x11de7e580;
T_6 ;
    %wait E_0x11de7e910;
    %load/vec4 v0x11de80680_0;
    %flag_set/vec4 8;
    %jmp/0xz  T_6.0, 8;
    %load/vec4 v0x11de7f800_0;
    %dup/vec4;
    %pushi/vec4 3857, 0, 12;
    %cmp/u;
    %jmp/1 T_6.2, 6;
    %dup/vec4;
    %pushi/vec4 3858, 0, 12;
    %cmp/u;
    %jmp/1 T_6.3, 6;
    %dup/vec4;
    %pushi/vec4 3859, 0, 12;
    %cmp/u;
    %jmp/1 T_6.4, 6;
    %dup/vec4;
    %pushi/vec4 3860, 0, 12;
    %cmp/u;
    %jmp/1 T_6.5, 6;
    %dup/vec4;
    %pushi/vec4 3861, 0, 12;
    %cmp/u;
    %jmp/1 T_6.6, 6;
    %dup/vec4;
    %pushi/vec4 768, 0, 12;
    %cmp/u;
    %jmp/1 T_6.7, 6;
    %dup/vec4;
    %pushi/vec4 773, 0, 12;
    %cmp/u;
    %jmp/1 T_6.8, 6;
    %dup/vec4;
    %pushi/vec4 832, 0, 12;
    %cmp/u;
    %jmp/1 T_6.9, 6;
    %dup/vec4;
    %pushi/vec4 833, 0, 12;
    %cmp/u;
    %jmp/1 T_6.10, 6;
    %dup/vec4;
    %pushi/vec4 834, 0, 12;
    %cmp/u;
    %jmp/1 T_6.11, 6;
    %pushi/vec4 0, 0, 32;
    %store/vec4 v0x11de80330_0, 0, 32;
    %jmp T_6.13;
T_6.2 ;
    %pushi/vec4 0, 0, 32;
    %store/vec4 v0x11de80330_0, 0, 32;
    %jmp T_6.13;
T_6.3 ;
    %pushi/vec4 0, 0, 32;
    %store/vec4 v0x11de80330_0, 0, 32;
    %jmp T_6.13;
T_6.4 ;
    %pushi/vec4 0, 0, 32;
    %store/vec4 v0x11de80330_0, 0, 32;
    %jmp T_6.13;
T_6.5 ;
    %pushi/vec4 0, 0, 32;
    %store/vec4 v0x11de80330_0, 0, 32;
    %jmp T_6.13;
T_6.6 ;
    %pushi/vec4 0, 0, 32;
    %store/vec4 v0x11de80330_0, 0, 32;
    %jmp T_6.13;
T_6.7 ;
    %pushi/vec4 0, 0, 19;
    %load/vec4 v0x11de7feb0_0;
    %concat/vec4; draw_concat_vec4
    %concati/vec4 0, 0, 3;
    %load/vec4 v0x11de7fe10_0;
    %concat/vec4; draw_concat_vec4
    %concati/vec4 0, 0, 3;
    %load/vec4 v0x11de7fd80_0;
    %concat/vec4; draw_concat_vec4
    %concati/vec4 0, 0, 3;
    %store/vec4 v0x11de80330_0, 0, 32;
    %jmp T_6.13;
T_6.8 ;
    %load/vec4 v0x11de7ff60_0;
    %store/vec4 v0x11de80330_0, 0, 32;
    %jmp T_6.13;
T_6.9 ;
    %load/vec4 v0x11de7fcf0_0;
    %store/vec4 v0x11de80330_0, 0, 32;
    %jmp T_6.13;
T_6.10 ;
    %load/vec4 v0x11de7fbd0_0;
    %store/vec4 v0x11de80330_0, 0, 32;
    %jmp T_6.13;
T_6.11 ;
    %load/vec4 v0x11de7fb40_0;
    %store/vec4 v0x11de80330_0, 0, 32;
    %jmp T_6.13;
T_6.13 ;
    %pop/vec4 1;
    %jmp T_6.1;
T_6.0 ;
    %load/vec4 v0x11de7fab0_0;
    %flag_set/vec4 8;
    %jmp/0xz  T_6.14, 8;
    %load/vec4 v0x11de7ff60_0;
    %store/vec4 v0x11de80330_0, 0, 32;
    %jmp T_6.15;
T_6.14 ;
    %load/vec4 v0x11de7f950_0;
    %flag_set/vec4 8;
    %jmp/0xz  T_6.16, 8;
    %load/vec4 v0x11de7ff60_0;
    %store/vec4 v0x11de80330_0, 0, 32;
    %jmp T_6.17;
T_6.16 ;
    %load/vec4 v0x11de7fc60_0;
    %flag_set/vec4 8;
    %jmp/0xz  T_6.18, 8;
    %load/vec4 v0x11de7fbd0_0;
    %store/vec4 v0x11de80330_0, 0, 32;
    %jmp T_6.19;
T_6.18 ;
    %pushi/vec4 0, 0, 32;
    %store/vec4 v0x11de80330_0, 0, 32;
T_6.19 ;
T_6.17 ;
T_6.15 ;
T_6.1 ;
    %jmp T_6;
    .thread T_6, $push;
    .scope S_0x11de7e580;
T_7 ;
    %wait E_0x11de7e8c0;
    %load/vec4 v0x11de80490_0;
    %flag_set/vec4 8;
    %jmp/0xz  T_7.0, 8;
    %pushi/vec4 1, 0, 1;
    %assign/vec4 v0x11de7fd80_0, 0;
    %jmp T_7.1;
T_7.0 ;
    %load/vec4 v0x11de7fab0_0;
    %flag_set/vec4 8;
    %jmp/0xz  T_7.2, 8;
    %pushi/vec4 2, 0, 32;
    %assign/vec4 v0x11de7fb40_0, 0;
    %load/vec4 v0x11de7f5f0_0;
    %assign/vec4 v0x11de7fbd0_0, 0;
    %load/vec4 v0x11de802a0_0;
    %assign/vec4 v0x11de7feb0_0, 0;
    %load/vec4 v0x11de7fd80_0;
    %assign/vec4 v0x11de7fe10_0, 0;
    %pushi/vec4 0, 0, 1;
    %assign/vec4 v0x11de7fd80_0, 0;
    %jmp T_7.3;
T_7.2 ;
    %load/vec4 v0x11de7f950_0;
    %flag_set/vec4 8;
    %jmp/0xz  T_7.4, 8;
    %pushi/vec4 11, 0, 32;
    %assign/vec4 v0x11de7fb40_0, 0;
    %load/vec4 v0x11de7f5f0_0;
    %assign/vec4 v0x11de7fbd0_0, 0;
    %load/vec4 v0x11de802a0_0;
    %assign/vec4 v0x11de7feb0_0, 0;
    %load/vec4 v0x11de7fd80_0;
    %assign/vec4 v0x11de7fe10_0, 0;
    %pushi/vec4 0, 0, 1;
    %assign/vec4 v0x11de7fd80_0, 0;
    %jmp T_7.5;
T_7.4 ;
    %load/vec4 v0x11de7fc60_0;
    %flag_set/vec4 8;
    %jmp/0xz  T_7.6, 8;
    %load/vec4 v0x11de7fe10_0;
    %assign/vec4 v0x11de7fd80_0, 0;
    %load/vec4 v0x11de7feb0_0;
    %assign/vec4 v0x11de802a0_0, 0;
    %jmp T_7.7;
T_7.6 ;
    %load/vec4 v0x11de80680_0;
    %flag_set/vec4 8;
    %jmp/0xz  T_7.8, 8;
    %load/vec4 v0x11de80010_0;
    %pushi/vec4 0, 0, 32;
    %cmp/e;
    %flag_get/vec4 4;
    %load/vec4 v0x11de7f9f0_0;
    %parti/s 2, 0, 2;
    %pushi/vec4 2, 0, 2;
    %cmp/e;
    %flag_get/vec4 4;
    %and;
    %inv;
    %load/vec4 v0x11de7f800_0;
    %parti/s 2, 10, 5;
    %pushi/vec4 3, 0, 2;
    %cmp/e;
    %flag_get/vec4 4;
    %and;
    %flag_set/vec4 8;
    %jmp/0xz  T_7.10, 8;
    %pushi/vec4 2, 0, 32;
    %assign/vec4 v0x11de7fb40_0, 0;
    %load/vec4 v0x11de7f5f0_0;
    %assign/vec4 v0x11de7fbd0_0, 0;
    %load/vec4 v0x11de802a0_0;
    %assign/vec4 v0x11de7feb0_0, 0;
    %load/vec4 v0x11de7fd80_0;
    %assign/vec4 v0x11de7fe10_0, 0;
    %pushi/vec4 0, 0, 1;
    %assign/vec4 v0x11de7fd80_0, 0;
    %jmp T_7.11;
T_7.10 ;
    %load/vec4 v0x11de7f800_0;
    %dup/vec4;
    %pushi/vec4 768, 0, 12;
    %cmp/u;
    %jmp/1 T_7.12, 6;
    %dup/vec4;
    %pushi/vec4 773, 0, 12;
    %cmp/u;
    %jmp/1 T_7.13, 6;
    %dup/vec4;
    %pushi/vec4 832, 0, 12;
    %cmp/u;
    %jmp/1 T_7.14, 6;
    %dup/vec4;
    %pushi/vec4 833, 0, 12;
    %cmp/u;
    %jmp/1 T_7.15, 6;
    %dup/vec4;
    %pushi/vec4 834, 0, 12;
    %cmp/u;
    %jmp/1 T_7.16, 6;
    %jmp T_7.18;
T_7.12 ;
    %load/vec4 v0x11de805d0_0;
    %parti/s 1, 3, 3;
    %assign/vec4 v0x11de7fd80_0, 0;
    %load/vec4 v0x11de805d0_0;
    %parti/s 1, 7, 4;
    %assign/vec4 v0x11de7fe10_0, 0;
    %load/vec4 v0x11de805d0_0;
    %parti/s 2, 11, 5;
    %assign/vec4 v0x11de7feb0_0, 0;
    %jmp T_7.18;
T_7.13 ;
    %load/vec4 v0x11de805d0_0;
    %assign/vec4 v0x11de7ff60_0, 0;
    %jmp T_7.18;
T_7.14 ;
    %load/vec4 v0x11de805d0_0;
    %assign/vec4 v0x11de7fcf0_0, 0;
    %jmp T_7.18;
T_7.15 ;
    %load/vec4 v0x11de805d0_0;
    %assign/vec4 v0x11de7fbd0_0, 0;
    %jmp T_7.18;
T_7.16 ;
    %load/vec4 v0x11de805d0_0;
    %assign/vec4 v0x11de7fb40_0, 0;
    %jmp T_7.18;
T_7.18 ;
    %pop/vec4 1;
T_7.11 ;
T_7.8 ;
T_7.7 ;
T_7.5 ;
T_7.3 ;
T_7.1 ;
    %jmp T_7;
    .thread T_7;
    .scope S_0x11de0c070;
T_8 ;
    %wait E_0x11de0ca70;
    %load/vec4 v0x11de7deb0_0;
    %dup/vec4;
    %pushi/vec4 0, 0, 4;
    %cmp/x;
    %jmp/1 T_8.0, 4;
    %dup/vec4;
    %pushi/vec4 8, 0, 4;
    %cmp/x;
    %jmp/1 T_8.1, 4;
    %dup/vec4;
    %pushi/vec4 1, 0, 4;
    %cmp/x;
    %jmp/1 T_8.2, 4;
    %dup/vec4;
    %pushi/vec4 2, 0, 4;
    %cmp/x;
    %jmp/1 T_8.3, 4;
    %dup/vec4;
    %pushi/vec4 3, 0, 4;
    %cmp/x;
    %jmp/1 T_8.4, 4;
    %dup/vec4;
    %pushi/vec4 4, 0, 4;
    %cmp/x;
    %jmp/1 T_8.5, 4;
    %dup/vec4;
    %pushi/vec4 5, 0, 4;
    %cmp/x;
    %jmp/1 T_8.6, 4;
    %dup/vec4;
    %pushi/vec4 13, 0, 4;
    %cmp/x;
    %jmp/1 T_8.7, 4;
    %dup/vec4;
    %pushi/vec4 6, 0, 4;
    %cmp/x;
    %jmp/1 T_8.8, 4;
    %dup/vec4;
    %pushi/vec4 7, 0, 4;
    %cmp/x;
    %jmp/1 T_8.9, 4;
    %load/vec4 v0x11de677c0_0;
    %store/vec4 v0x11de7ddf0_0, 0, 32;
    %jmp T_8.11;
T_8.0 ;
    %load/vec4 v0x11de677c0_0;
    %load/vec4 v0x11de7dd40_0;
    %add;
    %store/vec4 v0x11de7ddf0_0, 0, 32;
    %jmp T_8.11;
T_8.1 ;
    %load/vec4 v0x11de677c0_0;
    %load/vec4 v0x11de7dd40_0;
    %sub;
    %store/vec4 v0x11de7ddf0_0, 0, 32;
    %jmp T_8.11;
T_8.2 ;
    %load/vec4 v0x11de677c0_0;
    %load/vec4 v0x11de7dd40_0;
    %parti/s 5, 0, 2;
    %ix/vec4 4;
    %shiftl 4;
    %store/vec4 v0x11de7ddf0_0, 0, 32;
    %jmp T_8.11;
T_8.3 ;
    %load/vec4 v0x11de677c0_0;
    %load/vec4 v0x11de7dd40_0;
    %cmp/s;
    %flag_get/vec4 5;
    %pad/u 32;
    %store/vec4 v0x11de7ddf0_0, 0, 32;
    %jmp T_8.11;
T_8.4 ;
    %load/vec4 v0x11de677c0_0;
    %load/vec4 v0x11de7dd40_0;
    %cmp/u;
    %flag_get/vec4 5;
    %pad/u 32;
    %store/vec4 v0x11de7ddf0_0, 0, 32;
    %jmp T_8.11;
T_8.5 ;
    %load/vec4 v0x11de677c0_0;
    %load/vec4 v0x11de7dd40_0;
    %xor;
    %store/vec4 v0x11de7ddf0_0, 0, 32;
    %jmp T_8.11;
T_8.6 ;
    %load/vec4 v0x11de677c0_0;
    %load/vec4 v0x11de7dd40_0;
    %parti/s 5, 0, 2;
    %ix/vec4 4;
    %shiftr 4;
    %store/vec4 v0x11de7ddf0_0, 0, 32;
    %jmp T_8.11;
T_8.7 ;
    %load/vec4 v0x11de677c0_0;
    %load/vec4 v0x11de7dd40_0;
    %parti/s 5, 0, 2;
    %ix/vec4 4;
    %shiftr/s 4;
    %store/vec4 v0x11de7ddf0_0, 0, 32;
    %jmp T_8.11;
T_8.8 ;
    %load/vec4 v0x11de677c0_0;
    %load/vec4 v0x11de7dd40_0;
    %or;
    %store/vec4 v0x11de7ddf0_0, 0, 32;
    %jmp T_8.11;
T_8.9 ;
    %load/vec4 v0x11de677c0_0;
    %load/vec4 v0x11de7dd40_0;
    %and;
    %store/vec4 v0x11de7ddf0_0, 0, 32;
    %jmp T_8.11;
T_8.11 ;
    %pop/vec4 1;
    %jmp T_8;
    .thread T_8, $push;
    .scope S_0x11de7dfc0;
T_9 ;
    %wait E_0x11de7e1f0;
    %load/vec4 v0x11de7e470_0;
    %dup/vec4;
    %pushi/vec4 0, 0, 3;
    %cmp/x;
    %jmp/1 T_9.0, 4;
    %dup/vec4;
    %pushi/vec4 1, 0, 3;
    %cmp/x;
    %jmp/1 T_9.1, 4;
    %dup/vec4;
    %pushi/vec4 4, 0, 3;
    %cmp/x;
    %jmp/1 T_9.2, 4;
    %dup/vec4;
    %pushi/vec4 5, 0, 3;
    %cmp/x;
    %jmp/1 T_9.3, 4;
    %dup/vec4;
    %pushi/vec4 6, 0, 3;
    %cmp/x;
    %jmp/1 T_9.4, 4;
    %dup/vec4;
    %pushi/vec4 7, 0, 3;
    %cmp/x;
    %jmp/1 T_9.5, 4;
    %pushi/vec4 0, 0, 1;
    %store/vec4 v0x11de7e250_0, 0, 1;
    %jmp T_9.7;
T_9.0 ;
    %load/vec4 v0x11de7e300_0;
    %load/vec4 v0x11de7e3b0_0;
    %cmp/e;
    %flag_get/vec4 4;
    %store/vec4 v0x11de7e250_0, 0, 1;
    %jmp T_9.7;
T_9.1 ;
    %load/vec4 v0x11de7e300_0;
    %load/vec4 v0x11de7e3b0_0;
    %cmp/ne;
    %flag_get/vec4 4;
    %store/vec4 v0x11de7e250_0, 0, 1;
    %jmp T_9.7;
T_9.2 ;
    %load/vec4 v0x11de7e300_0;
    %load/vec4 v0x11de7e3b0_0;
    %cmp/s;
    %flag_get/vec4 5;
    %store/vec4 v0x11de7e250_0, 0, 1;
    %jmp T_9.7;
T_9.3 ;
    %load/vec4 v0x11de7e3b0_0;
    %load/vec4 v0x11de7e300_0;
    %cmp/s;
    %flag_get/vec4 4;
    %flag_get/vec4 5;
    %or;
    %store/vec4 v0x11de7e250_0, 0, 1;
    %jmp T_9.7;
T_9.4 ;
    %load/vec4 v0x11de7e300_0;
    %load/vec4 v0x11de7e3b0_0;
    %cmp/u;
    %flag_get/vec4 5;
    %store/vec4 v0x11de7e250_0, 0, 1;
    %jmp T_9.7;
T_9.5 ;
    %load/vec4 v0x11de7e3b0_0;
    %load/vec4 v0x11de7e300_0;
    %cmp/u;
    %flag_get/vec4 4;
    %flag_get/vec4 5;
    %or;
    %store/vec4 v0x11de7e250_0, 0, 1;
    %jmp T_9.7;
T_9.7 ;
    %pop/vec4 1;
    %jmp T_9;
    .thread T_9, $push;
    .scope S_0x11de82090;
T_10 ;
    %wait E_0x11de82330;
    %load/vec4 v0x11de82cc0_0;
    %dup/vec4;
    %pushi/vec4 0, 0, 2;
    %cmp/u;
    %jmp/1 T_10.0, 6;
    %dup/vec4;
    %pushi/vec4 1, 0, 2;
    %cmp/u;
    %jmp/1 T_10.1, 6;
    %dup/vec4;
    %pushi/vec4 2, 0, 2;
    %cmp/u;
    %jmp/1 T_10.2, 6;
    %pushi/vec4 0, 0, 1;
    %store/vec4 v0x11de82e10_0, 0, 1;
    %jmp T_10.4;
T_10.0 ;
    %pushi/vec4 0, 0, 1;
    %store/vec4 v0x11de82e10_0, 0, 1;
    %jmp T_10.4;
T_10.1 ;
    %load/vec4 v0x11de82ba0_0;
    %parti/s 2, 0, 2;
    %dup/vec4;
    %pushi/vec4 0, 0, 2;
    %cmp/u;
    %jmp/1 T_10.5, 6;
    %dup/vec4;
    %pushi/vec4 1, 0, 2;
    %cmp/u;
    %jmp/1 T_10.6, 6;
    %dup/vec4;
    %pushi/vec4 2, 0, 2;
    %cmp/u;
    %jmp/1 T_10.7, 6;
    %dup/vec4;
    %pushi/vec4 3, 0, 2;
    %cmp/u;
    %jmp/1 T_10.8, 6;
    %pushi/vec4 0, 0, 1;
    %store/vec4 v0x11de82e10_0, 0, 1;
    %jmp T_10.10;
T_10.5 ;
    %pushi/vec4 0, 0, 1;
    %store/vec4 v0x11de82e10_0, 0, 1;
    %jmp T_10.10;
T_10.6 ;
    %pushi/vec4 0, 0, 1;
    %store/vec4 v0x11de82e10_0, 0, 1;
    %jmp T_10.10;
T_10.7 ;
    %pushi/vec4 0, 0, 1;
    %store/vec4 v0x11de82e10_0, 0, 1;
    %jmp T_10.10;
T_10.8 ;
    %pushi/vec4 1, 0, 1;
    %store/vec4 v0x11de82e10_0, 0, 1;
    %jmp T_10.10;
T_10.10 ;
    %pop/vec4 1;
    %jmp T_10.4;
T_10.2 ;
    %load/vec4 v0x11de82ba0_0;
    %parti/s 2, 0, 2;
    %dup/vec4;
    %pushi/vec4 0, 0, 2;
    %cmp/u;
    %jmp/1 T_10.11, 6;
    %dup/vec4;
    %pushi/vec4 1, 0, 2;
    %cmp/u;
    %jmp/1 T_10.12, 6;
    %dup/vec4;
    %pushi/vec4 2, 0, 2;
    %cmp/u;
    %jmp/1 T_10.13, 6;
    %dup/vec4;
    %pushi/vec4 3, 0, 2;
    %cmp/u;
    %jmp/1 T_10.14, 6;
    %pushi/vec4 0, 0, 1;
    %store/vec4 v0x11de82e10_0, 0, 1;
    %jmp T_10.16;
T_10.11 ;
    %pushi/vec4 0, 0, 1;
    %store/vec4 v0x11de82e10_0, 0, 1;
    %jmp T_10.16;
T_10.12 ;
    %pushi/vec4 1, 0, 1;
    %store/vec4 v0x11de82e10_0, 0, 1;
    %jmp T_10.16;
T_10.13 ;
    %pushi/vec4 1, 0, 1;
    %store/vec4 v0x11de82e10_0, 0, 1;
    %jmp T_10.16;
T_10.14 ;
    %pushi/vec4 1, 0, 1;
    %store/vec4 v0x11de82e10_0, 0, 1;
    %jmp T_10.16;
T_10.16 ;
    %pop/vec4 1;
    %jmp T_10.4;
T_10.4 ;
    %pop/vec4 1;
    %jmp T_10;
    .thread T_10, $push;
    .scope S_0x11de82090;
T_11 ;
    %wait E_0x11de7e8c0;
    %load/vec4 v0x11de82ba0_0;
    %parti/s 30, 2, 3;
    %concati/vec4 0, 0, 2;
    %assign/vec4 v0x11de83100_0, 0;
    %load/vec4 v0x11de82e10_0;
    %load/vec4 v0x11de82d60_0;
    %load/vec4 v0x11de833a0_0;
    %or;
    %and;
    %flag_set/vec4 8;
    %jmp/0xz  T_11.0, 8;
    %load/vec4 v0x11de831b0_0;
    %inv;
    %assign/vec4 v0x11de831b0_0, 0;
    %jmp T_11.1;
T_11.0 ;
    %pushi/vec4 0, 0, 1;
    %assign/vec4 v0x11de831b0_0, 0;
T_11.1 ;
    %jmp T_11;
    .thread T_11;
    .scope S_0x11de82090;
T_12 ;
    %wait E_0x11de80a50;
    %load/vec4 v0x11de831b0_0;
    %flag_set/vec4 8;
    %jmp/0xz  T_12.0, 8;
    %load/vec4 v0x11de83100_0;
    %addi 4, 0, 32;
    %store/vec4 v0x11de82ea0_0, 0, 32;
    %pushi/vec4 0, 0, 8;
    %load/vec4 v0x11de83250_0;
    %parti/s 24, 32, 7;
    %concat/vec4; draw_concat_vec4
    %store/vec4 v0x11de83050_0, 0, 32;
    %load/vec4 v0x11de833a0_0;
    %flag_set/vec4 8;
    %jmp/0xz  T_12.2, 8;
    %load/vec4 v0x11de82cc0_0;
    %dup/vec4;
    %pushi/vec4 1, 0, 2;
    %cmp/u;
    %jmp/1 T_12.4, 6;
    %dup/vec4;
    %pushi/vec4 2, 0, 2;
    %cmp/u;
    %jmp/1 T_12.5, 6;
    %pushi/vec4 0, 0, 4;
    %store/vec4 v0x11de83440_0, 0, 4;
    %jmp T_12.7;
T_12.4 ;
    %pushi/vec4 1, 0, 4;
    %store/vec4 v0x11de83440_0, 0, 4;
    %jmp T_12.7;
T_12.5 ;
    %pushi/vec4 15, 0, 4;
    %load/vec4 v0x11de82ba0_0;
    %parti/s 2, 0, 2;
    %ix/vec4 4;
    %shiftl 4;
    %inv;
    %store/vec4 v0x11de83440_0, 0, 4;
    %jmp T_12.7;
T_12.7 ;
    %pop/vec4 1;
    %jmp T_12.3;
T_12.2 ;
    %pushi/vec4 0, 0, 4;
    %store/vec4 v0x11de83440_0, 0, 4;
T_12.3 ;
    %jmp T_12.1;
T_12.0 ;
    %load/vec4 v0x11de82ba0_0;
    %parti/s 30, 2, 3;
    %concati/vec4 0, 0, 2;
    %store/vec4 v0x11de82ea0_0, 0, 32;
    %load/vec4 v0x11de83250_0;
    %parti/s 32, 0, 2;
    %store/vec4 v0x11de83050_0, 0, 32;
    %load/vec4 v0x11de833a0_0;
    %flag_set/vec4 8;
    %jmp/0xz  T_12.8, 8;
    %load/vec4 v0x11de82cc0_0;
    %dup/vec4;
    %pushi/vec4 0, 0, 2;
    %cmp/u;
    %jmp/1 T_12.10, 6;
    %dup/vec4;
    %pushi/vec4 1, 0, 2;
    %cmp/u;
    %jmp/1 T_12.11, 6;
    %dup/vec4;
    %pushi/vec4 2, 0, 2;
    %cmp/u;
    %jmp/1 T_12.12, 6;
    %pushi/vec4 0, 0, 4;
    %store/vec4 v0x11de83440_0, 0, 4;
    %jmp T_12.14;
T_12.10 ;
    %pushi/vec4 1, 0, 4;
    %load/vec4 v0x11de82ba0_0;
    %parti/s 2, 0, 2;
    %ix/vec4 4;
    %shiftl 4;
    %store/vec4 v0x11de83440_0, 0, 4;
    %jmp T_12.14;
T_12.11 ;
    %pushi/vec4 3, 0, 4;
    %load/vec4 v0x11de82ba0_0;
    %parti/s 2, 0, 2;
    %ix/vec4 4;
    %shiftl 4;
    %store/vec4 v0x11de83440_0, 0, 4;
    %jmp T_12.14;
T_12.12 ;
    %pushi/vec4 15, 0, 4;
    %load/vec4 v0x11de82ba0_0;
    %parti/s 2, 0, 2;
    %ix/vec4 4;
    %shiftl 4;
    %store/vec4 v0x11de83440_0, 0, 4;
    %jmp T_12.14;
T_12.14 ;
    %pop/vec4 1;
    %jmp T_12.9;
T_12.8 ;
    %pushi/vec4 0, 0, 4;
    %store/vec4 v0x11de83440_0, 0, 4;
T_12.9 ;
T_12.1 ;
    %jmp T_12;
    .thread T_12, $push;
    .scope S_0x11de835e0;
T_13 ;
    %wait E_0x11de7e8c0;
    %load/vec4 v0x11de84540_0;
    %assign/vec4 v0x11de84800_0, 0;
    %load/vec4 v0x11de84320_0;
    %assign/vec4 v0x11de843b0_0, 0;
    %load/vec4 v0x11de843b0_0;
    %assign/vec4 v0x11de848b0_0, 0;
    %jmp T_13;
    .thread T_13;
    .scope S_0x11de835e0;
T_14 ;
    %wait E_0x11de82a00;
    %load/vec4 v0x11de845f0_0;
    %dup/vec4;
    %pushi/vec4 0, 0, 2;
    %cmp/u;
    %jmp/1 T_14.0, 6;
    %dup/vec4;
    %pushi/vec4 1, 0, 2;
    %cmp/u;
    %jmp/1 T_14.1, 6;
    %dup/vec4;
    %pushi/vec4 2, 0, 2;
    %cmp/u;
    %jmp/1 T_14.2, 6;
    %load/vec4 v0x11de84950_0;
    %store/vec4 v0x11de84750_0, 0, 32;
    %jmp T_14.4;
T_14.0 ;
    %load/vec4 v0x11de84a00_0;
    %flag_set/vec4 8;
    %jmp/0xz  T_14.5, 8;
    %pushi/vec4 0, 0, 24;
    %load/vec4 v0x11de84950_0;
    %parti/s 8, 0, 2;
    %concat/vec4; draw_concat_vec4
    %store/vec4 v0x11de84750_0, 0, 32;
    %jmp T_14.6;
T_14.5 ;
    %load/vec4 v0x11de84950_0;
    %parti/s 1, 7, 4;
    %replicate 24;
    %load/vec4 v0x11de84950_0;
    %parti/s 8, 0, 2;
    %concat/vec4; draw_concat_vec4
    %store/vec4 v0x11de84750_0, 0, 32;
T_14.6 ;
    %jmp T_14.4;
T_14.1 ;
    %load/vec4 v0x11de84a00_0;
    %flag_set/vec4 8;
    %jmp/0xz  T_14.7, 8;
    %pushi/vec4 0, 0, 16;
    %load/vec4 v0x11de84950_0;
    %parti/s 16, 0, 2;
    %concat/vec4; draw_concat_vec4
    %store/vec4 v0x11de84750_0, 0, 32;
    %jmp T_14.8;
T_14.7 ;
    %load/vec4 v0x11de84950_0;
    %parti/s 1, 15, 5;
    %replicate 16;
    %load/vec4 v0x11de84950_0;
    %parti/s 16, 0, 2;
    %concat/vec4; draw_concat_vec4
    %store/vec4 v0x11de84750_0, 0, 32;
T_14.8 ;
    %jmp T_14.4;
T_14.2 ;
    %load/vec4 v0x11de84950_0;
    %store/vec4 v0x11de84750_0, 0, 32;
    %jmp T_14.4;
T_14.4 ;
    %pop/vec4 1;
    %jmp T_14;
    .thread T_14, $push;
    .scope S_0x11de61a40;
T_15 ;
    %wait E_0x11de7e8c0;
    %load/vec4 v0x11de8ad20_0;
    %flag_set/vec4 8;
    %jmp/0xz  T_15.0, 8;
    %pushi/vec4 0, 0, 32;
    %assign/vec4 v0x11de8a040_0, 0;
    %jmp T_15.1;
T_15.0 ;
    %load/vec4 v0x11de88cf0_0;
    %load/vec4 v0x11de89e30_0;
    %or;
    %inv;
    %flag_set/vec4 8;
    %jmp/0xz  T_15.2, 8;
    %load/vec4 v0x11de8ac70_0;
    %assign/vec4 v0x11de8a040_0, 0;
T_15.2 ;
T_15.1 ;
    %jmp T_15;
    .thread T_15;
    .scope S_0x11de61a40;
T_16 ;
    %wait E_0x11de7e8c0;
    %load/vec4 v0x11de8ad20_0;
    %load/vec4 v0x11de89e30_0;
    %load/vec4 v0x11de88cf0_0;
    %inv;
    %and;
    %or;
    %load/vec4 v0x11de886a0_0;
    %or;
    %load/vec4 v0x11de89800_0;
    %or;
    %flag_set/vec4 8;
    %jmp/0xz  T_16.0, 8;
    %pushi/vec4 0, 0, 12;
    %assign/vec4 v0x11de88ad0_0, 0;
    %pushi/vec4 0, 0, 5;
    %assign/vec4 v0x11de89490_0, 0;
    %pushi/vec4 0, 0, 3;
    %assign/vec4 v0x11de888e0_0, 0;
    %pushi/vec4 0, 0, 5;
    %assign/vec4 v0x11de89320_0, 0;
    %pushi/vec4 0, 0, 32;
    %assign/vec4 v0x11de891e0_0, 0;
    %pushi/vec4 0, 0, 32;
    %assign/vec4 v0x11de89540_0, 0;
    %pushi/vec4 0, 0, 32;
    %assign/vec4 v0x11de896a0_0, 0;
    %pushi/vec4 0, 0, 32;
    %assign/vec4 v0x11de88a40_0, 0;
    %pushi/vec4 0, 0, 1;
    %assign/vec4 v0x11de881d0_0, 0;
    %pushi/vec4 0, 0, 1;
    %assign/vec4 v0x11de88460_0, 0;
    %pushi/vec4 0, 0, 4;
    %assign/vec4 v0x11de88580_0, 0;
    %pushi/vec4 0, 0, 1;
    %assign/vec4 v0x11de893e0_0, 0;
    %pushi/vec4 0, 0, 2;
    %assign/vec4 v0x11de89150_0, 0;
    %pushi/vec4 0, 0, 1;
    %assign/vec4 v0x11de88b90_0, 0;
    %pushi/vec4 0, 0, 1;
    %assign/vec4 v0x11de88730_0, 0;
    %pushi/vec4 0, 0, 1;
    %assign/vec4 v0x11de88c20_0, 0;
    %pushi/vec4 0, 0, 1;
    %assign/vec4 v0x11de89770_0, 0;
    %pushi/vec4 0, 0, 1;
    %assign/vec4 v0x11de88260_0, 0;
    %pushi/vec4 0, 0, 1;
    %assign/vec4 v0x11de88850_0, 0;
    %pushi/vec4 0, 0, 1;
    %assign/vec4 v0x11de89030_0, 0;
    %pushi/vec4 0, 0, 1;
    %assign/vec4 v0x11de889b0_0, 0;
    %jmp T_16.1;
T_16.0 ;
    %load/vec4 v0x11de88cf0_0;
    %inv;
    %flag_set/vec4 8;
    %jmp/0xz  T_16.2, 8;
    %load/vec4 v0x11de89cd0_0;
    %parti/s 12, 20, 6;
    %assign/vec4 v0x11de88ad0_0, 0;
    %load/vec4 v0x11de89cd0_0;
    %parti/s 5, 15, 5;
    %assign/vec4 v0x11de89490_0, 0;
    %load/vec4 v0x11de89cd0_0;
    %parti/s 3, 12, 5;
    %assign/vec4 v0x11de888e0_0, 0;
    %load/vec4 v0x11de89cd0_0;
    %parti/s 5, 7, 4;
    %assign/vec4 v0x11de89320_0, 0;
    %load/vec4 v0x11de8a040_0;
    %assign/vec4 v0x11de891e0_0, 0;
    %load/vec4 v0x11de8a210_0;
    %assign/vec4 v0x11de89540_0, 0;
    %load/vec4 v0x11de8a350_0;
    %assign/vec4 v0x11de896a0_0, 0;
    %load/vec4 v0x11de89c20_0;
    %assign/vec4 v0x11de88a40_0, 0;
    %load/vec4 v0x11de88310_0;
    %assign/vec4 v0x11de881d0_0, 0;
    %load/vec4 v0x11de883c0_0;
    %assign/vec4 v0x11de88460_0, 0;
    %load/vec4 v0x11de898b0_0;
    %assign/vec4 v0x11de88580_0, 0;
    %load/vec4 v0x11de8a160_0;
    %assign/vec4 v0x11de893e0_0, 0;
    %load/vec4 v0x11de89a10_0;
    %assign/vec4 v0x11de89150_0, 0;
    %load/vec4 v0x11de89da0_0;
    %assign/vec4 v0x11de88b90_0, 0;
    %load/vec4 v0x11de89960_0;
    %assign/vec4 v0x11de88730_0, 0;
    %load/vec4 v0x11de89ee0_0;
    %assign/vec4 v0x11de88c20_0, 0;
    %load/vec4 v0x11de8a490_0;
    %assign/vec4 v0x11de89770_0, 0;
    %load/vec4 v0x11de8a6a0_0;
    %assign/vec4 v0x11de88260_0, 0;
    %load/vec4 v0x11de89ac0_0;
    %assign/vec4 v0x11de88850_0, 0;
    %load/vec4 v0x11de89f90_0;
    %assign/vec4 v0x11de89030_0, 0;
    %load/vec4 v0x11de89b70_0;
    %assign/vec4 v0x11de889b0_0, 0;
T_16.2 ;
T_16.1 ;
    %jmp T_16;
    .thread T_16;
    .scope S_0x11de61a40;
T_17 ;
    %wait E_0x11de7e8c0;
    %load/vec4 v0x11de8ad20_0;
    %flag_set/vec4 8;
    %jmp/0xz  T_17.0, 8;
    %pushi/vec4 0, 0, 3;
    %assign/vec4 v0x11de8a7e0_0, 0;
    %pushi/vec4 0, 0, 5;
    %assign/vec4 v0x11de8aa80_0, 0;
    %pushi/vec4 0, 0, 32;
    %assign/vec4 v0x11de8a750_0, 0;
    %pushi/vec4 0, 0, 1;
    %assign/vec4 v0x11de8abc0_0, 0;
    %pushi/vec4 0, 0, 1;
    %assign/vec4 v0x11de8a870_0, 0;
    %jmp T_17.1;
T_17.0 ;
    %load/vec4 v0x11de88cf0_0;
    %inv;
    %flag_set/vec4 8;
    %jmp/0xz  T_17.2, 8;
    %load/vec4 v0x11de888e0_0;
    %assign/vec4 v0x11de8a7e0_0, 0;
    %load/vec4 v0x11de89320_0;
    %assign/vec4 v0x11de8aa80_0, 0;
    %load/vec4 v0x11de890c0_0;
    %assign/vec4 v0x11de8a750_0, 0;
    %load/vec4 v0x11de893e0_0;
    %assign/vec4 v0x11de8abc0_0, 0;
    %load/vec4 v0x11de88c20_0;
    %assign/vec4 v0x11de8a870_0, 0;
T_17.2 ;
T_17.1 ;
    %jmp T_17;
    .thread T_17;
    .scope S_0x11de72750;
T_18 ;
    %pushi/vec4 0, 0, 32;
    %store/vec4 v0x11de8ae60_0, 0, 32;
    %pushi/vec4 0, 0, 32;
    %store/vec4 v0x11de8af10_0, 0, 32;
    %pushi/vec4 0, 0, 32;
    %store/vec4 v0x11de8b2d0_0, 0, 32;
    %pushi/vec4 0, 0, 32;
    %store/vec4 v0x11de8afd0_0, 0, 32;
    %end;
    .thread T_18;
    .scope S_0x11de72750;
T_19 ;
    %vpi_call 2 21 "$dumpfile", "test.vcd" {0 0 0};
    %vpi_call 2 22 "$dumpvars", 32'sb00000000000000000000000000000000, S_0x11de72750 {0 0 0};
    %vpi_func 2 24 "$fopen" 32, "test_file_name.txt", "r" {0 0 0};
    %store/vec4 v0x11de8ae60_0, 0, 32;
    %vpi_func 2 25 "$fopen" 32, "test_result.txt", "w" {0 0 0};
    %store/vec4 v0x11de8af10_0, 0, 32;
T_19.0 ;
    %vpi_func 2 26 "$feof" 32, v0x11de8ae60_0 {0 0 0};
    %cmpi/e 0, 0, 32;
    %jmp/0xz T_19.1, 4;
    %vpi_func 2 27 "$fscanf" 32, v0x11de8ae60_0, "%s\012", v0x11de8b220_0 {0 0 0};
    %store/vec4 v0x11de8b190_0, 0, 32;
    %load/vec4 v0x11de8b220_0;
    %ix/getv/s 4, v0x11de8b2d0_0;
    %store/vec4a v0x11de8b380, 4, 0;
    %vpi_call 2 30 "$fdisplay", v0x11de8af10_0, "%s", &A<v0x11de8b380, v0x11de8b2d0_0 > {0 0 0};
    %load/vec4 v0x11de8b2d0_0;
    %addi 1, 0, 32;
    %store/vec4 v0x11de8b2d0_0, 0, 32;
    %jmp T_19.0;
T_19.1 ;
    %vpi_call 2 33 "$fclose", v0x11de8ae60_0 {0 0 0};
    %load/vec4 v0x11de8b2d0_0;
    %store/vec4 v0x11de8afd0_0, 0, 32;
    %pushi/vec4 0, 0, 32;
    %store/vec4 v0x11de8b2d0_0, 0, 32;
    %vpi_call 2 36 "$fdisplay", v0x11de8af10_0, "----------------------" {0 0 0};
    %vpi_call 2 37 "$fdisplay", v0x11de8af10_0, "%s", &A<v0x11de8b380, v0x11de8b2d0_0 > {0 0 0};
    %vpi_call 2 38 "$readmemh", &A<v0x11de8b380, v0x11de8b2d0_0 >, v0x11de85010 {0 0 0};
    %end;
    .thread T_19;
    .scope S_0x11de72750;
T_20 ;
    %pushi/vec4 0, 0, 1;
    %assign/vec4 v0x11de8add0_0, 0;
    %pushi/vec4 1, 0, 1;
    %assign/vec4 v0x11de8b080_0, 0;
    %delay 22000, 0;
    %pushi/vec4 0, 0, 1;
    %assign/vec4 v0x11de8b080_0, 0;
    %end;
    .thread T_20;
    .scope S_0x11de72750;
T_21 ;
T_21.0 ;
    %delay 5000, 0;
    %load/vec4 v0x11de8add0_0;
    %inv;
    %assign/vec4 v0x11de8add0_0, 0;
    %jmp T_21.0;
    %end;
    .thread T_21;
    .scope S_0x11de72750;
T_22 ;
    %delay 4000, 0;
T_22.0 ;
    %delay 10000, 0;
    %vpi_call 2 59 "$fdisplay", v0x11de8af10_0, "time:%d pc:%h inst:%h x1:%h x2:%h x3:%h x4:%h x5:%h x6:%h x7:%h", $realtime, v0x11de8a040_0, v0x11de89cd0_0, &A<v0x11de86540, 1>, &A<v0x11de86540, 2>, &A<v0x11de86540, 3>, &A<v0x11de86540, 4>, &A<v0x11de86540, 5>, &A<v0x11de86540, 6>, &A<v0x11de86540, 7> {0 0 0};
    %load/vec4 v0x11de8aa80_0;
    %pushi/vec4 3, 0, 5;
    %cmp/e;
    %flag_get/vec4 4;
    %load/vec4 v0x11de8abc0_0;
    %pushi/vec4 1, 0, 1;
    %cmp/e;
    %flag_get/vec4 4;
    %and;
    %flag_set/vec4 8;
    %jmp/0xz  T_22.1, 8;
    %vpi_call 2 61 "$fdisplay", v0x11de8af10_0, "gp:%d", v0x11de8ab10_0 {0 0 0};
T_22.1 ;
    %load/vec4 v0x11de8a040_0;
    %cmpi/e 68, 0, 32;
    %jmp/0xz  T_22.3, 4;
    %ix/load 4, 3, 0;
    %flag_set/imm 4, 0;
    %load/vec4a v0x11de86540, 4;
    %cmpi/e 1, 0, 32;
    %jmp/0xz  T_22.5, 4;
    %vpi_call 2 65 "$fdisplay", v0x11de8af10_0, "test pass" {0 0 0};
    %pushi/vec4 1, 0, 1;
    %ix/getv/s 4, v0x11de8b2d0_0;
    %store/vec4a v0x11de8b490, 4, 0;
    %jmp T_22.6;
T_22.5 ;
    %vpi_call 2 68 "$fdisplay", v0x11de8af10_0, "test fail" {0 0 0};
    %pushi/vec4 0, 0, 1;
    %ix/getv/s 4, v0x11de8b2d0_0;
    %store/vec4a v0x11de8b490, 4, 0;
T_22.6 ;
    %load/vec4 v0x11de8b2d0_0;
    %addi 1, 0, 32;
    %store/vec4 v0x11de8b2d0_0, 0, 32;
    %load/vec4 v0x11de8b2d0_0;
    %load/vec4 v0x11de8afd0_0;
    %cmp/e;
    %jmp/0xz  T_22.7, 4;
    %vpi_call 2 73 "$fdisplay", v0x11de8af10_0, "----------------------" {0 0 0};
    %vpi_call 2 74 "$display", "----------------------" {0 0 0};
    %pushi/vec4 0, 0, 32;
    %store/vec4 v0x11de8b2d0_0, 0, 32;
T_22.9 ;
    %load/vec4 v0x11de8b2d0_0;
    %load/vec4 v0x11de8afd0_0;
    %cmp/s;
    %jmp/0xz T_22.10, 5;
    %ix/getv/s 4, v0x11de8b2d0_0;
    %load/vec4a v0x11de8b490, 4;
    %cmpi/e 1, 0, 1;
    %jmp/0xz  T_22.11, 4;
    %vpi_call 2 77 "$display", "%s  pass", &A<v0x11de8b380, v0x11de8b2d0_0 > {0 0 0};
    %vpi_call 2 78 "$fdisplay", v0x11de8af10_0, "%s  pass", &A<v0x11de8b380, v0x11de8b2d0_0 > {0 0 0};
    %jmp T_22.12;
T_22.11 ;
    %vpi_call 2 80 "$display", "%s  fail", &A<v0x11de8b380, v0x11de8b2d0_0 > {0 0 0};
    %vpi_call 2 81 "$fdisplay", v0x11de8af10_0, "%s  fail", &A<v0x11de8b380, v0x11de8b2d0_0 > {0 0 0};
T_22.12 ;
    %load/vec4 v0x11de8b2d0_0;
    %addi 1, 0, 32;
    %store/vec4 v0x11de8b2d0_0, 0, 32;
    %jmp T_22.9;
T_22.10 ;
    %vpi_call 2 84 "$fclose", v0x11de8af10_0 {0 0 0};
    %vpi_call 2 85 "$finish" {0 0 0};
T_22.7 ;
    %vpi_call 2 87 "$fdisplay", v0x11de8af10_0, "----------------------" {0 0 0};
    %vpi_call 2 88 "$fdisplay", v0x11de8af10_0, "%s", &A<v0x11de8b380, v0x11de8b2d0_0 > {0 0 0};
    %pushi/vec4 1, 0, 1;
    %assign/vec4 v0x11de8b080_0, 0;
    %delay 10000, 0;
    %vpi_call 2 91 "$readmemh", &A<v0x11de8b380, v0x11de8b2d0_0 >, v0x11de85010 {0 0 0};
    %delay 10000, 0;
    %pushi/vec4 0, 0, 1;
    %assign/vec4 v0x11de8b080_0, 0;
T_22.3 ;
    %jmp T_22.0;
    %end;
    .thread T_22;
    .scope S_0x11de72750;
T_23 ;
    %delay 1000000000, 0;
    %vpi_call 2 98 "$finish" {0 0 0};
    %end;
    .thread T_23;
# The file index is used to find the file name in the following table.
:file_names 12;
    "N/A";
    "<interactive>";
    "test_all.v";
    "core.v";
    "alu.v";
    "br_unit.v";
    "csr.v";
    "decoder.v";
    "ma_ctrl.v";
    "r_data_fmt.v";
    "ram.v";
    "reg_file.v";
