#! /opt/homebrew/Cellar/icarus-verilog/12.0/bin/vvp
:ivl_version "12.0 (stable)";
:ivl_delay_selection "TYPICAL";
:vpi_time_precision - 12;
:vpi_module "/opt/homebrew/Cellar/icarus-verilog/12.0/lib/ivl/system.vpi";
:vpi_module "/opt/homebrew/Cellar/icarus-verilog/12.0/lib/ivl/vhdl_sys.vpi";
:vpi_module "/opt/homebrew/Cellar/icarus-verilog/12.0/lib/ivl/vhdl_textio.vpi";
:vpi_module "/opt/homebrew/Cellar/icarus-verilog/12.0/lib/ivl/v2005_math.vpi";
:vpi_module "/opt/homebrew/Cellar/icarus-verilog/12.0/lib/ivl/va_math.vpi";
S_0x12f304890 .scope module, "test" "test" 2 7;
 .timescale -9 -12;
P_0x12f304760 .param/l "STEP" 0 2 8, +C4<00000000000000000000000000001010>;
v0x12f3221c0_0 .var "clk", 0 0;
v0x12f322250_0 .var/i "fd_r", 31 0;
v0x12f3222f0_0 .var/i "fd_w", 31 0;
v0x12f3223b0_0 .var/i "num_test_file", 31 0;
v0x12f322460_0 .var "rst", 0 0;
v0x12f322570_0 .var/i "rtn", 31 0;
v0x12f322600_0 .var "test_file_name", 511 0;
v0x12f3226b0_0 .var/i "test_file_num", 31 0;
v0x12f322760 .array "test_files", 127 0, 511 0;
v0x12f322870 .array "test_pass", 127 0, 0 0;
S_0x12f304af0 .scope module, "core_0" "core" 2 41, 3 4 0, S_0x12f304890;
 .timescale 0 0;
    .port_info 0 /INPUT 1 "clk";
    .port_info 1 /INPUT 1 "rst";
L_0x12f322900 .functor NOT 1, L_0x12f326a60, C4<0>, C4<0>, C4<0>;
L_0x12f322990 .functor NOT 1, L_0x12f323e20, C4<0>, C4<0>, C4<0>;
L_0x12f322a40 .functor AND 1, L_0x12f322900, L_0x12f322990, C4<1>, C4<1>;
L_0x1100401c0 .functor BUFT 1, C4<0>, C4<0>, C4<0>, C4<0>;
L_0x12f323e90 .functor XNOR 1, v0x12f320940_0, L_0x1100401c0, C4<0>, C4<0>;
L_0x110040208 .functor BUFT 1, C4<0>, C4<0>, C4<0>, C4<0>;
L_0x12f323fa0 .functor XNOR 1, v0x12f320ab0_0, L_0x110040208, C4<0>, C4<0>;
L_0x110040400 .functor BUFT 1, C4<0>, C4<0>, C4<0>, C4<0>;
L_0x12f325450 .functor XNOR 1, v0x12f31f470_0, L_0x110040400, C4<0>, C4<0>;
L_0x110040448 .functor BUFT 1, C4<0>, C4<0>, C4<0>, C4<0>;
L_0x12f325620 .functor XNOR 1, v0x12f31f700_0, L_0x110040448, C4<0>, C4<0>;
L_0x12f3259f0 .functor AND 1, v0x12f31f9d0_0, v0x12f3154f0_0, C4<1>, C4<1>;
L_0x12f325aa0 .functor OR 1, v0x12f31fe30_0, L_0x12f3259f0, C4<0>, C4<0>;
L_0x12f325ba0 .functor OR 1, v0x12f31faf0_0, v0x12f31fc50_0, C4<0>, C4<0>;
v0x12f31ddb0_0 .net *"_ivl_0", 0 0, L_0x12f322900;  1 drivers
v0x12f31de70_0 .net/2u *"_ivl_10", 0 0, L_0x1100401c0;  1 drivers
v0x12f31df10_0 .net *"_ivl_12", 0 0, L_0x12f323e90;  1 drivers
v0x12f31dfa0_0 .net/2u *"_ivl_16", 0 0, L_0x110040208;  1 drivers
v0x12f31e040_0 .net *"_ivl_18", 0 0, L_0x12f323fa0;  1 drivers
v0x12f31e120_0 .net *"_ivl_2", 0 0, L_0x12f322990;  1 drivers
L_0x1100403b8 .functor BUFT 1, C4<00000000000000000000000000000100>, C4<0>, C4<0>, C4<0>;
v0x12f31e1d0_0 .net/2u *"_ivl_22", 31 0, L_0x1100403b8;  1 drivers
v0x12f31e280_0 .net/2u *"_ivl_26", 0 0, L_0x110040400;  1 drivers
v0x12f31e330_0 .net *"_ivl_28", 0 0, L_0x12f325450;  1 drivers
v0x12f31e440_0 .net/2u *"_ivl_32", 0 0, L_0x110040448;  1 drivers
v0x12f31e4e0_0 .net *"_ivl_34", 0 0, L_0x12f325620;  1 drivers
v0x12f31e580_0 .net *"_ivl_40", 0 0, L_0x12f3259f0;  1 drivers
L_0x110040490 .functor BUFT 1, C4<00>, C4<0>, C4<0>, C4<0>;
v0x12f31e630_0 .net/2u *"_ivl_46", 1 0, L_0x110040490;  1 drivers
v0x12f31e6e0_0 .net *"_ivl_48", 0 0, L_0x12f325d50;  1 drivers
L_0x1100404d8 .functor BUFT 1, C4<01>, C4<0>, C4<0>, C4<0>;
v0x12f31e780_0 .net/2u *"_ivl_50", 1 0, L_0x1100404d8;  1 drivers
v0x12f31e830_0 .net *"_ivl_52", 0 0, L_0x12f325e40;  1 drivers
L_0x110040520 .functor BUFT 1, C4<10>, C4<0>, C4<0>, C4<0>;
v0x12f31e8d0_0 .net/2u *"_ivl_54", 1 0, L_0x110040520;  1 drivers
v0x12f31ea60_0 .net *"_ivl_56", 0 0, L_0x12f325ee0;  1 drivers
v0x12f31eaf0_0 .net *"_ivl_58", 31 0, L_0x12f326020;  1 drivers
v0x12f31eb90_0 .net *"_ivl_60", 31 0, L_0x12f326100;  1 drivers
L_0x1100407a8 .functor BUFT 1, C4<00000000000000000000000000000100>, C4<0>, C4<0>, C4<0>;
v0x12f31ec40_0 .net/2u *"_ivl_74", 31 0, L_0x1100407a8;  1 drivers
L_0x1100407f0 .functor BUFT 1, C4<00000000000000000000000000000000>, C4<0>, C4<0>, C4<0>;
v0x12f31ecf0_0 .net/2u *"_ivl_78", 31 0, L_0x1100407f0;  1 drivers
v0x12f31eda0_0 .net *"_ivl_81", 29 0, L_0x12f327d30;  1 drivers
L_0x110040838 .functor BUFT 1, C4<00>, C4<0>, C4<0>, C4<0>;
v0x12f31ee50_0 .net/2u *"_ivl_82", 1 0, L_0x110040838;  1 drivers
v0x12f31ef00_0 .net *"_ivl_84", 31 0, L_0x12f327b10;  1 drivers
v0x12f31efb0_0 .net *"_ivl_87", 29 0, L_0x12f327f20;  1 drivers
L_0x110040880 .functor BUFT 1, C4<00>, C4<0>, C4<0>, C4<0>;
v0x12f31f060_0 .net/2u *"_ivl_88", 1 0, L_0x110040880;  1 drivers
v0x12f31f110_0 .net *"_ivl_90", 31 0, L_0x12f327dd0;  1 drivers
v0x12f31f1c0_0 .net *"_ivl_92", 31 0, L_0x12f328140;  1 drivers
v0x12f31f270_0 .net *"_ivl_94", 31 0, L_0x12f3282b0;  1 drivers
v0x12f31f320_0 .net "clk", 0 0, v0x12f3221c0_0;  1 drivers
v0x12f31f3b0_0 .net "e_alu_in1", 31 0, L_0x12f325500;  1 drivers
v0x12f31f470_0 .var "e_alu_in1_sel", 0 0;
v0x12f31e960_0 .net "e_alu_in2", 31 0, L_0x12f325710;  1 drivers
v0x12f31f700_0 .var "e_alu_in2_sel", 0 0;
v0x12f31f790_0 .net "e_alu_out", 31 0, v0x12f315090_0;  1 drivers
v0x12f31f820_0 .var "e_alu_sel", 3 0;
v0x12f31f8b0_0 .net "e_br_en", 0 0, v0x12f3154f0_0;  1 drivers
v0x12f31f940_0 .net "e_br_pred_miss", 0 0, L_0x12f325aa0;  1 drivers
v0x12f31f9d0_0 .var "e_branch", 0 0;
v0x12f31fa60_0 .net "e_csr_r_data", 31 0, v0x12f3175d0_0;  1 drivers
v0x12f31faf0_0 .var "e_ecall", 0 0;
v0x12f31fb80_0 .var "e_funct3", 2 0;
v0x12f31fc50_0 .var "e_illegal_inst", 0 0;
v0x12f31fce0_0 .var "e_imm", 31 0;
v0x12f31fd70_0 .var "e_inst_31_20", 11 0;
v0x12f31fe30_0 .var "e_jump", 0 0;
v0x12f31fec0_0 .var "e_load", 0 0;
v0x12f31ff90_0 .net "e_ma_stall", 0 0, L_0x12f326a60;  1 drivers
v0x12f320060_0 .net "e_mem_rw_addr", 31 0, v0x12f31a140_0;  1 drivers
v0x12f320130_0 .net "e_mem_w_data", 31 0, v0x12f31a2f0_0;  1 drivers
v0x12f320200_0 .net "e_mem_we", 3 0, v0x12f31a6e0_0;  1 drivers
v0x12f3202d0_0 .var "e_mret", 0 0;
v0x12f320360_0 .net "e_out", 31 0, L_0x12f326250;  1 drivers
v0x12f3203f0_0 .var "e_out_sel", 1 0;
v0x12f320480_0 .var "e_pc", 31 0;
v0x12f320530_0 .net "e_pc_plus4", 31 0, L_0x12f325350;  1 drivers
v0x12f3205c0_0 .var "e_rd_addr", 4 0;
v0x12f320680_0 .var "e_reg_we", 0 0;
v0x12f320730_0 .var "e_rs1_addr", 4 0;
v0x12f3207e0_0 .net "e_rs1_data", 31 0, L_0x12f323f00;  1 drivers
v0x12f3208b0_0 .net "e_rs1_plus_imm", 31 0, L_0x12f3258f0;  1 drivers
v0x12f320940_0 .var "e_rs1_sel", 0 0;
v0x12f3209d0_0 .net "e_rs2_data", 31 0, L_0x12f3240b0;  1 drivers
v0x12f320ab0_0 .var "e_rs2_sel", 0 0;
v0x12f31f510_0 .var "e_store", 0 0;
v0x12f31f5a0_0 .var "e_tmp_rs1_data", 31 0;
v0x12f31f640_0 .var "e_tmp_rs2_data", 31 0;
v0x12f320b40_0 .net "e_trap", 0 0, L_0x12f325ba0;  1 drivers
v0x12f320bd0_0 .var "e_zicsr", 0 0;
v0x12f320c80_0 .net "fd_alu_in1_sel", 0 0, v0x12f318020_0;  1 drivers
v0x12f320d30_0 .net "fd_alu_in2_sel", 0 0, v0x12f3180d0_0;  1 drivers
v0x12f320de0_0 .net "fd_alu_sel", 3 0, v0x12f318170_0;  1 drivers
v0x12f320e90_0 .net "fd_branch", 0 0, v0x12f318200_0;  1 drivers
v0x12f320f40_0 .net "fd_e_out_sel", 1 0, v0x12f318360_0;  1 drivers
v0x12f320ff0_0 .net "fd_ecall", 0 0, v0x12f318550_0;  1 drivers
v0x12f3210a0_0 .net "fd_illegal_inst", 0 0, v0x12f318660_0;  1 drivers
v0x12f321150_0 .net "fd_imm", 31 0, v0x12f3186f0_0;  1 drivers
v0x12f321200_0 .net "fd_inst", 31 0, v0x12f31c380_0;  1 drivers
v0x12f3212d0_0 .net "fd_jump", 0 0, v0x12f318850_0;  1 drivers
v0x12f321360_0 .net "fd_lduse", 0 0, L_0x12f323e20;  1 drivers
v0x12f321410_0 .net "fd_load", 0 0, v0x12f318ad0_0;  1 drivers
v0x12f3214c0_0 .net "fd_mret", 0 0, v0x12f318c60_0;  1 drivers
v0x12f321570_0 .var "fd_pc", 31 0;
v0x12f321600_0 .net "fd_pc_plus4", 31 0, L_0x12f327c30;  1 drivers
v0x12f321690_0 .net "fd_reg_we", 0 0, v0x12f318cf0_0;  1 drivers
v0x12f321740_0 .net "fd_rs1_sel", 0 0, v0x12f318d80_0;  1 drivers
v0x12f3217f0_0 .net "fd_rs2_sel", 0 0, v0x12f318e10_0;  1 drivers
v0x12f3218a0_0 .net "fd_store", 0 0, v0x12f318eb0_0;  1 drivers
v0x12f321930_0 .net "fd_tmp_rs1_data", 31 0, L_0x12f323260;  1 drivers
v0x12f3219e0_0 .net "fd_tmp_rs2_data", 31 0, L_0x12f3239c0;  1 drivers
v0x12f321a90_0 .net "fd_zicsr", 0 0, v0x12f319090_0;  1 drivers
v0x12f321b40_0 .var "mw_e_out", 31 0;
v0x12f321bd0_0 .var "mw_funct3", 2 0;
v0x12f321c60_0 .var "mw_load", 0 0;
v0x12f321cf0_0 .net "mw_mem_fmt_r_data", 31 0, v0x12f31b9f0_0;  1 drivers
v0x12f321da0_0 .net "mw_mem_raw_r_data", 31 0, v0x12f31c420_0;  1 drivers
v0x12f321e70_0 .var "mw_rd_addr", 4 0;
v0x12f321f00_0 .net "mw_rd_data", 31 0, L_0x12f327a70;  1 drivers
v0x12f321fb0_0 .var "mw_reg_we", 0 0;
v0x12f322060_0 .net "next_pc", 31 0, L_0x12f328410;  1 drivers
v0x12f322110_0 .net "rst", 0 0, v0x12f322460_0;  1 drivers
L_0x12f323b60 .part v0x12f31c380_0, 15, 5;
L_0x12f323c80 .part v0x12f31c380_0, 20, 5;
L_0x12f323f00 .functor MUXZ 32, v0x12f321b40_0, v0x12f31f5a0_0, L_0x12f323e90, C4<>;
L_0x12f3240b0 .functor MUXZ 32, v0x12f321b40_0, v0x12f31f640_0, L_0x12f323fa0, C4<>;
L_0x12f325350 .arith/sum 32, v0x12f320480_0, L_0x1100403b8;
L_0x12f325500 .functor MUXZ 32, v0x12f320480_0, L_0x12f323f00, L_0x12f325450, C4<>;
L_0x12f325710 .functor MUXZ 32, v0x12f31fce0_0, L_0x12f3240b0, L_0x12f325620, C4<>;
L_0x12f3258f0 .arith/sum 32, L_0x12f323f00, v0x12f31fce0_0;
L_0x12f325d50 .cmp/eq 2, v0x12f3203f0_0, L_0x110040490;
L_0x12f325e40 .cmp/eq 2, v0x12f3203f0_0, L_0x1100404d8;
L_0x12f325ee0 .cmp/eq 2, v0x12f3203f0_0, L_0x110040520;
L_0x12f326020 .functor MUXZ 32, v0x12f3175d0_0, L_0x12f325350, L_0x12f325ee0, C4<>;
L_0x12f326100 .functor MUXZ 32, L_0x12f326020, v0x12f31fce0_0, L_0x12f325e40, C4<>;
L_0x12f326250 .functor MUXZ 32, L_0x12f326100, v0x12f315090_0, L_0x12f325d50, C4<>;
L_0x12f326bb0 .part v0x12f31fb80_0, 0, 2;
L_0x12f3277e0 .part v0x12f321b40_0, 0, 2;
L_0x12f327880 .part v0x12f321bd0_0, 0, 2;
L_0x12f3279b0 .part v0x12f321bd0_0, 2, 1;
L_0x12f327a70 .functor MUXZ 32, v0x12f321b40_0, v0x12f31b9f0_0, v0x12f321c60_0, C4<>;
L_0x12f327c30 .arith/sum 32, v0x12f321570_0, L_0x1100407a8;
L_0x12f327d30 .part v0x12f315090_0, 2, 30;
L_0x12f327b10 .concat [ 2 30 0 0], L_0x110040838, L_0x12f327d30;
L_0x12f327f20 .part v0x12f3175d0_0, 2, 30;
L_0x12f327dd0 .concat [ 2 30 0 0], L_0x110040880, L_0x12f327f20;
L_0x12f328140 .functor MUXZ 32, L_0x12f327c30, L_0x12f327dd0, L_0x12f325ba0, C4<>;
L_0x12f3282b0 .functor MUXZ 32, L_0x12f328140, L_0x12f327b10, L_0x12f325aa0, C4<>;
L_0x12f328410 .functor MUXZ 32, L_0x12f3282b0, L_0x1100407f0, v0x12f322460_0, C4<>;
S_0x12f304c90 .scope module, "alu_0" "alu" 3 214, 4 4 0, S_0x12f304af0;
 .timescale 0 0;
    .port_info 0 /INPUT 32 "in1";
    .port_info 1 /INPUT 32 "in2";
    .port_info 2 /INPUT 4 "sel";
    .port_info 3 /OUTPUT 32 "out";
v0x12f304f20_0 .net/s "in1", 31 0, L_0x12f325500;  alias, 1 drivers
v0x12f314fe0_0 .net/s "in2", 31 0, L_0x12f325710;  alias, 1 drivers
v0x12f315090_0 .var "out", 31 0;
v0x12f315150_0 .net "sel", 3 0, v0x12f31f820_0;  1 drivers
E_0x12f304eb0 .event anyedge, v0x12f315150_0, v0x12f304f20_0, v0x12f314fe0_0;
S_0x12f315260 .scope module, "br_unit_0" "br_unit" 3 227, 5 4 0, S_0x12f304af0;
 .timescale 0 0;
    .port_info 0 /INPUT 32 "in1";
    .port_info 1 /INPUT 32 "in2";
    .port_info 2 /INPUT 3 "sel";
    .port_info 3 /OUTPUT 1 "br_en";
v0x12f3154f0_0 .var "br_en", 0 0;
v0x12f3155a0_0 .net/s "in1", 31 0, L_0x12f323f00;  alias, 1 drivers
v0x12f315650_0 .net/s "in2", 31 0, L_0x12f3240b0;  alias, 1 drivers
v0x12f315710_0 .net "sel", 2 0, v0x12f31fb80_0;  1 drivers
E_0x12f315490 .event anyedge, v0x12f315710_0, v0x12f3155a0_0, v0x12f315650_0;
S_0x12f315820 .scope module, "csr_0" "csr" 3 188, 6 7 0, S_0x12f304af0;
 .timescale 0 0;
    .port_info 0 /INPUT 12 "addr";
    .port_info 1 /INPUT 5 "uimm";
    .port_info 2 /INPUT 32 "rs1_data";
    .port_info 3 /INPUT 32 "pc";
    .port_info 4 /INPUT 3 "funct3";
    .port_info 5 /INPUT 1 "zicsr";
    .port_info 6 /INPUT 1 "illegal_inst";
    .port_info 7 /INPUT 1 "ecall";
    .port_info 8 /INPUT 1 "mret";
    .port_info 9 /INPUT 1 "rst";
    .port_info 10 /INPUT 1 "clk";
    .port_info 11 /OUTPUT 32 "r_data";
L_0x110040250 .functor BUFT 1, C4<0>, C4<0>, C4<0>, C4<0>;
L_0x12f3242f0 .functor XNOR 1, L_0x12f3241d0, L_0x110040250, C4<0>, C4<0>;
L_0x12f324af0 .functor OR 32, v0x12f3175d0_0, L_0x12f324520, C4<00000000000000000000000000000000>, C4<00000000000000000000000000000000>;
L_0x12f324df0 .functor NOT 32, L_0x12f324520, C4<00000000000000000000000000000000>, C4<00000000000000000000000000000000>, C4<00000000000000000000000000000000>;
L_0x12f324e60 .functor AND 32, v0x12f3175d0_0, L_0x12f324df0, C4<11111111111111111111111111111111>, C4<11111111111111111111111111111111>;
v0x12f315c50_0 .net *"_ivl_1", 0 0, L_0x12f3241d0;  1 drivers
v0x12f315d10_0 .net *"_ivl_13", 1 0, L_0x12f3246c0;  1 drivers
L_0x1100402e0 .functor BUFT 1, C4<01>, C4<0>, C4<0>, C4<0>;
v0x12f315dc0_0 .net/2u *"_ivl_14", 1 0, L_0x1100402e0;  1 drivers
v0x12f315e80_0 .net *"_ivl_16", 0 0, L_0x12f3247e0;  1 drivers
v0x12f315f20_0 .net *"_ivl_19", 1 0, L_0x12f3248f0;  1 drivers
v0x12f316010_0 .net/2u *"_ivl_2", 0 0, L_0x110040250;  1 drivers
L_0x110040328 .functor BUFT 1, C4<10>, C4<0>, C4<0>, C4<0>;
v0x12f3160c0_0 .net/2u *"_ivl_20", 1 0, L_0x110040328;  1 drivers
v0x12f316170_0 .net *"_ivl_22", 0 0, L_0x12f324990;  1 drivers
v0x12f316210_0 .net *"_ivl_24", 31 0, L_0x12f324af0;  1 drivers
v0x12f316320_0 .net *"_ivl_27", 1 0, L_0x12f324be0;  1 drivers
L_0x110040370 .functor BUFT 1, C4<11>, C4<0>, C4<0>, C4<0>;
v0x12f3163d0_0 .net/2u *"_ivl_28", 1 0, L_0x110040370;  1 drivers
v0x12f316480_0 .net *"_ivl_30", 0 0, L_0x12f324c80;  1 drivers
v0x12f316520_0 .net *"_ivl_32", 31 0, L_0x12f324df0;  1 drivers
v0x12f3165d0_0 .net *"_ivl_34", 31 0, L_0x12f324e60;  1 drivers
v0x12f316680_0 .net *"_ivl_36", 31 0, L_0x12f324ed0;  1 drivers
v0x12f316730_0 .net *"_ivl_38", 31 0, L_0x12f325030;  1 drivers
v0x12f3167e0_0 .net *"_ivl_4", 0 0, L_0x12f3242f0;  1 drivers
L_0x110040298 .functor BUFT 1, C4<000000000000000000000000000>, C4<0>, C4<0>, C4<0>;
v0x12f316970_0 .net/2u *"_ivl_6", 26 0, L_0x110040298;  1 drivers
v0x12f316a00_0 .net *"_ivl_8", 31 0, L_0x12f3243e0;  1 drivers
v0x12f316aa0_0 .net "addr", 11 0, v0x12f31fd70_0;  1 drivers
v0x12f316b50_0 .net "clk", 0 0, v0x12f3221c0_0;  alias, 1 drivers
v0x12f316bf0_0 .net "ecall", 0 0, v0x12f31faf0_0;  1 drivers
v0x12f316c90_0 .net "funct3", 2 0, v0x12f31fb80_0;  alias, 1 drivers
v0x12f316d50_0 .net "illegal_inst", 0 0, v0x12f31fc50_0;  1 drivers
v0x12f316de0_0 .var "mcause", 31 0;
v0x12f316e70_0 .var "mepc", 31 0;
v0x12f316f00_0 .net "mret", 0 0, v0x12f3202d0_0;  1 drivers
v0x12f316f90_0 .var "mscratch", 31 0;
v0x12f317020_0 .var "mstatus_mie", 0 0;
v0x12f3170b0_0 .var "mstatus_mpie", 0 0;
v0x12f317150_0 .var "mstatus_mpp", 1 0;
v0x12f317200_0 .var "mtvec", 31 0;
v0x12f3172b0_0 .net "operand", 31 0, L_0x12f324520;  1 drivers
v0x12f316890_0 .net "pc", 31 0, v0x12f320480_0;  1 drivers
v0x12f317540_0 .var "privilege_mode", 1 0;
v0x12f3175d0_0 .var "r_data", 31 0;
v0x12f317670_0 .net "rs1_data", 31 0, L_0x12f323f00;  alias, 1 drivers
v0x12f317730_0 .net "rst", 0 0, v0x12f322460_0;  alias, 1 drivers
v0x12f3177c0_0 .net "uimm", 4 0, v0x12f320730_0;  1 drivers
v0x12f317870_0 .net "w_data", 31 0, L_0x12f3251b0;  1 drivers
v0x12f317920_0 .net "zicsr", 0 0, v0x12f320bd0_0;  1 drivers
E_0x12f315b60 .event posedge, v0x12f316b50_0;
E_0x12f315bb0/0 .event anyedge, v0x12f317920_0, v0x12f316aa0_0, v0x12f317150_0, v0x12f3170b0_0;
E_0x12f315bb0/1 .event anyedge, v0x12f317020_0, v0x12f317200_0, v0x12f316f90_0, v0x12f316e70_0;
E_0x12f315bb0/2 .event anyedge, v0x12f316de0_0, v0x12f316d50_0, v0x12f316bf0_0, v0x12f316f00_0;
E_0x12f315bb0 .event/or E_0x12f315bb0/0, E_0x12f315bb0/1, E_0x12f315bb0/2;
L_0x12f3241d0 .part v0x12f31fb80_0, 2, 1;
L_0x12f3243e0 .concat [ 5 27 0 0], v0x12f320730_0, L_0x110040298;
L_0x12f324520 .functor MUXZ 32, L_0x12f3243e0, L_0x12f323f00, L_0x12f3242f0, C4<>;
L_0x12f3246c0 .part v0x12f31fb80_0, 0, 2;
L_0x12f3247e0 .cmp/eq 2, L_0x12f3246c0, L_0x1100402e0;
L_0x12f3248f0 .part v0x12f31fb80_0, 0, 2;
L_0x12f324990 .cmp/eq 2, L_0x12f3248f0, L_0x110040328;
L_0x12f324be0 .part v0x12f31fb80_0, 0, 2;
L_0x12f324c80 .cmp/eq 2, L_0x12f324be0, L_0x110040370;
L_0x12f324ed0 .functor MUXZ 32, v0x12f3175d0_0, L_0x12f324e60, L_0x12f324c80, C4<>;
L_0x12f325030 .functor MUXZ 32, L_0x12f324ed0, L_0x12f324af0, L_0x12f324990, C4<>;
L_0x12f3251b0 .functor MUXZ 32, L_0x12f325030, L_0x12f324520, L_0x12f3247e0, C4<>;
S_0x12f317ae0 .scope module, "decoder_0" "decoder" 3 78, 7 4 0, S_0x12f304af0;
 .timescale 0 0;
    .port_info 0 /INPUT 32 "inst";
    .port_info 1 /INPUT 5 "e_rd_addr";
    .port_info 2 /INPUT 1 "e_reg_we";
    .port_info 3 /INPUT 1 "e_load";
    .port_info 4 /OUTPUT 32 "imm";
    .port_info 5 /OUTPUT 1 "alu_in1_sel";
    .port_info 6 /OUTPUT 1 "alu_in2_sel";
    .port_info 7 /OUTPUT 4 "alu_sel";
    .port_info 8 /OUTPUT 1 "reg_we";
    .port_info 9 /OUTPUT 2 "e_out_sel";
    .port_info 10 /OUTPUT 1 "jump";
    .port_info 11 /OUTPUT 1 "branch";
    .port_info 12 /OUTPUT 1 "load";
    .port_info 13 /OUTPUT 1 "store";
    .port_info 14 /OUTPUT 1 "zicsr";
    .port_info 15 /OUTPUT 1 "ecall";
    .port_info 16 /OUTPUT 1 "illegal_inst";
    .port_info 17 /OUTPUT 1 "mret";
    .port_info 18 /OUTPUT 1 "rs1_sel";
    .port_info 19 /OUTPUT 1 "rs2_sel";
    .port_info 20 /OUTPUT 1 "lduse";
L_0x12f323e20 .functor OR 1, v0x12f318990_0, v0x12f318a30_0, C4<0>, C4<0>;
v0x12f318020_0 .var "alu_in1_sel", 0 0;
v0x12f3180d0_0 .var "alu_in2_sel", 0 0;
v0x12f318170_0 .var "alu_sel", 3 0;
v0x12f318200_0 .var "branch", 0 0;
v0x12f318290_0 .net "e_load", 0 0, v0x12f31fec0_0;  1 drivers
v0x12f318360_0 .var "e_out_sel", 1 0;
v0x12f318400_0 .net "e_rd_addr", 4 0, v0x12f3205c0_0;  1 drivers
v0x12f3184b0_0 .net "e_reg_we", 0 0, v0x12f320680_0;  1 drivers
v0x12f318550_0 .var "ecall", 0 0;
v0x12f318660_0 .var "illegal_inst", 0 0;
v0x12f3186f0_0 .var "imm", 31 0;
v0x12f3187a0_0 .net "inst", 31 0, v0x12f31c380_0;  alias, 1 drivers
v0x12f318850_0 .var "jump", 0 0;
v0x12f3188f0_0 .net "lduse", 0 0, L_0x12f323e20;  alias, 1 drivers
v0x12f318990_0 .var "lduse_rs1", 0 0;
v0x12f318a30_0 .var "lduse_rs2", 0 0;
v0x12f318ad0_0 .var "load", 0 0;
v0x12f318c60_0 .var "mret", 0 0;
v0x12f318cf0_0 .var "reg_we", 0 0;
v0x12f318d80_0 .var "rs1_sel", 0 0;
v0x12f318e10_0 .var "rs2_sel", 0 0;
v0x12f318eb0_0 .var "store", 0 0;
v0x12f318f50_0 .var "use_rs1", 0 0;
v0x12f318ff0_0 .var "use_rs2", 0 0;
v0x12f319090_0 .var "zicsr", 0 0;
E_0x12f317f50/0 .event anyedge, v0x12f318f50_0, v0x12f3184b0_0, v0x12f318400_0, v0x12f3187a0_0;
E_0x12f317f50/1 .event anyedge, v0x12f318290_0, v0x12f318ff0_0;
E_0x12f317f50 .event/or E_0x12f317f50/0, E_0x12f317f50/1;
E_0x12f317fd0 .event anyedge, v0x12f3187a0_0;
S_0x12f319330 .scope module, "ma_ctrl_0" "ma_ctrl" 3 246, 8 4 0, S_0x12f304af0;
 .timescale 0 0;
    .port_info 0 /INPUT 32 "in_addr";
    .port_info 1 /INPUT 32 "in_data";
    .port_info 2 /INPUT 2 "len";
    .port_info 3 /INPUT 1 "load";
    .port_info 4 /INPUT 1 "store";
    .port_info 5 /INPUT 1 "clk";
    .port_info 6 /OUTPUT 32 "out_addr";
    .port_info 7 /OUTPUT 32 "out_data";
    .port_info 8 /OUTPUT 4 "we";
    .port_info 9 /OUTPUT 1 "stall";
L_0x12f326890 .functor NOT 1, v0x12f31a450_0, C4<0>, C4<0>, C4<0>;
L_0x12f326900 .functor AND 1, L_0x12f326890, v0x12f31a0b0_0, C4<1>, C4<1>;
L_0x12f3269b0 .functor OR 1, v0x12f31fec0_0, v0x12f31f510_0, C4<0>, C4<0>;
L_0x12f326a60 .functor AND 1, L_0x12f326900, L_0x12f3269b0, C4<1>, C4<1>;
L_0x110040568 .functor BUFT 1, C4<000000000000000000000000>, C4<0>, C4<0>, C4<0>;
v0x12f319610_0 .net/2u *"_ivl_0", 23 0, L_0x110040568;  1 drivers
L_0x1100405f8 .functor BUFT 1, C4<00000000000000000000000000001000>, C4<0>, C4<0>, C4<0>;
v0x12f3196d0_0 .net/2u *"_ivl_10", 31 0, L_0x1100405f8;  1 drivers
v0x12f319770_0 .net *"_ivl_13", 31 0, L_0x12f326650;  1 drivers
v0x12f319820_0 .net *"_ivl_16", 0 0, L_0x12f326890;  1 drivers
v0x12f3198d0_0 .net *"_ivl_18", 0 0, L_0x12f326900;  1 drivers
v0x12f3199c0_0 .net *"_ivl_2", 55 0, L_0x12f3263b0;  1 drivers
v0x12f319a70_0 .net *"_ivl_20", 0 0, L_0x12f3269b0;  1 drivers
v0x12f319b20_0 .net *"_ivl_5", 1 0, L_0x12f326490;  1 drivers
v0x12f319bd0_0 .net *"_ivl_6", 31 0, L_0x12f326530;  1 drivers
L_0x1100405b0 .functor BUFT 1, C4<000000000000000000000000000000>, C4<0>, C4<0>, C4<0>;
v0x12f319ce0_0 .net *"_ivl_9", 29 0, L_0x1100405b0;  1 drivers
v0x12f319d90_0 .net "clk", 0 0, v0x12f3221c0_0;  alias, 1 drivers
v0x12f319e40_0 .net "in_addr", 31 0, L_0x12f3258f0;  alias, 1 drivers
v0x12f319ed0_0 .net "in_data", 31 0, L_0x12f3240b0;  alias, 1 drivers
v0x12f319f60_0 .net "len", 1 0, L_0x12f326bb0;  1 drivers
v0x12f31a000_0 .net "load", 0 0, v0x12f31fec0_0;  alias, 1 drivers
v0x12f31a0b0_0 .var "misaligned", 0 0;
v0x12f31a140_0 .var "out_addr", 31 0;
v0x12f31a2f0_0 .var "out_data", 31 0;
v0x12f31a3a0_0 .var "prev_addr", 31 0;
v0x12f31a450_0 .var "second_access", 0 0;
v0x12f31a4f0_0 .net "shifted_data", 55 0, L_0x12f326770;  1 drivers
v0x12f31a5a0_0 .net "stall", 0 0, L_0x12f326a60;  alias, 1 drivers
v0x12f31a640_0 .net "store", 0 0, v0x12f31f510_0;  1 drivers
v0x12f31a6e0_0 .var "we", 3 0;
E_0x12f317cf0/0 .event anyedge, v0x12f31a450_0, v0x12f31a3a0_0, v0x12f31a4f0_0, v0x12f31a640_0;
E_0x12f317cf0/1 .event anyedge, v0x12f319f60_0, v0x12f319e40_0;
E_0x12f317cf0 .event/or E_0x12f317cf0/0, E_0x12f317cf0/1;
E_0x12f3195d0 .event anyedge, v0x12f319f60_0, v0x12f319e40_0;
L_0x12f3263b0 .concat [ 32 24 0 0], L_0x12f3240b0, L_0x110040568;
L_0x12f326490 .part L_0x12f3258f0, 0, 2;
L_0x12f326530 .concat [ 2 30 0 0], L_0x12f326490, L_0x1100405b0;
L_0x12f326650 .arith/mult 32, L_0x12f326530, L_0x1100405f8;
L_0x12f326770 .shift/l 56, L_0x12f3263b0, L_0x12f326650;
S_0x12f31a880 .scope module, "r_data_fmt_0" "r_data_fmt" 3 282, 9 4 0, S_0x12f304af0;
 .timescale 0 0;
    .port_info 0 /INPUT 2 "low_addr";
    .port_info 1 /INPUT 32 "in_data";
    .port_info 2 /INPUT 2 "len";
    .port_info 3 /INPUT 1 "uns";
    .port_info 4 /INPUT 1 "e_ma_stall";
    .port_info 5 /INPUT 1 "clk";
    .port_info 6 /OUTPUT 32 "out_data";
v0x12f31aad0_0 .net *"_ivl_0", 63 0, L_0x12f326cd0;  1 drivers
v0x12f31ab90_0 .net *"_ivl_10", 63 0, L_0x12f326ff0;  1 drivers
v0x12f31ac40_0 .net *"_ivl_12", 63 0, L_0x12f327110;  1 drivers
L_0x1100406d0 .functor BUFT 1, C4<00000000000000000000000000000000>, C4<0>, C4<0>, C4<0>;
v0x12f31ad00_0 .net *"_ivl_15", 31 0, L_0x1100406d0;  1 drivers
v0x12f31adb0_0 .net *"_ivl_16", 31 0, L_0x12f327290;  1 drivers
L_0x110040718 .functor BUFT 1, C4<000000000000000000000000000000>, C4<0>, C4<0>, C4<0>;
v0x12f31aea0_0 .net *"_ivl_19", 29 0, L_0x110040718;  1 drivers
v0x12f31af50_0 .net *"_ivl_2", 31 0, L_0x12f326d90;  1 drivers
L_0x110040760 .functor BUFT 1, C4<00000000000000000000000000001000>, C4<0>, C4<0>, C4<0>;
v0x12f31b000_0 .net/2u *"_ivl_20", 31 0, L_0x110040760;  1 drivers
v0x12f31b0b0_0 .net *"_ivl_23", 31 0, L_0x12f3273b0;  1 drivers
v0x12f31b1c0_0 .net *"_ivl_24", 63 0, L_0x12f3274f0;  1 drivers
v0x12f31b270_0 .net *"_ivl_26", 63 0, L_0x12f327610;  1 drivers
L_0x110040640 .functor BUFT 1, C4<000000000000000000000000000000>, C4<0>, C4<0>, C4<0>;
v0x12f31b320_0 .net *"_ivl_5", 29 0, L_0x110040640;  1 drivers
L_0x110040688 .functor BUFT 1, C4<00000000000000000000000000001000>, C4<0>, C4<0>, C4<0>;
v0x12f31b3d0_0 .net/2u *"_ivl_6", 31 0, L_0x110040688;  1 drivers
v0x12f31b480_0 .net *"_ivl_9", 31 0, L_0x12f326eb0;  1 drivers
v0x12f31b530_0 .net "clk", 0 0, v0x12f3221c0_0;  alias, 1 drivers
v0x12f31b5c0_0 .net "e_ma_stall", 0 0, L_0x12f326a60;  alias, 1 drivers
v0x12f31b650_0 .var "first_access", 0 0;
v0x12f31b7e0_0 .net "in_data", 31 0, v0x12f31c420_0;  alias, 1 drivers
v0x12f31b890_0 .net "len", 1 0, L_0x12f327880;  1 drivers
v0x12f31b940_0 .net "low_addr", 1 0, L_0x12f3277e0;  1 drivers
v0x12f31b9f0_0 .var "out_data", 31 0;
v0x12f31baa0_0 .var "prev_data", 31 0;
v0x12f31bb50_0 .var "second_access", 0 0;
v0x12f31bbf0_0 .net "shifted_data", 31 0, L_0x12f327740;  1 drivers
v0x12f31bca0_0 .net "uns", 0 0, L_0x12f3279b0;  1 drivers
E_0x12f319ca0 .event anyedge, v0x12f31b890_0, v0x12f31bca0_0, v0x12f31bbf0_0;
L_0x12f326cd0 .concat [ 32 32 0 0], v0x12f31baa0_0, v0x12f31c420_0;
L_0x12f326d90 .concat [ 2 30 0 0], L_0x12f3277e0, L_0x110040640;
L_0x12f326eb0 .arith/mult 32, L_0x12f326d90, L_0x110040688;
L_0x12f326ff0 .shift/r 64, L_0x12f326cd0, L_0x12f326eb0;
L_0x12f327110 .concat [ 32 32 0 0], v0x12f31c420_0, L_0x1100406d0;
L_0x12f327290 .concat [ 2 30 0 0], L_0x12f3277e0, L_0x110040718;
L_0x12f3273b0 .arith/mult 32, L_0x12f327290, L_0x110040760;
L_0x12f3274f0 .shift/r 64, L_0x12f327110, L_0x12f3273b0;
L_0x12f327610 .functor MUXZ 64, L_0x12f3274f0, L_0x12f326ff0, v0x12f31bb50_0, C4<>;
L_0x12f327740 .part L_0x12f327610, 0, 32;
S_0x12f31bdf0 .scope module, "ram_0" "ram" 3 29, 10 4 0, S_0x12f304af0;
 .timescale 0 0;
    .port_info 0 /INPUT 32 "addr1";
    .port_info 1 /INPUT 1 "ce1";
    .port_info 2 /OUTPUT 32 "r_data1";
    .port_info 3 /INPUT 1 "clk";
    .port_info 4 /INPUT 32 "addr2";
    .port_info 5 /INPUT 4 "we2";
    .port_info 6 /INPUT 32 "w_data2";
    .port_info 7 /OUTPUT 32 "r_data2";
v0x12f31c020_0 .net "addr1", 31 0, L_0x12f328410;  alias, 1 drivers
v0x12f31c0b0_0 .net "addr2", 31 0, v0x12f31a140_0;  alias, 1 drivers
v0x12f31c170_0 .net "ce1", 0 0, L_0x12f322a40;  1 drivers
v0x12f31c220_0 .net "clk", 0 0, v0x12f3221c0_0;  alias, 1 drivers
v0x12f31c2b0 .array "mem", 2023 0, 31 0;
v0x12f31c380_0 .var "r_data1", 31 0;
v0x12f31c420_0 .var "r_data2", 31 0;
v0x12f31c4d0_0 .net "w_data2", 31 0, v0x12f31a2f0_0;  alias, 1 drivers
v0x12f31c580_0 .net "we2", 3 0, v0x12f31a6e0_0;  alias, 1 drivers
S_0x12f31c720 .scope module, "reg_file_0" "reg_file" 3 47, 11 2 0, S_0x12f304af0;
 .timescale 0 0;
    .port_info 0 /INPUT 1 "clk";
    .port_info 1 /INPUT 1 "we";
    .port_info 2 /INPUT 5 "r_addr1";
    .port_info 3 /INPUT 5 "r_addr2";
    .port_info 4 /INPUT 5 "w_addr";
    .port_info 5 /INPUT 32 "w_data";
    .port_info 6 /OUTPUT 32 "r_data1";
    .port_info 7 /OUTPUT 32 "r_data2";
L_0x12f322de0 .functor AND 1, v0x12f321fb0_0, L_0x12f322ca0, C4<1>, C4<1>;
L_0x12f323600 .functor AND 1, v0x12f321fb0_0, L_0x12f323520, C4<1>, C4<1>;
L_0x110040010 .functor BUFT 1, C4<00000>, C4<0>, C4<0>, C4<0>;
v0x12f31c9a0_0 .net/2u *"_ivl_0", 4 0, L_0x110040010;  1 drivers
v0x12f31ca60_0 .net *"_ivl_10", 31 0, L_0x12f322ed0;  1 drivers
v0x12f31cb10_0 .net *"_ivl_12", 6 0, L_0x12f322f90;  1 drivers
L_0x1100400a0 .functor BUFT 1, C4<00>, C4<0>, C4<0>, C4<0>;
v0x12f31cbd0_0 .net *"_ivl_15", 1 0, L_0x1100400a0;  1 drivers
v0x12f31cc80_0 .net *"_ivl_16", 31 0, L_0x12f3230d0;  1 drivers
v0x12f31cd70_0 .net *"_ivl_2", 0 0, L_0x12f322b50;  1 drivers
L_0x1100400e8 .functor BUFT 1, C4<00000>, C4<0>, C4<0>, C4<0>;
v0x12f31ce10_0 .net/2u *"_ivl_20", 4 0, L_0x1100400e8;  1 drivers
v0x12f31cec0_0 .net *"_ivl_22", 0 0, L_0x12f3233c0;  1 drivers
L_0x110040130 .functor BUFT 1, C4<00000000000000000000000000000000>, C4<0>, C4<0>, C4<0>;
v0x12f31cf60_0 .net/2u *"_ivl_24", 31 0, L_0x110040130;  1 drivers
v0x12f31d070_0 .net *"_ivl_26", 0 0, L_0x12f323520;  1 drivers
v0x12f31d110_0 .net *"_ivl_28", 0 0, L_0x12f323600;  1 drivers
v0x12f31d1c0_0 .net *"_ivl_30", 31 0, L_0x12f3236b0;  1 drivers
v0x12f31d270_0 .net *"_ivl_32", 6 0, L_0x12f3237a0;  1 drivers
L_0x110040178 .functor BUFT 1, C4<00>, C4<0>, C4<0>, C4<0>;
v0x12f31d320_0 .net *"_ivl_35", 1 0, L_0x110040178;  1 drivers
v0x12f31d3d0_0 .net *"_ivl_36", 31 0, L_0x12f323880;  1 drivers
L_0x110040058 .functor BUFT 1, C4<00000000000000000000000000000000>, C4<0>, C4<0>, C4<0>;
v0x12f31d480_0 .net/2u *"_ivl_4", 31 0, L_0x110040058;  1 drivers
v0x12f31d530_0 .net *"_ivl_6", 0 0, L_0x12f322ca0;  1 drivers
v0x12f31d6c0_0 .net *"_ivl_8", 0 0, L_0x12f322de0;  1 drivers
v0x12f31d750_0 .net "clk", 0 0, v0x12f3221c0_0;  alias, 1 drivers
v0x12f31d7e0 .array "mem", 31 0, 31 0;
v0x12f31d870_0 .net "r_addr1", 4 0, L_0x12f323b60;  1 drivers
v0x12f31d920_0 .net "r_addr2", 4 0, L_0x12f323c80;  1 drivers
v0x12f31d9d0_0 .net "r_data1", 31 0, L_0x12f323260;  alias, 1 drivers
v0x12f31da80_0 .net "r_data2", 31 0, L_0x12f3239c0;  alias, 1 drivers
v0x12f31db30_0 .net "w_addr", 4 0, v0x12f321e70_0;  1 drivers
v0x12f31dbe0_0 .net "w_data", 31 0, L_0x12f327a70;  alias, 1 drivers
v0x12f31dc90_0 .net "we", 0 0, v0x12f321fb0_0;  1 drivers
L_0x12f322b50 .cmp/eq 5, L_0x12f323b60, L_0x110040010;
L_0x12f322ca0 .cmp/eq 5, L_0x12f323b60, v0x12f321e70_0;
L_0x12f322ed0 .array/port v0x12f31d7e0, L_0x12f322f90;
L_0x12f322f90 .concat [ 5 2 0 0], L_0x12f323b60, L_0x1100400a0;
L_0x12f3230d0 .functor MUXZ 32, L_0x12f322ed0, L_0x12f327a70, L_0x12f322de0, C4<>;
L_0x12f323260 .functor MUXZ 32, L_0x12f3230d0, L_0x110040058, L_0x12f322b50, C4<>;
L_0x12f3233c0 .cmp/eq 5, L_0x12f323c80, L_0x1100400e8;
L_0x12f323520 .cmp/eq 5, L_0x12f323c80, v0x12f321e70_0;
L_0x12f3236b0 .array/port v0x12f31d7e0, L_0x12f3237a0;
L_0x12f3237a0 .concat [ 5 2 0 0], L_0x12f323c80, L_0x110040178;
L_0x12f323880 .functor MUXZ 32, L_0x12f3236b0, L_0x12f327a70, L_0x12f323600, C4<>;
L_0x12f3239c0 .functor MUXZ 32, L_0x12f323880, L_0x110040130, L_0x12f3233c0, C4<>;
    .scope S_0x12f31bdf0;
T_0 ;
    %wait E_0x12f315b60;
    %load/vec4 v0x12f31c170_0;
    %flag_set/vec4 8;
    %jmp/0xz  T_0.0, 8;
    %load/vec4 v0x12f31c020_0;
    %parti/s 30, 2, 3;
    %ix/vec4 4;
    %load/vec4a v0x12f31c2b0, 4;
    %assign/vec4 v0x12f31c380_0, 0;
T_0.0 ;
    %load/vec4 v0x12f31c0b0_0;
    %parti/s 30, 2, 3;
    %ix/vec4 4;
    %load/vec4a v0x12f31c2b0, 4;
    %assign/vec4 v0x12f31c420_0, 0;
    %jmp T_0;
    .thread T_0;
    .scope S_0x12f31bdf0;
T_1 ;
    %wait E_0x12f315b60;
    %load/vec4 v0x12f31c580_0;
    %parti/s 1, 0, 2;
    %flag_set/vec4 8;
    %jmp/0xz  T_1.0, 8;
    %load/vec4 v0x12f31c4d0_0;
    %parti/s 8, 0, 2;
    %load/vec4 v0x12f31c0b0_0;
    %parti/s 30, 2, 3;
    %ix/vec4 3;
    %ix/load 4, 0, 0; Constant delay
    %assign/vec4/a/d v0x12f31c2b0, 0, 4;
T_1.0 ;
    %load/vec4 v0x12f31c580_0;
    %parti/s 1, 1, 2;
    %flag_set/vec4 8;
    %jmp/0xz  T_1.2, 8;
    %load/vec4 v0x12f31c4d0_0;
    %parti/s 8, 8, 5;
    %load/vec4 v0x12f31c0b0_0;
    %parti/s 30, 2, 3;
    %ix/vec4 3;
    %ix/load 4, 8, 0; part off
    %ix/load 5, 0, 0; Constant delay
    %assign/vec4/a/d v0x12f31c2b0, 4, 5;
T_1.2 ;
    %load/vec4 v0x12f31c580_0;
    %parti/s 1, 2, 3;
    %flag_set/vec4 8;
    %jmp/0xz  T_1.4, 8;
    %load/vec4 v0x12f31c4d0_0;
    %parti/s 8, 16, 6;
    %load/vec4 v0x12f31c0b0_0;
    %parti/s 30, 2, 3;
    %ix/vec4 3;
    %ix/load 4, 16, 0; part off
    %ix/load 5, 0, 0; Constant delay
    %assign/vec4/a/d v0x12f31c2b0, 4, 5;
T_1.4 ;
    %load/vec4 v0x12f31c580_0;
    %parti/s 1, 3, 3;
    %flag_set/vec4 8;
    %jmp/0xz  T_1.6, 8;
    %load/vec4 v0x12f31c4d0_0;
    %parti/s 8, 24, 6;
    %load/vec4 v0x12f31c0b0_0;
    %parti/s 30, 2, 3;
    %ix/vec4 3;
    %ix/load 4, 24, 0; part off
    %ix/load 5, 0, 0; Constant delay
    %assign/vec4/a/d v0x12f31c2b0, 4, 5;
T_1.6 ;
    %jmp T_1;
    .thread T_1;
    .scope S_0x12f31c720;
T_2 ;
    %wait E_0x12f315b60;
    %load/vec4 v0x12f31dc90_0;
    %flag_set/vec4 9;
    %flag_get/vec4 9;
    %jmp/0 T_2.2, 9;
    %load/vec4 v0x12f31db30_0;
    %pushi/vec4 0, 0, 5;
    %cmp/ne;
    %flag_get/vec4 4;
    %and;
T_2.2;
    %flag_set/vec4 8;
    %jmp/0xz  T_2.0, 8;
    %load/vec4 v0x12f31dbe0_0;
    %load/vec4 v0x12f31db30_0;
    %pad/u 7;
    %ix/vec4 3;
    %ix/load 4, 0, 0; Constant delay
    %assign/vec4/a/d v0x12f31d7e0, 0, 4;
T_2.0 ;
    %jmp T_2;
    .thread T_2;
    .scope S_0x12f317ae0;
T_3 ;
    %wait E_0x12f317fd0;
    %pushi/vec4 0, 0, 1;
    %store/vec4 v0x12f318660_0, 0, 1;
    %load/vec4 v0x12f3187a0_0;
    %dup/vec4;
    %pushi/vec4 4294967219, 4294967168, 32;
    %cmp/x;
    %jmp/1 T_3.0, 4;
    %dup/vec4;
    %pushi/vec4 4294967187, 4294967168, 32;
    %cmp/x;
    %jmp/1 T_3.1, 4;
    %dup/vec4;
    %pushi/vec4 4294967223, 4294967168, 32;
    %cmp/x;
    %jmp/1 T_3.2, 4;
    %dup/vec4;
    %pushi/vec4 4294967191, 4294967168, 32;
    %cmp/x;
    %jmp/1 T_3.3, 4;
    %dup/vec4;
    %pushi/vec4 4294967279, 4294967168, 32;
    %cmp/x;
    %jmp/1 T_3.4, 4;
    %dup/vec4;
    %pushi/vec4 4294967271, 4294967168, 32;
    %cmp/x;
    %jmp/1 T_3.5, 4;
    %dup/vec4;
    %pushi/vec4 4294967267, 4294967168, 32;
    %cmp/x;
    %jmp/1 T_3.6, 4;
    %dup/vec4;
    %pushi/vec4 4294967171, 4294967168, 32;
    %cmp/x;
    %jmp/1 T_3.7, 4;
    %dup/vec4;
    %pushi/vec4 4294967203, 4294967168, 32;
    %cmp/x;
    %jmp/1 T_3.8, 4;
    %dup/vec4;
    %pushi/vec4 4294967283, 4294967168, 32;
    %cmp/x;
    %jmp/1 T_3.9, 4;
    %pushi/vec4 4294967295, 4294967295, 32;
    %store/vec4 v0x12f3186f0_0, 0, 32;
    %pushi/vec4 1, 1, 1;
    %store/vec4 v0x12f318020_0, 0, 1;
    %pushi/vec4 1, 1, 1;
    %store/vec4 v0x12f3180d0_0, 0, 1;
    %pushi/vec4 15, 15, 4;
    %store/vec4 v0x12f318170_0, 0, 4;
    %pushi/vec4 0, 0, 1;
    %store/vec4 v0x12f318cf0_0, 0, 1;
    %pushi/vec4 3, 3, 2;
    %store/vec4 v0x12f318360_0, 0, 2;
    %pushi/vec4 0, 0, 1;
    %store/vec4 v0x12f318850_0, 0, 1;
    %pushi/vec4 0, 0, 1;
    %store/vec4 v0x12f318200_0, 0, 1;
    %pushi/vec4 0, 0, 1;
    %store/vec4 v0x12f318ad0_0, 0, 1;
    %pushi/vec4 0, 0, 1;
    %store/vec4 v0x12f318eb0_0, 0, 1;
    %pushi/vec4 0, 0, 1;
    %store/vec4 v0x12f319090_0, 0, 1;
    %pushi/vec4 0, 0, 1;
    %store/vec4 v0x12f318550_0, 0, 1;
    %pushi/vec4 0, 0, 1;
    %store/vec4 v0x12f318c60_0, 0, 1;
    %pushi/vec4 0, 0, 1;
    %store/vec4 v0x12f318f50_0, 0, 1;
    %pushi/vec4 0, 0, 1;
    %store/vec4 v0x12f318ff0_0, 0, 1;
    %jmp T_3.11;
T_3.0 ;
    %pushi/vec4 4294967295, 4294967295, 32;
    %store/vec4 v0x12f3186f0_0, 0, 32;
    %pushi/vec4 0, 0, 1;
    %store/vec4 v0x12f318020_0, 0, 1;
    %pushi/vec4 0, 0, 1;
    %store/vec4 v0x12f3180d0_0, 0, 1;
    %pushi/vec4 1, 0, 1;
    %store/vec4 v0x12f318cf0_0, 0, 1;
    %pushi/vec4 0, 0, 2;
    %store/vec4 v0x12f318360_0, 0, 2;
    %load/vec4 v0x12f3187a0_0;
    %dup/vec4;
    %pushi/vec4 33525683, 33525632, 32;
    %cmp/x;
    %jmp/1 T_3.12, 4;
    %dup/vec4;
    %pushi/vec4 1107267507, 33525632, 32;
    %cmp/x;
    %jmp/1 T_3.13, 4;
    %dup/vec4;
    %pushi/vec4 33529779, 33525632, 32;
    %cmp/x;
    %jmp/1 T_3.14, 4;
    %dup/vec4;
    %pushi/vec4 33533875, 33525632, 32;
    %cmp/x;
    %jmp/1 T_3.15, 4;
    %dup/vec4;
    %pushi/vec4 33537971, 33525632, 32;
    %cmp/x;
    %jmp/1 T_3.16, 4;
    %dup/vec4;
    %pushi/vec4 33542067, 33525632, 32;
    %cmp/x;
    %jmp/1 T_3.17, 4;
    %dup/vec4;
    %pushi/vec4 33546163, 33525632, 32;
    %cmp/x;
    %jmp/1 T_3.18, 4;
    %dup/vec4;
    %pushi/vec4 1107287987, 33525632, 32;
    %cmp/x;
    %jmp/1 T_3.19, 4;
    %dup/vec4;
    %pushi/vec4 33550259, 33525632, 32;
    %cmp/x;
    %jmp/1 T_3.20, 4;
    %dup/vec4;
    %pushi/vec4 33554355, 33525632, 32;
    %cmp/x;
    %jmp/1 T_3.21, 4;
    %pushi/vec4 0, 0, 1;
    %store/vec4 v0x12f318cf0_0, 0, 1;
    %pushi/vec4 15, 15, 4;
    %store/vec4 v0x12f318170_0, 0, 4;
    %pushi/vec4 1, 0, 1;
    %store/vec4 v0x12f318660_0, 0, 1;
    %jmp T_3.23;
T_3.12 ;
    %pushi/vec4 0, 0, 4;
    %store/vec4 v0x12f318170_0, 0, 4;
    %jmp T_3.23;
T_3.13 ;
    %pushi/vec4 8, 0, 4;
    %store/vec4 v0x12f318170_0, 0, 4;
    %jmp T_3.23;
T_3.14 ;
    %pushi/vec4 1, 0, 4;
    %store/vec4 v0x12f318170_0, 0, 4;
    %jmp T_3.23;
T_3.15 ;
    %pushi/vec4 2, 0, 4;
    %store/vec4 v0x12f318170_0, 0, 4;
    %jmp T_3.23;
T_3.16 ;
    %pushi/vec4 3, 0, 4;
    %store/vec4 v0x12f318170_0, 0, 4;
    %jmp T_3.23;
T_3.17 ;
    %pushi/vec4 4, 0, 4;
    %store/vec4 v0x12f318170_0, 0, 4;
    %jmp T_3.23;
T_3.18 ;
    %pushi/vec4 5, 0, 4;
    %store/vec4 v0x12f318170_0, 0, 4;
    %jmp T_3.23;
T_3.19 ;
    %pushi/vec4 13, 0, 4;
    %store/vec4 v0x12f318170_0, 0, 4;
    %jmp T_3.23;
T_3.20 ;
    %pushi/vec4 6, 0, 4;
    %store/vec4 v0x12f318170_0, 0, 4;
    %jmp T_3.23;
T_3.21 ;
    %pushi/vec4 7, 0, 4;
    %store/vec4 v0x12f318170_0, 0, 4;
    %jmp T_3.23;
T_3.23 ;
    %pop/vec4 1;
    %pushi/vec4 0, 0, 1;
    %store/vec4 v0x12f318850_0, 0, 1;
    %pushi/vec4 0, 0, 1;
    %store/vec4 v0x12f318200_0, 0, 1;
    %pushi/vec4 0, 0, 1;
    %store/vec4 v0x12f318ad0_0, 0, 1;
    %pushi/vec4 0, 0, 1;
    %store/vec4 v0x12f318eb0_0, 0, 1;
    %pushi/vec4 0, 0, 1;
    %store/vec4 v0x12f319090_0, 0, 1;
    %pushi/vec4 0, 0, 1;
    %store/vec4 v0x12f318550_0, 0, 1;
    %pushi/vec4 0, 0, 1;
    %store/vec4 v0x12f318c60_0, 0, 1;
    %pushi/vec4 1, 0, 1;
    %store/vec4 v0x12f318f50_0, 0, 1;
    %pushi/vec4 1, 0, 1;
    %store/vec4 v0x12f318ff0_0, 0, 1;
    %jmp T_3.11;
T_3.1 ;
    %load/vec4 v0x12f3187a0_0;
    %parti/s 1, 31, 6;
    %replicate 20;
    %load/vec4 v0x12f3187a0_0;
    %parti/s 12, 20, 6;
    %concat/vec4; draw_concat_vec4
    %store/vec4 v0x12f3186f0_0, 0, 32;
    %pushi/vec4 0, 0, 1;
    %store/vec4 v0x12f318020_0, 0, 1;
    %pushi/vec4 1, 0, 1;
    %store/vec4 v0x12f3180d0_0, 0, 1;
    %pushi/vec4 1, 0, 1;
    %store/vec4 v0x12f318cf0_0, 0, 1;
    %pushi/vec4 0, 0, 2;
    %store/vec4 v0x12f318360_0, 0, 2;
    %load/vec4 v0x12f3187a0_0;
    %dup/vec4;
    %pushi/vec4 4294938515, 4294938496, 32;
    %cmp/x;
    %jmp/1 T_3.24, 4;
    %dup/vec4;
    %pushi/vec4 4294946707, 4294938496, 32;
    %cmp/x;
    %jmp/1 T_3.25, 4;
    %dup/vec4;
    %pushi/vec4 4294950803, 4294938496, 32;
    %cmp/x;
    %jmp/1 T_3.26, 4;
    %dup/vec4;
    %pushi/vec4 4294954899, 4294938496, 32;
    %cmp/x;
    %jmp/1 T_3.27, 4;
    %dup/vec4;
    %pushi/vec4 4294963091, 4294938496, 32;
    %cmp/x;
    %jmp/1 T_3.28, 4;
    %dup/vec4;
    %pushi/vec4 4294967187, 4294938496, 32;
    %cmp/x;
    %jmp/1 T_3.29, 4;
    %dup/vec4;
    %pushi/vec4 33529747, 33525632, 32;
    %cmp/x;
    %jmp/1 T_3.30, 4;
    %dup/vec4;
    %pushi/vec4 33546131, 33525632, 32;
    %cmp/x;
    %jmp/1 T_3.31, 4;
    %dup/vec4;
    %pushi/vec4 1107287955, 33525632, 32;
    %cmp/x;
    %jmp/1 T_3.32, 4;
    %pushi/vec4 0, 0, 1;
    %store/vec4 v0x12f318cf0_0, 0, 1;
    %pushi/vec4 15, 15, 4;
    %store/vec4 v0x12f318170_0, 0, 4;
    %pushi/vec4 1, 0, 1;
    %store/vec4 v0x12f318660_0, 0, 1;
    %jmp T_3.34;
T_3.24 ;
    %pushi/vec4 0, 0, 4;
    %store/vec4 v0x12f318170_0, 0, 4;
    %jmp T_3.34;
T_3.25 ;
    %pushi/vec4 2, 0, 4;
    %store/vec4 v0x12f318170_0, 0, 4;
    %jmp T_3.34;
T_3.26 ;
    %pushi/vec4 3, 0, 4;
    %store/vec4 v0x12f318170_0, 0, 4;
    %jmp T_3.34;
T_3.27 ;
    %pushi/vec4 4, 0, 4;
    %store/vec4 v0x12f318170_0, 0, 4;
    %jmp T_3.34;
T_3.28 ;
    %pushi/vec4 6, 0, 4;
    %store/vec4 v0x12f318170_0, 0, 4;
    %jmp T_3.34;
T_3.29 ;
    %pushi/vec4 7, 0, 4;
    %store/vec4 v0x12f318170_0, 0, 4;
    %jmp T_3.34;
T_3.30 ;
    %pushi/vec4 1, 0, 4;
    %store/vec4 v0x12f318170_0, 0, 4;
    %jmp T_3.34;
T_3.31 ;
    %pushi/vec4 5, 0, 4;
    %store/vec4 v0x12f318170_0, 0, 4;
    %jmp T_3.34;
T_3.32 ;
    %pushi/vec4 13, 0, 4;
    %store/vec4 v0x12f318170_0, 0, 4;
    %jmp T_3.34;
T_3.34 ;
    %pop/vec4 1;
    %pushi/vec4 0, 0, 1;
    %store/vec4 v0x12f318850_0, 0, 1;
    %pushi/vec4 0, 0, 1;
    %store/vec4 v0x12f318200_0, 0, 1;
    %pushi/vec4 0, 0, 1;
    %store/vec4 v0x12f318ad0_0, 0, 1;
    %pushi/vec4 0, 0, 1;
    %store/vec4 v0x12f318eb0_0, 0, 1;
    %pushi/vec4 0, 0, 1;
    %store/vec4 v0x12f319090_0, 0, 1;
    %pushi/vec4 0, 0, 1;
    %store/vec4 v0x12f318550_0, 0, 1;
    %pushi/vec4 0, 0, 1;
    %store/vec4 v0x12f318c60_0, 0, 1;
    %pushi/vec4 1, 0, 1;
    %store/vec4 v0x12f318f50_0, 0, 1;
    %pushi/vec4 0, 0, 1;
    %store/vec4 v0x12f318ff0_0, 0, 1;
    %jmp T_3.11;
T_3.2 ;
    %load/vec4 v0x12f3187a0_0;
    %parti/s 20, 12, 5;
    %concati/vec4 0, 0, 12;
    %store/vec4 v0x12f3186f0_0, 0, 32;
    %pushi/vec4 1, 1, 1;
    %store/vec4 v0x12f318020_0, 0, 1;
    %pushi/vec4 1, 1, 1;
    %store/vec4 v0x12f3180d0_0, 0, 1;
    %pushi/vec4 15, 15, 4;
    %store/vec4 v0x12f318170_0, 0, 4;
    %pushi/vec4 1, 0, 1;
    %store/vec4 v0x12f318cf0_0, 0, 1;
    %pushi/vec4 1, 0, 2;
    %store/vec4 v0x12f318360_0, 0, 2;
    %pushi/vec4 0, 0, 1;
    %store/vec4 v0x12f318850_0, 0, 1;
    %pushi/vec4 0, 0, 1;
    %store/vec4 v0x12f318200_0, 0, 1;
    %pushi/vec4 0, 0, 1;
    %store/vec4 v0x12f318ad0_0, 0, 1;
    %pushi/vec4 0, 0, 1;
    %store/vec4 v0x12f318eb0_0, 0, 1;
    %pushi/vec4 0, 0, 1;
    %store/vec4 v0x12f319090_0, 0, 1;
    %pushi/vec4 0, 0, 1;
    %store/vec4 v0x12f318550_0, 0, 1;
    %pushi/vec4 0, 0, 1;
    %store/vec4 v0x12f318c60_0, 0, 1;
    %pushi/vec4 0, 0, 1;
    %store/vec4 v0x12f318f50_0, 0, 1;
    %pushi/vec4 0, 0, 1;
    %store/vec4 v0x12f318ff0_0, 0, 1;
    %jmp T_3.11;
T_3.3 ;
    %load/vec4 v0x12f3187a0_0;
    %parti/s 20, 12, 5;
    %concati/vec4 0, 0, 12;
    %store/vec4 v0x12f3186f0_0, 0, 32;
    %pushi/vec4 1, 0, 1;
    %store/vec4 v0x12f318020_0, 0, 1;
    %pushi/vec4 1, 0, 1;
    %store/vec4 v0x12f3180d0_0, 0, 1;
    %pushi/vec4 0, 0, 4;
    %store/vec4 v0x12f318170_0, 0, 4;
    %pushi/vec4 1, 0, 1;
    %store/vec4 v0x12f318cf0_0, 0, 1;
    %pushi/vec4 0, 0, 2;
    %store/vec4 v0x12f318360_0, 0, 2;
    %pushi/vec4 0, 0, 1;
    %store/vec4 v0x12f318850_0, 0, 1;
    %pushi/vec4 0, 0, 1;
    %store/vec4 v0x12f318200_0, 0, 1;
    %pushi/vec4 0, 0, 1;
    %store/vec4 v0x12f318ad0_0, 0, 1;
    %pushi/vec4 0, 0, 1;
    %store/vec4 v0x12f318eb0_0, 0, 1;
    %pushi/vec4 0, 0, 1;
    %store/vec4 v0x12f319090_0, 0, 1;
    %pushi/vec4 0, 0, 1;
    %store/vec4 v0x12f318550_0, 0, 1;
    %pushi/vec4 0, 0, 1;
    %store/vec4 v0x12f318c60_0, 0, 1;
    %pushi/vec4 0, 0, 1;
    %store/vec4 v0x12f318f50_0, 0, 1;
    %pushi/vec4 0, 0, 1;
    %store/vec4 v0x12f318ff0_0, 0, 1;
    %jmp T_3.11;
T_3.4 ;
    %load/vec4 v0x12f3187a0_0;
    %parti/s 1, 31, 6;
    %replicate 12;
    %load/vec4 v0x12f3187a0_0;
    %parti/s 8, 12, 5;
    %concat/vec4; draw_concat_vec4
    %load/vec4 v0x12f3187a0_0;
    %parti/s 1, 20, 6;
    %concat/vec4; draw_concat_vec4
    %load/vec4 v0x12f3187a0_0;
    %parti/s 10, 21, 6;
    %concat/vec4; draw_concat_vec4
    %concati/vec4 0, 0, 1;
    %store/vec4 v0x12f3186f0_0, 0, 32;
    %pushi/vec4 1, 0, 1;
    %store/vec4 v0x12f318020_0, 0, 1;
    %pushi/vec4 1, 0, 1;
    %store/vec4 v0x12f3180d0_0, 0, 1;
    %pushi/vec4 0, 0, 4;
    %store/vec4 v0x12f318170_0, 0, 4;
    %pushi/vec4 1, 0, 1;
    %store/vec4 v0x12f318cf0_0, 0, 1;
    %pushi/vec4 2, 0, 2;
    %store/vec4 v0x12f318360_0, 0, 2;
    %pushi/vec4 1, 0, 1;
    %store/vec4 v0x12f318850_0, 0, 1;
    %pushi/vec4 0, 0, 1;
    %store/vec4 v0x12f318200_0, 0, 1;
    %pushi/vec4 0, 0, 1;
    %store/vec4 v0x12f318ad0_0, 0, 1;
    %pushi/vec4 0, 0, 1;
    %store/vec4 v0x12f318eb0_0, 0, 1;
    %pushi/vec4 0, 0, 1;
    %store/vec4 v0x12f319090_0, 0, 1;
    %pushi/vec4 0, 0, 1;
    %store/vec4 v0x12f318550_0, 0, 1;
    %pushi/vec4 0, 0, 1;
    %store/vec4 v0x12f318c60_0, 0, 1;
    %pushi/vec4 0, 0, 1;
    %store/vec4 v0x12f318f50_0, 0, 1;
    %pushi/vec4 0, 0, 1;
    %store/vec4 v0x12f318ff0_0, 0, 1;
    %jmp T_3.11;
T_3.5 ;
    %load/vec4 v0x12f3187a0_0;
    %parti/s 1, 31, 6;
    %replicate 20;
    %load/vec4 v0x12f3187a0_0;
    %parti/s 12, 20, 6;
    %concat/vec4; draw_concat_vec4
    %store/vec4 v0x12f3186f0_0, 0, 32;
    %pushi/vec4 0, 0, 1;
    %store/vec4 v0x12f318020_0, 0, 1;
    %pushi/vec4 1, 0, 1;
    %store/vec4 v0x12f3180d0_0, 0, 1;
    %pushi/vec4 0, 0, 4;
    %store/vec4 v0x12f318170_0, 0, 4;
    %pushi/vec4 1, 0, 1;
    %store/vec4 v0x12f318cf0_0, 0, 1;
    %pushi/vec4 2, 0, 2;
    %store/vec4 v0x12f318360_0, 0, 2;
    %pushi/vec4 1, 0, 1;
    %store/vec4 v0x12f318850_0, 0, 1;
    %pushi/vec4 0, 0, 1;
    %store/vec4 v0x12f318200_0, 0, 1;
    %pushi/vec4 0, 0, 1;
    %store/vec4 v0x12f318ad0_0, 0, 1;
    %pushi/vec4 0, 0, 1;
    %store/vec4 v0x12f318eb0_0, 0, 1;
    %pushi/vec4 0, 0, 1;
    %store/vec4 v0x12f319090_0, 0, 1;
    %pushi/vec4 0, 0, 1;
    %store/vec4 v0x12f318550_0, 0, 1;
    %pushi/vec4 0, 0, 1;
    %store/vec4 v0x12f318c60_0, 0, 1;
    %pushi/vec4 1, 0, 1;
    %store/vec4 v0x12f318f50_0, 0, 1;
    %pushi/vec4 0, 0, 1;
    %store/vec4 v0x12f318ff0_0, 0, 1;
    %jmp T_3.11;
T_3.6 ;
    %load/vec4 v0x12f3187a0_0;
    %parti/s 1, 31, 6;
    %replicate 20;
    %load/vec4 v0x12f3187a0_0;
    %parti/s 1, 7, 4;
    %concat/vec4; draw_concat_vec4
    %load/vec4 v0x12f3187a0_0;
    %parti/s 6, 25, 6;
    %concat/vec4; draw_concat_vec4
    %load/vec4 v0x12f3187a0_0;
    %parti/s 4, 8, 5;
    %concat/vec4; draw_concat_vec4
    %concati/vec4 0, 0, 1;
    %store/vec4 v0x12f3186f0_0, 0, 32;
    %pushi/vec4 1, 0, 1;
    %store/vec4 v0x12f318020_0, 0, 1;
    %pushi/vec4 1, 0, 1;
    %store/vec4 v0x12f3180d0_0, 0, 1;
    %pushi/vec4 0, 0, 4;
    %store/vec4 v0x12f318170_0, 0, 4;
    %pushi/vec4 0, 0, 1;
    %store/vec4 v0x12f318cf0_0, 0, 1;
    %pushi/vec4 0, 0, 2;
    %store/vec4 v0x12f318360_0, 0, 2;
    %pushi/vec4 0, 0, 1;
    %store/vec4 v0x12f318850_0, 0, 1;
    %pushi/vec4 1, 0, 1;
    %store/vec4 v0x12f318200_0, 0, 1;
    %load/vec4 v0x12f3187a0_0;
    %dup/vec4;
    %pushi/vec4 4294938595, 4294938496, 32;
    %cmp/x;
    %jmp/1 T_3.35, 4;
    %dup/vec4;
    %pushi/vec4 4294942691, 4294938496, 32;
    %cmp/x;
    %jmp/1 T_3.36, 4;
    %dup/vec4;
    %pushi/vec4 4294954979, 4294938496, 32;
    %cmp/x;
    %jmp/1 T_3.37, 4;
    %dup/vec4;
    %pushi/vec4 4294959075, 4294938496, 32;
    %cmp/x;
    %jmp/1 T_3.38, 4;
    %dup/vec4;
    %pushi/vec4 4294963171, 4294938496, 32;
    %cmp/x;
    %jmp/1 T_3.39, 4;
    %dup/vec4;
    %pushi/vec4 4294967267, 4294938496, 32;
    %cmp/x;
    %jmp/1 T_3.40, 4;
    %pushi/vec4 0, 0, 1;
    %store/vec4 v0x12f318200_0, 0, 1;
    %pushi/vec4 1, 0, 1;
    %store/vec4 v0x12f318660_0, 0, 1;
    %jmp T_3.42;
T_3.35 ;
    %jmp T_3.42;
T_3.36 ;
    %jmp T_3.42;
T_3.37 ;
    %jmp T_3.42;
T_3.38 ;
    %jmp T_3.42;
T_3.39 ;
    %jmp T_3.42;
T_3.40 ;
    %jmp T_3.42;
T_3.42 ;
    %pop/vec4 1;
    %pushi/vec4 0, 0, 1;
    %store/vec4 v0x12f318ad0_0, 0, 1;
    %pushi/vec4 0, 0, 1;
    %store/vec4 v0x12f318eb0_0, 0, 1;
    %pushi/vec4 0, 0, 1;
    %store/vec4 v0x12f319090_0, 0, 1;
    %pushi/vec4 0, 0, 1;
    %store/vec4 v0x12f318550_0, 0, 1;
    %pushi/vec4 0, 0, 1;
    %store/vec4 v0x12f318c60_0, 0, 1;
    %pushi/vec4 1, 0, 1;
    %store/vec4 v0x12f318f50_0, 0, 1;
    %pushi/vec4 1, 0, 1;
    %store/vec4 v0x12f318ff0_0, 0, 1;
    %jmp T_3.11;
T_3.7 ;
    %load/vec4 v0x12f3187a0_0;
    %parti/s 1, 31, 6;
    %replicate 20;
    %load/vec4 v0x12f3187a0_0;
    %parti/s 12, 20, 6;
    %concat/vec4; draw_concat_vec4
    %store/vec4 v0x12f3186f0_0, 0, 32;
    %pushi/vec4 0, 0, 1;
    %store/vec4 v0x12f318020_0, 0, 1;
    %pushi/vec4 1, 0, 1;
    %store/vec4 v0x12f3180d0_0, 0, 1;
    %pushi/vec4 0, 0, 4;
    %store/vec4 v0x12f318170_0, 0, 4;
    %pushi/vec4 1, 0, 1;
    %store/vec4 v0x12f318cf0_0, 0, 1;
    %pushi/vec4 0, 0, 2;
    %store/vec4 v0x12f318360_0, 0, 2;
    %pushi/vec4 0, 0, 1;
    %store/vec4 v0x12f318850_0, 0, 1;
    %pushi/vec4 0, 0, 1;
    %store/vec4 v0x12f318200_0, 0, 1;
    %pushi/vec4 1, 0, 1;
    %store/vec4 v0x12f318ad0_0, 0, 1;
    %pushi/vec4 0, 0, 1;
    %store/vec4 v0x12f318eb0_0, 0, 1;
    %load/vec4 v0x12f3187a0_0;
    %dup/vec4;
    %pushi/vec4 4294938499, 4294938496, 32;
    %cmp/x;
    %jmp/1 T_3.43, 4;
    %dup/vec4;
    %pushi/vec4 4294942595, 4294938496, 32;
    %cmp/x;
    %jmp/1 T_3.44, 4;
    %dup/vec4;
    %pushi/vec4 4294946691, 4294938496, 32;
    %cmp/x;
    %jmp/1 T_3.45, 4;
    %dup/vec4;
    %pushi/vec4 4294954883, 4294938496, 32;
    %cmp/x;
    %jmp/1 T_3.46, 4;
    %dup/vec4;
    %pushi/vec4 4294958979, 4294938496, 32;
    %cmp/x;
    %jmp/1 T_3.47, 4;
    %pushi/vec4 0, 0, 1;
    %store/vec4 v0x12f318ad0_0, 0, 1;
    %pushi/vec4 1, 0, 1;
    %store/vec4 v0x12f318660_0, 0, 1;
    %jmp T_3.49;
T_3.43 ;
    %jmp T_3.49;
T_3.44 ;
    %jmp T_3.49;
T_3.45 ;
    %jmp T_3.49;
T_3.46 ;
    %jmp T_3.49;
T_3.47 ;
    %jmp T_3.49;
T_3.49 ;
    %pop/vec4 1;
    %pushi/vec4 0, 0, 1;
    %store/vec4 v0x12f319090_0, 0, 1;
    %pushi/vec4 0, 0, 1;
    %store/vec4 v0x12f318550_0, 0, 1;
    %pushi/vec4 0, 0, 1;
    %store/vec4 v0x12f318c60_0, 0, 1;
    %pushi/vec4 1, 0, 1;
    %store/vec4 v0x12f318f50_0, 0, 1;
    %pushi/vec4 0, 0, 1;
    %store/vec4 v0x12f318ff0_0, 0, 1;
    %jmp T_3.11;
T_3.8 ;
    %load/vec4 v0x12f3187a0_0;
    %parti/s 1, 31, 6;
    %replicate 20;
    %load/vec4 v0x12f3187a0_0;
    %parti/s 7, 25, 6;
    %concat/vec4; draw_concat_vec4
    %load/vec4 v0x12f3187a0_0;
    %parti/s 5, 7, 4;
    %concat/vec4; draw_concat_vec4
    %store/vec4 v0x12f3186f0_0, 0, 32;
    %pushi/vec4 0, 0, 1;
    %store/vec4 v0x12f318020_0, 0, 1;
    %pushi/vec4 1, 0, 1;
    %store/vec4 v0x12f3180d0_0, 0, 1;
    %pushi/vec4 0, 0, 4;
    %store/vec4 v0x12f318170_0, 0, 4;
    %pushi/vec4 0, 0, 1;
    %store/vec4 v0x12f318cf0_0, 0, 1;
    %pushi/vec4 0, 0, 2;
    %store/vec4 v0x12f318360_0, 0, 2;
    %pushi/vec4 0, 0, 1;
    %store/vec4 v0x12f318850_0, 0, 1;
    %pushi/vec4 0, 0, 1;
    %store/vec4 v0x12f318200_0, 0, 1;
    %pushi/vec4 0, 0, 1;
    %store/vec4 v0x12f318ad0_0, 0, 1;
    %pushi/vec4 1, 0, 1;
    %store/vec4 v0x12f318eb0_0, 0, 1;
    %load/vec4 v0x12f3187a0_0;
    %dup/vec4;
    %pushi/vec4 4294938531, 4294938496, 32;
    %cmp/x;
    %jmp/1 T_3.50, 4;
    %dup/vec4;
    %pushi/vec4 4294942627, 4294938496, 32;
    %cmp/x;
    %jmp/1 T_3.51, 4;
    %dup/vec4;
    %pushi/vec4 4294946723, 4294938496, 32;
    %cmp/x;
    %jmp/1 T_3.52, 4;
    %pushi/vec4 0, 0, 1;
    %store/vec4 v0x12f318eb0_0, 0, 1;
    %pushi/vec4 1, 0, 1;
    %store/vec4 v0x12f318660_0, 0, 1;
    %jmp T_3.54;
T_3.50 ;
    %jmp T_3.54;
T_3.51 ;
    %jmp T_3.54;
T_3.52 ;
    %jmp T_3.54;
T_3.54 ;
    %pop/vec4 1;
    %pushi/vec4 0, 0, 1;
    %store/vec4 v0x12f319090_0, 0, 1;
    %pushi/vec4 0, 0, 1;
    %store/vec4 v0x12f318550_0, 0, 1;
    %pushi/vec4 0, 0, 1;
    %store/vec4 v0x12f318c60_0, 0, 1;
    %pushi/vec4 1, 0, 1;
    %store/vec4 v0x12f318f50_0, 0, 1;
    %pushi/vec4 1, 0, 1;
    %store/vec4 v0x12f318ff0_0, 0, 1;
    %jmp T_3.11;
T_3.9 ;
    %pushi/vec4 4294967295, 4294967295, 32;
    %store/vec4 v0x12f3186f0_0, 0, 32;
    %pushi/vec4 1, 1, 1;
    %store/vec4 v0x12f318020_0, 0, 1;
    %pushi/vec4 1, 1, 1;
    %store/vec4 v0x12f3180d0_0, 0, 1;
    %pushi/vec4 15, 15, 4;
    %store/vec4 v0x12f318170_0, 0, 4;
    %pushi/vec4 1, 0, 1;
    %store/vec4 v0x12f318cf0_0, 0, 1;
    %pushi/vec4 3, 0, 2;
    %store/vec4 v0x12f318360_0, 0, 2;
    %pushi/vec4 0, 0, 1;
    %store/vec4 v0x12f318850_0, 0, 1;
    %pushi/vec4 0, 0, 1;
    %store/vec4 v0x12f318200_0, 0, 1;
    %pushi/vec4 0, 0, 1;
    %store/vec4 v0x12f318ad0_0, 0, 1;
    %pushi/vec4 0, 0, 1;
    %store/vec4 v0x12f318eb0_0, 0, 1;
    %load/vec4 v0x12f3187a0_0;
    %dup/vec4;
    %pushi/vec4 115, 0, 32;
    %cmp/x;
    %jmp/1 T_3.55, 4;
    %dup/vec4;
    %pushi/vec4 4294942707, 4294938496, 32;
    %cmp/x;
    %jmp/1 T_3.56, 4;
    %dup/vec4;
    %pushi/vec4 4294946803, 4294938496, 32;
    %cmp/x;
    %jmp/1 T_3.57, 4;
    %dup/vec4;
    %pushi/vec4 4294950899, 4294938496, 32;
    %cmp/x;
    %jmp/1 T_3.58, 4;
    %dup/vec4;
    %pushi/vec4 4294959091, 4294938496, 32;
    %cmp/x;
    %jmp/1 T_3.59, 4;
    %dup/vec4;
    %pushi/vec4 4294963187, 4294938496, 32;
    %cmp/x;
    %jmp/1 T_3.60, 4;
    %dup/vec4;
    %pushi/vec4 4294967283, 4294938496, 32;
    %cmp/x;
    %jmp/1 T_3.61, 4;
    %dup/vec4;
    %pushi/vec4 807403635, 0, 32;
    %cmp/x;
    %jmp/1 T_3.62, 4;
    %pushi/vec4 0, 0, 1;
    %store/vec4 v0x12f318cf0_0, 0, 1;
    %pushi/vec4 0, 0, 1;
    %store/vec4 v0x12f319090_0, 0, 1;
    %pushi/vec4 0, 0, 1;
    %store/vec4 v0x12f318550_0, 0, 1;
    %pushi/vec4 0, 0, 1;
    %store/vec4 v0x12f318c60_0, 0, 1;
    %pushi/vec4 0, 0, 1;
    %store/vec4 v0x12f318f50_0, 0, 1;
    %pushi/vec4 1, 0, 1;
    %store/vec4 v0x12f318660_0, 0, 1;
    %jmp T_3.64;
T_3.55 ;
    %pushi/vec4 0, 0, 1;
    %store/vec4 v0x12f319090_0, 0, 1;
    %pushi/vec4 1, 0, 1;
    %store/vec4 v0x12f318550_0, 0, 1;
    %pushi/vec4 0, 0, 1;
    %store/vec4 v0x12f318c60_0, 0, 1;
    %pushi/vec4 0, 0, 1;
    %store/vec4 v0x12f318f50_0, 0, 1;
    %jmp T_3.64;
T_3.56 ;
    %pushi/vec4 1, 0, 1;
    %store/vec4 v0x12f319090_0, 0, 1;
    %pushi/vec4 0, 0, 1;
    %store/vec4 v0x12f318550_0, 0, 1;
    %pushi/vec4 0, 0, 1;
    %store/vec4 v0x12f318c60_0, 0, 1;
    %pushi/vec4 1, 0, 1;
    %store/vec4 v0x12f318f50_0, 0, 1;
    %jmp T_3.64;
T_3.57 ;
    %pushi/vec4 1, 0, 1;
    %store/vec4 v0x12f319090_0, 0, 1;
    %pushi/vec4 0, 0, 1;
    %store/vec4 v0x12f318550_0, 0, 1;
    %pushi/vec4 0, 0, 1;
    %store/vec4 v0x12f318c60_0, 0, 1;
    %pushi/vec4 1, 0, 1;
    %store/vec4 v0x12f318f50_0, 0, 1;
    %jmp T_3.64;
T_3.58 ;
    %pushi/vec4 1, 0, 1;
    %store/vec4 v0x12f319090_0, 0, 1;
    %pushi/vec4 0, 0, 1;
    %store/vec4 v0x12f318550_0, 0, 1;
    %pushi/vec4 0, 0, 1;
    %store/vec4 v0x12f318c60_0, 0, 1;
    %pushi/vec4 1, 0, 1;
    %store/vec4 v0x12f318f50_0, 0, 1;
    %jmp T_3.64;
T_3.59 ;
    %pushi/vec4 1, 0, 1;
    %store/vec4 v0x12f319090_0, 0, 1;
    %pushi/vec4 0, 0, 1;
    %store/vec4 v0x12f318550_0, 0, 1;
    %pushi/vec4 0, 0, 1;
    %store/vec4 v0x12f318c60_0, 0, 1;
    %pushi/vec4 0, 0, 1;
    %store/vec4 v0x12f318f50_0, 0, 1;
    %jmp T_3.64;
T_3.60 ;
    %pushi/vec4 1, 0, 1;
    %store/vec4 v0x12f319090_0, 0, 1;
    %pushi/vec4 0, 0, 1;
    %store/vec4 v0x12f318550_0, 0, 1;
    %pushi/vec4 0, 0, 1;
    %store/vec4 v0x12f318c60_0, 0, 1;
    %pushi/vec4 0, 0, 1;
    %store/vec4 v0x12f318f50_0, 0, 1;
    %jmp T_3.64;
T_3.61 ;
    %pushi/vec4 1, 0, 1;
    %store/vec4 v0x12f319090_0, 0, 1;
    %pushi/vec4 0, 0, 1;
    %store/vec4 v0x12f318550_0, 0, 1;
    %pushi/vec4 0, 0, 1;
    %store/vec4 v0x12f318c60_0, 0, 1;
    %pushi/vec4 0, 0, 1;
    %store/vec4 v0x12f318f50_0, 0, 1;
    %jmp T_3.64;
T_3.62 ;
    %pushi/vec4 0, 0, 1;
    %store/vec4 v0x12f319090_0, 0, 1;
    %pushi/vec4 0, 0, 1;
    %store/vec4 v0x12f318550_0, 0, 1;
    %pushi/vec4 1, 0, 1;
    %store/vec4 v0x12f318c60_0, 0, 1;
    %pushi/vec4 0, 0, 1;
    %store/vec4 v0x12f318f50_0, 0, 1;
    %jmp T_3.64;
T_3.64 ;
    %pop/vec4 1;
    %pushi/vec4 0, 0, 1;
    %store/vec4 v0x12f318ff0_0, 0, 1;
    %jmp T_3.11;
T_3.11 ;
    %pop/vec4 1;
    %jmp T_3;
    .thread T_3, $push;
    .scope S_0x12f317ae0;
T_4 ;
    %wait E_0x12f317f50;
    %load/vec4 v0x12f318f50_0;
    %flag_set/vec4 8;
    %jmp/0xz  T_4.0, 8;
    %load/vec4 v0x12f3184b0_0;
    %load/vec4 v0x12f318400_0;
    %pushi/vec4 0, 0, 5;
    %cmp/ne;
    %flag_get/vec4 4;
    %and;
    %load/vec4 v0x12f3187a0_0;
    %parti/s 5, 15, 5;
    %load/vec4 v0x12f318400_0;
    %cmp/e;
    %flag_get/vec4 4;
    %and;
    %flag_set/vec4 8;
    %jmp/0xz  T_4.2, 8;
    %load/vec4 v0x12f318290_0;
    %flag_set/vec4 8;
    %jmp/0xz  T_4.4, 8;
    %pushi/vec4 1, 1, 1;
    %store/vec4 v0x12f318d80_0, 0, 1;
    %pushi/vec4 1, 0, 1;
    %store/vec4 v0x12f318990_0, 0, 1;
    %jmp T_4.5;
T_4.4 ;
    %pushi/vec4 1, 0, 1;
    %store/vec4 v0x12f318d80_0, 0, 1;
    %pushi/vec4 0, 0, 1;
    %store/vec4 v0x12f318990_0, 0, 1;
T_4.5 ;
    %jmp T_4.3;
T_4.2 ;
    %pushi/vec4 0, 0, 1;
    %store/vec4 v0x12f318d80_0, 0, 1;
    %pushi/vec4 0, 0, 1;
    %store/vec4 v0x12f318990_0, 0, 1;
T_4.3 ;
    %jmp T_4.1;
T_4.0 ;
    %pushi/vec4 1, 1, 1;
    %store/vec4 v0x12f318d80_0, 0, 1;
    %pushi/vec4 0, 0, 1;
    %store/vec4 v0x12f318990_0, 0, 1;
T_4.1 ;
    %load/vec4 v0x12f318ff0_0;
    %flag_set/vec4 8;
    %jmp/0xz  T_4.6, 8;
    %load/vec4 v0x12f3184b0_0;
    %load/vec4 v0x12f318400_0;
    %pushi/vec4 0, 0, 5;
    %cmp/ne;
    %flag_get/vec4 4;
    %and;
    %load/vec4 v0x12f3187a0_0;
    %parti/s 5, 20, 6;
    %load/vec4 v0x12f318400_0;
    %cmp/e;
    %flag_get/vec4 4;
    %and;
    %flag_set/vec4 8;
    %jmp/0xz  T_4.8, 8;
    %load/vec4 v0x12f318290_0;
    %flag_set/vec4 8;
    %jmp/0xz  T_4.10, 8;
    %pushi/vec4 1, 1, 1;
    %store/vec4 v0x12f318e10_0, 0, 1;
    %pushi/vec4 1, 0, 1;
    %store/vec4 v0x12f318a30_0, 0, 1;
    %jmp T_4.11;
T_4.10 ;
    %pushi/vec4 1, 0, 1;
    %store/vec4 v0x12f318e10_0, 0, 1;
    %pushi/vec4 0, 0, 1;
    %store/vec4 v0x12f318a30_0, 0, 1;
T_4.11 ;
    %jmp T_4.9;
T_4.8 ;
    %pushi/vec4 0, 0, 1;
    %store/vec4 v0x12f318e10_0, 0, 1;
    %pushi/vec4 0, 0, 1;
    %store/vec4 v0x12f318a30_0, 0, 1;
T_4.9 ;
    %jmp T_4.7;
T_4.6 ;
    %pushi/vec4 1, 1, 1;
    %store/vec4 v0x12f318e10_0, 0, 1;
    %pushi/vec4 0, 0, 1;
    %store/vec4 v0x12f318a30_0, 0, 1;
T_4.7 ;
    %jmp T_4;
    .thread T_4, $push;
    .scope S_0x12f315820;
T_5 ;
    %pushi/vec4 3, 0, 2;
    %store/vec4 v0x12f317540_0, 0, 2;
    %end;
    .thread T_5;
    .scope S_0x12f315820;
T_6 ;
    %wait E_0x12f315bb0;
    %load/vec4 v0x12f317920_0;
    %flag_set/vec4 8;
    %jmp/0xz  T_6.0, 8;
    %load/vec4 v0x12f316aa0_0;
    %dup/vec4;
    %pushi/vec4 3857, 0, 12;
    %cmp/u;
    %jmp/1 T_6.2, 6;
    %dup/vec4;
    %pushi/vec4 3858, 0, 12;
    %cmp/u;
    %jmp/1 T_6.3, 6;
    %dup/vec4;
    %pushi/vec4 3859, 0, 12;
    %cmp/u;
    %jmp/1 T_6.4, 6;
    %dup/vec4;
    %pushi/vec4 3860, 0, 12;
    %cmp/u;
    %jmp/1 T_6.5, 6;
    %dup/vec4;
    %pushi/vec4 3861, 0, 12;
    %cmp/u;
    %jmp/1 T_6.6, 6;
    %dup/vec4;
    %pushi/vec4 768, 0, 12;
    %cmp/u;
    %jmp/1 T_6.7, 6;
    %dup/vec4;
    %pushi/vec4 773, 0, 12;
    %cmp/u;
    %jmp/1 T_6.8, 6;
    %dup/vec4;
    %pushi/vec4 832, 0, 12;
    %cmp/u;
    %jmp/1 T_6.9, 6;
    %dup/vec4;
    %pushi/vec4 833, 0, 12;
    %cmp/u;
    %jmp/1 T_6.10, 6;
    %dup/vec4;
    %pushi/vec4 834, 0, 12;
    %cmp/u;
    %jmp/1 T_6.11, 6;
    %pushi/vec4 0, 0, 32;
    %store/vec4 v0x12f3175d0_0, 0, 32;
    %jmp T_6.13;
T_6.2 ;
    %pushi/vec4 0, 0, 32;
    %store/vec4 v0x12f3175d0_0, 0, 32;
    %jmp T_6.13;
T_6.3 ;
    %pushi/vec4 0, 0, 32;
    %store/vec4 v0x12f3175d0_0, 0, 32;
    %jmp T_6.13;
T_6.4 ;
    %pushi/vec4 0, 0, 32;
    %store/vec4 v0x12f3175d0_0, 0, 32;
    %jmp T_6.13;
T_6.5 ;
    %pushi/vec4 0, 0, 32;
    %store/vec4 v0x12f3175d0_0, 0, 32;
    %jmp T_6.13;
T_6.6 ;
    %pushi/vec4 0, 0, 32;
    %store/vec4 v0x12f3175d0_0, 0, 32;
    %jmp T_6.13;
T_6.7 ;
    %pushi/vec4 0, 0, 19;
    %load/vec4 v0x12f317150_0;
    %concat/vec4; draw_concat_vec4
    %concati/vec4 0, 0, 3;
    %load/vec4 v0x12f3170b0_0;
    %concat/vec4; draw_concat_vec4
    %concati/vec4 0, 0, 3;
    %load/vec4 v0x12f317020_0;
    %concat/vec4; draw_concat_vec4
    %concati/vec4 0, 0, 3;
    %store/vec4 v0x12f3175d0_0, 0, 32;
    %jmp T_6.13;
T_6.8 ;
    %load/vec4 v0x12f317200_0;
    %store/vec4 v0x12f3175d0_0, 0, 32;
    %jmp T_6.13;
T_6.9 ;
    %load/vec4 v0x12f316f90_0;
    %store/vec4 v0x12f3175d0_0, 0, 32;
    %jmp T_6.13;
T_6.10 ;
    %load/vec4 v0x12f316e70_0;
    %store/vec4 v0x12f3175d0_0, 0, 32;
    %jmp T_6.13;
T_6.11 ;
    %load/vec4 v0x12f316de0_0;
    %store/vec4 v0x12f3175d0_0, 0, 32;
    %jmp T_6.13;
T_6.13 ;
    %pop/vec4 1;
    %jmp T_6.1;
T_6.0 ;
    %load/vec4 v0x12f316d50_0;
    %flag_set/vec4 8;
    %jmp/0xz  T_6.14, 8;
    %load/vec4 v0x12f317200_0;
    %store/vec4 v0x12f3175d0_0, 0, 32;
    %jmp T_6.15;
T_6.14 ;
    %load/vec4 v0x12f316bf0_0;
    %flag_set/vec4 8;
    %jmp/0xz  T_6.16, 8;
    %load/vec4 v0x12f317200_0;
    %store/vec4 v0x12f3175d0_0, 0, 32;
    %jmp T_6.17;
T_6.16 ;
    %load/vec4 v0x12f316f00_0;
    %flag_set/vec4 8;
    %jmp/0xz  T_6.18, 8;
    %load/vec4 v0x12f316e70_0;
    %store/vec4 v0x12f3175d0_0, 0, 32;
    %jmp T_6.19;
T_6.18 ;
    %pushi/vec4 0, 0, 32;
    %store/vec4 v0x12f3175d0_0, 0, 32;
T_6.19 ;
T_6.17 ;
T_6.15 ;
T_6.1 ;
    %jmp T_6;
    .thread T_6, $push;
    .scope S_0x12f315820;
T_7 ;
    %wait E_0x12f315b60;
    %load/vec4 v0x12f317730_0;
    %flag_set/vec4 8;
    %jmp/0xz  T_7.0, 8;
    %pushi/vec4 1, 0, 1;
    %assign/vec4 v0x12f317020_0, 0;
    %jmp T_7.1;
T_7.0 ;
    %load/vec4 v0x12f316d50_0;
    %flag_set/vec4 8;
    %jmp/0xz  T_7.2, 8;
    %pushi/vec4 2, 0, 32;
    %assign/vec4 v0x12f316de0_0, 0;
    %load/vec4 v0x12f316890_0;
    %assign/vec4 v0x12f316e70_0, 0;
    %load/vec4 v0x12f317540_0;
    %assign/vec4 v0x12f317150_0, 0;
    %load/vec4 v0x12f317020_0;
    %assign/vec4 v0x12f3170b0_0, 0;
    %pushi/vec4 0, 0, 1;
    %assign/vec4 v0x12f317020_0, 0;
    %jmp T_7.3;
T_7.2 ;
    %load/vec4 v0x12f316bf0_0;
    %flag_set/vec4 8;
    %jmp/0xz  T_7.4, 8;
    %pushi/vec4 11, 0, 32;
    %assign/vec4 v0x12f316de0_0, 0;
    %load/vec4 v0x12f316890_0;
    %assign/vec4 v0x12f316e70_0, 0;
    %load/vec4 v0x12f317540_0;
    %assign/vec4 v0x12f317150_0, 0;
    %load/vec4 v0x12f317020_0;
    %assign/vec4 v0x12f3170b0_0, 0;
    %pushi/vec4 0, 0, 1;
    %assign/vec4 v0x12f317020_0, 0;
    %jmp T_7.5;
T_7.4 ;
    %load/vec4 v0x12f316f00_0;
    %flag_set/vec4 8;
    %jmp/0xz  T_7.6, 8;
    %load/vec4 v0x12f3170b0_0;
    %assign/vec4 v0x12f317020_0, 0;
    %load/vec4 v0x12f317150_0;
    %assign/vec4 v0x12f317540_0, 0;
    %jmp T_7.7;
T_7.6 ;
    %load/vec4 v0x12f317920_0;
    %flag_set/vec4 8;
    %jmp/0xz  T_7.8, 8;
    %load/vec4 v0x12f3172b0_0;
    %pushi/vec4 0, 0, 32;
    %cmp/e;
    %flag_get/vec4 4;
    %load/vec4 v0x12f316c90_0;
    %parti/s 2, 0, 2;
    %pushi/vec4 2, 0, 2;
    %cmp/e;
    %flag_get/vec4 4;
    %and;
    %inv;
    %load/vec4 v0x12f316aa0_0;
    %parti/s 2, 10, 5;
    %pushi/vec4 3, 0, 2;
    %cmp/e;
    %flag_get/vec4 4;
    %and;
    %flag_set/vec4 8;
    %jmp/0xz  T_7.10, 8;
    %pushi/vec4 2, 0, 32;
    %assign/vec4 v0x12f316de0_0, 0;
    %load/vec4 v0x12f316890_0;
    %assign/vec4 v0x12f316e70_0, 0;
    %load/vec4 v0x12f317540_0;
    %assign/vec4 v0x12f317150_0, 0;
    %load/vec4 v0x12f317020_0;
    %assign/vec4 v0x12f3170b0_0, 0;
    %pushi/vec4 0, 0, 1;
    %assign/vec4 v0x12f317020_0, 0;
    %jmp T_7.11;
T_7.10 ;
    %load/vec4 v0x12f316aa0_0;
    %dup/vec4;
    %pushi/vec4 768, 0, 12;
    %cmp/u;
    %jmp/1 T_7.12, 6;
    %dup/vec4;
    %pushi/vec4 773, 0, 12;
    %cmp/u;
    %jmp/1 T_7.13, 6;
    %dup/vec4;
    %pushi/vec4 832, 0, 12;
    %cmp/u;
    %jmp/1 T_7.14, 6;
    %dup/vec4;
    %pushi/vec4 833, 0, 12;
    %cmp/u;
    %jmp/1 T_7.15, 6;
    %dup/vec4;
    %pushi/vec4 834, 0, 12;
    %cmp/u;
    %jmp/1 T_7.16, 6;
    %jmp T_7.18;
T_7.12 ;
    %load/vec4 v0x12f317870_0;
    %parti/s 1, 3, 3;
    %assign/vec4 v0x12f317020_0, 0;
    %load/vec4 v0x12f317870_0;
    %parti/s 1, 7, 4;
    %assign/vec4 v0x12f3170b0_0, 0;
    %load/vec4 v0x12f317870_0;
    %parti/s 2, 11, 5;
    %assign/vec4 v0x12f317150_0, 0;
    %jmp T_7.18;
T_7.13 ;
    %load/vec4 v0x12f317870_0;
    %assign/vec4 v0x12f317200_0, 0;
    %jmp T_7.18;
T_7.14 ;
    %load/vec4 v0x12f317870_0;
    %assign/vec4 v0x12f316f90_0, 0;
    %jmp T_7.18;
T_7.15 ;
    %load/vec4 v0x12f317870_0;
    %assign/vec4 v0x12f316e70_0, 0;
    %jmp T_7.18;
T_7.16 ;
    %load/vec4 v0x12f317870_0;
    %assign/vec4 v0x12f316de0_0, 0;
    %jmp T_7.18;
T_7.18 ;
    %pop/vec4 1;
T_7.11 ;
T_7.8 ;
T_7.7 ;
T_7.5 ;
T_7.3 ;
T_7.1 ;
    %jmp T_7;
    .thread T_7;
    .scope S_0x12f304c90;
T_8 ;
    %wait E_0x12f304eb0;
    %load/vec4 v0x12f315150_0;
    %dup/vec4;
    %pushi/vec4 0, 0, 4;
    %cmp/x;
    %jmp/1 T_8.0, 4;
    %dup/vec4;
    %pushi/vec4 8, 0, 4;
    %cmp/x;
    %jmp/1 T_8.1, 4;
    %dup/vec4;
    %pushi/vec4 1, 0, 4;
    %cmp/x;
    %jmp/1 T_8.2, 4;
    %dup/vec4;
    %pushi/vec4 2, 0, 4;
    %cmp/x;
    %jmp/1 T_8.3, 4;
    %dup/vec4;
    %pushi/vec4 3, 0, 4;
    %cmp/x;
    %jmp/1 T_8.4, 4;
    %dup/vec4;
    %pushi/vec4 4, 0, 4;
    %cmp/x;
    %jmp/1 T_8.5, 4;
    %dup/vec4;
    %pushi/vec4 5, 0, 4;
    %cmp/x;
    %jmp/1 T_8.6, 4;
    %dup/vec4;
    %pushi/vec4 13, 0, 4;
    %cmp/x;
    %jmp/1 T_8.7, 4;
    %dup/vec4;
    %pushi/vec4 6, 0, 4;
    %cmp/x;
    %jmp/1 T_8.8, 4;
    %dup/vec4;
    %pushi/vec4 7, 0, 4;
    %cmp/x;
    %jmp/1 T_8.9, 4;
    %load/vec4 v0x12f304f20_0;
    %store/vec4 v0x12f315090_0, 0, 32;
    %jmp T_8.11;
T_8.0 ;
    %load/vec4 v0x12f304f20_0;
    %load/vec4 v0x12f314fe0_0;
    %add;
    %store/vec4 v0x12f315090_0, 0, 32;
    %jmp T_8.11;
T_8.1 ;
    %load/vec4 v0x12f304f20_0;
    %load/vec4 v0x12f314fe0_0;
    %sub;
    %store/vec4 v0x12f315090_0, 0, 32;
    %jmp T_8.11;
T_8.2 ;
    %load/vec4 v0x12f304f20_0;
    %load/vec4 v0x12f314fe0_0;
    %parti/s 5, 0, 2;
    %ix/vec4 4;
    %shiftl 4;
    %store/vec4 v0x12f315090_0, 0, 32;
    %jmp T_8.11;
T_8.3 ;
    %load/vec4 v0x12f304f20_0;
    %load/vec4 v0x12f314fe0_0;
    %cmp/s;
    %flag_get/vec4 5;
    %pad/u 32;
    %store/vec4 v0x12f315090_0, 0, 32;
    %jmp T_8.11;
T_8.4 ;
    %load/vec4 v0x12f304f20_0;
    %load/vec4 v0x12f314fe0_0;
    %cmp/u;
    %flag_get/vec4 5;
    %pad/u 32;
    %store/vec4 v0x12f315090_0, 0, 32;
    %jmp T_8.11;
T_8.5 ;
    %load/vec4 v0x12f304f20_0;
    %load/vec4 v0x12f314fe0_0;
    %xor;
    %store/vec4 v0x12f315090_0, 0, 32;
    %jmp T_8.11;
T_8.6 ;
    %load/vec4 v0x12f304f20_0;
    %load/vec4 v0x12f314fe0_0;
    %parti/s 5, 0, 2;
    %ix/vec4 4;
    %shiftr 4;
    %store/vec4 v0x12f315090_0, 0, 32;
    %jmp T_8.11;
T_8.7 ;
    %load/vec4 v0x12f304f20_0;
    %load/vec4 v0x12f314fe0_0;
    %parti/s 5, 0, 2;
    %ix/vec4 4;
    %shiftr/s 4;
    %store/vec4 v0x12f315090_0, 0, 32;
    %jmp T_8.11;
T_8.8 ;
    %load/vec4 v0x12f304f20_0;
    %load/vec4 v0x12f314fe0_0;
    %or;
    %store/vec4 v0x12f315090_0, 0, 32;
    %jmp T_8.11;
T_8.9 ;
    %load/vec4 v0x12f304f20_0;
    %load/vec4 v0x12f314fe0_0;
    %and;
    %store/vec4 v0x12f315090_0, 0, 32;
    %jmp T_8.11;
T_8.11 ;
    %pop/vec4 1;
    %jmp T_8;
    .thread T_8, $push;
    .scope S_0x12f315260;
T_9 ;
    %wait E_0x12f315490;
    %load/vec4 v0x12f315710_0;
    %dup/vec4;
    %pushi/vec4 0, 0, 3;
    %cmp/x;
    %jmp/1 T_9.0, 4;
    %dup/vec4;
    %pushi/vec4 1, 0, 3;
    %cmp/x;
    %jmp/1 T_9.1, 4;
    %dup/vec4;
    %pushi/vec4 4, 0, 3;
    %cmp/x;
    %jmp/1 T_9.2, 4;
    %dup/vec4;
    %pushi/vec4 5, 0, 3;
    %cmp/x;
    %jmp/1 T_9.3, 4;
    %dup/vec4;
    %pushi/vec4 6, 0, 3;
    %cmp/x;
    %jmp/1 T_9.4, 4;
    %dup/vec4;
    %pushi/vec4 7, 0, 3;
    %cmp/x;
    %jmp/1 T_9.5, 4;
    %pushi/vec4 0, 0, 1;
    %store/vec4 v0x12f3154f0_0, 0, 1;
    %jmp T_9.7;
T_9.0 ;
    %load/vec4 v0x12f3155a0_0;
    %load/vec4 v0x12f315650_0;
    %cmp/e;
    %flag_get/vec4 4;
    %store/vec4 v0x12f3154f0_0, 0, 1;
    %jmp T_9.7;
T_9.1 ;
    %load/vec4 v0x12f3155a0_0;
    %load/vec4 v0x12f315650_0;
    %cmp/ne;
    %flag_get/vec4 4;
    %store/vec4 v0x12f3154f0_0, 0, 1;
    %jmp T_9.7;
T_9.2 ;
    %load/vec4 v0x12f3155a0_0;
    %load/vec4 v0x12f315650_0;
    %cmp/s;
    %flag_get/vec4 5;
    %store/vec4 v0x12f3154f0_0, 0, 1;
    %jmp T_9.7;
T_9.3 ;
    %load/vec4 v0x12f315650_0;
    %load/vec4 v0x12f3155a0_0;
    %cmp/s;
    %flag_get/vec4 4;
    %flag_get/vec4 5;
    %or;
    %store/vec4 v0x12f3154f0_0, 0, 1;
    %jmp T_9.7;
T_9.4 ;
    %load/vec4 v0x12f3155a0_0;
    %load/vec4 v0x12f315650_0;
    %cmp/u;
    %flag_get/vec4 5;
    %store/vec4 v0x12f3154f0_0, 0, 1;
    %jmp T_9.7;
T_9.5 ;
    %load/vec4 v0x12f315650_0;
    %load/vec4 v0x12f3155a0_0;
    %cmp/u;
    %flag_get/vec4 4;
    %flag_get/vec4 5;
    %or;
    %store/vec4 v0x12f3154f0_0, 0, 1;
    %jmp T_9.7;
T_9.7 ;
    %pop/vec4 1;
    %jmp T_9;
    .thread T_9, $push;
    .scope S_0x12f319330;
T_10 ;
    %wait E_0x12f3195d0;
    %load/vec4 v0x12f319f60_0;
    %dup/vec4;
    %pushi/vec4 0, 0, 2;
    %cmp/u;
    %jmp/1 T_10.0, 6;
    %dup/vec4;
    %pushi/vec4 1, 0, 2;
    %cmp/u;
    %jmp/1 T_10.1, 6;
    %dup/vec4;
    %pushi/vec4 2, 0, 2;
    %cmp/u;
    %jmp/1 T_10.2, 6;
    %pushi/vec4 0, 0, 1;
    %store/vec4 v0x12f31a0b0_0, 0, 1;
    %jmp T_10.4;
T_10.0 ;
    %pushi/vec4 0, 0, 1;
    %store/vec4 v0x12f31a0b0_0, 0, 1;
    %jmp T_10.4;
T_10.1 ;
    %load/vec4 v0x12f319e40_0;
    %parti/s 2, 0, 2;
    %dup/vec4;
    %pushi/vec4 0, 0, 2;
    %cmp/u;
    %jmp/1 T_10.5, 6;
    %dup/vec4;
    %pushi/vec4 1, 0, 2;
    %cmp/u;
    %jmp/1 T_10.6, 6;
    %dup/vec4;
    %pushi/vec4 2, 0, 2;
    %cmp/u;
    %jmp/1 T_10.7, 6;
    %dup/vec4;
    %pushi/vec4 3, 0, 2;
    %cmp/u;
    %jmp/1 T_10.8, 6;
    %pushi/vec4 0, 0, 1;
    %store/vec4 v0x12f31a0b0_0, 0, 1;
    %jmp T_10.10;
T_10.5 ;
    %pushi/vec4 0, 0, 1;
    %store/vec4 v0x12f31a0b0_0, 0, 1;
    %jmp T_10.10;
T_10.6 ;
    %pushi/vec4 0, 0, 1;
    %store/vec4 v0x12f31a0b0_0, 0, 1;
    %jmp T_10.10;
T_10.7 ;
    %pushi/vec4 0, 0, 1;
    %store/vec4 v0x12f31a0b0_0, 0, 1;
    %jmp T_10.10;
T_10.8 ;
    %pushi/vec4 1, 0, 1;
    %store/vec4 v0x12f31a0b0_0, 0, 1;
    %jmp T_10.10;
T_10.10 ;
    %pop/vec4 1;
    %jmp T_10.4;
T_10.2 ;
    %load/vec4 v0x12f319e40_0;
    %parti/s 2, 0, 2;
    %dup/vec4;
    %pushi/vec4 0, 0, 2;
    %cmp/u;
    %jmp/1 T_10.11, 6;
    %dup/vec4;
    %pushi/vec4 1, 0, 2;
    %cmp/u;
    %jmp/1 T_10.12, 6;
    %dup/vec4;
    %pushi/vec4 2, 0, 2;
    %cmp/u;
    %jmp/1 T_10.13, 6;
    %dup/vec4;
    %pushi/vec4 3, 0, 2;
    %cmp/u;
    %jmp/1 T_10.14, 6;
    %pushi/vec4 0, 0, 1;
    %store/vec4 v0x12f31a0b0_0, 0, 1;
    %jmp T_10.16;
T_10.11 ;
    %pushi/vec4 0, 0, 1;
    %store/vec4 v0x12f31a0b0_0, 0, 1;
    %jmp T_10.16;
T_10.12 ;
    %pushi/vec4 1, 0, 1;
    %store/vec4 v0x12f31a0b0_0, 0, 1;
    %jmp T_10.16;
T_10.13 ;
    %pushi/vec4 1, 0, 1;
    %store/vec4 v0x12f31a0b0_0, 0, 1;
    %jmp T_10.16;
T_10.14 ;
    %pushi/vec4 1, 0, 1;
    %store/vec4 v0x12f31a0b0_0, 0, 1;
    %jmp T_10.16;
T_10.16 ;
    %pop/vec4 1;
    %jmp T_10.4;
T_10.4 ;
    %pop/vec4 1;
    %jmp T_10;
    .thread T_10, $push;
    .scope S_0x12f319330;
T_11 ;
    %wait E_0x12f315b60;
    %load/vec4 v0x12f319e40_0;
    %parti/s 30, 2, 3;
    %concati/vec4 0, 0, 2;
    %assign/vec4 v0x12f31a3a0_0, 0;
    %load/vec4 v0x12f31a0b0_0;
    %load/vec4 v0x12f31a000_0;
    %load/vec4 v0x12f31a640_0;
    %or;
    %and;
    %flag_set/vec4 8;
    %jmp/0xz  T_11.0, 8;
    %load/vec4 v0x12f31a450_0;
    %inv;
    %assign/vec4 v0x12f31a450_0, 0;
    %jmp T_11.1;
T_11.0 ;
    %pushi/vec4 0, 0, 1;
    %assign/vec4 v0x12f31a450_0, 0;
T_11.1 ;
    %jmp T_11;
    .thread T_11;
    .scope S_0x12f319330;
T_12 ;
    %wait E_0x12f317cf0;
    %load/vec4 v0x12f31a450_0;
    %flag_set/vec4 8;
    %jmp/0xz  T_12.0, 8;
    %load/vec4 v0x12f31a3a0_0;
    %addi 4, 0, 32;
    %store/vec4 v0x12f31a140_0, 0, 32;
    %pushi/vec4 0, 0, 8;
    %load/vec4 v0x12f31a4f0_0;
    %parti/s 24, 32, 7;
    %concat/vec4; draw_concat_vec4
    %store/vec4 v0x12f31a2f0_0, 0, 32;
    %load/vec4 v0x12f31a640_0;
    %flag_set/vec4 8;
    %jmp/0xz  T_12.2, 8;
    %load/vec4 v0x12f319f60_0;
    %dup/vec4;
    %pushi/vec4 1, 0, 2;
    %cmp/u;
    %jmp/1 T_12.4, 6;
    %dup/vec4;
    %pushi/vec4 2, 0, 2;
    %cmp/u;
    %jmp/1 T_12.5, 6;
    %pushi/vec4 0, 0, 4;
    %store/vec4 v0x12f31a6e0_0, 0, 4;
    %jmp T_12.7;
T_12.4 ;
    %pushi/vec4 1, 0, 4;
    %store/vec4 v0x12f31a6e0_0, 0, 4;
    %jmp T_12.7;
T_12.5 ;
    %pushi/vec4 15, 0, 4;
    %load/vec4 v0x12f319e40_0;
    %parti/s 2, 0, 2;
    %ix/vec4 4;
    %shiftl 4;
    %inv;
    %store/vec4 v0x12f31a6e0_0, 0, 4;
    %jmp T_12.7;
T_12.7 ;
    %pop/vec4 1;
    %jmp T_12.3;
T_12.2 ;
    %pushi/vec4 0, 0, 4;
    %store/vec4 v0x12f31a6e0_0, 0, 4;
T_12.3 ;
    %jmp T_12.1;
T_12.0 ;
    %load/vec4 v0x12f319e40_0;
    %parti/s 30, 2, 3;
    %concati/vec4 0, 0, 2;
    %store/vec4 v0x12f31a140_0, 0, 32;
    %load/vec4 v0x12f31a4f0_0;
    %parti/s 32, 0, 2;
    %store/vec4 v0x12f31a2f0_0, 0, 32;
    %load/vec4 v0x12f31a640_0;
    %flag_set/vec4 8;
    %jmp/0xz  T_12.8, 8;
    %load/vec4 v0x12f319f60_0;
    %dup/vec4;
    %pushi/vec4 0, 0, 2;
    %cmp/u;
    %jmp/1 T_12.10, 6;
    %dup/vec4;
    %pushi/vec4 1, 0, 2;
    %cmp/u;
    %jmp/1 T_12.11, 6;
    %dup/vec4;
    %pushi/vec4 2, 0, 2;
    %cmp/u;
    %jmp/1 T_12.12, 6;
    %pushi/vec4 0, 0, 4;
    %store/vec4 v0x12f31a6e0_0, 0, 4;
    %jmp T_12.14;
T_12.10 ;
    %pushi/vec4 1, 0, 4;
    %load/vec4 v0x12f319e40_0;
    %parti/s 2, 0, 2;
    %ix/vec4 4;
    %shiftl 4;
    %store/vec4 v0x12f31a6e0_0, 0, 4;
    %jmp T_12.14;
T_12.11 ;
    %pushi/vec4 3, 0, 4;
    %load/vec4 v0x12f319e40_0;
    %parti/s 2, 0, 2;
    %ix/vec4 4;
    %shiftl 4;
    %store/vec4 v0x12f31a6e0_0, 0, 4;
    %jmp T_12.14;
T_12.12 ;
    %pushi/vec4 15, 0, 4;
    %load/vec4 v0x12f319e40_0;
    %parti/s 2, 0, 2;
    %ix/vec4 4;
    %shiftl 4;
    %store/vec4 v0x12f31a6e0_0, 0, 4;
    %jmp T_12.14;
T_12.14 ;
    %pop/vec4 1;
    %jmp T_12.9;
T_12.8 ;
    %pushi/vec4 0, 0, 4;
    %store/vec4 v0x12f31a6e0_0, 0, 4;
T_12.9 ;
T_12.1 ;
    %jmp T_12;
    .thread T_12, $push;
    .scope S_0x12f31a880;
T_13 ;
    %wait E_0x12f315b60;
    %load/vec4 v0x12f31b7e0_0;
    %assign/vec4 v0x12f31baa0_0, 0;
    %load/vec4 v0x12f31b5c0_0;
    %assign/vec4 v0x12f31b650_0, 0;
    %load/vec4 v0x12f31b650_0;
    %assign/vec4 v0x12f31bb50_0, 0;
    %jmp T_13;
    .thread T_13;
    .scope S_0x12f31a880;
T_14 ;
    %wait E_0x12f319ca0;
    %load/vec4 v0x12f31b890_0;
    %dup/vec4;
    %pushi/vec4 0, 0, 2;
    %cmp/u;
    %jmp/1 T_14.0, 6;
    %dup/vec4;
    %pushi/vec4 1, 0, 2;
    %cmp/u;
    %jmp/1 T_14.1, 6;
    %dup/vec4;
    %pushi/vec4 2, 0, 2;
    %cmp/u;
    %jmp/1 T_14.2, 6;
    %load/vec4 v0x12f31bbf0_0;
    %store/vec4 v0x12f31b9f0_0, 0, 32;
    %jmp T_14.4;
T_14.0 ;
    %load/vec4 v0x12f31bca0_0;
    %flag_set/vec4 8;
    %jmp/0xz  T_14.5, 8;
    %pushi/vec4 0, 0, 24;
    %load/vec4 v0x12f31bbf0_0;
    %parti/s 8, 0, 2;
    %concat/vec4; draw_concat_vec4
    %store/vec4 v0x12f31b9f0_0, 0, 32;
    %jmp T_14.6;
T_14.5 ;
    %load/vec4 v0x12f31bbf0_0;
    %parti/s 1, 7, 4;
    %replicate 24;
    %load/vec4 v0x12f31bbf0_0;
    %parti/s 8, 0, 2;
    %concat/vec4; draw_concat_vec4
    %store/vec4 v0x12f31b9f0_0, 0, 32;
T_14.6 ;
    %jmp T_14.4;
T_14.1 ;
    %load/vec4 v0x12f31bca0_0;
    %flag_set/vec4 8;
    %jmp/0xz  T_14.7, 8;
    %pushi/vec4 0, 0, 16;
    %load/vec4 v0x12f31bbf0_0;
    %parti/s 16, 0, 2;
    %concat/vec4; draw_concat_vec4
    %store/vec4 v0x12f31b9f0_0, 0, 32;
    %jmp T_14.8;
T_14.7 ;
    %load/vec4 v0x12f31bbf0_0;
    %parti/s 1, 15, 5;
    %replicate 16;
    %load/vec4 v0x12f31bbf0_0;
    %parti/s 16, 0, 2;
    %concat/vec4; draw_concat_vec4
    %store/vec4 v0x12f31b9f0_0, 0, 32;
T_14.8 ;
    %jmp T_14.4;
T_14.2 ;
    %load/vec4 v0x12f31bbf0_0;
    %store/vec4 v0x12f31b9f0_0, 0, 32;
    %jmp T_14.4;
T_14.4 ;
    %pop/vec4 1;
    %jmp T_14;
    .thread T_14, $push;
    .scope S_0x12f304af0;
T_15 ;
    %wait E_0x12f315b60;
    %load/vec4 v0x12f322110_0;
    %flag_set/vec4 8;
    %jmp/0xz  T_15.0, 8;
    %pushi/vec4 0, 0, 32;
    %assign/vec4 v0x12f321570_0, 0;
    %jmp T_15.1;
T_15.0 ;
    %load/vec4 v0x12f31ff90_0;
    %load/vec4 v0x12f321360_0;
    %or;
    %inv;
    %flag_set/vec4 8;
    %jmp/0xz  T_15.2, 8;
    %load/vec4 v0x12f322060_0;
    %assign/vec4 v0x12f321570_0, 0;
T_15.2 ;
T_15.1 ;
    %jmp T_15;
    .thread T_15;
    .scope S_0x12f304af0;
T_16 ;
    %wait E_0x12f315b60;
    %load/vec4 v0x12f322110_0;
    %load/vec4 v0x12f321360_0;
    %load/vec4 v0x12f31ff90_0;
    %inv;
    %and;
    %or;
    %load/vec4 v0x12f31f940_0;
    %or;
    %load/vec4 v0x12f320b40_0;
    %or;
    %flag_set/vec4 8;
    %jmp/0xz  T_16.0, 8;
    %pushi/vec4 0, 0, 12;
    %assign/vec4 v0x12f31fd70_0, 0;
    %pushi/vec4 0, 0, 5;
    %assign/vec4 v0x12f320730_0, 0;
    %pushi/vec4 0, 0, 3;
    %assign/vec4 v0x12f31fb80_0, 0;
    %pushi/vec4 0, 0, 5;
    %assign/vec4 v0x12f3205c0_0, 0;
    %pushi/vec4 0, 0, 32;
    %assign/vec4 v0x12f320480_0, 0;
    %pushi/vec4 0, 0, 32;
    %assign/vec4 v0x12f31f5a0_0, 0;
    %pushi/vec4 0, 0, 32;
    %assign/vec4 v0x12f31f640_0, 0;
    %pushi/vec4 0, 0, 32;
    %assign/vec4 v0x12f31fce0_0, 0;
    %pushi/vec4 0, 0, 1;
    %assign/vec4 v0x12f31f470_0, 0;
    %pushi/vec4 0, 0, 1;
    %assign/vec4 v0x12f31f700_0, 0;
    %pushi/vec4 0, 0, 4;
    %assign/vec4 v0x12f31f820_0, 0;
    %pushi/vec4 0, 0, 1;
    %assign/vec4 v0x12f320680_0, 0;
    %pushi/vec4 0, 0, 2;
    %assign/vec4 v0x12f3203f0_0, 0;
    %pushi/vec4 0, 0, 1;
    %assign/vec4 v0x12f31fe30_0, 0;
    %pushi/vec4 0, 0, 1;
    %assign/vec4 v0x12f31f9d0_0, 0;
    %pushi/vec4 0, 0, 1;
    %assign/vec4 v0x12f31fec0_0, 0;
    %pushi/vec4 0, 0, 1;
    %assign/vec4 v0x12f31f510_0, 0;
    %pushi/vec4 0, 0, 1;
    %assign/vec4 v0x12f320bd0_0, 0;
    %pushi/vec4 0, 0, 1;
    %assign/vec4 v0x12f31faf0_0, 0;
    %pushi/vec4 0, 0, 1;
    %assign/vec4 v0x12f3202d0_0, 0;
    %pushi/vec4 0, 0, 1;
    %assign/vec4 v0x12f31fc50_0, 0;
    %pushi/vec4 0, 0, 1;
    %assign/vec4 v0x12f320940_0, 0;
    %pushi/vec4 0, 0, 1;
    %assign/vec4 v0x12f320ab0_0, 0;
    %jmp T_16.1;
T_16.0 ;
    %load/vec4 v0x12f31ff90_0;
    %inv;
    %flag_set/vec4 8;
    %jmp/0xz  T_16.2, 8;
    %load/vec4 v0x12f321200_0;
    %parti/s 12, 20, 6;
    %assign/vec4 v0x12f31fd70_0, 0;
    %load/vec4 v0x12f321200_0;
    %parti/s 5, 15, 5;
    %assign/vec4 v0x12f320730_0, 0;
    %load/vec4 v0x12f321200_0;
    %parti/s 3, 12, 5;
    %assign/vec4 v0x12f31fb80_0, 0;
    %load/vec4 v0x12f321200_0;
    %parti/s 5, 7, 4;
    %assign/vec4 v0x12f3205c0_0, 0;
    %load/vec4 v0x12f321570_0;
    %assign/vec4 v0x12f320480_0, 0;
    %load/vec4 v0x12f321930_0;
    %assign/vec4 v0x12f31f5a0_0, 0;
    %load/vec4 v0x12f3219e0_0;
    %assign/vec4 v0x12f31f640_0, 0;
    %load/vec4 v0x12f321150_0;
    %assign/vec4 v0x12f31fce0_0, 0;
    %load/vec4 v0x12f320c80_0;
    %assign/vec4 v0x12f31f470_0, 0;
    %load/vec4 v0x12f320d30_0;
    %assign/vec4 v0x12f31f700_0, 0;
    %load/vec4 v0x12f320de0_0;
    %assign/vec4 v0x12f31f820_0, 0;
    %load/vec4 v0x12f321690_0;
    %assign/vec4 v0x12f320680_0, 0;
    %load/vec4 v0x12f320f40_0;
    %assign/vec4 v0x12f3203f0_0, 0;
    %load/vec4 v0x12f3212d0_0;
    %assign/vec4 v0x12f31fe30_0, 0;
    %load/vec4 v0x12f320e90_0;
    %assign/vec4 v0x12f31f9d0_0, 0;
    %load/vec4 v0x12f321410_0;
    %assign/vec4 v0x12f31fec0_0, 0;
    %load/vec4 v0x12f3218a0_0;
    %assign/vec4 v0x12f31f510_0, 0;
    %load/vec4 v0x12f321a90_0;
    %assign/vec4 v0x12f320bd0_0, 0;
    %load/vec4 v0x12f320ff0_0;
    %assign/vec4 v0x12f31faf0_0, 0;
    %load/vec4 v0x12f3214c0_0;
    %assign/vec4 v0x12f3202d0_0, 0;
    %load/vec4 v0x12f3210a0_0;
    %assign/vec4 v0x12f31fc50_0, 0;
    %load/vec4 v0x12f321740_0;
    %assign/vec4 v0x12f320940_0, 0;
    %load/vec4 v0x12f3217f0_0;
    %assign/vec4 v0x12f320ab0_0, 0;
T_16.2 ;
T_16.1 ;
    %jmp T_16;
    .thread T_16;
    .scope S_0x12f304af0;
T_17 ;
    %wait E_0x12f315b60;
    %load/vec4 v0x12f322110_0;
    %flag_set/vec4 8;
    %jmp/0xz  T_17.0, 8;
    %pushi/vec4 0, 0, 3;
    %assign/vec4 v0x12f321bd0_0, 0;
    %pushi/vec4 0, 0, 5;
    %assign/vec4 v0x12f321e70_0, 0;
    %pushi/vec4 0, 0, 32;
    %assign/vec4 v0x12f321b40_0, 0;
    %pushi/vec4 0, 0, 1;
    %assign/vec4 v0x12f321fb0_0, 0;
    %pushi/vec4 0, 0, 1;
    %assign/vec4 v0x12f321c60_0, 0;
    %jmp T_17.1;
T_17.0 ;
    %load/vec4 v0x12f31ff90_0;
    %inv;
    %flag_set/vec4 8;
    %jmp/0xz  T_17.2, 8;
    %load/vec4 v0x12f31fb80_0;
    %assign/vec4 v0x12f321bd0_0, 0;
    %load/vec4 v0x12f3205c0_0;
    %assign/vec4 v0x12f321e70_0, 0;
    %load/vec4 v0x12f320360_0;
    %assign/vec4 v0x12f321b40_0, 0;
    %load/vec4 v0x12f320680_0;
    %assign/vec4 v0x12f321fb0_0, 0;
    %load/vec4 v0x12f31fec0_0;
    %assign/vec4 v0x12f321c60_0, 0;
T_17.2 ;
T_17.1 ;
    %jmp T_17;
    .thread T_17;
    .scope S_0x12f304890;
T_18 ;
    %pushi/vec4 0, 0, 32;
    %store/vec4 v0x12f322250_0, 0, 32;
    %pushi/vec4 0, 0, 32;
    %store/vec4 v0x12f3222f0_0, 0, 32;
    %pushi/vec4 0, 0, 32;
    %store/vec4 v0x12f3226b0_0, 0, 32;
    %pushi/vec4 0, 0, 32;
    %store/vec4 v0x12f3223b0_0, 0, 32;
    %end;
    .thread T_18;
    .scope S_0x12f304890;
T_19 ;
    %vpi_call 2 21 "$dumpfile", "test.vcd" {0 0 0};
    %vpi_call 2 22 "$dumpvars", 32'sb00000000000000000000000000000000, S_0x12f304890 {0 0 0};
    %vpi_func 2 24 "$fopen" 32, "test_file_name.txt", "r" {0 0 0};
    %store/vec4 v0x12f322250_0, 0, 32;
    %vpi_func 2 25 "$fopen" 32, "test_result.txt", "w" {0 0 0};
    %store/vec4 v0x12f3222f0_0, 0, 32;
T_19.0 ;
    %vpi_func 2 26 "$feof" 32, v0x12f322250_0 {0 0 0};
    %cmpi/e 0, 0, 32;
    %jmp/0xz T_19.1, 4;
    %vpi_func 2 27 "$fscanf" 32, v0x12f322250_0, "%s\012", v0x12f322600_0 {0 0 0};
    %store/vec4 v0x12f322570_0, 0, 32;
    %load/vec4 v0x12f322600_0;
    %ix/getv/s 4, v0x12f3226b0_0;
    %store/vec4a v0x12f322760, 4, 0;
    %vpi_call 2 30 "$fdisplay", v0x12f3222f0_0, "%s", &A<v0x12f322760, v0x12f3226b0_0 > {0 0 0};
    %load/vec4 v0x12f3226b0_0;
    %addi 1, 0, 32;
    %store/vec4 v0x12f3226b0_0, 0, 32;
    %jmp T_19.0;
T_19.1 ;
    %vpi_call 2 33 "$fclose", v0x12f322250_0 {0 0 0};
    %load/vec4 v0x12f3226b0_0;
    %store/vec4 v0x12f3223b0_0, 0, 32;
    %pushi/vec4 0, 0, 32;
    %store/vec4 v0x12f3226b0_0, 0, 32;
    %vpi_call 2 36 "$fdisplay", v0x12f3222f0_0, "----------------------" {0 0 0};
    %vpi_call 2 37 "$fdisplay", v0x12f3222f0_0, "%s", &A<v0x12f322760, v0x12f3226b0_0 > {0 0 0};
    %vpi_call 2 38 "$readmemh", &A<v0x12f322760, v0x12f3226b0_0 >, v0x12f31c2b0 {0 0 0};
    %end;
    .thread T_19;
    .scope S_0x12f304890;
T_20 ;
    %pushi/vec4 0, 0, 1;
    %assign/vec4 v0x12f3221c0_0, 0;
    %pushi/vec4 1, 0, 1;
    %assign/vec4 v0x12f322460_0, 0;
    %delay 22000, 0;
    %pushi/vec4 0, 0, 1;
    %assign/vec4 v0x12f322460_0, 0;
    %end;
    .thread T_20;
    .scope S_0x12f304890;
T_21 ;
T_21.0 ;
    %delay 5000, 0;
    %load/vec4 v0x12f3221c0_0;
    %inv;
    %assign/vec4 v0x12f3221c0_0, 0;
    %jmp T_21.0;
    %end;
    .thread T_21;
    .scope S_0x12f304890;
T_22 ;
    %delay 4000, 0;
T_22.0 ;
    %delay 10000, 0;
    %vpi_call 2 59 "$fdisplay", v0x12f3222f0_0, "time:%d pc:%h inst:%h x1:%h x2:%h x3:%h x4:%h x5:%h x6:%h x7:%h", $realtime, v0x12f321570_0, v0x12f321200_0, &A<v0x12f31d7e0, 1>, &A<v0x12f31d7e0, 2>, &A<v0x12f31d7e0, 3>, &A<v0x12f31d7e0, 4>, &A<v0x12f31d7e0, 5>, &A<v0x12f31d7e0, 6>, &A<v0x12f31d7e0, 7> {0 0 0};
    %load/vec4 v0x12f321e70_0;
    %pushi/vec4 3, 0, 5;
    %cmp/e;
    %flag_get/vec4 4;
    %load/vec4 v0x12f321fb0_0;
    %pushi/vec4 1, 0, 1;
    %cmp/e;
    %flag_get/vec4 4;
    %and;
    %flag_set/vec4 8;
    %jmp/0xz  T_22.1, 8;
    %vpi_call 2 61 "$fdisplay", v0x12f3222f0_0, "gp:%d", v0x12f321f00_0 {0 0 0};
T_22.1 ;
    %load/vec4 v0x12f321570_0;
    %cmpi/e 68, 0, 32;
    %jmp/0xz  T_22.3, 4;
    %ix/load 4, 3, 0;
    %flag_set/imm 4, 0;
    %load/vec4a v0x12f31d7e0, 4;
    %cmpi/e 1, 0, 32;
    %jmp/0xz  T_22.5, 4;
    %vpi_call 2 65 "$fdisplay", v0x12f3222f0_0, "test pass" {0 0 0};
    %pushi/vec4 1, 0, 1;
    %ix/getv/s 4, v0x12f3226b0_0;
    %store/vec4a v0x12f322870, 4, 0;
    %jmp T_22.6;
T_22.5 ;
    %vpi_call 2 68 "$fdisplay", v0x12f3222f0_0, "test fail" {0 0 0};
    %pushi/vec4 0, 0, 1;
    %ix/getv/s 4, v0x12f3226b0_0;
    %store/vec4a v0x12f322870, 4, 0;
T_22.6 ;
    %load/vec4 v0x12f3226b0_0;
    %addi 1, 0, 32;
    %store/vec4 v0x12f3226b0_0, 0, 32;
    %load/vec4 v0x12f3226b0_0;
    %load/vec4 v0x12f3223b0_0;
    %cmp/e;
    %jmp/0xz  T_22.7, 4;
    %vpi_call 2 73 "$fdisplay", v0x12f3222f0_0, "----------------------" {0 0 0};
    %vpi_call 2 74 "$display", "----------------------" {0 0 0};
    %pushi/vec4 0, 0, 32;
    %store/vec4 v0x12f3226b0_0, 0, 32;
T_22.9 ;
    %load/vec4 v0x12f3226b0_0;
    %load/vec4 v0x12f3223b0_0;
    %cmp/s;
    %jmp/0xz T_22.10, 5;
    %ix/getv/s 4, v0x12f3226b0_0;
    %load/vec4a v0x12f322870, 4;
    %cmpi/e 1, 0, 1;
    %jmp/0xz  T_22.11, 4;
    %vpi_call 2 77 "$display", "%s  pass", &A<v0x12f322760, v0x12f3226b0_0 > {0 0 0};
    %vpi_call 2 78 "$fdisplay", v0x12f3222f0_0, "%s  pass", &A<v0x12f322760, v0x12f3226b0_0 > {0 0 0};
    %jmp T_22.12;
T_22.11 ;
    %vpi_call 2 80 "$display", "%s  fail", &A<v0x12f322760, v0x12f3226b0_0 > {0 0 0};
    %vpi_call 2 81 "$fdisplay", v0x12f3222f0_0, "%s  fail", &A<v0x12f322760, v0x12f3226b0_0 > {0 0 0};
T_22.12 ;
    %load/vec4 v0x12f3226b0_0;
    %addi 1, 0, 32;
    %store/vec4 v0x12f3226b0_0, 0, 32;
    %jmp T_22.9;
T_22.10 ;
    %vpi_call 2 84 "$fclose", v0x12f3222f0_0 {0 0 0};
    %vpi_call 2 85 "$finish" {0 0 0};
T_22.7 ;
    %vpi_call 2 87 "$fdisplay", v0x12f3222f0_0, "----------------------" {0 0 0};
    %vpi_call 2 88 "$fdisplay", v0x12f3222f0_0, "%s", &A<v0x12f322760, v0x12f3226b0_0 > {0 0 0};
    %pushi/vec4 1, 0, 1;
    %assign/vec4 v0x12f322460_0, 0;
    %delay 10000, 0;
    %vpi_call 2 91 "$readmemh", &A<v0x12f322760, v0x12f3226b0_0 >, v0x12f31c2b0 {0 0 0};
    %delay 10000, 0;
    %pushi/vec4 0, 0, 1;
    %assign/vec4 v0x12f322460_0, 0;
T_22.3 ;
    %jmp T_22.0;
    %end;
    .thread T_22;
    .scope S_0x12f304890;
T_23 ;
    %delay 1000000000, 0;
    %vpi_call 2 98 "$finish" {0 0 0};
    %end;
    .thread T_23;
# The file index is used to find the file name in the following table.
:file_names 12;
    "N/A";
    "<interactive>";
    "test_all.v";
    "core.v";
    "alu.v";
    "br_unit.v";
    "csr.v";
    "decoder.v";
    "ma_ctrl.v";
    "r_data_fmt.v";
    "ram.v";
    "reg_file.v";
