#! /opt/homebrew/Cellar/icarus-verilog/12.0/bin/vvp
:ivl_version "12.0 (stable)";
:ivl_delay_selection "TYPICAL";
:vpi_time_precision - 12;
:vpi_module "/opt/homebrew/Cellar/icarus-verilog/12.0/lib/ivl/system.vpi";
:vpi_module "/opt/homebrew/Cellar/icarus-verilog/12.0/lib/ivl/vhdl_sys.vpi";
:vpi_module "/opt/homebrew/Cellar/icarus-verilog/12.0/lib/ivl/vhdl_textio.vpi";
:vpi_module "/opt/homebrew/Cellar/icarus-verilog/12.0/lib/ivl/v2005_math.vpi";
:vpi_module "/opt/homebrew/Cellar/icarus-verilog/12.0/lib/ivl/va_math.vpi";
S_0x12c806ba0 .scope module, "test" "test" 2 7;
 .timescale -9 -12;
P_0x12c806610 .param/l "STEP" 0 2 8, +C4<00000000000000000000000000001010>;
v0x12c823930_0 .var "clk", 0 0;
v0x12c8239c0_0 .var/i "fd_r", 31 0;
v0x12c823a60_0 .var/i "fd_w", 31 0;
v0x12c823b20_0 .var/i "num_test_file", 31 0;
v0x12c823bd0_0 .var "rst", 0 0;
v0x12c823ce0_0 .var/i "rtn", 31 0;
v0x12c823d70_0 .var "test_file_name", 511 0;
v0x12c823e20_0 .var/i "test_file_num", 31 0;
v0x12c823ed0 .array "test_files", 127 0, 511 0;
v0x12c823fe0 .array "test_pass", 127 0, 0 0;
S_0x12c806d90 .scope module, "core_0" "core" 2 41, 3 4 0, S_0x12c806ba0;
 .timescale 0 0;
    .port_info 0 /INPUT 1 "clk";
    .port_info 1 /INPUT 1 "rst";
L_0x12c824070 .functor NOT 1, L_0x12c828160, C4<0>, C4<0>, C4<0>;
L_0x12c824100 .functor NOT 1, L_0x12c8255a0, C4<0>, C4<0>, C4<0>;
L_0x12c8241c0 .functor AND 1, L_0x12c824070, L_0x12c824100, C4<1>, C4<1>;
L_0x1200681c0 .functor BUFT 1, C4<0>, C4<0>, C4<0>, C4<0>;
L_0x12c825610 .functor XNOR 1, v0x12c8220d0_0, L_0x1200681c0, C4<0>, C4<0>;
L_0x120068208 .functor BUFT 1, C4<0>, C4<0>, C4<0>, C4<0>;
L_0x12c825720 .functor XNOR 1, v0x12c822240_0, L_0x120068208, C4<0>, C4<0>;
L_0x120068400 .functor BUFT 1, C4<0>, C4<0>, C4<0>, C4<0>;
L_0x12c826bc0 .functor XNOR 1, v0x12c820c90_0, L_0x120068400, C4<0>, C4<0>;
L_0x120068448 .functor BUFT 1, C4<0>, C4<0>, C4<0>, C4<0>;
L_0x12c826d90 .functor XNOR 1, v0x12c820f20_0, L_0x120068448, C4<0>, C4<0>;
L_0x12c827060 .functor AND 1, v0x12c8211f0_0, v0x12c8175e0_0, C4<1>, C4<1>;
L_0x12c8270d0 .functor OR 1, v0x12c821660_0, L_0x12c827060, C4<0>, C4<0>;
L_0x12c8271d0 .functor OR 1, v0x12c821310_0, v0x12c821490_0, C4<0>, C4<0>;
v0x12c81f5d0_0 .net *"_ivl_0", 0 0, L_0x12c824070;  1 drivers
v0x12c81f690_0 .net/2u *"_ivl_10", 0 0, L_0x1200681c0;  1 drivers
v0x12c81f730_0 .net *"_ivl_12", 0 0, L_0x12c825610;  1 drivers
v0x12c81f7c0_0 .net/2u *"_ivl_16", 0 0, L_0x120068208;  1 drivers
v0x12c81f860_0 .net *"_ivl_18", 0 0, L_0x12c825720;  1 drivers
v0x12c81f940_0 .net *"_ivl_2", 0 0, L_0x12c824100;  1 drivers
L_0x1200683b8 .functor BUFT 1, C4<00000000000000000000000000000100>, C4<0>, C4<0>, C4<0>;
v0x12c81f9f0_0 .net/2u *"_ivl_22", 31 0, L_0x1200683b8;  1 drivers
v0x12c81faa0_0 .net/2u *"_ivl_26", 0 0, L_0x120068400;  1 drivers
v0x12c81fb50_0 .net *"_ivl_28", 0 0, L_0x12c826bc0;  1 drivers
v0x12c81fc60_0 .net/2u *"_ivl_32", 0 0, L_0x120068448;  1 drivers
v0x12c81fd00_0 .net *"_ivl_34", 0 0, L_0x12c826d90;  1 drivers
v0x12c81fda0_0 .net *"_ivl_38", 0 0, L_0x12c827060;  1 drivers
L_0x120068490 .functor BUFT 1, C4<00>, C4<0>, C4<0>, C4<0>;
v0x12c81fe50_0 .net/2u *"_ivl_44", 1 0, L_0x120068490;  1 drivers
v0x12c81ff00_0 .net *"_ivl_46", 0 0, L_0x12c827380;  1 drivers
L_0x1200684d8 .functor BUFT 1, C4<01>, C4<0>, C4<0>, C4<0>;
v0x12c81ffa0_0 .net/2u *"_ivl_48", 1 0, L_0x1200684d8;  1 drivers
v0x12c820050_0 .net *"_ivl_50", 0 0, L_0x12c827420;  1 drivers
L_0x120068520 .functor BUFT 1, C4<10>, C4<0>, C4<0>, C4<0>;
v0x12c8200f0_0 .net/2u *"_ivl_52", 1 0, L_0x120068520;  1 drivers
v0x12c820280_0 .net *"_ivl_54", 0 0, L_0x12c827590;  1 drivers
v0x12c820310_0 .net *"_ivl_56", 31 0, L_0x12c827630;  1 drivers
v0x12c8203b0_0 .net *"_ivl_58", 31 0, L_0x12c827770;  1 drivers
L_0x1200686d0 .functor BUFT 1, C4<00000000000000000000000000000100>, C4<0>, C4<0>, C4<0>;
v0x12c820460_0 .net/2u *"_ivl_72", 31 0, L_0x1200686d0;  1 drivers
L_0x120068718 .functor BUFT 1, C4<00000000000000000000000000000000>, C4<0>, C4<0>, C4<0>;
v0x12c820510_0 .net/2u *"_ivl_76", 31 0, L_0x120068718;  1 drivers
v0x12c8205c0_0 .net *"_ivl_79", 29 0, L_0x12c828eb0;  1 drivers
L_0x120068760 .functor BUFT 1, C4<00>, C4<0>, C4<0>, C4<0>;
v0x12c820670_0 .net/2u *"_ivl_80", 1 0, L_0x120068760;  1 drivers
v0x12c820720_0 .net *"_ivl_82", 31 0, L_0x12c828f50;  1 drivers
v0x12c8207d0_0 .net *"_ivl_85", 29 0, L_0x12c828e10;  1 drivers
L_0x1200687a8 .functor BUFT 1, C4<00>, C4<0>, C4<0>, C4<0>;
v0x12c820880_0 .net/2u *"_ivl_86", 1 0, L_0x1200687a8;  1 drivers
v0x12c820930_0 .net *"_ivl_88", 31 0, L_0x12c8290e0;  1 drivers
v0x12c8209e0_0 .net *"_ivl_90", 31 0, L_0x12c8292e0;  1 drivers
v0x12c820a90_0 .net *"_ivl_92", 31 0, L_0x12c8293c0;  1 drivers
v0x12c820b40_0 .net "clk", 0 0, v0x12c823930_0;  1 drivers
v0x12c820bd0_0 .net "e_alu_in1", 31 0, L_0x12c826c70;  1 drivers
v0x12c820c90_0 .var "e_alu_in1_sel", 0 0;
v0x12c820180_0 .net "e_alu_in2", 31 0, L_0x12c826e80;  1 drivers
v0x12c820f20_0 .var "e_alu_in2_sel", 0 0;
v0x12c820fb0_0 .net "e_alu_out", 31 0, v0x12c817180_0;  1 drivers
v0x12c821040_0 .var "e_alu_sel", 3 0;
v0x12c8210d0_0 .net "e_br_en", 0 0, v0x12c8175e0_0;  1 drivers
v0x12c821160_0 .net "e_br_pred_miss", 0 0, L_0x12c8270d0;  1 drivers
v0x12c8211f0_0 .var "e_branch", 0 0;
v0x12c821280_0 .net "e_csr_r_data", 31 0, v0x12c8196c0_0;  1 drivers
v0x12c821310_0 .var "e_ecall", 0 0;
v0x12c8213c0_0 .var "e_funct3", 2 0;
v0x12c821490_0 .var "e_illegal_inst", 0 0;
v0x12c821520_0 .var "e_imm", 31 0;
v0x12c8215b0_0 .var "e_inst_31_20", 11 0;
v0x12c821660_0 .var "e_jump", 0 0;
v0x12c8216f0_0 .var "e_load", 0 0;
v0x12c8217c0_0 .net "e_ma_stall", 0 0, L_0x12c828160;  1 drivers
v0x12c821850_0 .net "e_mem_rw_addr", 31 0, v0x12c81c230_0;  1 drivers
v0x12c821920_0 .net "e_mem_w_data", 31 0, v0x12c81c3e0_0;  1 drivers
v0x12c821a00_0 .net "e_mem_we", 3 0, v0x12c81c720_0;  1 drivers
v0x12c821ad0_0 .var "e_mret", 0 0;
v0x12c821b60_0 .net "e_out", 31 0, L_0x12c8278d0;  1 drivers
v0x12c821bf0_0 .var "e_out_sel", 1 0;
v0x12c821c80_0 .var "e_pc", 31 0;
v0x12c821d40_0 .net "e_pc_plus4", 31 0, L_0x12c826ac0;  1 drivers
v0x12c821de0_0 .var "e_rd_addr", 4 0;
v0x12c821ea0_0 .var "e_reg_we", 0 0;
v0x12c821f50_0 .var "e_rs1_addr", 4 0;
v0x12c822000_0 .net "e_rs1_data", 31 0, L_0x12c825680;  1 drivers
v0x12c8220d0_0 .var "e_rs1_sel", 0 0;
v0x12c822160_0 .net "e_rs2_data", 31 0, L_0x12c825860;  1 drivers
v0x12c822240_0 .var "e_rs2_sel", 0 0;
v0x12c8222d0_0 .var "e_store", 0 0;
v0x12c820d20_0 .var "e_tmp_rs1_data", 31 0;
v0x12c820db0_0 .var "e_tmp_rs2_data", 31 0;
v0x12c820e60_0 .net "e_trap", 0 0, L_0x12c8271d0;  1 drivers
v0x12c822360_0 .var "e_zicsr", 0 0;
v0x12c8223f0_0 .net "fd_alu_in1_sel", 0 0, v0x12c81a110_0;  1 drivers
v0x12c8224a0_0 .net "fd_alu_in2_sel", 0 0, v0x12c81a1c0_0;  1 drivers
v0x12c822550_0 .net "fd_alu_sel", 3 0, v0x12c81a260_0;  1 drivers
v0x12c822600_0 .net "fd_branch", 0 0, v0x12c81a2f0_0;  1 drivers
v0x12c8226b0_0 .net "fd_e_out_sel", 1 0, v0x12c81a450_0;  1 drivers
v0x12c822760_0 .net "fd_ecall", 0 0, v0x12c81a640_0;  1 drivers
v0x12c822810_0 .net "fd_illegal_inst", 0 0, v0x12c81a750_0;  1 drivers
v0x12c8228c0_0 .net "fd_imm", 31 0, v0x12c81a7e0_0;  1 drivers
v0x12c822970_0 .net "fd_inst", 31 0, v0x12c81dbb0_0;  1 drivers
v0x12c822a40_0 .net "fd_jump", 0 0, v0x12c81a940_0;  1 drivers
v0x12c822ad0_0 .net "fd_lduse", 0 0, L_0x12c8255a0;  1 drivers
v0x12c822b80_0 .net "fd_load", 0 0, v0x12c81abc0_0;  1 drivers
v0x12c822c30_0 .net "fd_mret", 0 0, v0x12c81ad50_0;  1 drivers
v0x12c822ce0_0 .var "fd_pc", 31 0;
v0x12c822d70_0 .net "fd_pc_plus4", 31 0, L_0x12c828d10;  1 drivers
v0x12c822e00_0 .net "fd_reg_we", 0 0, v0x12c81ade0_0;  1 drivers
v0x12c822eb0_0 .net "fd_rs1_sel", 0 0, v0x12c81ae70_0;  1 drivers
v0x12c822f60_0 .net "fd_rs2_sel", 0 0, v0x12c81af00_0;  1 drivers
v0x12c823010_0 .net "fd_store", 0 0, v0x12c81afa0_0;  1 drivers
v0x12c8230a0_0 .net "fd_tmp_rs1_data", 31 0, L_0x12c8249e0;  1 drivers
v0x12c823150_0 .net "fd_tmp_rs2_data", 31 0, L_0x12c825140;  1 drivers
v0x12c823200_0 .net "fd_zicsr", 0 0, v0x12c81b180_0;  1 drivers
v0x12c8232b0_0 .var "mw_e_out", 31 0;
v0x12c823340_0 .var "mw_funct3", 2 0;
v0x12c8233d0_0 .var "mw_load", 0 0;
v0x12c823460_0 .net "mw_mem_fmt_r_data", 31 0, v0x12c81d280_0;  1 drivers
v0x12c823510_0 .net "mw_mem_raw_r_data", 31 0, v0x12c81dc40_0;  1 drivers
v0x12c8235e0_0 .var "mw_rd_addr", 4 0;
v0x12c823670_0 .net "mw_rd_data", 31 0, L_0x12c828bf0;  1 drivers
v0x12c823720_0 .var "mw_reg_we", 0 0;
v0x12c8237d0_0 .net "next_pc", 31 0, L_0x12c829530;  1 drivers
v0x12c823880_0 .net "rst", 0 0, v0x12c823bd0_0;  1 drivers
L_0x12c8252e0 .part v0x12c81dbb0_0, 15, 5;
L_0x12c825400 .part v0x12c81dbb0_0, 20, 5;
L_0x12c825680 .functor MUXZ 32, v0x12c8232b0_0, v0x12c820d20_0, L_0x12c825610, C4<>;
L_0x12c825860 .functor MUXZ 32, v0x12c8232b0_0, v0x12c820db0_0, L_0x12c825720, C4<>;
L_0x12c826ac0 .arith/sum 32, v0x12c821c80_0, L_0x1200683b8;
L_0x12c826c70 .functor MUXZ 32, v0x12c821c80_0, L_0x12c825680, L_0x12c826bc0, C4<>;
L_0x12c826e80 .functor MUXZ 32, v0x12c821520_0, L_0x12c825860, L_0x12c826d90, C4<>;
L_0x12c827380 .cmp/eq 2, v0x12c821bf0_0, L_0x120068490;
L_0x12c827420 .cmp/eq 2, v0x12c821bf0_0, L_0x1200684d8;
L_0x12c827590 .cmp/eq 2, v0x12c821bf0_0, L_0x120068520;
L_0x12c827630 .functor MUXZ 32, v0x12c8196c0_0, L_0x12c826ac0, L_0x12c827590, C4<>;
L_0x12c827770 .functor MUXZ 32, L_0x12c827630, v0x12c821520_0, L_0x12c827420, C4<>;
L_0x12c8278d0 .functor MUXZ 32, L_0x12c827770, v0x12c817180_0, L_0x12c827380, C4<>;
L_0x12c828270 .part v0x12c8213c0_0, 0, 2;
L_0x12c8288c0 .part v0x12c8232b0_0, 0, 2;
L_0x12c828a20 .part v0x12c823340_0, 0, 2;
L_0x12c828ac0 .part v0x12c823340_0, 2, 1;
L_0x12c828bf0 .functor MUXZ 32, v0x12c8232b0_0, v0x12c81d280_0, v0x12c8233d0_0, C4<>;
L_0x12c828d10 .arith/sum 32, v0x12c822ce0_0, L_0x1200686d0;
L_0x12c828eb0 .part v0x12c817180_0, 2, 30;
L_0x12c828f50 .concat [ 2 30 0 0], L_0x120068760, L_0x12c828eb0;
L_0x12c828e10 .part v0x12c8196c0_0, 2, 30;
L_0x12c8290e0 .concat [ 2 30 0 0], L_0x1200687a8, L_0x12c828e10;
L_0x12c8292e0 .functor MUXZ 32, L_0x12c828d10, L_0x12c8290e0, L_0x12c8271d0, C4<>;
L_0x12c8293c0 .functor MUXZ 32, L_0x12c8292e0, L_0x12c828f50, L_0x12c8270d0, C4<>;
L_0x12c829530 .functor MUXZ 32, L_0x12c8293c0, L_0x120068718, v0x12c823bd0_0, C4<>;
S_0x12c806f00 .scope module, "alu_0" "alu" 3 214, 4 4 0, S_0x12c806d90;
 .timescale 0 0;
    .port_info 0 /INPUT 32 "in1";
    .port_info 1 /INPUT 32 "in2";
    .port_info 2 /INPUT 4 "sel";
    .port_info 3 /OUTPUT 32 "out";
v0x12c807120_0 .net/s "in1", 31 0, L_0x12c826c70;  alias, 1 drivers
v0x12c8170d0_0 .net/s "in2", 31 0, L_0x12c826e80;  alias, 1 drivers
v0x12c817180_0 .var "out", 31 0;
v0x12c817240_0 .net "sel", 3 0, v0x12c821040_0;  1 drivers
E_0x12c805ff0 .event anyedge, v0x12c817240_0, v0x12c807120_0, v0x12c8170d0_0;
S_0x12c817350 .scope module, "br_unit_0" "br_unit" 3 223, 5 4 0, S_0x12c806d90;
 .timescale 0 0;
    .port_info 0 /INPUT 32 "in1";
    .port_info 1 /INPUT 32 "in2";
    .port_info 2 /INPUT 3 "sel";
    .port_info 3 /OUTPUT 1 "br_en";
v0x12c8175e0_0 .var "br_en", 0 0;
v0x12c817690_0 .net/s "in1", 31 0, L_0x12c825680;  alias, 1 drivers
v0x12c817740_0 .net/s "in2", 31 0, L_0x12c825860;  alias, 1 drivers
v0x12c817800_0 .net "sel", 2 0, v0x12c8213c0_0;  1 drivers
E_0x12c817580 .event anyedge, v0x12c817800_0, v0x12c817690_0, v0x12c817740_0;
S_0x12c817910 .scope module, "csr_0" "csr" 3 188, 6 7 0, S_0x12c806d90;
 .timescale 0 0;
    .port_info 0 /INPUT 12 "addr";
    .port_info 1 /INPUT 5 "uimm";
    .port_info 2 /INPUT 32 "rs1_data";
    .port_info 3 /INPUT 32 "pc";
    .port_info 4 /INPUT 3 "funct3";
    .port_info 5 /INPUT 1 "zicsr";
    .port_info 6 /INPUT 1 "illegal_inst";
    .port_info 7 /INPUT 1 "ecall";
    .port_info 8 /INPUT 1 "mret";
    .port_info 9 /INPUT 1 "rst";
    .port_info 10 /INPUT 1 "clk";
    .port_info 11 /OUTPUT 32 "r_data";
L_0x120068250 .functor BUFT 1, C4<0>, C4<0>, C4<0>, C4<0>;
L_0x12c825aa0 .functor XNOR 1, L_0x12c825980, L_0x120068250, C4<0>, C4<0>;
L_0x12c826260 .functor OR 32, v0x12c8196c0_0, L_0x12c825c90, C4<00000000000000000000000000000000>, C4<00000000000000000000000000000000>;
L_0x12c826560 .functor NOT 32, L_0x12c825c90, C4<00000000000000000000000000000000>, C4<00000000000000000000000000000000>, C4<00000000000000000000000000000000>;
L_0x12c8265d0 .functor AND 32, v0x12c8196c0_0, L_0x12c826560, C4<11111111111111111111111111111111>, C4<11111111111111111111111111111111>;
v0x12c817d40_0 .net *"_ivl_1", 0 0, L_0x12c825980;  1 drivers
v0x12c817e00_0 .net *"_ivl_13", 1 0, L_0x12c825e30;  1 drivers
L_0x1200682e0 .functor BUFT 1, C4<01>, C4<0>, C4<0>, C4<0>;
v0x12c817eb0_0 .net/2u *"_ivl_14", 1 0, L_0x1200682e0;  1 drivers
v0x12c817f70_0 .net *"_ivl_16", 0 0, L_0x12c825f50;  1 drivers
v0x12c818010_0 .net *"_ivl_19", 1 0, L_0x12c826060;  1 drivers
v0x12c818100_0 .net/2u *"_ivl_2", 0 0, L_0x120068250;  1 drivers
L_0x120068328 .functor BUFT 1, C4<10>, C4<0>, C4<0>, C4<0>;
v0x12c8181b0_0 .net/2u *"_ivl_20", 1 0, L_0x120068328;  1 drivers
v0x12c818260_0 .net *"_ivl_22", 0 0, L_0x12c826100;  1 drivers
v0x12c818300_0 .net *"_ivl_24", 31 0, L_0x12c826260;  1 drivers
v0x12c818410_0 .net *"_ivl_27", 1 0, L_0x12c826350;  1 drivers
L_0x120068370 .functor BUFT 1, C4<11>, C4<0>, C4<0>, C4<0>;
v0x12c8184c0_0 .net/2u *"_ivl_28", 1 0, L_0x120068370;  1 drivers
v0x12c818570_0 .net *"_ivl_30", 0 0, L_0x12c8263f0;  1 drivers
v0x12c818610_0 .net *"_ivl_32", 31 0, L_0x12c826560;  1 drivers
v0x12c8186c0_0 .net *"_ivl_34", 31 0, L_0x12c8265d0;  1 drivers
v0x12c818770_0 .net *"_ivl_36", 31 0, L_0x12c826640;  1 drivers
v0x12c818820_0 .net *"_ivl_38", 31 0, L_0x12c8267a0;  1 drivers
v0x12c8188d0_0 .net *"_ivl_4", 0 0, L_0x12c825aa0;  1 drivers
L_0x120068298 .functor BUFT 1, C4<000000000000000000000000000>, C4<0>, C4<0>, C4<0>;
v0x12c818a60_0 .net/2u *"_ivl_6", 26 0, L_0x120068298;  1 drivers
v0x12c818af0_0 .net *"_ivl_8", 31 0, L_0x12c825b50;  1 drivers
v0x12c818b90_0 .net "addr", 11 0, v0x12c8215b0_0;  1 drivers
v0x12c818c40_0 .net "clk", 0 0, v0x12c823930_0;  alias, 1 drivers
v0x12c818ce0_0 .net "ecall", 0 0, v0x12c821310_0;  1 drivers
v0x12c818d80_0 .net "funct3", 2 0, v0x12c8213c0_0;  alias, 1 drivers
v0x12c818e40_0 .net "illegal_inst", 0 0, v0x12c821490_0;  1 drivers
v0x12c818ed0_0 .var "mcause", 31 0;
v0x12c818f60_0 .var "mepc", 31 0;
v0x12c818ff0_0 .net "mret", 0 0, v0x12c821ad0_0;  1 drivers
v0x12c819080_0 .var "mscratch", 31 0;
v0x12c819110_0 .var "mstatus_mie", 0 0;
v0x12c8191a0_0 .var "mstatus_mpie", 0 0;
v0x12c819240_0 .var "mstatus_mpp", 1 0;
v0x12c8192f0_0 .var "mtvec", 31 0;
v0x12c8193a0_0 .net "operand", 31 0, L_0x12c825c90;  1 drivers
v0x12c818980_0 .net "pc", 31 0, v0x12c821c80_0;  1 drivers
v0x12c819630_0 .var "privilege_mode", 1 0;
v0x12c8196c0_0 .var "r_data", 31 0;
v0x12c819760_0 .net "rs1_data", 31 0, L_0x12c825680;  alias, 1 drivers
v0x12c819820_0 .net "rst", 0 0, v0x12c823bd0_0;  alias, 1 drivers
v0x12c8198b0_0 .net "uimm", 4 0, v0x12c821f50_0;  1 drivers
v0x12c819960_0 .net "w_data", 31 0, L_0x12c826920;  1 drivers
v0x12c819a10_0 .net "zicsr", 0 0, v0x12c822360_0;  1 drivers
E_0x12c817c50 .event posedge, v0x12c818c40_0;
E_0x12c817ca0/0 .event anyedge, v0x12c819a10_0, v0x12c818b90_0, v0x12c819240_0, v0x12c8191a0_0;
E_0x12c817ca0/1 .event anyedge, v0x12c819110_0, v0x12c8192f0_0, v0x12c819080_0, v0x12c818f60_0;
E_0x12c817ca0/2 .event anyedge, v0x12c818ed0_0, v0x12c818e40_0, v0x12c818ce0_0, v0x12c818ff0_0;
E_0x12c817ca0 .event/or E_0x12c817ca0/0, E_0x12c817ca0/1, E_0x12c817ca0/2;
L_0x12c825980 .part v0x12c8213c0_0, 2, 1;
L_0x12c825b50 .concat [ 5 27 0 0], v0x12c821f50_0, L_0x120068298;
L_0x12c825c90 .functor MUXZ 32, L_0x12c825b50, L_0x12c825680, L_0x12c825aa0, C4<>;
L_0x12c825e30 .part v0x12c8213c0_0, 0, 2;
L_0x12c825f50 .cmp/eq 2, L_0x12c825e30, L_0x1200682e0;
L_0x12c826060 .part v0x12c8213c0_0, 0, 2;
L_0x12c826100 .cmp/eq 2, L_0x12c826060, L_0x120068328;
L_0x12c826350 .part v0x12c8213c0_0, 0, 2;
L_0x12c8263f0 .cmp/eq 2, L_0x12c826350, L_0x120068370;
L_0x12c826640 .functor MUXZ 32, v0x12c8196c0_0, L_0x12c8265d0, L_0x12c8263f0, C4<>;
L_0x12c8267a0 .functor MUXZ 32, L_0x12c826640, L_0x12c826260, L_0x12c826100, C4<>;
L_0x12c826920 .functor MUXZ 32, L_0x12c8267a0, L_0x12c825c90, L_0x12c825f50, C4<>;
S_0x12c819bd0 .scope module, "decoder_0" "decoder" 3 78, 7 4 0, S_0x12c806d90;
 .timescale 0 0;
    .port_info 0 /INPUT 32 "inst";
    .port_info 1 /INPUT 5 "e_rd_addr";
    .port_info 2 /INPUT 1 "e_reg_we";
    .port_info 3 /INPUT 1 "e_load";
    .port_info 4 /OUTPUT 32 "imm";
    .port_info 5 /OUTPUT 1 "alu_in1_sel";
    .port_info 6 /OUTPUT 1 "alu_in2_sel";
    .port_info 7 /OUTPUT 4 "alu_sel";
    .port_info 8 /OUTPUT 1 "reg_we";
    .port_info 9 /OUTPUT 2 "e_out_sel";
    .port_info 10 /OUTPUT 1 "jump";
    .port_info 11 /OUTPUT 1 "branch";
    .port_info 12 /OUTPUT 1 "load";
    .port_info 13 /OUTPUT 1 "store";
    .port_info 14 /OUTPUT 1 "zicsr";
    .port_info 15 /OUTPUT 1 "ecall";
    .port_info 16 /OUTPUT 1 "illegal_inst";
    .port_info 17 /OUTPUT 1 "mret";
    .port_info 18 /OUTPUT 1 "rs1_sel";
    .port_info 19 /OUTPUT 1 "rs2_sel";
    .port_info 20 /OUTPUT 1 "lduse";
L_0x12c8255a0 .functor OR 1, v0x12c81aa80_0, v0x12c81ab20_0, C4<0>, C4<0>;
v0x12c81a110_0 .var "alu_in1_sel", 0 0;
v0x12c81a1c0_0 .var "alu_in2_sel", 0 0;
v0x12c81a260_0 .var "alu_sel", 3 0;
v0x12c81a2f0_0 .var "branch", 0 0;
v0x12c81a380_0 .net "e_load", 0 0, v0x12c8216f0_0;  1 drivers
v0x12c81a450_0 .var "e_out_sel", 1 0;
v0x12c81a4f0_0 .net "e_rd_addr", 4 0, v0x12c821de0_0;  1 drivers
v0x12c81a5a0_0 .net "e_reg_we", 0 0, v0x12c821ea0_0;  1 drivers
v0x12c81a640_0 .var "ecall", 0 0;
v0x12c81a750_0 .var "illegal_inst", 0 0;
v0x12c81a7e0_0 .var "imm", 31 0;
v0x12c81a890_0 .net "inst", 31 0, v0x12c81dbb0_0;  alias, 1 drivers
v0x12c81a940_0 .var "jump", 0 0;
v0x12c81a9e0_0 .net "lduse", 0 0, L_0x12c8255a0;  alias, 1 drivers
v0x12c81aa80_0 .var "lduse_rs1", 0 0;
v0x12c81ab20_0 .var "lduse_rs2", 0 0;
v0x12c81abc0_0 .var "load", 0 0;
v0x12c81ad50_0 .var "mret", 0 0;
v0x12c81ade0_0 .var "reg_we", 0 0;
v0x12c81ae70_0 .var "rs1_sel", 0 0;
v0x12c81af00_0 .var "rs2_sel", 0 0;
v0x12c81afa0_0 .var "store", 0 0;
v0x12c81b040_0 .var "use_rs1", 0 0;
v0x12c81b0e0_0 .var "use_rs2", 0 0;
v0x12c81b180_0 .var "zicsr", 0 0;
E_0x12c81a040/0 .event anyedge, v0x12c81b040_0, v0x12c81a5a0_0, v0x12c81a4f0_0, v0x12c81a890_0;
E_0x12c81a040/1 .event anyedge, v0x12c81a380_0, v0x12c81b0e0_0;
E_0x12c81a040 .event/or E_0x12c81a040/0, E_0x12c81a040/1;
E_0x12c81a0c0 .event anyedge, v0x12c81a890_0;
S_0x12c81b420 .scope module, "ma_ctrl_0" "ma_ctrl" 3 241, 8 4 0, S_0x12c806d90;
 .timescale 0 0;
    .port_info 0 /INPUT 32 "in_addr";
    .port_info 1 /INPUT 32 "in_data";
    .port_info 2 /INPUT 2 "len";
    .port_info 3 /INPUT 1 "load";
    .port_info 4 /INPUT 1 "store";
    .port_info 5 /INPUT 1 "clk";
    .port_info 6 /OUTPUT 32 "out_addr";
    .port_info 7 /OUTPUT 32 "out_data";
    .port_info 8 /OUTPUT 4 "we";
    .port_info 9 /OUTPUT 1 "stall";
L_0x12c827f70 .functor NOT 1, v0x12c81c490_0, C4<0>, C4<0>, C4<0>;
L_0x12c827fe0 .functor AND 1, L_0x12c827f70, v0x12c81c1a0_0, C4<1>, C4<1>;
L_0x12c828090 .functor OR 1, v0x12c8216f0_0, v0x12c8222d0_0, C4<0>, C4<0>;
L_0x12c828160 .functor AND 1, L_0x12c827fe0, L_0x12c828090, C4<1>, C4<1>;
L_0x120068568 .functor BUFT 1, C4<000000000000000000000000>, C4<0>, C4<0>, C4<0>;
v0x12c81b700_0 .net/2u *"_ivl_0", 23 0, L_0x120068568;  1 drivers
L_0x1200685f8 .functor BUFT 1, C4<00000000000000000000000000001000>, C4<0>, C4<0>, C4<0>;
v0x12c81b7c0_0 .net/2u *"_ivl_10", 31 0, L_0x1200685f8;  1 drivers
v0x12c81b860_0 .net *"_ivl_13", 31 0, L_0x12c827d00;  1 drivers
v0x12c81b910_0 .net *"_ivl_16", 0 0, L_0x12c827f70;  1 drivers
v0x12c81b9c0_0 .net *"_ivl_18", 0 0, L_0x12c827fe0;  1 drivers
v0x12c81bab0_0 .net *"_ivl_2", 55 0, L_0x12c827a20;  1 drivers
v0x12c81bb60_0 .net *"_ivl_20", 0 0, L_0x12c828090;  1 drivers
v0x12c81bc10_0 .net *"_ivl_5", 1 0, L_0x12c827b00;  1 drivers
v0x12c81bcc0_0 .net *"_ivl_6", 31 0, L_0x12c827c20;  1 drivers
L_0x1200685b0 .functor BUFT 1, C4<000000000000000000000000000000>, C4<0>, C4<0>, C4<0>;
v0x12c81bdd0_0 .net *"_ivl_9", 29 0, L_0x1200685b0;  1 drivers
v0x12c81be80_0 .net "clk", 0 0, v0x12c823930_0;  alias, 1 drivers
v0x12c81bf30_0 .net "in_addr", 31 0, v0x12c817180_0;  alias, 1 drivers
v0x12c81bfc0_0 .net "in_data", 31 0, L_0x12c825860;  alias, 1 drivers
v0x12c81c050_0 .net "len", 1 0, L_0x12c828270;  1 drivers
v0x12c81c0f0_0 .net "load", 0 0, v0x12c8216f0_0;  alias, 1 drivers
v0x12c81c1a0_0 .var "misaligned", 0 0;
v0x12c81c230_0 .var "out_addr", 31 0;
v0x12c81c3e0_0 .var "out_data", 31 0;
v0x12c81c490_0 .var "second_access", 0 0;
v0x12c81c530_0 .net "shifted_data", 55 0, L_0x12c827e20;  1 drivers
v0x12c81c5e0_0 .net "stall", 0 0, L_0x12c828160;  alias, 1 drivers
v0x12c81c680_0 .net "store", 0 0, v0x12c8222d0_0;  1 drivers
v0x12c81c720_0 .var "we", 3 0;
E_0x12c819de0/0 .event anyedge, v0x12c81c5e0_0, v0x12c817180_0, v0x12c81c530_0, v0x12c81c680_0;
E_0x12c819de0/1 .event anyedge, v0x12c81c050_0;
E_0x12c819de0 .event/or E_0x12c819de0/0, E_0x12c819de0/1;
E_0x12c81b6c0 .event anyedge, v0x12c81c050_0, v0x12c817180_0;
L_0x12c827a20 .concat [ 32 24 0 0], L_0x12c825860, L_0x120068568;
L_0x12c827b00 .part v0x12c817180_0, 0, 2;
L_0x12c827c20 .concat [ 2 30 0 0], L_0x12c827b00, L_0x1200685b0;
L_0x12c827d00 .arith/mult 32, L_0x12c827c20, L_0x1200685f8;
L_0x12c827e20 .shift/l 56, L_0x12c827a20, L_0x12c827d00;
S_0x12c81c8c0 .scope module, "r_data_fmt_0" "r_data_fmt" 3 277, 9 4 0, S_0x12c806d90;
 .timescale 0 0;
    .port_info 0 /INPUT 2 "low_addr";
    .port_info 1 /INPUT 32 "in_data";
    .port_info 2 /INPUT 2 "len";
    .port_info 3 /INPUT 1 "uns";
    .port_info 4 /INPUT 1 "clk";
    .port_info 5 /OUTPUT 32 "out_data";
v0x12c81cae0_0 .net *"_ivl_0", 55 0, L_0x12c828310;  1 drivers
v0x12c81cba0_0 .net *"_ivl_10", 55 0, L_0x12c828690;  1 drivers
v0x12c81cc50_0 .net *"_ivl_2", 31 0, L_0x12c8283f0;  1 drivers
L_0x120068640 .functor BUFT 1, C4<000000000000000000000000000000>, C4<0>, C4<0>, C4<0>;
v0x12c81cd10_0 .net *"_ivl_5", 29 0, L_0x120068640;  1 drivers
L_0x120068688 .functor BUFT 1, C4<00000000000000000000000000001000>, C4<0>, C4<0>, C4<0>;
v0x12c81cdc0_0 .net/2u *"_ivl_6", 31 0, L_0x120068688;  1 drivers
v0x12c81ceb0_0 .net *"_ivl_9", 31 0, L_0x12c828550;  1 drivers
v0x12c81cf60_0 .net "clk", 0 0, v0x12c823930_0;  alias, 1 drivers
v0x12c81d030_0 .net "in_data", 31 0, v0x12c81dc40_0;  alias, 1 drivers
v0x12c81d0c0_0 .net "len", 1 0, L_0x12c828a20;  1 drivers
v0x12c81d1d0_0 .net "low_addr", 1 0, L_0x12c8288c0;  1 drivers
v0x12c81d280_0 .var "out_data", 31 0;
v0x12c81d330_0 .var "prev_data", 23 0;
v0x12c81d3e0_0 .net "shifted_data", 31 0, L_0x12c8287b0;  1 drivers
v0x12c81d490_0 .net "uns", 0 0, L_0x12c828ac0;  1 drivers
E_0x12c81bd80 .event anyedge, v0x12c81d0c0_0, v0x12c81d490_0, v0x12c81d3e0_0;
L_0x12c828310 .concat [ 32 24 0 0], v0x12c81dc40_0, v0x12c81d330_0;
L_0x12c8283f0 .concat [ 2 30 0 0], L_0x12c8288c0, L_0x120068640;
L_0x12c828550 .arith/mult 32, L_0x12c8283f0, L_0x120068688;
L_0x12c828690 .shift/r 56, L_0x12c828310, L_0x12c828550;
L_0x12c8287b0 .part L_0x12c828690, 0, 32;
S_0x12c81d5c0 .scope module, "ram_0" "ram" 3 29, 10 4 0, S_0x12c806d90;
 .timescale 0 0;
    .port_info 0 /INPUT 32 "addr1";
    .port_info 1 /INPUT 1 "ce1";
    .port_info 2 /OUTPUT 32 "r_data1";
    .port_info 3 /INPUT 1 "clk";
    .port_info 4 /INPUT 32 "addr2";
    .port_info 5 /INPUT 4 "we2";
    .port_info 6 /INPUT 32 "w_data2";
    .port_info 7 /OUTPUT 32 "r_data2";
v0x12c81d840_0 .net "addr1", 31 0, L_0x12c829530;  alias, 1 drivers
v0x12c81d900_0 .net "addr2", 31 0, v0x12c81c230_0;  alias, 1 drivers
v0x12c81d9a0_0 .net "ce1", 0 0, L_0x12c8241c0;  1 drivers
v0x12c81da50_0 .net "clk", 0 0, v0x12c823930_0;  alias, 1 drivers
v0x12c81dae0 .array "mem", 2023 0, 31 0;
v0x12c81dbb0_0 .var "r_data1", 31 0;
v0x12c81dc40_0 .var "r_data2", 31 0;
v0x12c81dcf0_0 .net "w_data2", 31 0, v0x12c81c3e0_0;  alias, 1 drivers
v0x12c81dda0_0 .net "we2", 3 0, v0x12c81c720_0;  alias, 1 drivers
S_0x12c81df40 .scope module, "reg_file_0" "reg_file" 3 47, 11 2 0, S_0x12c806d90;
 .timescale 0 0;
    .port_info 0 /INPUT 1 "clk";
    .port_info 1 /INPUT 1 "we";
    .port_info 2 /INPUT 5 "r_addr1";
    .port_info 3 /INPUT 5 "r_addr2";
    .port_info 4 /INPUT 5 "w_addr";
    .port_info 5 /INPUT 32 "w_data";
    .port_info 6 /OUTPUT 32 "r_data1";
    .port_info 7 /OUTPUT 32 "r_data2";
L_0x12c824560 .functor AND 1, v0x12c823720_0, L_0x12c824420, C4<1>, C4<1>;
L_0x12c824d80 .functor AND 1, v0x12c823720_0, L_0x12c824ca0, C4<1>, C4<1>;
L_0x120068010 .functor BUFT 1, C4<00000>, C4<0>, C4<0>, C4<0>;
v0x12c81e1c0_0 .net/2u *"_ivl_0", 4 0, L_0x120068010;  1 drivers
v0x12c81e280_0 .net *"_ivl_10", 31 0, L_0x12c824650;  1 drivers
v0x12c81e330_0 .net *"_ivl_12", 6 0, L_0x12c824710;  1 drivers
L_0x1200680a0 .functor BUFT 1, C4<00>, C4<0>, C4<0>, C4<0>;
v0x12c81e3f0_0 .net *"_ivl_15", 1 0, L_0x1200680a0;  1 drivers
v0x12c81e4a0_0 .net *"_ivl_16", 31 0, L_0x12c824850;  1 drivers
v0x12c81e590_0 .net *"_ivl_2", 0 0, L_0x12c8242d0;  1 drivers
L_0x1200680e8 .functor BUFT 1, C4<00000>, C4<0>, C4<0>, C4<0>;
v0x12c81e630_0 .net/2u *"_ivl_20", 4 0, L_0x1200680e8;  1 drivers
v0x12c81e6e0_0 .net *"_ivl_22", 0 0, L_0x12c824b40;  1 drivers
L_0x120068130 .functor BUFT 1, C4<00000000000000000000000000000000>, C4<0>, C4<0>, C4<0>;
v0x12c81e780_0 .net/2u *"_ivl_24", 31 0, L_0x120068130;  1 drivers
v0x12c81e890_0 .net *"_ivl_26", 0 0, L_0x12c824ca0;  1 drivers
v0x12c81e930_0 .net *"_ivl_28", 0 0, L_0x12c824d80;  1 drivers
v0x12c81e9e0_0 .net *"_ivl_30", 31 0, L_0x12c824e30;  1 drivers
v0x12c81ea90_0 .net *"_ivl_32", 6 0, L_0x12c824f20;  1 drivers
L_0x120068178 .functor BUFT 1, C4<00>, C4<0>, C4<0>, C4<0>;
v0x12c81eb40_0 .net *"_ivl_35", 1 0, L_0x120068178;  1 drivers
v0x12c81ebf0_0 .net *"_ivl_36", 31 0, L_0x12c825000;  1 drivers
L_0x120068058 .functor BUFT 1, C4<00000000000000000000000000000000>, C4<0>, C4<0>, C4<0>;
v0x12c81eca0_0 .net/2u *"_ivl_4", 31 0, L_0x120068058;  1 drivers
v0x12c81ed50_0 .net *"_ivl_6", 0 0, L_0x12c824420;  1 drivers
v0x12c81eee0_0 .net *"_ivl_8", 0 0, L_0x12c824560;  1 drivers
v0x12c81ef70_0 .net "clk", 0 0, v0x12c823930_0;  alias, 1 drivers
v0x12c81f000 .array "mem", 31 0, 31 0;
v0x12c81f090_0 .net "r_addr1", 4 0, L_0x12c8252e0;  1 drivers
v0x12c81f140_0 .net "r_addr2", 4 0, L_0x12c825400;  1 drivers
v0x12c81f1f0_0 .net "r_data1", 31 0, L_0x12c8249e0;  alias, 1 drivers
v0x12c81f2a0_0 .net "r_data2", 31 0, L_0x12c825140;  alias, 1 drivers
v0x12c81f350_0 .net "w_addr", 4 0, v0x12c8235e0_0;  1 drivers
v0x12c81f400_0 .net "w_data", 31 0, L_0x12c828bf0;  alias, 1 drivers
v0x12c81f4b0_0 .net "we", 0 0, v0x12c823720_0;  1 drivers
L_0x12c8242d0 .cmp/eq 5, L_0x12c8252e0, L_0x120068010;
L_0x12c824420 .cmp/eq 5, L_0x12c8252e0, v0x12c8235e0_0;
L_0x12c824650 .array/port v0x12c81f000, L_0x12c824710;
L_0x12c824710 .concat [ 5 2 0 0], L_0x12c8252e0, L_0x1200680a0;
L_0x12c824850 .functor MUXZ 32, L_0x12c824650, L_0x12c828bf0, L_0x12c824560, C4<>;
L_0x12c8249e0 .functor MUXZ 32, L_0x12c824850, L_0x120068058, L_0x12c8242d0, C4<>;
L_0x12c824b40 .cmp/eq 5, L_0x12c825400, L_0x1200680e8;
L_0x12c824ca0 .cmp/eq 5, L_0x12c825400, v0x12c8235e0_0;
L_0x12c824e30 .array/port v0x12c81f000, L_0x12c824f20;
L_0x12c824f20 .concat [ 5 2 0 0], L_0x12c825400, L_0x120068178;
L_0x12c825000 .functor MUXZ 32, L_0x12c824e30, L_0x12c828bf0, L_0x12c824d80, C4<>;
L_0x12c825140 .functor MUXZ 32, L_0x12c825000, L_0x120068130, L_0x12c824b40, C4<>;
    .scope S_0x12c81d5c0;
T_0 ;
    %wait E_0x12c817c50;
    %load/vec4 v0x12c81d9a0_0;
    %flag_set/vec4 8;
    %jmp/0xz  T_0.0, 8;
    %load/vec4 v0x12c81d840_0;
    %parti/s 30, 2, 3;
    %ix/vec4 4;
    %load/vec4a v0x12c81dae0, 4;
    %assign/vec4 v0x12c81dbb0_0, 0;
T_0.0 ;
    %load/vec4 v0x12c81d900_0;
    %parti/s 30, 2, 3;
    %ix/vec4 4;
    %load/vec4a v0x12c81dae0, 4;
    %assign/vec4 v0x12c81dc40_0, 0;
    %jmp T_0;
    .thread T_0;
    .scope S_0x12c81d5c0;
T_1 ;
    %wait E_0x12c817c50;
    %load/vec4 v0x12c81dda0_0;
    %parti/s 1, 0, 2;
    %flag_set/vec4 8;
    %jmp/0xz  T_1.0, 8;
    %load/vec4 v0x12c81dcf0_0;
    %parti/s 8, 0, 2;
    %load/vec4 v0x12c81d900_0;
    %parti/s 30, 2, 3;
    %ix/vec4 3;
    %ix/load 4, 0, 0; Constant delay
    %assign/vec4/a/d v0x12c81dae0, 0, 4;
T_1.0 ;
    %load/vec4 v0x12c81dda0_0;
    %parti/s 1, 1, 2;
    %flag_set/vec4 8;
    %jmp/0xz  T_1.2, 8;
    %load/vec4 v0x12c81dcf0_0;
    %parti/s 8, 8, 5;
    %load/vec4 v0x12c81d900_0;
    %parti/s 30, 2, 3;
    %ix/vec4 3;
    %ix/load 4, 8, 0; part off
    %ix/load 5, 0, 0; Constant delay
    %assign/vec4/a/d v0x12c81dae0, 4, 5;
T_1.2 ;
    %load/vec4 v0x12c81dda0_0;
    %parti/s 1, 2, 3;
    %flag_set/vec4 8;
    %jmp/0xz  T_1.4, 8;
    %load/vec4 v0x12c81dcf0_0;
    %parti/s 8, 16, 6;
    %load/vec4 v0x12c81d900_0;
    %parti/s 30, 2, 3;
    %ix/vec4 3;
    %ix/load 4, 16, 0; part off
    %ix/load 5, 0, 0; Constant delay
    %assign/vec4/a/d v0x12c81dae0, 4, 5;
T_1.4 ;
    %load/vec4 v0x12c81dda0_0;
    %parti/s 1, 3, 3;
    %flag_set/vec4 8;
    %jmp/0xz  T_1.6, 8;
    %load/vec4 v0x12c81dcf0_0;
    %parti/s 8, 24, 6;
    %load/vec4 v0x12c81d900_0;
    %parti/s 30, 2, 3;
    %ix/vec4 3;
    %ix/load 4, 24, 0; part off
    %ix/load 5, 0, 0; Constant delay
    %assign/vec4/a/d v0x12c81dae0, 4, 5;
T_1.6 ;
    %jmp T_1;
    .thread T_1;
    .scope S_0x12c81df40;
T_2 ;
    %wait E_0x12c817c50;
    %load/vec4 v0x12c81f4b0_0;
    %flag_set/vec4 9;
    %flag_get/vec4 9;
    %jmp/0 T_2.2, 9;
    %load/vec4 v0x12c81f350_0;
    %pushi/vec4 0, 0, 5;
    %cmp/ne;
    %flag_get/vec4 4;
    %and;
T_2.2;
    %flag_set/vec4 8;
    %jmp/0xz  T_2.0, 8;
    %load/vec4 v0x12c81f400_0;
    %load/vec4 v0x12c81f350_0;
    %pad/u 7;
    %ix/vec4 3;
    %ix/load 4, 0, 0; Constant delay
    %assign/vec4/a/d v0x12c81f000, 0, 4;
T_2.0 ;
    %jmp T_2;
    .thread T_2;
    .scope S_0x12c819bd0;
T_3 ;
    %wait E_0x12c81a0c0;
    %pushi/vec4 0, 0, 1;
    %store/vec4 v0x12c81a750_0, 0, 1;
    %load/vec4 v0x12c81a890_0;
    %dup/vec4;
    %pushi/vec4 4294967219, 4294967168, 32;
    %cmp/x;
    %jmp/1 T_3.0, 4;
    %dup/vec4;
    %pushi/vec4 4294967187, 4294967168, 32;
    %cmp/x;
    %jmp/1 T_3.1, 4;
    %dup/vec4;
    %pushi/vec4 4294967223, 4294967168, 32;
    %cmp/x;
    %jmp/1 T_3.2, 4;
    %dup/vec4;
    %pushi/vec4 4294967191, 4294967168, 32;
    %cmp/x;
    %jmp/1 T_3.3, 4;
    %dup/vec4;
    %pushi/vec4 4294967279, 4294967168, 32;
    %cmp/x;
    %jmp/1 T_3.4, 4;
    %dup/vec4;
    %pushi/vec4 4294967271, 4294967168, 32;
    %cmp/x;
    %jmp/1 T_3.5, 4;
    %dup/vec4;
    %pushi/vec4 4294967267, 4294967168, 32;
    %cmp/x;
    %jmp/1 T_3.6, 4;
    %dup/vec4;
    %pushi/vec4 4294967171, 4294967168, 32;
    %cmp/x;
    %jmp/1 T_3.7, 4;
    %dup/vec4;
    %pushi/vec4 4294967203, 4294967168, 32;
    %cmp/x;
    %jmp/1 T_3.8, 4;
    %dup/vec4;
    %pushi/vec4 4294967283, 4294967168, 32;
    %cmp/x;
    %jmp/1 T_3.9, 4;
    %pushi/vec4 4294967295, 4294967295, 32;
    %store/vec4 v0x12c81a7e0_0, 0, 32;
    %pushi/vec4 1, 1, 1;
    %store/vec4 v0x12c81a110_0, 0, 1;
    %pushi/vec4 1, 1, 1;
    %store/vec4 v0x12c81a1c0_0, 0, 1;
    %pushi/vec4 15, 15, 4;
    %store/vec4 v0x12c81a260_0, 0, 4;
    %pushi/vec4 0, 0, 1;
    %store/vec4 v0x12c81ade0_0, 0, 1;
    %pushi/vec4 3, 3, 2;
    %store/vec4 v0x12c81a450_0, 0, 2;
    %pushi/vec4 0, 0, 1;
    %store/vec4 v0x12c81a940_0, 0, 1;
    %pushi/vec4 0, 0, 1;
    %store/vec4 v0x12c81a2f0_0, 0, 1;
    %pushi/vec4 0, 0, 1;
    %store/vec4 v0x12c81abc0_0, 0, 1;
    %pushi/vec4 0, 0, 1;
    %store/vec4 v0x12c81afa0_0, 0, 1;
    %pushi/vec4 0, 0, 1;
    %store/vec4 v0x12c81b180_0, 0, 1;
    %pushi/vec4 0, 0, 1;
    %store/vec4 v0x12c81a640_0, 0, 1;
    %pushi/vec4 0, 0, 1;
    %store/vec4 v0x12c81ad50_0, 0, 1;
    %pushi/vec4 0, 0, 1;
    %store/vec4 v0x12c81b040_0, 0, 1;
    %pushi/vec4 0, 0, 1;
    %store/vec4 v0x12c81b0e0_0, 0, 1;
    %jmp T_3.11;
T_3.0 ;
    %pushi/vec4 4294967295, 4294967295, 32;
    %store/vec4 v0x12c81a7e0_0, 0, 32;
    %pushi/vec4 0, 0, 1;
    %store/vec4 v0x12c81a110_0, 0, 1;
    %pushi/vec4 0, 0, 1;
    %store/vec4 v0x12c81a1c0_0, 0, 1;
    %pushi/vec4 1, 0, 1;
    %store/vec4 v0x12c81ade0_0, 0, 1;
    %pushi/vec4 0, 0, 2;
    %store/vec4 v0x12c81a450_0, 0, 2;
    %load/vec4 v0x12c81a890_0;
    %dup/vec4;
    %pushi/vec4 33525683, 33525632, 32;
    %cmp/x;
    %jmp/1 T_3.12, 4;
    %dup/vec4;
    %pushi/vec4 1107267507, 33525632, 32;
    %cmp/x;
    %jmp/1 T_3.13, 4;
    %dup/vec4;
    %pushi/vec4 33529779, 33525632, 32;
    %cmp/x;
    %jmp/1 T_3.14, 4;
    %dup/vec4;
    %pushi/vec4 33533875, 33525632, 32;
    %cmp/x;
    %jmp/1 T_3.15, 4;
    %dup/vec4;
    %pushi/vec4 33537971, 33525632, 32;
    %cmp/x;
    %jmp/1 T_3.16, 4;
    %dup/vec4;
    %pushi/vec4 33542067, 33525632, 32;
    %cmp/x;
    %jmp/1 T_3.17, 4;
    %dup/vec4;
    %pushi/vec4 33546163, 33525632, 32;
    %cmp/x;
    %jmp/1 T_3.18, 4;
    %dup/vec4;
    %pushi/vec4 1107287987, 33525632, 32;
    %cmp/x;
    %jmp/1 T_3.19, 4;
    %dup/vec4;
    %pushi/vec4 33550259, 33525632, 32;
    %cmp/x;
    %jmp/1 T_3.20, 4;
    %dup/vec4;
    %pushi/vec4 33554355, 33525632, 32;
    %cmp/x;
    %jmp/1 T_3.21, 4;
    %pushi/vec4 0, 0, 1;
    %store/vec4 v0x12c81ade0_0, 0, 1;
    %pushi/vec4 15, 15, 4;
    %store/vec4 v0x12c81a260_0, 0, 4;
    %pushi/vec4 1, 0, 1;
    %store/vec4 v0x12c81a750_0, 0, 1;
    %jmp T_3.23;
T_3.12 ;
    %pushi/vec4 0, 0, 4;
    %store/vec4 v0x12c81a260_0, 0, 4;
    %jmp T_3.23;
T_3.13 ;
    %pushi/vec4 8, 0, 4;
    %store/vec4 v0x12c81a260_0, 0, 4;
    %jmp T_3.23;
T_3.14 ;
    %pushi/vec4 1, 0, 4;
    %store/vec4 v0x12c81a260_0, 0, 4;
    %jmp T_3.23;
T_3.15 ;
    %pushi/vec4 2, 0, 4;
    %store/vec4 v0x12c81a260_0, 0, 4;
    %jmp T_3.23;
T_3.16 ;
    %pushi/vec4 3, 0, 4;
    %store/vec4 v0x12c81a260_0, 0, 4;
    %jmp T_3.23;
T_3.17 ;
    %pushi/vec4 4, 0, 4;
    %store/vec4 v0x12c81a260_0, 0, 4;
    %jmp T_3.23;
T_3.18 ;
    %pushi/vec4 5, 0, 4;
    %store/vec4 v0x12c81a260_0, 0, 4;
    %jmp T_3.23;
T_3.19 ;
    %pushi/vec4 13, 0, 4;
    %store/vec4 v0x12c81a260_0, 0, 4;
    %jmp T_3.23;
T_3.20 ;
    %pushi/vec4 6, 0, 4;
    %store/vec4 v0x12c81a260_0, 0, 4;
    %jmp T_3.23;
T_3.21 ;
    %pushi/vec4 7, 0, 4;
    %store/vec4 v0x12c81a260_0, 0, 4;
    %jmp T_3.23;
T_3.23 ;
    %pop/vec4 1;
    %pushi/vec4 0, 0, 1;
    %store/vec4 v0x12c81a940_0, 0, 1;
    %pushi/vec4 0, 0, 1;
    %store/vec4 v0x12c81a2f0_0, 0, 1;
    %pushi/vec4 0, 0, 1;
    %store/vec4 v0x12c81abc0_0, 0, 1;
    %pushi/vec4 0, 0, 1;
    %store/vec4 v0x12c81afa0_0, 0, 1;
    %pushi/vec4 0, 0, 1;
    %store/vec4 v0x12c81b180_0, 0, 1;
    %pushi/vec4 0, 0, 1;
    %store/vec4 v0x12c81a640_0, 0, 1;
    %pushi/vec4 0, 0, 1;
    %store/vec4 v0x12c81ad50_0, 0, 1;
    %pushi/vec4 1, 0, 1;
    %store/vec4 v0x12c81b040_0, 0, 1;
    %pushi/vec4 1, 0, 1;
    %store/vec4 v0x12c81b0e0_0, 0, 1;
    %jmp T_3.11;
T_3.1 ;
    %load/vec4 v0x12c81a890_0;
    %parti/s 1, 31, 6;
    %replicate 20;
    %load/vec4 v0x12c81a890_0;
    %parti/s 12, 20, 6;
    %concat/vec4; draw_concat_vec4
    %store/vec4 v0x12c81a7e0_0, 0, 32;
    %pushi/vec4 0, 0, 1;
    %store/vec4 v0x12c81a110_0, 0, 1;
    %pushi/vec4 1, 0, 1;
    %store/vec4 v0x12c81a1c0_0, 0, 1;
    %pushi/vec4 1, 0, 1;
    %store/vec4 v0x12c81ade0_0, 0, 1;
    %pushi/vec4 0, 0, 2;
    %store/vec4 v0x12c81a450_0, 0, 2;
    %load/vec4 v0x12c81a890_0;
    %dup/vec4;
    %pushi/vec4 4294938515, 4294938496, 32;
    %cmp/x;
    %jmp/1 T_3.24, 4;
    %dup/vec4;
    %pushi/vec4 4294946707, 4294938496, 32;
    %cmp/x;
    %jmp/1 T_3.25, 4;
    %dup/vec4;
    %pushi/vec4 4294950803, 4294938496, 32;
    %cmp/x;
    %jmp/1 T_3.26, 4;
    %dup/vec4;
    %pushi/vec4 4294954899, 4294938496, 32;
    %cmp/x;
    %jmp/1 T_3.27, 4;
    %dup/vec4;
    %pushi/vec4 4294963091, 4294938496, 32;
    %cmp/x;
    %jmp/1 T_3.28, 4;
    %dup/vec4;
    %pushi/vec4 4294967187, 4294938496, 32;
    %cmp/x;
    %jmp/1 T_3.29, 4;
    %dup/vec4;
    %pushi/vec4 33529747, 33525632, 32;
    %cmp/x;
    %jmp/1 T_3.30, 4;
    %dup/vec4;
    %pushi/vec4 33546131, 33525632, 32;
    %cmp/x;
    %jmp/1 T_3.31, 4;
    %dup/vec4;
    %pushi/vec4 1107287955, 33525632, 32;
    %cmp/x;
    %jmp/1 T_3.32, 4;
    %pushi/vec4 0, 0, 1;
    %store/vec4 v0x12c81ade0_0, 0, 1;
    %pushi/vec4 15, 15, 4;
    %store/vec4 v0x12c81a260_0, 0, 4;
    %pushi/vec4 1, 0, 1;
    %store/vec4 v0x12c81a750_0, 0, 1;
    %jmp T_3.34;
T_3.24 ;
    %pushi/vec4 0, 0, 4;
    %store/vec4 v0x12c81a260_0, 0, 4;
    %jmp T_3.34;
T_3.25 ;
    %pushi/vec4 2, 0, 4;
    %store/vec4 v0x12c81a260_0, 0, 4;
    %jmp T_3.34;
T_3.26 ;
    %pushi/vec4 3, 0, 4;
    %store/vec4 v0x12c81a260_0, 0, 4;
    %jmp T_3.34;
T_3.27 ;
    %pushi/vec4 4, 0, 4;
    %store/vec4 v0x12c81a260_0, 0, 4;
    %jmp T_3.34;
T_3.28 ;
    %pushi/vec4 6, 0, 4;
    %store/vec4 v0x12c81a260_0, 0, 4;
    %jmp T_3.34;
T_3.29 ;
    %pushi/vec4 7, 0, 4;
    %store/vec4 v0x12c81a260_0, 0, 4;
    %jmp T_3.34;
T_3.30 ;
    %pushi/vec4 1, 0, 4;
    %store/vec4 v0x12c81a260_0, 0, 4;
    %jmp T_3.34;
T_3.31 ;
    %pushi/vec4 5, 0, 4;
    %store/vec4 v0x12c81a260_0, 0, 4;
    %jmp T_3.34;
T_3.32 ;
    %pushi/vec4 13, 0, 4;
    %store/vec4 v0x12c81a260_0, 0, 4;
    %jmp T_3.34;
T_3.34 ;
    %pop/vec4 1;
    %pushi/vec4 0, 0, 1;
    %store/vec4 v0x12c81a940_0, 0, 1;
    %pushi/vec4 0, 0, 1;
    %store/vec4 v0x12c81a2f0_0, 0, 1;
    %pushi/vec4 0, 0, 1;
    %store/vec4 v0x12c81abc0_0, 0, 1;
    %pushi/vec4 0, 0, 1;
    %store/vec4 v0x12c81afa0_0, 0, 1;
    %pushi/vec4 0, 0, 1;
    %store/vec4 v0x12c81b180_0, 0, 1;
    %pushi/vec4 0, 0, 1;
    %store/vec4 v0x12c81a640_0, 0, 1;
    %pushi/vec4 0, 0, 1;
    %store/vec4 v0x12c81ad50_0, 0, 1;
    %pushi/vec4 1, 0, 1;
    %store/vec4 v0x12c81b040_0, 0, 1;
    %pushi/vec4 0, 0, 1;
    %store/vec4 v0x12c81b0e0_0, 0, 1;
    %jmp T_3.11;
T_3.2 ;
    %load/vec4 v0x12c81a890_0;
    %parti/s 20, 12, 5;
    %concati/vec4 0, 0, 12;
    %store/vec4 v0x12c81a7e0_0, 0, 32;
    %pushi/vec4 1, 1, 1;
    %store/vec4 v0x12c81a110_0, 0, 1;
    %pushi/vec4 1, 1, 1;
    %store/vec4 v0x12c81a1c0_0, 0, 1;
    %pushi/vec4 15, 15, 4;
    %store/vec4 v0x12c81a260_0, 0, 4;
    %pushi/vec4 1, 0, 1;
    %store/vec4 v0x12c81ade0_0, 0, 1;
    %pushi/vec4 1, 0, 2;
    %store/vec4 v0x12c81a450_0, 0, 2;
    %pushi/vec4 0, 0, 1;
    %store/vec4 v0x12c81a940_0, 0, 1;
    %pushi/vec4 0, 0, 1;
    %store/vec4 v0x12c81a2f0_0, 0, 1;
    %pushi/vec4 0, 0, 1;
    %store/vec4 v0x12c81abc0_0, 0, 1;
    %pushi/vec4 0, 0, 1;
    %store/vec4 v0x12c81afa0_0, 0, 1;
    %pushi/vec4 0, 0, 1;
    %store/vec4 v0x12c81b180_0, 0, 1;
    %pushi/vec4 0, 0, 1;
    %store/vec4 v0x12c81a640_0, 0, 1;
    %pushi/vec4 0, 0, 1;
    %store/vec4 v0x12c81ad50_0, 0, 1;
    %pushi/vec4 0, 0, 1;
    %store/vec4 v0x12c81b040_0, 0, 1;
    %pushi/vec4 0, 0, 1;
    %store/vec4 v0x12c81b0e0_0, 0, 1;
    %jmp T_3.11;
T_3.3 ;
    %load/vec4 v0x12c81a890_0;
    %parti/s 20, 12, 5;
    %concati/vec4 0, 0, 12;
    %store/vec4 v0x12c81a7e0_0, 0, 32;
    %pushi/vec4 1, 0, 1;
    %store/vec4 v0x12c81a110_0, 0, 1;
    %pushi/vec4 1, 0, 1;
    %store/vec4 v0x12c81a1c0_0, 0, 1;
    %pushi/vec4 0, 0, 4;
    %store/vec4 v0x12c81a260_0, 0, 4;
    %pushi/vec4 1, 0, 1;
    %store/vec4 v0x12c81ade0_0, 0, 1;
    %pushi/vec4 0, 0, 2;
    %store/vec4 v0x12c81a450_0, 0, 2;
    %pushi/vec4 0, 0, 1;
    %store/vec4 v0x12c81a940_0, 0, 1;
    %pushi/vec4 0, 0, 1;
    %store/vec4 v0x12c81a2f0_0, 0, 1;
    %pushi/vec4 0, 0, 1;
    %store/vec4 v0x12c81abc0_0, 0, 1;
    %pushi/vec4 0, 0, 1;
    %store/vec4 v0x12c81afa0_0, 0, 1;
    %pushi/vec4 0, 0, 1;
    %store/vec4 v0x12c81b180_0, 0, 1;
    %pushi/vec4 0, 0, 1;
    %store/vec4 v0x12c81a640_0, 0, 1;
    %pushi/vec4 0, 0, 1;
    %store/vec4 v0x12c81ad50_0, 0, 1;
    %pushi/vec4 0, 0, 1;
    %store/vec4 v0x12c81b040_0, 0, 1;
    %pushi/vec4 0, 0, 1;
    %store/vec4 v0x12c81b0e0_0, 0, 1;
    %jmp T_3.11;
T_3.4 ;
    %load/vec4 v0x12c81a890_0;
    %parti/s 1, 31, 6;
    %replicate 12;
    %load/vec4 v0x12c81a890_0;
    %parti/s 8, 12, 5;
    %concat/vec4; draw_concat_vec4
    %load/vec4 v0x12c81a890_0;
    %parti/s 1, 20, 6;
    %concat/vec4; draw_concat_vec4
    %load/vec4 v0x12c81a890_0;
    %parti/s 10, 21, 6;
    %concat/vec4; draw_concat_vec4
    %concati/vec4 0, 0, 1;
    %store/vec4 v0x12c81a7e0_0, 0, 32;
    %pushi/vec4 1, 0, 1;
    %store/vec4 v0x12c81a110_0, 0, 1;
    %pushi/vec4 1, 0, 1;
    %store/vec4 v0x12c81a1c0_0, 0, 1;
    %pushi/vec4 0, 0, 4;
    %store/vec4 v0x12c81a260_0, 0, 4;
    %pushi/vec4 1, 0, 1;
    %store/vec4 v0x12c81ade0_0, 0, 1;
    %pushi/vec4 2, 0, 2;
    %store/vec4 v0x12c81a450_0, 0, 2;
    %pushi/vec4 1, 0, 1;
    %store/vec4 v0x12c81a940_0, 0, 1;
    %pushi/vec4 0, 0, 1;
    %store/vec4 v0x12c81a2f0_0, 0, 1;
    %pushi/vec4 0, 0, 1;
    %store/vec4 v0x12c81abc0_0, 0, 1;
    %pushi/vec4 0, 0, 1;
    %store/vec4 v0x12c81afa0_0, 0, 1;
    %pushi/vec4 0, 0, 1;
    %store/vec4 v0x12c81b180_0, 0, 1;
    %pushi/vec4 0, 0, 1;
    %store/vec4 v0x12c81a640_0, 0, 1;
    %pushi/vec4 0, 0, 1;
    %store/vec4 v0x12c81ad50_0, 0, 1;
    %pushi/vec4 0, 0, 1;
    %store/vec4 v0x12c81b040_0, 0, 1;
    %pushi/vec4 0, 0, 1;
    %store/vec4 v0x12c81b0e0_0, 0, 1;
    %jmp T_3.11;
T_3.5 ;
    %load/vec4 v0x12c81a890_0;
    %parti/s 1, 31, 6;
    %replicate 20;
    %load/vec4 v0x12c81a890_0;
    %parti/s 12, 20, 6;
    %concat/vec4; draw_concat_vec4
    %store/vec4 v0x12c81a7e0_0, 0, 32;
    %pushi/vec4 0, 0, 1;
    %store/vec4 v0x12c81a110_0, 0, 1;
    %pushi/vec4 1, 0, 1;
    %store/vec4 v0x12c81a1c0_0, 0, 1;
    %pushi/vec4 0, 0, 4;
    %store/vec4 v0x12c81a260_0, 0, 4;
    %pushi/vec4 1, 0, 1;
    %store/vec4 v0x12c81ade0_0, 0, 1;
    %pushi/vec4 2, 0, 2;
    %store/vec4 v0x12c81a450_0, 0, 2;
    %pushi/vec4 1, 0, 1;
    %store/vec4 v0x12c81a940_0, 0, 1;
    %pushi/vec4 0, 0, 1;
    %store/vec4 v0x12c81a2f0_0, 0, 1;
    %pushi/vec4 0, 0, 1;
    %store/vec4 v0x12c81abc0_0, 0, 1;
    %pushi/vec4 0, 0, 1;
    %store/vec4 v0x12c81afa0_0, 0, 1;
    %pushi/vec4 0, 0, 1;
    %store/vec4 v0x12c81b180_0, 0, 1;
    %pushi/vec4 0, 0, 1;
    %store/vec4 v0x12c81a640_0, 0, 1;
    %pushi/vec4 0, 0, 1;
    %store/vec4 v0x12c81ad50_0, 0, 1;
    %pushi/vec4 1, 0, 1;
    %store/vec4 v0x12c81b040_0, 0, 1;
    %pushi/vec4 0, 0, 1;
    %store/vec4 v0x12c81b0e0_0, 0, 1;
    %jmp T_3.11;
T_3.6 ;
    %load/vec4 v0x12c81a890_0;
    %parti/s 1, 31, 6;
    %replicate 20;
    %load/vec4 v0x12c81a890_0;
    %parti/s 1, 7, 4;
    %concat/vec4; draw_concat_vec4
    %load/vec4 v0x12c81a890_0;
    %parti/s 6, 25, 6;
    %concat/vec4; draw_concat_vec4
    %load/vec4 v0x12c81a890_0;
    %parti/s 4, 8, 5;
    %concat/vec4; draw_concat_vec4
    %concati/vec4 0, 0, 1;
    %store/vec4 v0x12c81a7e0_0, 0, 32;
    %pushi/vec4 1, 0, 1;
    %store/vec4 v0x12c81a110_0, 0, 1;
    %pushi/vec4 1, 0, 1;
    %store/vec4 v0x12c81a1c0_0, 0, 1;
    %pushi/vec4 0, 0, 4;
    %store/vec4 v0x12c81a260_0, 0, 4;
    %pushi/vec4 0, 0, 1;
    %store/vec4 v0x12c81ade0_0, 0, 1;
    %pushi/vec4 0, 0, 2;
    %store/vec4 v0x12c81a450_0, 0, 2;
    %pushi/vec4 0, 0, 1;
    %store/vec4 v0x12c81a940_0, 0, 1;
    %pushi/vec4 1, 0, 1;
    %store/vec4 v0x12c81a2f0_0, 0, 1;
    %load/vec4 v0x12c81a890_0;
    %dup/vec4;
    %pushi/vec4 4294938595, 4294938496, 32;
    %cmp/x;
    %jmp/1 T_3.35, 4;
    %dup/vec4;
    %pushi/vec4 4294942691, 4294938496, 32;
    %cmp/x;
    %jmp/1 T_3.36, 4;
    %dup/vec4;
    %pushi/vec4 4294954979, 4294938496, 32;
    %cmp/x;
    %jmp/1 T_3.37, 4;
    %dup/vec4;
    %pushi/vec4 4294959075, 4294938496, 32;
    %cmp/x;
    %jmp/1 T_3.38, 4;
    %dup/vec4;
    %pushi/vec4 4294963171, 4294938496, 32;
    %cmp/x;
    %jmp/1 T_3.39, 4;
    %dup/vec4;
    %pushi/vec4 4294967267, 4294938496, 32;
    %cmp/x;
    %jmp/1 T_3.40, 4;
    %pushi/vec4 0, 0, 1;
    %store/vec4 v0x12c81a2f0_0, 0, 1;
    %pushi/vec4 1, 0, 1;
    %store/vec4 v0x12c81a750_0, 0, 1;
    %jmp T_3.42;
T_3.35 ;
    %jmp T_3.42;
T_3.36 ;
    %jmp T_3.42;
T_3.37 ;
    %jmp T_3.42;
T_3.38 ;
    %jmp T_3.42;
T_3.39 ;
    %jmp T_3.42;
T_3.40 ;
    %jmp T_3.42;
T_3.42 ;
    %pop/vec4 1;
    %pushi/vec4 0, 0, 1;
    %store/vec4 v0x12c81abc0_0, 0, 1;
    %pushi/vec4 0, 0, 1;
    %store/vec4 v0x12c81afa0_0, 0, 1;
    %pushi/vec4 0, 0, 1;
    %store/vec4 v0x12c81b180_0, 0, 1;
    %pushi/vec4 0, 0, 1;
    %store/vec4 v0x12c81a640_0, 0, 1;
    %pushi/vec4 0, 0, 1;
    %store/vec4 v0x12c81ad50_0, 0, 1;
    %pushi/vec4 1, 0, 1;
    %store/vec4 v0x12c81b040_0, 0, 1;
    %pushi/vec4 1, 0, 1;
    %store/vec4 v0x12c81b0e0_0, 0, 1;
    %jmp T_3.11;
T_3.7 ;
    %load/vec4 v0x12c81a890_0;
    %parti/s 1, 31, 6;
    %replicate 20;
    %load/vec4 v0x12c81a890_0;
    %parti/s 12, 20, 6;
    %concat/vec4; draw_concat_vec4
    %store/vec4 v0x12c81a7e0_0, 0, 32;
    %pushi/vec4 0, 0, 1;
    %store/vec4 v0x12c81a110_0, 0, 1;
    %pushi/vec4 1, 0, 1;
    %store/vec4 v0x12c81a1c0_0, 0, 1;
    %pushi/vec4 0, 0, 4;
    %store/vec4 v0x12c81a260_0, 0, 4;
    %pushi/vec4 1, 0, 1;
    %store/vec4 v0x12c81ade0_0, 0, 1;
    %pushi/vec4 0, 0, 2;
    %store/vec4 v0x12c81a450_0, 0, 2;
    %pushi/vec4 0, 0, 1;
    %store/vec4 v0x12c81a940_0, 0, 1;
    %pushi/vec4 0, 0, 1;
    %store/vec4 v0x12c81a2f0_0, 0, 1;
    %pushi/vec4 1, 0, 1;
    %store/vec4 v0x12c81abc0_0, 0, 1;
    %pushi/vec4 0, 0, 1;
    %store/vec4 v0x12c81afa0_0, 0, 1;
    %load/vec4 v0x12c81a890_0;
    %dup/vec4;
    %pushi/vec4 4294938499, 4294938496, 32;
    %cmp/x;
    %jmp/1 T_3.43, 4;
    %dup/vec4;
    %pushi/vec4 4294942595, 4294938496, 32;
    %cmp/x;
    %jmp/1 T_3.44, 4;
    %dup/vec4;
    %pushi/vec4 4294946691, 4294938496, 32;
    %cmp/x;
    %jmp/1 T_3.45, 4;
    %dup/vec4;
    %pushi/vec4 4294954883, 4294938496, 32;
    %cmp/x;
    %jmp/1 T_3.46, 4;
    %dup/vec4;
    %pushi/vec4 4294958979, 4294938496, 32;
    %cmp/x;
    %jmp/1 T_3.47, 4;
    %pushi/vec4 0, 0, 1;
    %store/vec4 v0x12c81abc0_0, 0, 1;
    %pushi/vec4 1, 0, 1;
    %store/vec4 v0x12c81a750_0, 0, 1;
    %jmp T_3.49;
T_3.43 ;
    %jmp T_3.49;
T_3.44 ;
    %jmp T_3.49;
T_3.45 ;
    %jmp T_3.49;
T_3.46 ;
    %jmp T_3.49;
T_3.47 ;
    %jmp T_3.49;
T_3.49 ;
    %pop/vec4 1;
    %pushi/vec4 0, 0, 1;
    %store/vec4 v0x12c81b180_0, 0, 1;
    %pushi/vec4 0, 0, 1;
    %store/vec4 v0x12c81a640_0, 0, 1;
    %pushi/vec4 0, 0, 1;
    %store/vec4 v0x12c81ad50_0, 0, 1;
    %pushi/vec4 1, 0, 1;
    %store/vec4 v0x12c81b040_0, 0, 1;
    %pushi/vec4 0, 0, 1;
    %store/vec4 v0x12c81b0e0_0, 0, 1;
    %jmp T_3.11;
T_3.8 ;
    %load/vec4 v0x12c81a890_0;
    %parti/s 1, 31, 6;
    %replicate 20;
    %load/vec4 v0x12c81a890_0;
    %parti/s 7, 25, 6;
    %concat/vec4; draw_concat_vec4
    %load/vec4 v0x12c81a890_0;
    %parti/s 5, 7, 4;
    %concat/vec4; draw_concat_vec4
    %store/vec4 v0x12c81a7e0_0, 0, 32;
    %pushi/vec4 0, 0, 1;
    %store/vec4 v0x12c81a110_0, 0, 1;
    %pushi/vec4 1, 0, 1;
    %store/vec4 v0x12c81a1c0_0, 0, 1;
    %pushi/vec4 0, 0, 4;
    %store/vec4 v0x12c81a260_0, 0, 4;
    %pushi/vec4 0, 0, 1;
    %store/vec4 v0x12c81ade0_0, 0, 1;
    %pushi/vec4 0, 0, 2;
    %store/vec4 v0x12c81a450_0, 0, 2;
    %pushi/vec4 0, 0, 1;
    %store/vec4 v0x12c81a940_0, 0, 1;
    %pushi/vec4 0, 0, 1;
    %store/vec4 v0x12c81a2f0_0, 0, 1;
    %pushi/vec4 0, 0, 1;
    %store/vec4 v0x12c81abc0_0, 0, 1;
    %pushi/vec4 1, 0, 1;
    %store/vec4 v0x12c81afa0_0, 0, 1;
    %load/vec4 v0x12c81a890_0;
    %dup/vec4;
    %pushi/vec4 4294938531, 4294938496, 32;
    %cmp/x;
    %jmp/1 T_3.50, 4;
    %dup/vec4;
    %pushi/vec4 4294942627, 4294938496, 32;
    %cmp/x;
    %jmp/1 T_3.51, 4;
    %dup/vec4;
    %pushi/vec4 4294946723, 4294938496, 32;
    %cmp/x;
    %jmp/1 T_3.52, 4;
    %pushi/vec4 0, 0, 1;
    %store/vec4 v0x12c81afa0_0, 0, 1;
    %pushi/vec4 1, 0, 1;
    %store/vec4 v0x12c81a750_0, 0, 1;
    %jmp T_3.54;
T_3.50 ;
    %jmp T_3.54;
T_3.51 ;
    %jmp T_3.54;
T_3.52 ;
    %jmp T_3.54;
T_3.54 ;
    %pop/vec4 1;
    %pushi/vec4 0, 0, 1;
    %store/vec4 v0x12c81b180_0, 0, 1;
    %pushi/vec4 0, 0, 1;
    %store/vec4 v0x12c81a640_0, 0, 1;
    %pushi/vec4 0, 0, 1;
    %store/vec4 v0x12c81ad50_0, 0, 1;
    %pushi/vec4 1, 0, 1;
    %store/vec4 v0x12c81b040_0, 0, 1;
    %pushi/vec4 1, 0, 1;
    %store/vec4 v0x12c81b0e0_0, 0, 1;
    %jmp T_3.11;
T_3.9 ;
    %pushi/vec4 4294967295, 4294967295, 32;
    %store/vec4 v0x12c81a7e0_0, 0, 32;
    %pushi/vec4 1, 1, 1;
    %store/vec4 v0x12c81a110_0, 0, 1;
    %pushi/vec4 1, 1, 1;
    %store/vec4 v0x12c81a1c0_0, 0, 1;
    %pushi/vec4 15, 15, 4;
    %store/vec4 v0x12c81a260_0, 0, 4;
    %pushi/vec4 1, 0, 1;
    %store/vec4 v0x12c81ade0_0, 0, 1;
    %pushi/vec4 3, 0, 2;
    %store/vec4 v0x12c81a450_0, 0, 2;
    %pushi/vec4 0, 0, 1;
    %store/vec4 v0x12c81a940_0, 0, 1;
    %pushi/vec4 0, 0, 1;
    %store/vec4 v0x12c81a2f0_0, 0, 1;
    %pushi/vec4 0, 0, 1;
    %store/vec4 v0x12c81abc0_0, 0, 1;
    %pushi/vec4 0, 0, 1;
    %store/vec4 v0x12c81afa0_0, 0, 1;
    %load/vec4 v0x12c81a890_0;
    %dup/vec4;
    %pushi/vec4 115, 0, 32;
    %cmp/x;
    %jmp/1 T_3.55, 4;
    %dup/vec4;
    %pushi/vec4 4294942707, 4294938496, 32;
    %cmp/x;
    %jmp/1 T_3.56, 4;
    %dup/vec4;
    %pushi/vec4 4294946803, 4294938496, 32;
    %cmp/x;
    %jmp/1 T_3.57, 4;
    %dup/vec4;
    %pushi/vec4 4294950899, 4294938496, 32;
    %cmp/x;
    %jmp/1 T_3.58, 4;
    %dup/vec4;
    %pushi/vec4 4294959091, 4294938496, 32;
    %cmp/x;
    %jmp/1 T_3.59, 4;
    %dup/vec4;
    %pushi/vec4 4294963187, 4294938496, 32;
    %cmp/x;
    %jmp/1 T_3.60, 4;
    %dup/vec4;
    %pushi/vec4 4294967283, 4294938496, 32;
    %cmp/x;
    %jmp/1 T_3.61, 4;
    %dup/vec4;
    %pushi/vec4 807403635, 0, 32;
    %cmp/x;
    %jmp/1 T_3.62, 4;
    %pushi/vec4 0, 0, 1;
    %store/vec4 v0x12c81ade0_0, 0, 1;
    %pushi/vec4 0, 0, 1;
    %store/vec4 v0x12c81b180_0, 0, 1;
    %pushi/vec4 0, 0, 1;
    %store/vec4 v0x12c81a640_0, 0, 1;
    %pushi/vec4 0, 0, 1;
    %store/vec4 v0x12c81ad50_0, 0, 1;
    %pushi/vec4 0, 0, 1;
    %store/vec4 v0x12c81b040_0, 0, 1;
    %pushi/vec4 1, 0, 1;
    %store/vec4 v0x12c81a750_0, 0, 1;
    %jmp T_3.64;
T_3.55 ;
    %pushi/vec4 0, 0, 1;
    %store/vec4 v0x12c81b180_0, 0, 1;
    %pushi/vec4 1, 0, 1;
    %store/vec4 v0x12c81a640_0, 0, 1;
    %pushi/vec4 0, 0, 1;
    %store/vec4 v0x12c81ad50_0, 0, 1;
    %pushi/vec4 0, 0, 1;
    %store/vec4 v0x12c81b040_0, 0, 1;
    %jmp T_3.64;
T_3.56 ;
    %pushi/vec4 1, 0, 1;
    %store/vec4 v0x12c81b180_0, 0, 1;
    %pushi/vec4 0, 0, 1;
    %store/vec4 v0x12c81a640_0, 0, 1;
    %pushi/vec4 0, 0, 1;
    %store/vec4 v0x12c81ad50_0, 0, 1;
    %pushi/vec4 1, 0, 1;
    %store/vec4 v0x12c81b040_0, 0, 1;
    %jmp T_3.64;
T_3.57 ;
    %pushi/vec4 1, 0, 1;
    %store/vec4 v0x12c81b180_0, 0, 1;
    %pushi/vec4 0, 0, 1;
    %store/vec4 v0x12c81a640_0, 0, 1;
    %pushi/vec4 0, 0, 1;
    %store/vec4 v0x12c81ad50_0, 0, 1;
    %pushi/vec4 1, 0, 1;
    %store/vec4 v0x12c81b040_0, 0, 1;
    %jmp T_3.64;
T_3.58 ;
    %pushi/vec4 1, 0, 1;
    %store/vec4 v0x12c81b180_0, 0, 1;
    %pushi/vec4 0, 0, 1;
    %store/vec4 v0x12c81a640_0, 0, 1;
    %pushi/vec4 0, 0, 1;
    %store/vec4 v0x12c81ad50_0, 0, 1;
    %pushi/vec4 1, 0, 1;
    %store/vec4 v0x12c81b040_0, 0, 1;
    %jmp T_3.64;
T_3.59 ;
    %pushi/vec4 1, 0, 1;
    %store/vec4 v0x12c81b180_0, 0, 1;
    %pushi/vec4 0, 0, 1;
    %store/vec4 v0x12c81a640_0, 0, 1;
    %pushi/vec4 0, 0, 1;
    %store/vec4 v0x12c81ad50_0, 0, 1;
    %pushi/vec4 0, 0, 1;
    %store/vec4 v0x12c81b040_0, 0, 1;
    %jmp T_3.64;
T_3.60 ;
    %pushi/vec4 1, 0, 1;
    %store/vec4 v0x12c81b180_0, 0, 1;
    %pushi/vec4 0, 0, 1;
    %store/vec4 v0x12c81a640_0, 0, 1;
    %pushi/vec4 0, 0, 1;
    %store/vec4 v0x12c81ad50_0, 0, 1;
    %pushi/vec4 0, 0, 1;
    %store/vec4 v0x12c81b040_0, 0, 1;
    %jmp T_3.64;
T_3.61 ;
    %pushi/vec4 1, 0, 1;
    %store/vec4 v0x12c81b180_0, 0, 1;
    %pushi/vec4 0, 0, 1;
    %store/vec4 v0x12c81a640_0, 0, 1;
    %pushi/vec4 0, 0, 1;
    %store/vec4 v0x12c81ad50_0, 0, 1;
    %pushi/vec4 0, 0, 1;
    %store/vec4 v0x12c81b040_0, 0, 1;
    %jmp T_3.64;
T_3.62 ;
    %pushi/vec4 0, 0, 1;
    %store/vec4 v0x12c81b180_0, 0, 1;
    %pushi/vec4 0, 0, 1;
    %store/vec4 v0x12c81a640_0, 0, 1;
    %pushi/vec4 1, 0, 1;
    %store/vec4 v0x12c81ad50_0, 0, 1;
    %pushi/vec4 0, 0, 1;
    %store/vec4 v0x12c81b040_0, 0, 1;
    %jmp T_3.64;
T_3.64 ;
    %pop/vec4 1;
    %pushi/vec4 0, 0, 1;
    %store/vec4 v0x12c81b0e0_0, 0, 1;
    %jmp T_3.11;
T_3.11 ;
    %pop/vec4 1;
    %jmp T_3;
    .thread T_3, $push;
    .scope S_0x12c819bd0;
T_4 ;
    %wait E_0x12c81a040;
    %load/vec4 v0x12c81b040_0;
    %flag_set/vec4 8;
    %jmp/0xz  T_4.0, 8;
    %load/vec4 v0x12c81a5a0_0;
    %load/vec4 v0x12c81a4f0_0;
    %pushi/vec4 0, 0, 5;
    %cmp/ne;
    %flag_get/vec4 4;
    %and;
    %load/vec4 v0x12c81a890_0;
    %parti/s 5, 15, 5;
    %load/vec4 v0x12c81a4f0_0;
    %cmp/e;
    %flag_get/vec4 4;
    %and;
    %flag_set/vec4 8;
    %jmp/0xz  T_4.2, 8;
    %load/vec4 v0x12c81a380_0;
    %flag_set/vec4 8;
    %jmp/0xz  T_4.4, 8;
    %pushi/vec4 1, 1, 1;
    %store/vec4 v0x12c81ae70_0, 0, 1;
    %pushi/vec4 1, 0, 1;
    %store/vec4 v0x12c81aa80_0, 0, 1;
    %jmp T_4.5;
T_4.4 ;
    %pushi/vec4 1, 0, 1;
    %store/vec4 v0x12c81ae70_0, 0, 1;
    %pushi/vec4 0, 0, 1;
    %store/vec4 v0x12c81aa80_0, 0, 1;
T_4.5 ;
    %jmp T_4.3;
T_4.2 ;
    %pushi/vec4 0, 0, 1;
    %store/vec4 v0x12c81ae70_0, 0, 1;
    %pushi/vec4 0, 0, 1;
    %store/vec4 v0x12c81aa80_0, 0, 1;
T_4.3 ;
    %jmp T_4.1;
T_4.0 ;
    %pushi/vec4 1, 1, 1;
    %store/vec4 v0x12c81ae70_0, 0, 1;
    %pushi/vec4 0, 0, 1;
    %store/vec4 v0x12c81aa80_0, 0, 1;
T_4.1 ;
    %load/vec4 v0x12c81b0e0_0;
    %flag_set/vec4 8;
    %jmp/0xz  T_4.6, 8;
    %load/vec4 v0x12c81a5a0_0;
    %load/vec4 v0x12c81a4f0_0;
    %pushi/vec4 0, 0, 5;
    %cmp/ne;
    %flag_get/vec4 4;
    %and;
    %load/vec4 v0x12c81a890_0;
    %parti/s 5, 20, 6;
    %load/vec4 v0x12c81a4f0_0;
    %cmp/e;
    %flag_get/vec4 4;
    %and;
    %flag_set/vec4 8;
    %jmp/0xz  T_4.8, 8;
    %load/vec4 v0x12c81a380_0;
    %flag_set/vec4 8;
    %jmp/0xz  T_4.10, 8;
    %pushi/vec4 1, 1, 1;
    %store/vec4 v0x12c81af00_0, 0, 1;
    %pushi/vec4 1, 0, 1;
    %store/vec4 v0x12c81ab20_0, 0, 1;
    %jmp T_4.11;
T_4.10 ;
    %pushi/vec4 1, 0, 1;
    %store/vec4 v0x12c81af00_0, 0, 1;
    %pushi/vec4 0, 0, 1;
    %store/vec4 v0x12c81ab20_0, 0, 1;
T_4.11 ;
    %jmp T_4.9;
T_4.8 ;
    %pushi/vec4 0, 0, 1;
    %store/vec4 v0x12c81af00_0, 0, 1;
    %pushi/vec4 0, 0, 1;
    %store/vec4 v0x12c81ab20_0, 0, 1;
T_4.9 ;
    %jmp T_4.7;
T_4.6 ;
    %pushi/vec4 1, 1, 1;
    %store/vec4 v0x12c81af00_0, 0, 1;
    %pushi/vec4 0, 0, 1;
    %store/vec4 v0x12c81ab20_0, 0, 1;
T_4.7 ;
    %jmp T_4;
    .thread T_4, $push;
    .scope S_0x12c817910;
T_5 ;
    %pushi/vec4 3, 0, 2;
    %store/vec4 v0x12c819630_0, 0, 2;
    %end;
    .thread T_5;
    .scope S_0x12c817910;
T_6 ;
    %wait E_0x12c817ca0;
    %load/vec4 v0x12c819a10_0;
    %flag_set/vec4 8;
    %jmp/0xz  T_6.0, 8;
    %load/vec4 v0x12c818b90_0;
    %dup/vec4;
    %pushi/vec4 3857, 0, 12;
    %cmp/u;
    %jmp/1 T_6.2, 6;
    %dup/vec4;
    %pushi/vec4 3858, 0, 12;
    %cmp/u;
    %jmp/1 T_6.3, 6;
    %dup/vec4;
    %pushi/vec4 3859, 0, 12;
    %cmp/u;
    %jmp/1 T_6.4, 6;
    %dup/vec4;
    %pushi/vec4 3860, 0, 12;
    %cmp/u;
    %jmp/1 T_6.5, 6;
    %dup/vec4;
    %pushi/vec4 3861, 0, 12;
    %cmp/u;
    %jmp/1 T_6.6, 6;
    %dup/vec4;
    %pushi/vec4 768, 0, 12;
    %cmp/u;
    %jmp/1 T_6.7, 6;
    %dup/vec4;
    %pushi/vec4 773, 0, 12;
    %cmp/u;
    %jmp/1 T_6.8, 6;
    %dup/vec4;
    %pushi/vec4 832, 0, 12;
    %cmp/u;
    %jmp/1 T_6.9, 6;
    %dup/vec4;
    %pushi/vec4 833, 0, 12;
    %cmp/u;
    %jmp/1 T_6.10, 6;
    %dup/vec4;
    %pushi/vec4 834, 0, 12;
    %cmp/u;
    %jmp/1 T_6.11, 6;
    %pushi/vec4 0, 0, 32;
    %store/vec4 v0x12c8196c0_0, 0, 32;
    %jmp T_6.13;
T_6.2 ;
    %pushi/vec4 0, 0, 32;
    %store/vec4 v0x12c8196c0_0, 0, 32;
    %jmp T_6.13;
T_6.3 ;
    %pushi/vec4 0, 0, 32;
    %store/vec4 v0x12c8196c0_0, 0, 32;
    %jmp T_6.13;
T_6.4 ;
    %pushi/vec4 0, 0, 32;
    %store/vec4 v0x12c8196c0_0, 0, 32;
    %jmp T_6.13;
T_6.5 ;
    %pushi/vec4 0, 0, 32;
    %store/vec4 v0x12c8196c0_0, 0, 32;
    %jmp T_6.13;
T_6.6 ;
    %pushi/vec4 0, 0, 32;
    %store/vec4 v0x12c8196c0_0, 0, 32;
    %jmp T_6.13;
T_6.7 ;
    %pushi/vec4 0, 0, 19;
    %load/vec4 v0x12c819240_0;
    %concat/vec4; draw_concat_vec4
    %concati/vec4 0, 0, 3;
    %load/vec4 v0x12c8191a0_0;
    %concat/vec4; draw_concat_vec4
    %concati/vec4 0, 0, 3;
    %load/vec4 v0x12c819110_0;
    %concat/vec4; draw_concat_vec4
    %concati/vec4 0, 0, 3;
    %store/vec4 v0x12c8196c0_0, 0, 32;
    %jmp T_6.13;
T_6.8 ;
    %load/vec4 v0x12c8192f0_0;
    %store/vec4 v0x12c8196c0_0, 0, 32;
    %jmp T_6.13;
T_6.9 ;
    %load/vec4 v0x12c819080_0;
    %store/vec4 v0x12c8196c0_0, 0, 32;
    %jmp T_6.13;
T_6.10 ;
    %load/vec4 v0x12c818f60_0;
    %store/vec4 v0x12c8196c0_0, 0, 32;
    %jmp T_6.13;
T_6.11 ;
    %load/vec4 v0x12c818ed0_0;
    %store/vec4 v0x12c8196c0_0, 0, 32;
    %jmp T_6.13;
T_6.13 ;
    %pop/vec4 1;
    %jmp T_6.1;
T_6.0 ;
    %load/vec4 v0x12c818e40_0;
    %flag_set/vec4 8;
    %jmp/0xz  T_6.14, 8;
    %load/vec4 v0x12c8192f0_0;
    %store/vec4 v0x12c8196c0_0, 0, 32;
    %jmp T_6.15;
T_6.14 ;
    %load/vec4 v0x12c818ce0_0;
    %flag_set/vec4 8;
    %jmp/0xz  T_6.16, 8;
    %load/vec4 v0x12c8192f0_0;
    %store/vec4 v0x12c8196c0_0, 0, 32;
    %jmp T_6.17;
T_6.16 ;
    %load/vec4 v0x12c818ff0_0;
    %flag_set/vec4 8;
    %jmp/0xz  T_6.18, 8;
    %load/vec4 v0x12c818f60_0;
    %store/vec4 v0x12c8196c0_0, 0, 32;
    %jmp T_6.19;
T_6.18 ;
    %pushi/vec4 0, 0, 32;
    %store/vec4 v0x12c8196c0_0, 0, 32;
T_6.19 ;
T_6.17 ;
T_6.15 ;
T_6.1 ;
    %jmp T_6;
    .thread T_6, $push;
    .scope S_0x12c817910;
T_7 ;
    %wait E_0x12c817c50;
    %load/vec4 v0x12c819820_0;
    %flag_set/vec4 8;
    %jmp/0xz  T_7.0, 8;
    %pushi/vec4 1, 0, 1;
    %assign/vec4 v0x12c819110_0, 0;
    %jmp T_7.1;
T_7.0 ;
    %load/vec4 v0x12c818e40_0;
    %flag_set/vec4 8;
    %jmp/0xz  T_7.2, 8;
    %pushi/vec4 2, 0, 32;
    %assign/vec4 v0x12c818ed0_0, 0;
    %load/vec4 v0x12c818980_0;
    %assign/vec4 v0x12c818f60_0, 0;
    %load/vec4 v0x12c819630_0;
    %assign/vec4 v0x12c819240_0, 0;
    %load/vec4 v0x12c819110_0;
    %assign/vec4 v0x12c8191a0_0, 0;
    %pushi/vec4 0, 0, 1;
    %assign/vec4 v0x12c819110_0, 0;
    %jmp T_7.3;
T_7.2 ;
    %load/vec4 v0x12c818ce0_0;
    %flag_set/vec4 8;
    %jmp/0xz  T_7.4, 8;
    %pushi/vec4 11, 0, 32;
    %assign/vec4 v0x12c818ed0_0, 0;
    %load/vec4 v0x12c818980_0;
    %assign/vec4 v0x12c818f60_0, 0;
    %load/vec4 v0x12c819630_0;
    %assign/vec4 v0x12c819240_0, 0;
    %load/vec4 v0x12c819110_0;
    %assign/vec4 v0x12c8191a0_0, 0;
    %pushi/vec4 0, 0, 1;
    %assign/vec4 v0x12c819110_0, 0;
    %jmp T_7.5;
T_7.4 ;
    %load/vec4 v0x12c818ff0_0;
    %flag_set/vec4 8;
    %jmp/0xz  T_7.6, 8;
    %load/vec4 v0x12c8191a0_0;
    %assign/vec4 v0x12c819110_0, 0;
    %load/vec4 v0x12c819240_0;
    %assign/vec4 v0x12c819630_0, 0;
    %jmp T_7.7;
T_7.6 ;
    %load/vec4 v0x12c819a10_0;
    %flag_set/vec4 8;
    %jmp/0xz  T_7.8, 8;
    %load/vec4 v0x12c8193a0_0;
    %pushi/vec4 0, 0, 32;
    %cmp/e;
    %flag_get/vec4 4;
    %load/vec4 v0x12c818d80_0;
    %parti/s 2, 0, 2;
    %pushi/vec4 2, 0, 2;
    %cmp/e;
    %flag_get/vec4 4;
    %and;
    %inv;
    %load/vec4 v0x12c818b90_0;
    %parti/s 2, 10, 5;
    %pushi/vec4 3, 0, 2;
    %cmp/e;
    %flag_get/vec4 4;
    %and;
    %flag_set/vec4 8;
    %jmp/0xz  T_7.10, 8;
    %pushi/vec4 2, 0, 32;
    %assign/vec4 v0x12c818ed0_0, 0;
    %load/vec4 v0x12c818980_0;
    %assign/vec4 v0x12c818f60_0, 0;
    %load/vec4 v0x12c819630_0;
    %assign/vec4 v0x12c819240_0, 0;
    %load/vec4 v0x12c819110_0;
    %assign/vec4 v0x12c8191a0_0, 0;
    %pushi/vec4 0, 0, 1;
    %assign/vec4 v0x12c819110_0, 0;
    %jmp T_7.11;
T_7.10 ;
    %load/vec4 v0x12c818b90_0;
    %dup/vec4;
    %pushi/vec4 768, 0, 12;
    %cmp/u;
    %jmp/1 T_7.12, 6;
    %dup/vec4;
    %pushi/vec4 773, 0, 12;
    %cmp/u;
    %jmp/1 T_7.13, 6;
    %dup/vec4;
    %pushi/vec4 832, 0, 12;
    %cmp/u;
    %jmp/1 T_7.14, 6;
    %dup/vec4;
    %pushi/vec4 833, 0, 12;
    %cmp/u;
    %jmp/1 T_7.15, 6;
    %dup/vec4;
    %pushi/vec4 834, 0, 12;
    %cmp/u;
    %jmp/1 T_7.16, 6;
    %jmp T_7.18;
T_7.12 ;
    %load/vec4 v0x12c819960_0;
    %parti/s 1, 3, 3;
    %assign/vec4 v0x12c819110_0, 0;
    %load/vec4 v0x12c819960_0;
    %parti/s 1, 7, 4;
    %assign/vec4 v0x12c8191a0_0, 0;
    %load/vec4 v0x12c819960_0;
    %parti/s 2, 11, 5;
    %assign/vec4 v0x12c819240_0, 0;
    %jmp T_7.18;
T_7.13 ;
    %load/vec4 v0x12c819960_0;
    %assign/vec4 v0x12c8192f0_0, 0;
    %jmp T_7.18;
T_7.14 ;
    %load/vec4 v0x12c819960_0;
    %assign/vec4 v0x12c819080_0, 0;
    %jmp T_7.18;
T_7.15 ;
    %load/vec4 v0x12c819960_0;
    %assign/vec4 v0x12c818f60_0, 0;
    %jmp T_7.18;
T_7.16 ;
    %load/vec4 v0x12c819960_0;
    %assign/vec4 v0x12c818ed0_0, 0;
    %jmp T_7.18;
T_7.18 ;
    %pop/vec4 1;
T_7.11 ;
T_7.8 ;
T_7.7 ;
T_7.5 ;
T_7.3 ;
T_7.1 ;
    %jmp T_7;
    .thread T_7;
    .scope S_0x12c806f00;
T_8 ;
    %wait E_0x12c805ff0;
    %load/vec4 v0x12c817240_0;
    %dup/vec4;
    %pushi/vec4 0, 0, 4;
    %cmp/x;
    %jmp/1 T_8.0, 4;
    %dup/vec4;
    %pushi/vec4 8, 0, 4;
    %cmp/x;
    %jmp/1 T_8.1, 4;
    %dup/vec4;
    %pushi/vec4 1, 0, 4;
    %cmp/x;
    %jmp/1 T_8.2, 4;
    %dup/vec4;
    %pushi/vec4 2, 0, 4;
    %cmp/x;
    %jmp/1 T_8.3, 4;
    %dup/vec4;
    %pushi/vec4 3, 0, 4;
    %cmp/x;
    %jmp/1 T_8.4, 4;
    %dup/vec4;
    %pushi/vec4 4, 0, 4;
    %cmp/x;
    %jmp/1 T_8.5, 4;
    %dup/vec4;
    %pushi/vec4 5, 0, 4;
    %cmp/x;
    %jmp/1 T_8.6, 4;
    %dup/vec4;
    %pushi/vec4 13, 0, 4;
    %cmp/x;
    %jmp/1 T_8.7, 4;
    %dup/vec4;
    %pushi/vec4 6, 0, 4;
    %cmp/x;
    %jmp/1 T_8.8, 4;
    %dup/vec4;
    %pushi/vec4 7, 0, 4;
    %cmp/x;
    %jmp/1 T_8.9, 4;
    %load/vec4 v0x12c807120_0;
    %store/vec4 v0x12c817180_0, 0, 32;
    %jmp T_8.11;
T_8.0 ;
    %load/vec4 v0x12c807120_0;
    %load/vec4 v0x12c8170d0_0;
    %add;
    %store/vec4 v0x12c817180_0, 0, 32;
    %jmp T_8.11;
T_8.1 ;
    %load/vec4 v0x12c807120_0;
    %load/vec4 v0x12c8170d0_0;
    %sub;
    %store/vec4 v0x12c817180_0, 0, 32;
    %jmp T_8.11;
T_8.2 ;
    %load/vec4 v0x12c807120_0;
    %load/vec4 v0x12c8170d0_0;
    %parti/s 5, 0, 2;
    %ix/vec4 4;
    %shiftl 4;
    %store/vec4 v0x12c817180_0, 0, 32;
    %jmp T_8.11;
T_8.3 ;
    %load/vec4 v0x12c807120_0;
    %load/vec4 v0x12c8170d0_0;
    %cmp/s;
    %flag_get/vec4 5;
    %pad/u 32;
    %store/vec4 v0x12c817180_0, 0, 32;
    %jmp T_8.11;
T_8.4 ;
    %load/vec4 v0x12c807120_0;
    %load/vec4 v0x12c8170d0_0;
    %cmp/u;
    %flag_get/vec4 5;
    %pad/u 32;
    %store/vec4 v0x12c817180_0, 0, 32;
    %jmp T_8.11;
T_8.5 ;
    %load/vec4 v0x12c807120_0;
    %load/vec4 v0x12c8170d0_0;
    %xor;
    %store/vec4 v0x12c817180_0, 0, 32;
    %jmp T_8.11;
T_8.6 ;
    %load/vec4 v0x12c807120_0;
    %load/vec4 v0x12c8170d0_0;
    %parti/s 5, 0, 2;
    %ix/vec4 4;
    %shiftr 4;
    %store/vec4 v0x12c817180_0, 0, 32;
    %jmp T_8.11;
T_8.7 ;
    %load/vec4 v0x12c807120_0;
    %load/vec4 v0x12c8170d0_0;
    %parti/s 5, 0, 2;
    %ix/vec4 4;
    %shiftr/s 4;
    %store/vec4 v0x12c817180_0, 0, 32;
    %jmp T_8.11;
T_8.8 ;
    %load/vec4 v0x12c807120_0;
    %load/vec4 v0x12c8170d0_0;
    %or;
    %store/vec4 v0x12c817180_0, 0, 32;
    %jmp T_8.11;
T_8.9 ;
    %load/vec4 v0x12c807120_0;
    %load/vec4 v0x12c8170d0_0;
    %and;
    %store/vec4 v0x12c817180_0, 0, 32;
    %jmp T_8.11;
T_8.11 ;
    %pop/vec4 1;
    %jmp T_8;
    .thread T_8, $push;
    .scope S_0x12c817350;
T_9 ;
    %wait E_0x12c817580;
    %load/vec4 v0x12c817800_0;
    %dup/vec4;
    %pushi/vec4 0, 0, 3;
    %cmp/x;
    %jmp/1 T_9.0, 4;
    %dup/vec4;
    %pushi/vec4 1, 0, 3;
    %cmp/x;
    %jmp/1 T_9.1, 4;
    %dup/vec4;
    %pushi/vec4 4, 0, 3;
    %cmp/x;
    %jmp/1 T_9.2, 4;
    %dup/vec4;
    %pushi/vec4 5, 0, 3;
    %cmp/x;
    %jmp/1 T_9.3, 4;
    %dup/vec4;
    %pushi/vec4 6, 0, 3;
    %cmp/x;
    %jmp/1 T_9.4, 4;
    %dup/vec4;
    %pushi/vec4 7, 0, 3;
    %cmp/x;
    %jmp/1 T_9.5, 4;
    %pushi/vec4 0, 0, 1;
    %store/vec4 v0x12c8175e0_0, 0, 1;
    %jmp T_9.7;
T_9.0 ;
    %load/vec4 v0x12c817690_0;
    %load/vec4 v0x12c817740_0;
    %cmp/e;
    %flag_get/vec4 4;
    %store/vec4 v0x12c8175e0_0, 0, 1;
    %jmp T_9.7;
T_9.1 ;
    %load/vec4 v0x12c817690_0;
    %load/vec4 v0x12c817740_0;
    %cmp/ne;
    %flag_get/vec4 4;
    %store/vec4 v0x12c8175e0_0, 0, 1;
    %jmp T_9.7;
T_9.2 ;
    %load/vec4 v0x12c817690_0;
    %load/vec4 v0x12c817740_0;
    %cmp/s;
    %flag_get/vec4 5;
    %store/vec4 v0x12c8175e0_0, 0, 1;
    %jmp T_9.7;
T_9.3 ;
    %load/vec4 v0x12c817740_0;
    %load/vec4 v0x12c817690_0;
    %cmp/s;
    %flag_get/vec4 4;
    %flag_get/vec4 5;
    %or;
    %store/vec4 v0x12c8175e0_0, 0, 1;
    %jmp T_9.7;
T_9.4 ;
    %load/vec4 v0x12c817690_0;
    %load/vec4 v0x12c817740_0;
    %cmp/u;
    %flag_get/vec4 5;
    %store/vec4 v0x12c8175e0_0, 0, 1;
    %jmp T_9.7;
T_9.5 ;
    %load/vec4 v0x12c817740_0;
    %load/vec4 v0x12c817690_0;
    %cmp/u;
    %flag_get/vec4 4;
    %flag_get/vec4 5;
    %or;
    %store/vec4 v0x12c8175e0_0, 0, 1;
    %jmp T_9.7;
T_9.7 ;
    %pop/vec4 1;
    %jmp T_9;
    .thread T_9, $push;
    .scope S_0x12c81b420;
T_10 ;
    %pushi/vec4 0, 0, 1;
    %store/vec4 v0x12c81c490_0, 0, 1;
    %end;
    .thread T_10;
    .scope S_0x12c81b420;
T_11 ;
    %wait E_0x12c81b6c0;
    %load/vec4 v0x12c81c050_0;
    %dup/vec4;
    %pushi/vec4 0, 0, 2;
    %cmp/u;
    %jmp/1 T_11.0, 6;
    %dup/vec4;
    %pushi/vec4 1, 0, 2;
    %cmp/u;
    %jmp/1 T_11.1, 6;
    %dup/vec4;
    %pushi/vec4 2, 0, 2;
    %cmp/u;
    %jmp/1 T_11.2, 6;
    %pushi/vec4 0, 0, 1;
    %store/vec4 v0x12c81c1a0_0, 0, 1;
    %jmp T_11.4;
T_11.0 ;
    %pushi/vec4 0, 0, 1;
    %store/vec4 v0x12c81c1a0_0, 0, 1;
    %jmp T_11.4;
T_11.1 ;
    %load/vec4 v0x12c81bf30_0;
    %parti/s 2, 0, 2;
    %dup/vec4;
    %pushi/vec4 0, 0, 2;
    %cmp/u;
    %jmp/1 T_11.5, 6;
    %dup/vec4;
    %pushi/vec4 1, 0, 2;
    %cmp/u;
    %jmp/1 T_11.6, 6;
    %dup/vec4;
    %pushi/vec4 2, 0, 2;
    %cmp/u;
    %jmp/1 T_11.7, 6;
    %dup/vec4;
    %pushi/vec4 3, 0, 2;
    %cmp/u;
    %jmp/1 T_11.8, 6;
    %pushi/vec4 0, 0, 1;
    %store/vec4 v0x12c81c1a0_0, 0, 1;
    %jmp T_11.10;
T_11.5 ;
    %pushi/vec4 0, 0, 1;
    %store/vec4 v0x12c81c1a0_0, 0, 1;
    %jmp T_11.10;
T_11.6 ;
    %pushi/vec4 0, 0, 1;
    %store/vec4 v0x12c81c1a0_0, 0, 1;
    %jmp T_11.10;
T_11.7 ;
    %pushi/vec4 0, 0, 1;
    %store/vec4 v0x12c81c1a0_0, 0, 1;
    %jmp T_11.10;
T_11.8 ;
    %pushi/vec4 1, 0, 1;
    %store/vec4 v0x12c81c1a0_0, 0, 1;
    %jmp T_11.10;
T_11.10 ;
    %pop/vec4 1;
    %jmp T_11.4;
T_11.2 ;
    %load/vec4 v0x12c81bf30_0;
    %parti/s 2, 0, 2;
    %dup/vec4;
    %pushi/vec4 0, 0, 2;
    %cmp/u;
    %jmp/1 T_11.11, 6;
    %dup/vec4;
    %pushi/vec4 1, 0, 2;
    %cmp/u;
    %jmp/1 T_11.12, 6;
    %dup/vec4;
    %pushi/vec4 2, 0, 2;
    %cmp/u;
    %jmp/1 T_11.13, 6;
    %dup/vec4;
    %pushi/vec4 3, 0, 2;
    %cmp/u;
    %jmp/1 T_11.14, 6;
    %pushi/vec4 0, 0, 1;
    %store/vec4 v0x12c81c1a0_0, 0, 1;
    %jmp T_11.16;
T_11.11 ;
    %pushi/vec4 0, 0, 1;
    %store/vec4 v0x12c81c1a0_0, 0, 1;
    %jmp T_11.16;
T_11.12 ;
    %pushi/vec4 1, 0, 1;
    %store/vec4 v0x12c81c1a0_0, 0, 1;
    %jmp T_11.16;
T_11.13 ;
    %pushi/vec4 1, 0, 1;
    %store/vec4 v0x12c81c1a0_0, 0, 1;
    %jmp T_11.16;
T_11.14 ;
    %pushi/vec4 1, 0, 1;
    %store/vec4 v0x12c81c1a0_0, 0, 1;
    %jmp T_11.16;
T_11.16 ;
    %pop/vec4 1;
    %jmp T_11.4;
T_11.4 ;
    %pop/vec4 1;
    %jmp T_11;
    .thread T_11, $push;
    .scope S_0x12c81b420;
T_12 ;
    %wait E_0x12c817c50;
    %load/vec4 v0x12c81c1a0_0;
    %load/vec4 v0x12c81c0f0_0;
    %load/vec4 v0x12c81c680_0;
    %or;
    %and;
    %flag_set/vec4 8;
    %jmp/0xz  T_12.0, 8;
    %load/vec4 v0x12c81c490_0;
    %inv;
    %assign/vec4 v0x12c81c490_0, 0;
    %jmp T_12.1;
T_12.0 ;
    %pushi/vec4 0, 0, 1;
    %assign/vec4 v0x12c81c490_0, 0;
T_12.1 ;
    %jmp T_12;
    .thread T_12;
    .scope S_0x12c81b420;
T_13 ;
    %wait E_0x12c819de0;
    %load/vec4 v0x12c81c5e0_0;
    %flag_set/vec4 8;
    %jmp/0xz  T_13.0, 8;
    %load/vec4 v0x12c81bf30_0;
    %parti/s 30, 2, 3;
    %concati/vec4 0, 0, 2;
    %addi 4, 0, 32;
    %store/vec4 v0x12c81c230_0, 0, 32;
    %pushi/vec4 0, 0, 8;
    %load/vec4 v0x12c81c530_0;
    %parti/s 24, 32, 7;
    %concat/vec4; draw_concat_vec4
    %store/vec4 v0x12c81c3e0_0, 0, 32;
    %load/vec4 v0x12c81c680_0;
    %flag_set/vec4 8;
    %jmp/0xz  T_13.2, 8;
    %load/vec4 v0x12c81c050_0;
    %dup/vec4;
    %pushi/vec4 1, 0, 2;
    %cmp/u;
    %jmp/1 T_13.4, 6;
    %dup/vec4;
    %pushi/vec4 2, 0, 2;
    %cmp/u;
    %jmp/1 T_13.5, 6;
    %pushi/vec4 0, 0, 4;
    %store/vec4 v0x12c81c720_0, 0, 4;
    %jmp T_13.7;
T_13.4 ;
    %pushi/vec4 1, 0, 4;
    %store/vec4 v0x12c81c720_0, 0, 4;
    %jmp T_13.7;
T_13.5 ;
    %pushi/vec4 15, 0, 4;
    %load/vec4 v0x12c81bf30_0;
    %parti/s 2, 0, 2;
    %ix/vec4 4;
    %shiftl 4;
    %inv;
    %store/vec4 v0x12c81c720_0, 0, 4;
    %jmp T_13.7;
T_13.7 ;
    %pop/vec4 1;
    %jmp T_13.3;
T_13.2 ;
    %pushi/vec4 0, 0, 4;
    %store/vec4 v0x12c81c720_0, 0, 4;
T_13.3 ;
    %jmp T_13.1;
T_13.0 ;
    %load/vec4 v0x12c81bf30_0;
    %parti/s 30, 2, 3;
    %concati/vec4 0, 0, 2;
    %store/vec4 v0x12c81c230_0, 0, 32;
    %load/vec4 v0x12c81c530_0;
    %parti/s 32, 0, 2;
    %store/vec4 v0x12c81c3e0_0, 0, 32;
    %load/vec4 v0x12c81c680_0;
    %flag_set/vec4 8;
    %jmp/0xz  T_13.8, 8;
    %load/vec4 v0x12c81c050_0;
    %dup/vec4;
    %pushi/vec4 0, 0, 2;
    %cmp/u;
    %jmp/1 T_13.10, 6;
    %dup/vec4;
    %pushi/vec4 1, 0, 2;
    %cmp/u;
    %jmp/1 T_13.11, 6;
    %dup/vec4;
    %pushi/vec4 2, 0, 2;
    %cmp/u;
    %jmp/1 T_13.12, 6;
    %pushi/vec4 0, 0, 4;
    %store/vec4 v0x12c81c720_0, 0, 4;
    %jmp T_13.14;
T_13.10 ;
    %pushi/vec4 1, 0, 4;
    %load/vec4 v0x12c81bf30_0;
    %parti/s 2, 0, 2;
    %ix/vec4 4;
    %shiftl 4;
    %store/vec4 v0x12c81c720_0, 0, 4;
    %jmp T_13.14;
T_13.11 ;
    %pushi/vec4 3, 0, 4;
    %load/vec4 v0x12c81bf30_0;
    %parti/s 2, 0, 2;
    %ix/vec4 4;
    %shiftl 4;
    %store/vec4 v0x12c81c720_0, 0, 4;
    %jmp T_13.14;
T_13.12 ;
    %pushi/vec4 15, 0, 4;
    %load/vec4 v0x12c81bf30_0;
    %parti/s 2, 0, 2;
    %ix/vec4 4;
    %shiftl 4;
    %store/vec4 v0x12c81c720_0, 0, 4;
    %jmp T_13.14;
T_13.14 ;
    %pop/vec4 1;
    %jmp T_13.9;
T_13.8 ;
    %pushi/vec4 0, 0, 4;
    %store/vec4 v0x12c81c720_0, 0, 4;
T_13.9 ;
T_13.1 ;
    %jmp T_13;
    .thread T_13, $push;
    .scope S_0x12c81c8c0;
T_14 ;
    %wait E_0x12c817c50;
    %load/vec4 v0x12c81d030_0;
    %parti/s 24, 0, 2;
    %assign/vec4 v0x12c81d330_0, 0;
    %jmp T_14;
    .thread T_14;
    .scope S_0x12c81c8c0;
T_15 ;
    %wait E_0x12c81bd80;
    %load/vec4 v0x12c81d0c0_0;
    %dup/vec4;
    %pushi/vec4 0, 0, 2;
    %cmp/u;
    %jmp/1 T_15.0, 6;
    %dup/vec4;
    %pushi/vec4 1, 0, 2;
    %cmp/u;
    %jmp/1 T_15.1, 6;
    %dup/vec4;
    %pushi/vec4 2, 0, 2;
    %cmp/u;
    %jmp/1 T_15.2, 6;
    %load/vec4 v0x12c81d3e0_0;
    %store/vec4 v0x12c81d280_0, 0, 32;
    %jmp T_15.4;
T_15.0 ;
    %load/vec4 v0x12c81d490_0;
    %flag_set/vec4 8;
    %jmp/0xz  T_15.5, 8;
    %pushi/vec4 0, 0, 24;
    %load/vec4 v0x12c81d3e0_0;
    %parti/s 8, 0, 2;
    %concat/vec4; draw_concat_vec4
    %store/vec4 v0x12c81d280_0, 0, 32;
    %jmp T_15.6;
T_15.5 ;
    %load/vec4 v0x12c81d3e0_0;
    %parti/s 1, 7, 4;
    %replicate 24;
    %load/vec4 v0x12c81d3e0_0;
    %parti/s 8, 0, 2;
    %concat/vec4; draw_concat_vec4
    %store/vec4 v0x12c81d280_0, 0, 32;
T_15.6 ;
    %jmp T_15.4;
T_15.1 ;
    %load/vec4 v0x12c81d490_0;
    %flag_set/vec4 8;
    %jmp/0xz  T_15.7, 8;
    %pushi/vec4 0, 0, 16;
    %load/vec4 v0x12c81d3e0_0;
    %parti/s 16, 0, 2;
    %concat/vec4; draw_concat_vec4
    %store/vec4 v0x12c81d280_0, 0, 32;
    %jmp T_15.8;
T_15.7 ;
    %load/vec4 v0x12c81d3e0_0;
    %parti/s 1, 15, 5;
    %replicate 16;
    %load/vec4 v0x12c81d3e0_0;
    %parti/s 16, 0, 2;
    %concat/vec4; draw_concat_vec4
    %store/vec4 v0x12c81d280_0, 0, 32;
T_15.8 ;
    %jmp T_15.4;
T_15.2 ;
    %load/vec4 v0x12c81d3e0_0;
    %store/vec4 v0x12c81d280_0, 0, 32;
    %jmp T_15.4;
T_15.4 ;
    %pop/vec4 1;
    %jmp T_15;
    .thread T_15, $push;
    .scope S_0x12c806d90;
T_16 ;
    %wait E_0x12c817c50;
    %load/vec4 v0x12c823880_0;
    %flag_set/vec4 8;
    %jmp/0xz  T_16.0, 8;
    %pushi/vec4 0, 0, 32;
    %assign/vec4 v0x12c822ce0_0, 0;
    %jmp T_16.1;
T_16.0 ;
    %load/vec4 v0x12c8217c0_0;
    %load/vec4 v0x12c822ad0_0;
    %or;
    %inv;
    %flag_set/vec4 8;
    %jmp/0xz  T_16.2, 8;
    %load/vec4 v0x12c8237d0_0;
    %assign/vec4 v0x12c822ce0_0, 0;
T_16.2 ;
T_16.1 ;
    %jmp T_16;
    .thread T_16;
    .scope S_0x12c806d90;
T_17 ;
    %wait E_0x12c817c50;
    %load/vec4 v0x12c823880_0;
    %load/vec4 v0x12c822ad0_0;
    %load/vec4 v0x12c8217c0_0;
    %inv;
    %and;
    %or;
    %load/vec4 v0x12c821160_0;
    %or;
    %load/vec4 v0x12c820e60_0;
    %or;
    %flag_set/vec4 8;
    %jmp/0xz  T_17.0, 8;
    %pushi/vec4 0, 0, 12;
    %assign/vec4 v0x12c8215b0_0, 0;
    %pushi/vec4 0, 0, 5;
    %assign/vec4 v0x12c821f50_0, 0;
    %pushi/vec4 0, 0, 3;
    %assign/vec4 v0x12c8213c0_0, 0;
    %pushi/vec4 0, 0, 5;
    %assign/vec4 v0x12c821de0_0, 0;
    %pushi/vec4 0, 0, 32;
    %assign/vec4 v0x12c821c80_0, 0;
    %pushi/vec4 0, 0, 32;
    %assign/vec4 v0x12c820d20_0, 0;
    %pushi/vec4 0, 0, 32;
    %assign/vec4 v0x12c820db0_0, 0;
    %pushi/vec4 0, 0, 32;
    %assign/vec4 v0x12c821520_0, 0;
    %pushi/vec4 0, 0, 1;
    %assign/vec4 v0x12c820c90_0, 0;
    %pushi/vec4 0, 0, 1;
    %assign/vec4 v0x12c820f20_0, 0;
    %pushi/vec4 0, 0, 4;
    %assign/vec4 v0x12c821040_0, 0;
    %pushi/vec4 0, 0, 1;
    %assign/vec4 v0x12c821ea0_0, 0;
    %pushi/vec4 0, 0, 2;
    %assign/vec4 v0x12c821bf0_0, 0;
    %pushi/vec4 0, 0, 1;
    %assign/vec4 v0x12c821660_0, 0;
    %pushi/vec4 0, 0, 1;
    %assign/vec4 v0x12c8211f0_0, 0;
    %pushi/vec4 0, 0, 1;
    %assign/vec4 v0x12c8216f0_0, 0;
    %pushi/vec4 0, 0, 1;
    %assign/vec4 v0x12c8222d0_0, 0;
    %pushi/vec4 0, 0, 1;
    %assign/vec4 v0x12c822360_0, 0;
    %pushi/vec4 0, 0, 1;
    %assign/vec4 v0x12c821310_0, 0;
    %pushi/vec4 0, 0, 1;
    %assign/vec4 v0x12c821ad0_0, 0;
    %pushi/vec4 0, 0, 1;
    %assign/vec4 v0x12c821490_0, 0;
    %pushi/vec4 0, 0, 1;
    %assign/vec4 v0x12c8220d0_0, 0;
    %pushi/vec4 0, 0, 1;
    %assign/vec4 v0x12c822240_0, 0;
    %jmp T_17.1;
T_17.0 ;
    %load/vec4 v0x12c8217c0_0;
    %inv;
    %flag_set/vec4 8;
    %jmp/0xz  T_17.2, 8;
    %load/vec4 v0x12c822970_0;
    %parti/s 12, 20, 6;
    %assign/vec4 v0x12c8215b0_0, 0;
    %load/vec4 v0x12c822970_0;
    %parti/s 5, 15, 5;
    %assign/vec4 v0x12c821f50_0, 0;
    %load/vec4 v0x12c822970_0;
    %parti/s 3, 12, 5;
    %assign/vec4 v0x12c8213c0_0, 0;
    %load/vec4 v0x12c822970_0;
    %parti/s 5, 7, 4;
    %assign/vec4 v0x12c821de0_0, 0;
    %load/vec4 v0x12c822ce0_0;
    %assign/vec4 v0x12c821c80_0, 0;
    %load/vec4 v0x12c8230a0_0;
    %assign/vec4 v0x12c820d20_0, 0;
    %load/vec4 v0x12c823150_0;
    %assign/vec4 v0x12c820db0_0, 0;
    %load/vec4 v0x12c8228c0_0;
    %assign/vec4 v0x12c821520_0, 0;
    %load/vec4 v0x12c8223f0_0;
    %assign/vec4 v0x12c820c90_0, 0;
    %load/vec4 v0x12c8224a0_0;
    %assign/vec4 v0x12c820f20_0, 0;
    %load/vec4 v0x12c822550_0;
    %assign/vec4 v0x12c821040_0, 0;
    %load/vec4 v0x12c822e00_0;
    %assign/vec4 v0x12c821ea0_0, 0;
    %load/vec4 v0x12c8226b0_0;
    %assign/vec4 v0x12c821bf0_0, 0;
    %load/vec4 v0x12c822a40_0;
    %assign/vec4 v0x12c821660_0, 0;
    %load/vec4 v0x12c822600_0;
    %assign/vec4 v0x12c8211f0_0, 0;
    %load/vec4 v0x12c822b80_0;
    %assign/vec4 v0x12c8216f0_0, 0;
    %load/vec4 v0x12c823010_0;
    %assign/vec4 v0x12c8222d0_0, 0;
    %load/vec4 v0x12c823200_0;
    %assign/vec4 v0x12c822360_0, 0;
    %load/vec4 v0x12c822760_0;
    %assign/vec4 v0x12c821310_0, 0;
    %load/vec4 v0x12c822c30_0;
    %assign/vec4 v0x12c821ad0_0, 0;
    %load/vec4 v0x12c822810_0;
    %assign/vec4 v0x12c821490_0, 0;
    %load/vec4 v0x12c822eb0_0;
    %assign/vec4 v0x12c8220d0_0, 0;
    %load/vec4 v0x12c822f60_0;
    %assign/vec4 v0x12c822240_0, 0;
T_17.2 ;
T_17.1 ;
    %jmp T_17;
    .thread T_17;
    .scope S_0x12c806d90;
T_18 ;
    %wait E_0x12c817c50;
    %load/vec4 v0x12c823880_0;
    %flag_set/vec4 8;
    %jmp/0xz  T_18.0, 8;
    %pushi/vec4 0, 0, 3;
    %assign/vec4 v0x12c823340_0, 0;
    %pushi/vec4 0, 0, 5;
    %assign/vec4 v0x12c8235e0_0, 0;
    %pushi/vec4 0, 0, 32;
    %assign/vec4 v0x12c8232b0_0, 0;
    %pushi/vec4 0, 0, 1;
    %assign/vec4 v0x12c823720_0, 0;
    %pushi/vec4 0, 0, 1;
    %assign/vec4 v0x12c8233d0_0, 0;
    %jmp T_18.1;
T_18.0 ;
    %load/vec4 v0x12c8217c0_0;
    %inv;
    %flag_set/vec4 8;
    %jmp/0xz  T_18.2, 8;
    %load/vec4 v0x12c8213c0_0;
    %assign/vec4 v0x12c823340_0, 0;
    %load/vec4 v0x12c821de0_0;
    %assign/vec4 v0x12c8235e0_0, 0;
    %load/vec4 v0x12c821b60_0;
    %assign/vec4 v0x12c8232b0_0, 0;
    %load/vec4 v0x12c821ea0_0;
    %assign/vec4 v0x12c823720_0, 0;
    %load/vec4 v0x12c8216f0_0;
    %assign/vec4 v0x12c8233d0_0, 0;
T_18.2 ;
T_18.1 ;
    %jmp T_18;
    .thread T_18;
    .scope S_0x12c806ba0;
T_19 ;
    %pushi/vec4 0, 0, 32;
    %store/vec4 v0x12c8239c0_0, 0, 32;
    %pushi/vec4 0, 0, 32;
    %store/vec4 v0x12c823a60_0, 0, 32;
    %pushi/vec4 0, 0, 32;
    %store/vec4 v0x12c823e20_0, 0, 32;
    %pushi/vec4 0, 0, 32;
    %store/vec4 v0x12c823b20_0, 0, 32;
    %end;
    .thread T_19;
    .scope S_0x12c806ba0;
T_20 ;
    %vpi_call 2 21 "$dumpfile", "test.vcd" {0 0 0};
    %vpi_call 2 22 "$dumpvars", 32'sb00000000000000000000000000000000, S_0x12c806ba0 {0 0 0};
    %vpi_func 2 24 "$fopen" 32, "test_file_name.txt", "r" {0 0 0};
    %store/vec4 v0x12c8239c0_0, 0, 32;
    %vpi_func 2 25 "$fopen" 32, "test_result.txt", "w" {0 0 0};
    %store/vec4 v0x12c823a60_0, 0, 32;
T_20.0 ;
    %vpi_func 2 26 "$feof" 32, v0x12c8239c0_0 {0 0 0};
    %cmpi/e 0, 0, 32;
    %jmp/0xz T_20.1, 4;
    %vpi_func 2 27 "$fscanf" 32, v0x12c8239c0_0, "%s\012", v0x12c823d70_0 {0 0 0};
    %store/vec4 v0x12c823ce0_0, 0, 32;
    %load/vec4 v0x12c823d70_0;
    %ix/getv/s 4, v0x12c823e20_0;
    %store/vec4a v0x12c823ed0, 4, 0;
    %vpi_call 2 30 "$fdisplay", v0x12c823a60_0, "%s", &A<v0x12c823ed0, v0x12c823e20_0 > {0 0 0};
    %load/vec4 v0x12c823e20_0;
    %addi 1, 0, 32;
    %store/vec4 v0x12c823e20_0, 0, 32;
    %jmp T_20.0;
T_20.1 ;
    %vpi_call 2 33 "$fclose", v0x12c8239c0_0 {0 0 0};
    %load/vec4 v0x12c823e20_0;
    %store/vec4 v0x12c823b20_0, 0, 32;
    %pushi/vec4 0, 0, 32;
    %store/vec4 v0x12c823e20_0, 0, 32;
    %vpi_call 2 36 "$fdisplay", v0x12c823a60_0, "----------------------" {0 0 0};
    %vpi_call 2 37 "$fdisplay", v0x12c823a60_0, "%s", &A<v0x12c823ed0, v0x12c823e20_0 > {0 0 0};
    %vpi_call 2 38 "$readmemh", &A<v0x12c823ed0, v0x12c823e20_0 >, v0x12c81dae0 {0 0 0};
    %end;
    .thread T_20;
    .scope S_0x12c806ba0;
T_21 ;
    %pushi/vec4 0, 0, 1;
    %assign/vec4 v0x12c823930_0, 0;
    %pushi/vec4 1, 0, 1;
    %assign/vec4 v0x12c823bd0_0, 0;
    %delay 22000, 0;
    %pushi/vec4 0, 0, 1;
    %assign/vec4 v0x12c823bd0_0, 0;
    %end;
    .thread T_21;
    .scope S_0x12c806ba0;
T_22 ;
T_22.0 ;
    %delay 5000, 0;
    %load/vec4 v0x12c823930_0;
    %inv;
    %assign/vec4 v0x12c823930_0, 0;
    %jmp T_22.0;
    %end;
    .thread T_22;
    .scope S_0x12c806ba0;
T_23 ;
    %delay 4000, 0;
T_23.0 ;
    %delay 10000, 0;
    %vpi_call 2 59 "$fdisplay", v0x12c823a60_0, "time:%d pc:%h inst:%h x1:%h x2:%h x3:%h x4:%h x5:%h x6:%h x7:%h", $realtime, v0x12c822ce0_0, v0x12c822970_0, &A<v0x12c81f000, 1>, &A<v0x12c81f000, 2>, &A<v0x12c81f000, 3>, &A<v0x12c81f000, 4>, &A<v0x12c81f000, 5>, &A<v0x12c81f000, 6>, &A<v0x12c81f000, 7> {0 0 0};
    %load/vec4 v0x12c8235e0_0;
    %pushi/vec4 3, 0, 5;
    %cmp/e;
    %flag_get/vec4 4;
    %load/vec4 v0x12c823720_0;
    %pushi/vec4 1, 0, 1;
    %cmp/e;
    %flag_get/vec4 4;
    %and;
    %flag_set/vec4 8;
    %jmp/0xz  T_23.1, 8;
    %vpi_call 2 61 "$fdisplay", v0x12c823a60_0, "gp:%d", v0x12c823670_0 {0 0 0};
T_23.1 ;
    %load/vec4 v0x12c822ce0_0;
    %cmpi/e 68, 0, 32;
    %jmp/0xz  T_23.3, 4;
    %ix/load 4, 3, 0;
    %flag_set/imm 4, 0;
    %load/vec4a v0x12c81f000, 4;
    %cmpi/e 1, 0, 32;
    %jmp/0xz  T_23.5, 4;
    %vpi_call 2 65 "$fdisplay", v0x12c823a60_0, "test pass" {0 0 0};
    %pushi/vec4 1, 0, 1;
    %ix/getv/s 4, v0x12c823e20_0;
    %store/vec4a v0x12c823fe0, 4, 0;
    %jmp T_23.6;
T_23.5 ;
    %vpi_call 2 68 "$fdisplay", v0x12c823a60_0, "test fail" {0 0 0};
    %pushi/vec4 0, 0, 1;
    %ix/getv/s 4, v0x12c823e20_0;
    %store/vec4a v0x12c823fe0, 4, 0;
T_23.6 ;
    %load/vec4 v0x12c823e20_0;
    %addi 1, 0, 32;
    %store/vec4 v0x12c823e20_0, 0, 32;
    %load/vec4 v0x12c823e20_0;
    %load/vec4 v0x12c823b20_0;
    %cmp/e;
    %jmp/0xz  T_23.7, 4;
    %vpi_call 2 73 "$fdisplay", v0x12c823a60_0, "----------------------" {0 0 0};
    %vpi_call 2 74 "$display", "----------------------" {0 0 0};
    %pushi/vec4 0, 0, 32;
    %store/vec4 v0x12c823e20_0, 0, 32;
T_23.9 ;
    %load/vec4 v0x12c823e20_0;
    %load/vec4 v0x12c823b20_0;
    %cmp/s;
    %jmp/0xz T_23.10, 5;
    %ix/getv/s 4, v0x12c823e20_0;
    %load/vec4a v0x12c823fe0, 4;
    %cmpi/e 1, 0, 1;
    %jmp/0xz  T_23.11, 4;
    %vpi_call 2 77 "$display", "%s  pass", &A<v0x12c823ed0, v0x12c823e20_0 > {0 0 0};
    %vpi_call 2 78 "$fdisplay", v0x12c823a60_0, "%s  pass", &A<v0x12c823ed0, v0x12c823e20_0 > {0 0 0};
    %jmp T_23.12;
T_23.11 ;
    %vpi_call 2 80 "$display", "%s  fail", &A<v0x12c823ed0, v0x12c823e20_0 > {0 0 0};
    %vpi_call 2 81 "$fdisplay", v0x12c823a60_0, "%s  fail", &A<v0x12c823ed0, v0x12c823e20_0 > {0 0 0};
T_23.12 ;
    %load/vec4 v0x12c823e20_0;
    %addi 1, 0, 32;
    %store/vec4 v0x12c823e20_0, 0, 32;
    %jmp T_23.9;
T_23.10 ;
    %vpi_call 2 84 "$fclose", v0x12c823a60_0 {0 0 0};
    %vpi_call 2 85 "$finish" {0 0 0};
T_23.7 ;
    %vpi_call 2 87 "$fdisplay", v0x12c823a60_0, "----------------------" {0 0 0};
    %vpi_call 2 88 "$fdisplay", v0x12c823a60_0, "%s", &A<v0x12c823ed0, v0x12c823e20_0 > {0 0 0};
    %pushi/vec4 1, 0, 1;
    %assign/vec4 v0x12c823bd0_0, 0;
    %delay 10000, 0;
    %vpi_call 2 91 "$readmemh", &A<v0x12c823ed0, v0x12c823e20_0 >, v0x12c81dae0 {0 0 0};
    %delay 10000, 0;
    %pushi/vec4 0, 0, 1;
    %assign/vec4 v0x12c823bd0_0, 0;
T_23.3 ;
    %jmp T_23.0;
    %end;
    .thread T_23;
    .scope S_0x12c806ba0;
T_24 ;
    %delay 1000000000, 0;
    %vpi_call 2 98 "$finish" {0 0 0};
    %end;
    .thread T_24;
# The file index is used to find the file name in the following table.
:file_names 12;
    "N/A";
    "<interactive>";
    "test_all.v";
    "core.v";
    "alu.v";
    "br_unit.v";
    "csr.v";
    "decoder.v";
    "ma_ctrl.v";
    "r_data_fmt.v";
    "ram.v";
    "reg_file.v";
