#! /opt/homebrew/Cellar/icarus-verilog/12.0/bin/vvp
:ivl_version "12.0 (stable)";
:ivl_delay_selection "TYPICAL";
:vpi_time_precision - 12;
:vpi_module "/opt/homebrew/Cellar/icarus-verilog/12.0/lib/ivl/system.vpi";
:vpi_module "/opt/homebrew/Cellar/icarus-verilog/12.0/lib/ivl/vhdl_sys.vpi";
:vpi_module "/opt/homebrew/Cellar/icarus-verilog/12.0/lib/ivl/vhdl_textio.vpi";
:vpi_module "/opt/homebrew/Cellar/icarus-verilog/12.0/lib/ivl/v2005_math.vpi";
:vpi_module "/opt/homebrew/Cellar/icarus-verilog/12.0/lib/ivl/va_math.vpi";
S_0x14d6258e0 .scope module, "test" "test" 2 7;
 .timescale -9 -12;
P_0x14d624330 .param/l "STEP" 0 2 8, +C4<00000000000000000000000000001010>;
v0x14d6425c0_0 .var "clk", 0 0;
v0x14d642650_0 .var/i "fd_r", 31 0;
v0x14d6426f0_0 .var/i "fd_w", 31 0;
v0x14d6427b0_0 .var/i "num_test_file", 31 0;
v0x14d642860_0 .var "rst", 0 0;
v0x14d642970_0 .var/i "rtn", 31 0;
v0x14d642a00_0 .var "test_file_name", 511 0;
v0x14d642ab0_0 .var/i "test_file_num", 31 0;
v0x14d642b60 .array "test_files", 127 0, 511 0;
v0x14d642c70 .array "test_pass", 127 0, 0 0;
S_0x14d625a50 .scope module, "core_0" "core" 2 41, 3 4 0, S_0x14d6258e0;
 .timescale 0 0;
    .port_info 0 /INPUT 1 "clk";
    .port_info 1 /INPUT 1 "rst";
L_0x14d642d00 .functor NOT 1, L_0x14d646dd0, C4<0>, C4<0>, C4<0>;
L_0x14d642d90 .functor NOT 1, L_0x14d644220, C4<0>, C4<0>, C4<0>;
L_0x14d642e40 .functor AND 1, L_0x14d642d00, L_0x14d642d90, C4<1>, C4<1>;
L_0x1400401c0 .functor BUFT 1, C4<0>, C4<0>, C4<0>, C4<0>;
L_0x14d644290 .functor XNOR 1, v0x14d640d60_0, L_0x1400401c0, C4<0>, C4<0>;
L_0x140040208 .functor BUFT 1, C4<0>, C4<0>, C4<0>, C4<0>;
L_0x14d6443a0 .functor XNOR 1, v0x14d640ed0_0, L_0x140040208, C4<0>, C4<0>;
L_0x140040400 .functor BUFT 1, C4<0>, C4<0>, C4<0>, C4<0>;
L_0x14d645830 .functor XNOR 1, v0x14d63f910_0, L_0x140040400, C4<0>, C4<0>;
L_0x140040448 .functor BUFT 1, C4<0>, C4<0>, C4<0>, C4<0>;
L_0x14d645a00 .functor XNOR 1, v0x14d63fba0_0, L_0x140040448, C4<0>, C4<0>;
L_0x14d645cd0 .functor AND 1, v0x14d63fe70_0, v0x14d635990_0, C4<1>, C4<1>;
L_0x14d645d40 .functor OR 1, v0x14d6402e0_0, L_0x14d645cd0, C4<0>, C4<0>;
L_0x14d645e40 .functor OR 1, v0x14d63ff90_0, v0x14d640110_0, C4<0>, C4<0>;
v0x14d63e250_0 .net *"_ivl_0", 0 0, L_0x14d642d00;  1 drivers
v0x14d63e310_0 .net/2u *"_ivl_10", 0 0, L_0x1400401c0;  1 drivers
v0x14d63e3b0_0 .net *"_ivl_12", 0 0, L_0x14d644290;  1 drivers
v0x14d63e440_0 .net/2u *"_ivl_16", 0 0, L_0x140040208;  1 drivers
v0x14d63e4e0_0 .net *"_ivl_18", 0 0, L_0x14d6443a0;  1 drivers
v0x14d63e5c0_0 .net *"_ivl_2", 0 0, L_0x14d642d90;  1 drivers
L_0x1400403b8 .functor BUFT 1, C4<00000000000000000000000000000100>, C4<0>, C4<0>, C4<0>;
v0x14d63e670_0 .net/2u *"_ivl_22", 31 0, L_0x1400403b8;  1 drivers
v0x14d63e720_0 .net/2u *"_ivl_26", 0 0, L_0x140040400;  1 drivers
v0x14d63e7d0_0 .net *"_ivl_28", 0 0, L_0x14d645830;  1 drivers
v0x14d63e8e0_0 .net/2u *"_ivl_32", 0 0, L_0x140040448;  1 drivers
v0x14d63e980_0 .net *"_ivl_34", 0 0, L_0x14d645a00;  1 drivers
v0x14d63ea20_0 .net *"_ivl_38", 0 0, L_0x14d645cd0;  1 drivers
L_0x140040490 .functor BUFT 1, C4<00>, C4<0>, C4<0>, C4<0>;
v0x14d63ead0_0 .net/2u *"_ivl_44", 1 0, L_0x140040490;  1 drivers
v0x14d63eb80_0 .net *"_ivl_46", 0 0, L_0x14d645ff0;  1 drivers
L_0x1400404d8 .functor BUFT 1, C4<01>, C4<0>, C4<0>, C4<0>;
v0x14d63ec20_0 .net/2u *"_ivl_48", 1 0, L_0x1400404d8;  1 drivers
v0x14d63ecd0_0 .net *"_ivl_50", 0 0, L_0x14d646090;  1 drivers
L_0x140040520 .functor BUFT 1, C4<10>, C4<0>, C4<0>, C4<0>;
v0x14d63ed70_0 .net/2u *"_ivl_52", 1 0, L_0x140040520;  1 drivers
v0x14d63ef00_0 .net *"_ivl_54", 0 0, L_0x14d646200;  1 drivers
v0x14d63ef90_0 .net *"_ivl_56", 31 0, L_0x14d6462a0;  1 drivers
v0x14d63f030_0 .net *"_ivl_58", 31 0, L_0x14d6463e0;  1 drivers
L_0x1400407a8 .functor BUFT 1, C4<00000000000000000000000000000100>, C4<0>, C4<0>, C4<0>;
v0x14d63f0e0_0 .net/2u *"_ivl_72", 31 0, L_0x1400407a8;  1 drivers
L_0x1400407f0 .functor BUFT 1, C4<00000000000000000000000000000000>, C4<0>, C4<0>, C4<0>;
v0x14d63f190_0 .net/2u *"_ivl_76", 31 0, L_0x1400407f0;  1 drivers
v0x14d63f240_0 .net *"_ivl_79", 29 0, L_0x14d6480e0;  1 drivers
L_0x140040838 .functor BUFT 1, C4<00>, C4<0>, C4<0>, C4<0>;
v0x14d63f2f0_0 .net/2u *"_ivl_80", 1 0, L_0x140040838;  1 drivers
v0x14d63f3a0_0 .net *"_ivl_82", 31 0, L_0x14d648180;  1 drivers
v0x14d63f450_0 .net *"_ivl_85", 29 0, L_0x14d648040;  1 drivers
L_0x140040880 .functor BUFT 1, C4<00>, C4<0>, C4<0>, C4<0>;
v0x14d63f500_0 .net/2u *"_ivl_86", 1 0, L_0x140040880;  1 drivers
v0x14d63f5b0_0 .net *"_ivl_88", 31 0, L_0x14d648350;  1 drivers
v0x14d63f660_0 .net *"_ivl_90", 31 0, L_0x14d648550;  1 drivers
v0x14d63f710_0 .net *"_ivl_92", 31 0, L_0x14d648630;  1 drivers
v0x14d63f7c0_0 .net "clk", 0 0, v0x14d6425c0_0;  1 drivers
v0x14d63f850_0 .net "e_alu_in1", 31 0, L_0x14d6458e0;  1 drivers
v0x14d63f910_0 .var "e_alu_in1_sel", 0 0;
v0x14d63ee00_0 .net "e_alu_in2", 31 0, L_0x14d645af0;  1 drivers
v0x14d63fba0_0 .var "e_alu_in2_sel", 0 0;
v0x14d63fc30_0 .net "e_alu_out", 31 0, v0x14d635530_0;  1 drivers
v0x14d63fcc0_0 .var "e_alu_sel", 3 0;
v0x14d63fd50_0 .net "e_br_en", 0 0, v0x14d635990_0;  1 drivers
v0x14d63fde0_0 .net "e_br_pred_miss", 0 0, L_0x14d645d40;  1 drivers
v0x14d63fe70_0 .var "e_branch", 0 0;
v0x14d63ff00_0 .net "e_csr_r_data", 31 0, v0x14d637a70_0;  1 drivers
v0x14d63ff90_0 .var "e_ecall", 0 0;
v0x14d640040_0 .var "e_funct3", 2 0;
v0x14d640110_0 .var "e_illegal_inst", 0 0;
v0x14d6401a0_0 .var "e_imm", 31 0;
v0x14d640230_0 .var "e_inst_31_20", 11 0;
v0x14d6402e0_0 .var "e_jump", 0 0;
v0x14d640370_0 .var "e_load", 0 0;
v0x14d640440_0 .net "e_ma_stall", 0 0, L_0x14d646dd0;  1 drivers
v0x14d640510_0 .net "e_mem_rw_addr", 31 0, v0x14d63a5e0_0;  1 drivers
v0x14d6405e0_0 .net "e_mem_w_data", 31 0, v0x14d63a790_0;  1 drivers
v0x14d6406b0_0 .net "e_mem_we", 3 0, v0x14d63ab80_0;  1 drivers
v0x14d640780_0 .var "e_mret", 0 0;
v0x14d640810_0 .net "e_out", 31 0, L_0x14d646540;  1 drivers
v0x14d6408a0_0 .var "e_out_sel", 1 0;
v0x14d640930_0 .var "e_pc", 31 0;
v0x14d6409e0_0 .net "e_pc_plus4", 31 0, L_0x14d645730;  1 drivers
v0x14d640a70_0 .var "e_rd_addr", 4 0;
v0x14d640b30_0 .var "e_reg_we", 0 0;
v0x14d640be0_0 .var "e_rs1_addr", 4 0;
v0x14d640c90_0 .net "e_rs1_data", 31 0, L_0x14d644300;  1 drivers
v0x14d640d60_0 .var "e_rs1_sel", 0 0;
v0x14d640df0_0 .net "e_rs2_data", 31 0, L_0x14d6444b0;  1 drivers
v0x14d640ed0_0 .var "e_rs2_sel", 0 0;
v0x14d640f60_0 .var "e_store", 0 0;
v0x14d63f9a0_0 .var "e_tmp_rs1_data", 31 0;
v0x14d63fa30_0 .var "e_tmp_rs2_data", 31 0;
v0x14d63fae0_0 .net "e_trap", 0 0, L_0x14d645e40;  1 drivers
v0x14d640ff0_0 .var "e_zicsr", 0 0;
v0x14d641080_0 .net "fd_alu_in1_sel", 0 0, v0x14d6384c0_0;  1 drivers
v0x14d641130_0 .net "fd_alu_in2_sel", 0 0, v0x14d638570_0;  1 drivers
v0x14d6411e0_0 .net "fd_alu_sel", 3 0, v0x14d638610_0;  1 drivers
v0x14d641290_0 .net "fd_branch", 0 0, v0x14d6386a0_0;  1 drivers
v0x14d641340_0 .net "fd_e_out_sel", 1 0, v0x14d638800_0;  1 drivers
v0x14d6413f0_0 .net "fd_ecall", 0 0, v0x14d6389f0_0;  1 drivers
v0x14d6414a0_0 .net "fd_illegal_inst", 0 0, v0x14d638b00_0;  1 drivers
v0x14d641550_0 .net "fd_imm", 31 0, v0x14d638b90_0;  1 drivers
v0x14d641600_0 .net "fd_inst", 31 0, v0x14d63c820_0;  1 drivers
v0x14d6416d0_0 .net "fd_jump", 0 0, v0x14d638cf0_0;  1 drivers
v0x14d641760_0 .net "fd_lduse", 0 0, L_0x14d644220;  1 drivers
v0x14d641810_0 .net "fd_load", 0 0, v0x14d638f70_0;  1 drivers
v0x14d6418c0_0 .net "fd_mret", 0 0, v0x14d639100_0;  1 drivers
v0x14d641970_0 .var "fd_pc", 31 0;
v0x14d641a00_0 .net "fd_pc_plus4", 31 0, L_0x14d647f40;  1 drivers
v0x14d641a90_0 .net "fd_reg_we", 0 0, v0x14d639190_0;  1 drivers
v0x14d641b40_0 .net "fd_rs1_sel", 0 0, v0x14d639220_0;  1 drivers
v0x14d641bf0_0 .net "fd_rs2_sel", 0 0, v0x14d6392b0_0;  1 drivers
v0x14d641ca0_0 .net "fd_store", 0 0, v0x14d639350_0;  1 drivers
v0x14d641d30_0 .net "fd_tmp_rs1_data", 31 0, L_0x14d643660;  1 drivers
v0x14d641de0_0 .net "fd_tmp_rs2_data", 31 0, L_0x14d643dc0;  1 drivers
v0x14d641e90_0 .net "fd_zicsr", 0 0, v0x14d639530_0;  1 drivers
v0x14d641f40_0 .var "mw_e_out", 31 0;
v0x14d641fd0_0 .var "mw_funct3", 2 0;
v0x14d642060_0 .var "mw_load", 0 0;
v0x14d6420f0_0 .net "mw_mem_fmt_r_data", 31 0, v0x14d63be90_0;  1 drivers
v0x14d6421a0_0 .net "mw_mem_raw_r_data", 31 0, v0x14d63c8c0_0;  1 drivers
v0x14d642270_0 .var "mw_rd_addr", 4 0;
v0x14d642300_0 .net "mw_rd_data", 31 0, L_0x14d647e20;  1 drivers
v0x14d6423b0_0 .var "mw_reg_we", 0 0;
v0x14d642460_0 .net "next_pc", 31 0, L_0x14d6487a0;  1 drivers
v0x14d642510_0 .net "rst", 0 0, v0x14d642860_0;  1 drivers
L_0x14d643f60 .part v0x14d63c820_0, 15, 5;
L_0x14d644080 .part v0x14d63c820_0, 20, 5;
L_0x14d644300 .functor MUXZ 32, v0x14d641f40_0, v0x14d63f9a0_0, L_0x14d644290, C4<>;
L_0x14d6444b0 .functor MUXZ 32, v0x14d641f40_0, v0x14d63fa30_0, L_0x14d6443a0, C4<>;
L_0x14d645730 .arith/sum 32, v0x14d640930_0, L_0x1400403b8;
L_0x14d6458e0 .functor MUXZ 32, v0x14d640930_0, L_0x14d644300, L_0x14d645830, C4<>;
L_0x14d645af0 .functor MUXZ 32, v0x14d6401a0_0, L_0x14d6444b0, L_0x14d645a00, C4<>;
L_0x14d645ff0 .cmp/eq 2, v0x14d6408a0_0, L_0x140040490;
L_0x14d646090 .cmp/eq 2, v0x14d6408a0_0, L_0x1400404d8;
L_0x14d646200 .cmp/eq 2, v0x14d6408a0_0, L_0x140040520;
L_0x14d6462a0 .functor MUXZ 32, v0x14d637a70_0, L_0x14d645730, L_0x14d646200, C4<>;
L_0x14d6463e0 .functor MUXZ 32, L_0x14d6462a0, v0x14d6401a0_0, L_0x14d646090, C4<>;
L_0x14d646540 .functor MUXZ 32, L_0x14d6463e0, v0x14d635530_0, L_0x14d645ff0, C4<>;
L_0x14d646f20 .part v0x14d640040_0, 0, 2;
L_0x14d647b30 .part v0x14d641f40_0, 0, 2;
L_0x14d647c50 .part v0x14d641fd0_0, 0, 2;
L_0x14d647cf0 .part v0x14d641fd0_0, 2, 1;
L_0x14d647e20 .functor MUXZ 32, v0x14d641f40_0, v0x14d63be90_0, v0x14d642060_0, C4<>;
L_0x14d647f40 .arith/sum 32, v0x14d641970_0, L_0x1400407a8;
L_0x14d6480e0 .part v0x14d635530_0, 2, 30;
L_0x14d648180 .concat [ 2 30 0 0], L_0x140040838, L_0x14d6480e0;
L_0x14d648040 .part v0x14d637a70_0, 2, 30;
L_0x14d648350 .concat [ 2 30 0 0], L_0x140040880, L_0x14d648040;
L_0x14d648550 .functor MUXZ 32, L_0x14d647f40, L_0x14d648350, L_0x14d645e40, C4<>;
L_0x14d648630 .functor MUXZ 32, L_0x14d648550, L_0x14d648180, L_0x14d645d40, C4<>;
L_0x14d6487a0 .functor MUXZ 32, L_0x14d648630, L_0x1400407f0, v0x14d642860_0, C4<>;
S_0x14d625bc0 .scope module, "alu_0" "alu" 3 214, 4 4 0, S_0x14d625a50;
 .timescale 0 0;
    .port_info 0 /INPUT 32 "in1";
    .port_info 1 /INPUT 32 "in2";
    .port_info 2 /INPUT 4 "sel";
    .port_info 3 /OUTPUT 32 "out";
v0x14d624b70_0 .net/s "in1", 31 0, L_0x14d6458e0;  alias, 1 drivers
v0x14d635480_0 .net/s "in2", 31 0, L_0x14d645af0;  alias, 1 drivers
v0x14d635530_0 .var "out", 31 0;
v0x14d6355f0_0 .net "sel", 3 0, v0x14d63fcc0_0;  1 drivers
E_0x14d624b30 .event anyedge, v0x14d6355f0_0, v0x14d624b70_0, v0x14d635480_0;
S_0x14d635700 .scope module, "br_unit_0" "br_unit" 3 223, 5 4 0, S_0x14d625a50;
 .timescale 0 0;
    .port_info 0 /INPUT 32 "in1";
    .port_info 1 /INPUT 32 "in2";
    .port_info 2 /INPUT 3 "sel";
    .port_info 3 /OUTPUT 1 "br_en";
v0x14d635990_0 .var "br_en", 0 0;
v0x14d635a40_0 .net/s "in1", 31 0, L_0x14d644300;  alias, 1 drivers
v0x14d635af0_0 .net/s "in2", 31 0, L_0x14d6444b0;  alias, 1 drivers
v0x14d635bb0_0 .net "sel", 2 0, v0x14d640040_0;  1 drivers
E_0x14d635930 .event anyedge, v0x14d635bb0_0, v0x14d635a40_0, v0x14d635af0_0;
S_0x14d635cc0 .scope module, "csr_0" "csr" 3 188, 6 7 0, S_0x14d625a50;
 .timescale 0 0;
    .port_info 0 /INPUT 12 "addr";
    .port_info 1 /INPUT 5 "uimm";
    .port_info 2 /INPUT 32 "rs1_data";
    .port_info 3 /INPUT 32 "pc";
    .port_info 4 /INPUT 3 "funct3";
    .port_info 5 /INPUT 1 "zicsr";
    .port_info 6 /INPUT 1 "illegal_inst";
    .port_info 7 /INPUT 1 "ecall";
    .port_info 8 /INPUT 1 "mret";
    .port_info 9 /INPUT 1 "rst";
    .port_info 10 /INPUT 1 "clk";
    .port_info 11 /OUTPUT 32 "r_data";
L_0x140040250 .functor BUFT 1, C4<0>, C4<0>, C4<0>, C4<0>;
L_0x14d6446f0 .functor XNOR 1, L_0x14d6445d0, L_0x140040250, C4<0>, C4<0>;
L_0x14d644ed0 .functor OR 32, v0x14d637a70_0, L_0x14d644900, C4<00000000000000000000000000000000>, C4<00000000000000000000000000000000>;
L_0x14d6451d0 .functor NOT 32, L_0x14d644900, C4<00000000000000000000000000000000>, C4<00000000000000000000000000000000>, C4<00000000000000000000000000000000>;
L_0x14d645240 .functor AND 32, v0x14d637a70_0, L_0x14d6451d0, C4<11111111111111111111111111111111>, C4<11111111111111111111111111111111>;
v0x14d6360f0_0 .net *"_ivl_1", 0 0, L_0x14d6445d0;  1 drivers
v0x14d6361b0_0 .net *"_ivl_13", 1 0, L_0x14d644aa0;  1 drivers
L_0x1400402e0 .functor BUFT 1, C4<01>, C4<0>, C4<0>, C4<0>;
v0x14d636260_0 .net/2u *"_ivl_14", 1 0, L_0x1400402e0;  1 drivers
v0x14d636320_0 .net *"_ivl_16", 0 0, L_0x14d644bc0;  1 drivers
v0x14d6363c0_0 .net *"_ivl_19", 1 0, L_0x14d644cd0;  1 drivers
v0x14d6364b0_0 .net/2u *"_ivl_2", 0 0, L_0x140040250;  1 drivers
L_0x140040328 .functor BUFT 1, C4<10>, C4<0>, C4<0>, C4<0>;
v0x14d636560_0 .net/2u *"_ivl_20", 1 0, L_0x140040328;  1 drivers
v0x14d636610_0 .net *"_ivl_22", 0 0, L_0x14d644d70;  1 drivers
v0x14d6366b0_0 .net *"_ivl_24", 31 0, L_0x14d644ed0;  1 drivers
v0x14d6367c0_0 .net *"_ivl_27", 1 0, L_0x14d644fc0;  1 drivers
L_0x140040370 .functor BUFT 1, C4<11>, C4<0>, C4<0>, C4<0>;
v0x14d636870_0 .net/2u *"_ivl_28", 1 0, L_0x140040370;  1 drivers
v0x14d636920_0 .net *"_ivl_30", 0 0, L_0x14d645060;  1 drivers
v0x14d6369c0_0 .net *"_ivl_32", 31 0, L_0x14d6451d0;  1 drivers
v0x14d636a70_0 .net *"_ivl_34", 31 0, L_0x14d645240;  1 drivers
v0x14d636b20_0 .net *"_ivl_36", 31 0, L_0x14d6452b0;  1 drivers
v0x14d636bd0_0 .net *"_ivl_38", 31 0, L_0x14d645410;  1 drivers
v0x14d636c80_0 .net *"_ivl_4", 0 0, L_0x14d6446f0;  1 drivers
L_0x140040298 .functor BUFT 1, C4<000000000000000000000000000>, C4<0>, C4<0>, C4<0>;
v0x14d636e10_0 .net/2u *"_ivl_6", 26 0, L_0x140040298;  1 drivers
v0x14d636ea0_0 .net *"_ivl_8", 31 0, L_0x14d6447c0;  1 drivers
v0x14d636f40_0 .net "addr", 11 0, v0x14d640230_0;  1 drivers
v0x14d636ff0_0 .net "clk", 0 0, v0x14d6425c0_0;  alias, 1 drivers
v0x14d637090_0 .net "ecall", 0 0, v0x14d63ff90_0;  1 drivers
v0x14d637130_0 .net "funct3", 2 0, v0x14d640040_0;  alias, 1 drivers
v0x14d6371f0_0 .net "illegal_inst", 0 0, v0x14d640110_0;  1 drivers
v0x14d637280_0 .var "mcause", 31 0;
v0x14d637310_0 .var "mepc", 31 0;
v0x14d6373a0_0 .net "mret", 0 0, v0x14d640780_0;  1 drivers
v0x14d637430_0 .var "mscratch", 31 0;
v0x14d6374c0_0 .var "mstatus_mie", 0 0;
v0x14d637550_0 .var "mstatus_mpie", 0 0;
v0x14d6375f0_0 .var "mstatus_mpp", 1 0;
v0x14d6376a0_0 .var "mtvec", 31 0;
v0x14d637750_0 .net "operand", 31 0, L_0x14d644900;  1 drivers
v0x14d636d30_0 .net "pc", 31 0, v0x14d640930_0;  1 drivers
v0x14d6379e0_0 .var "privilege_mode", 1 0;
v0x14d637a70_0 .var "r_data", 31 0;
v0x14d637b10_0 .net "rs1_data", 31 0, L_0x14d644300;  alias, 1 drivers
v0x14d637bd0_0 .net "rst", 0 0, v0x14d642860_0;  alias, 1 drivers
v0x14d637c60_0 .net "uimm", 4 0, v0x14d640be0_0;  1 drivers
v0x14d637d10_0 .net "w_data", 31 0, L_0x14d645590;  1 drivers
v0x14d637dc0_0 .net "zicsr", 0 0, v0x14d640ff0_0;  1 drivers
E_0x14d636000 .event posedge, v0x14d636ff0_0;
E_0x14d636050/0 .event anyedge, v0x14d637dc0_0, v0x14d636f40_0, v0x14d6375f0_0, v0x14d637550_0;
E_0x14d636050/1 .event anyedge, v0x14d6374c0_0, v0x14d6376a0_0, v0x14d637430_0, v0x14d637310_0;
E_0x14d636050/2 .event anyedge, v0x14d637280_0, v0x14d6371f0_0, v0x14d637090_0, v0x14d6373a0_0;
E_0x14d636050 .event/or E_0x14d636050/0, E_0x14d636050/1, E_0x14d636050/2;
L_0x14d6445d0 .part v0x14d640040_0, 2, 1;
L_0x14d6447c0 .concat [ 5 27 0 0], v0x14d640be0_0, L_0x140040298;
L_0x14d644900 .functor MUXZ 32, L_0x14d6447c0, L_0x14d644300, L_0x14d6446f0, C4<>;
L_0x14d644aa0 .part v0x14d640040_0, 0, 2;
L_0x14d644bc0 .cmp/eq 2, L_0x14d644aa0, L_0x1400402e0;
L_0x14d644cd0 .part v0x14d640040_0, 0, 2;
L_0x14d644d70 .cmp/eq 2, L_0x14d644cd0, L_0x140040328;
L_0x14d644fc0 .part v0x14d640040_0, 0, 2;
L_0x14d645060 .cmp/eq 2, L_0x14d644fc0, L_0x140040370;
L_0x14d6452b0 .functor MUXZ 32, v0x14d637a70_0, L_0x14d645240, L_0x14d645060, C4<>;
L_0x14d645410 .functor MUXZ 32, L_0x14d6452b0, L_0x14d644ed0, L_0x14d644d70, C4<>;
L_0x14d645590 .functor MUXZ 32, L_0x14d645410, L_0x14d644900, L_0x14d644bc0, C4<>;
S_0x14d637f80 .scope module, "decoder_0" "decoder" 3 78, 7 4 0, S_0x14d625a50;
 .timescale 0 0;
    .port_info 0 /INPUT 32 "inst";
    .port_info 1 /INPUT 5 "e_rd_addr";
    .port_info 2 /INPUT 1 "e_reg_we";
    .port_info 3 /INPUT 1 "e_load";
    .port_info 4 /OUTPUT 32 "imm";
    .port_info 5 /OUTPUT 1 "alu_in1_sel";
    .port_info 6 /OUTPUT 1 "alu_in2_sel";
    .port_info 7 /OUTPUT 4 "alu_sel";
    .port_info 8 /OUTPUT 1 "reg_we";
    .port_info 9 /OUTPUT 2 "e_out_sel";
    .port_info 10 /OUTPUT 1 "jump";
    .port_info 11 /OUTPUT 1 "branch";
    .port_info 12 /OUTPUT 1 "load";
    .port_info 13 /OUTPUT 1 "store";
    .port_info 14 /OUTPUT 1 "zicsr";
    .port_info 15 /OUTPUT 1 "ecall";
    .port_info 16 /OUTPUT 1 "illegal_inst";
    .port_info 17 /OUTPUT 1 "mret";
    .port_info 18 /OUTPUT 1 "rs1_sel";
    .port_info 19 /OUTPUT 1 "rs2_sel";
    .port_info 20 /OUTPUT 1 "lduse";
L_0x14d644220 .functor OR 1, v0x14d638e30_0, v0x14d638ed0_0, C4<0>, C4<0>;
v0x14d6384c0_0 .var "alu_in1_sel", 0 0;
v0x14d638570_0 .var "alu_in2_sel", 0 0;
v0x14d638610_0 .var "alu_sel", 3 0;
v0x14d6386a0_0 .var "branch", 0 0;
v0x14d638730_0 .net "e_load", 0 0, v0x14d640370_0;  1 drivers
v0x14d638800_0 .var "e_out_sel", 1 0;
v0x14d6388a0_0 .net "e_rd_addr", 4 0, v0x14d640a70_0;  1 drivers
v0x14d638950_0 .net "e_reg_we", 0 0, v0x14d640b30_0;  1 drivers
v0x14d6389f0_0 .var "ecall", 0 0;
v0x14d638b00_0 .var "illegal_inst", 0 0;
v0x14d638b90_0 .var "imm", 31 0;
v0x14d638c40_0 .net "inst", 31 0, v0x14d63c820_0;  alias, 1 drivers
v0x14d638cf0_0 .var "jump", 0 0;
v0x14d638d90_0 .net "lduse", 0 0, L_0x14d644220;  alias, 1 drivers
v0x14d638e30_0 .var "lduse_rs1", 0 0;
v0x14d638ed0_0 .var "lduse_rs2", 0 0;
v0x14d638f70_0 .var "load", 0 0;
v0x14d639100_0 .var "mret", 0 0;
v0x14d639190_0 .var "reg_we", 0 0;
v0x14d639220_0 .var "rs1_sel", 0 0;
v0x14d6392b0_0 .var "rs2_sel", 0 0;
v0x14d639350_0 .var "store", 0 0;
v0x14d6393f0_0 .var "use_rs1", 0 0;
v0x14d639490_0 .var "use_rs2", 0 0;
v0x14d639530_0 .var "zicsr", 0 0;
E_0x14d6383f0/0 .event anyedge, v0x14d6393f0_0, v0x14d638950_0, v0x14d6388a0_0, v0x14d638c40_0;
E_0x14d6383f0/1 .event anyedge, v0x14d638730_0, v0x14d639490_0;
E_0x14d6383f0 .event/or E_0x14d6383f0/0, E_0x14d6383f0/1;
E_0x14d638470 .event anyedge, v0x14d638c40_0;
S_0x14d6397d0 .scope module, "ma_ctrl_0" "ma_ctrl" 3 242, 8 4 0, S_0x14d625a50;
 .timescale 0 0;
    .port_info 0 /INPUT 32 "in_addr";
    .port_info 1 /INPUT 32 "in_data";
    .port_info 2 /INPUT 2 "len";
    .port_info 3 /INPUT 1 "load";
    .port_info 4 /INPUT 1 "store";
    .port_info 5 /INPUT 1 "clk";
    .port_info 6 /OUTPUT 32 "out_addr";
    .port_info 7 /OUTPUT 32 "out_data";
    .port_info 8 /OUTPUT 4 "we";
    .port_info 9 /OUTPUT 1 "stall";
L_0x14d646be0 .functor NOT 1, v0x14d63a8f0_0, C4<0>, C4<0>, C4<0>;
L_0x14d646c50 .functor AND 1, L_0x14d646be0, v0x14d63a550_0, C4<1>, C4<1>;
L_0x14d646d00 .functor OR 1, v0x14d640370_0, v0x14d640f60_0, C4<0>, C4<0>;
L_0x14d646dd0 .functor AND 1, L_0x14d646c50, L_0x14d646d00, C4<1>, C4<1>;
L_0x140040568 .functor BUFT 1, C4<000000000000000000000000>, C4<0>, C4<0>, C4<0>;
v0x14d639ab0_0 .net/2u *"_ivl_0", 23 0, L_0x140040568;  1 drivers
L_0x1400405f8 .functor BUFT 1, C4<00000000000000000000000000001000>, C4<0>, C4<0>, C4<0>;
v0x14d639b70_0 .net/2u *"_ivl_10", 31 0, L_0x1400405f8;  1 drivers
v0x14d639c10_0 .net *"_ivl_13", 31 0, L_0x14d646970;  1 drivers
v0x14d639cc0_0 .net *"_ivl_16", 0 0, L_0x14d646be0;  1 drivers
v0x14d639d70_0 .net *"_ivl_18", 0 0, L_0x14d646c50;  1 drivers
v0x14d639e60_0 .net *"_ivl_2", 55 0, L_0x14d646690;  1 drivers
v0x14d639f10_0 .net *"_ivl_20", 0 0, L_0x14d646d00;  1 drivers
v0x14d639fc0_0 .net *"_ivl_5", 1 0, L_0x14d646770;  1 drivers
v0x14d63a070_0 .net *"_ivl_6", 31 0, L_0x14d646890;  1 drivers
L_0x1400405b0 .functor BUFT 1, C4<000000000000000000000000000000>, C4<0>, C4<0>, C4<0>;
v0x14d63a180_0 .net *"_ivl_9", 29 0, L_0x1400405b0;  1 drivers
v0x14d63a230_0 .net "clk", 0 0, v0x14d6425c0_0;  alias, 1 drivers
v0x14d63a2e0_0 .net "in_addr", 31 0, v0x14d635530_0;  alias, 1 drivers
v0x14d63a370_0 .net "in_data", 31 0, L_0x14d6444b0;  alias, 1 drivers
v0x14d63a400_0 .net "len", 1 0, L_0x14d646f20;  1 drivers
v0x14d63a4a0_0 .net "load", 0 0, v0x14d640370_0;  alias, 1 drivers
v0x14d63a550_0 .var "misaligned", 0 0;
v0x14d63a5e0_0 .var "out_addr", 31 0;
v0x14d63a790_0 .var "out_data", 31 0;
v0x14d63a840_0 .var "prev_addr", 31 0;
v0x14d63a8f0_0 .var "second_access", 0 0;
v0x14d63a990_0 .net "shifted_data", 55 0, L_0x14d646a90;  1 drivers
v0x14d63aa40_0 .net "stall", 0 0, L_0x14d646dd0;  alias, 1 drivers
v0x14d63aae0_0 .net "store", 0 0, v0x14d640f60_0;  1 drivers
v0x14d63ab80_0 .var "we", 3 0;
E_0x14d638190/0 .event anyedge, v0x14d63a8f0_0, v0x14d63a840_0, v0x14d63a990_0, v0x14d63aae0_0;
E_0x14d638190/1 .event anyedge, v0x14d63a400_0, v0x14d635530_0;
E_0x14d638190 .event/or E_0x14d638190/0, E_0x14d638190/1;
E_0x14d639a70 .event anyedge, v0x14d63a400_0, v0x14d635530_0;
L_0x14d646690 .concat [ 32 24 0 0], L_0x14d6444b0, L_0x140040568;
L_0x14d646770 .part v0x14d635530_0, 0, 2;
L_0x14d646890 .concat [ 2 30 0 0], L_0x14d646770, L_0x1400405b0;
L_0x14d646970 .arith/mult 32, L_0x14d646890, L_0x1400405f8;
L_0x14d646a90 .shift/l 56, L_0x14d646690, L_0x14d646970;
S_0x14d63ad20 .scope module, "r_data_fmt_0" "r_data_fmt" 3 278, 9 4 0, S_0x14d625a50;
 .timescale 0 0;
    .port_info 0 /INPUT 2 "low_addr";
    .port_info 1 /INPUT 32 "in_data";
    .port_info 2 /INPUT 2 "len";
    .port_info 3 /INPUT 1 "uns";
    .port_info 4 /INPUT 1 "e_ma_stall";
    .port_info 5 /INPUT 1 "clk";
    .port_info 6 /OUTPUT 32 "out_data";
v0x14d63af70_0 .net *"_ivl_0", 63 0, L_0x14d646fc0;  1 drivers
v0x14d63b030_0 .net *"_ivl_10", 63 0, L_0x14d647340;  1 drivers
v0x14d63b0e0_0 .net *"_ivl_12", 63 0, L_0x14d647460;  1 drivers
L_0x1400406d0 .functor BUFT 1, C4<00000000000000000000000000000000>, C4<0>, C4<0>, C4<0>;
v0x14d63b1a0_0 .net *"_ivl_15", 31 0, L_0x1400406d0;  1 drivers
v0x14d63b250_0 .net *"_ivl_16", 31 0, L_0x14d6475e0;  1 drivers
L_0x140040718 .functor BUFT 1, C4<000000000000000000000000000000>, C4<0>, C4<0>, C4<0>;
v0x14d63b340_0 .net *"_ivl_19", 29 0, L_0x140040718;  1 drivers
v0x14d63b3f0_0 .net *"_ivl_2", 31 0, L_0x14d6470a0;  1 drivers
L_0x140040760 .functor BUFT 1, C4<00000000000000000000000000001000>, C4<0>, C4<0>, C4<0>;
v0x14d63b4a0_0 .net/2u *"_ivl_20", 31 0, L_0x140040760;  1 drivers
v0x14d63b550_0 .net *"_ivl_23", 31 0, L_0x14d647700;  1 drivers
v0x14d63b660_0 .net *"_ivl_24", 63 0, L_0x14d647840;  1 drivers
v0x14d63b710_0 .net *"_ivl_26", 63 0, L_0x14d647960;  1 drivers
L_0x140040640 .functor BUFT 1, C4<000000000000000000000000000000>, C4<0>, C4<0>, C4<0>;
v0x14d63b7c0_0 .net *"_ivl_5", 29 0, L_0x140040640;  1 drivers
L_0x140040688 .functor BUFT 1, C4<00000000000000000000000000001000>, C4<0>, C4<0>, C4<0>;
v0x14d63b870_0 .net/2u *"_ivl_6", 31 0, L_0x140040688;  1 drivers
v0x14d63b920_0 .net *"_ivl_9", 31 0, L_0x14d647200;  1 drivers
v0x14d63b9d0_0 .net "clk", 0 0, v0x14d6425c0_0;  alias, 1 drivers
v0x14d63ba60_0 .net "e_ma_stall", 0 0, L_0x14d646dd0;  alias, 1 drivers
v0x14d63baf0_0 .var "first_access", 0 0;
v0x14d63bc80_0 .net "in_data", 31 0, v0x14d63c8c0_0;  alias, 1 drivers
v0x14d63bd30_0 .net "len", 1 0, L_0x14d647c50;  1 drivers
v0x14d63bde0_0 .net "low_addr", 1 0, L_0x14d647b30;  1 drivers
v0x14d63be90_0 .var "out_data", 31 0;
v0x14d63bf40_0 .var "prev_data", 31 0;
v0x14d63bff0_0 .var "second_access", 0 0;
v0x14d63c090_0 .net "shifted_data", 31 0, L_0x14d647a90;  1 drivers
v0x14d63c140_0 .net "uns", 0 0, L_0x14d647cf0;  1 drivers
E_0x14d63a140 .event anyedge, v0x14d63bd30_0, v0x14d63c140_0, v0x14d63c090_0;
L_0x14d646fc0 .concat [ 32 32 0 0], v0x14d63bf40_0, v0x14d63c8c0_0;
L_0x14d6470a0 .concat [ 2 30 0 0], L_0x14d647b30, L_0x140040640;
L_0x14d647200 .arith/mult 32, L_0x14d6470a0, L_0x140040688;
L_0x14d647340 .shift/r 64, L_0x14d646fc0, L_0x14d647200;
L_0x14d647460 .concat [ 32 32 0 0], v0x14d63c8c0_0, L_0x1400406d0;
L_0x14d6475e0 .concat [ 2 30 0 0], L_0x14d647b30, L_0x140040718;
L_0x14d647700 .arith/mult 32, L_0x14d6475e0, L_0x140040760;
L_0x14d647840 .shift/r 64, L_0x14d647460, L_0x14d647700;
L_0x14d647960 .functor MUXZ 64, L_0x14d647840, L_0x14d647340, v0x14d63bff0_0, C4<>;
L_0x14d647a90 .part L_0x14d647960, 0, 32;
S_0x14d63c290 .scope module, "ram_0" "ram" 3 29, 10 4 0, S_0x14d625a50;
 .timescale 0 0;
    .port_info 0 /INPUT 32 "addr1";
    .port_info 1 /INPUT 1 "ce1";
    .port_info 2 /OUTPUT 32 "r_data1";
    .port_info 3 /INPUT 1 "clk";
    .port_info 4 /INPUT 32 "addr2";
    .port_info 5 /INPUT 4 "we2";
    .port_info 6 /INPUT 32 "w_data2";
    .port_info 7 /OUTPUT 32 "r_data2";
v0x14d63c4c0_0 .net "addr1", 31 0, L_0x14d6487a0;  alias, 1 drivers
v0x14d63c550_0 .net "addr2", 31 0, v0x14d63a5e0_0;  alias, 1 drivers
v0x14d63c610_0 .net "ce1", 0 0, L_0x14d642e40;  1 drivers
v0x14d63c6c0_0 .net "clk", 0 0, v0x14d6425c0_0;  alias, 1 drivers
v0x14d63c750 .array "mem", 2023 0, 31 0;
v0x14d63c820_0 .var "r_data1", 31 0;
v0x14d63c8c0_0 .var "r_data2", 31 0;
v0x14d63c970_0 .net "w_data2", 31 0, v0x14d63a790_0;  alias, 1 drivers
v0x14d63ca20_0 .net "we2", 3 0, v0x14d63ab80_0;  alias, 1 drivers
S_0x14d63cbc0 .scope module, "reg_file_0" "reg_file" 3 47, 11 2 0, S_0x14d625a50;
 .timescale 0 0;
    .port_info 0 /INPUT 1 "clk";
    .port_info 1 /INPUT 1 "we";
    .port_info 2 /INPUT 5 "r_addr1";
    .port_info 3 /INPUT 5 "r_addr2";
    .port_info 4 /INPUT 5 "w_addr";
    .port_info 5 /INPUT 32 "w_data";
    .port_info 6 /OUTPUT 32 "r_data1";
    .port_info 7 /OUTPUT 32 "r_data2";
L_0x14d6431e0 .functor AND 1, v0x14d6423b0_0, L_0x14d6430a0, C4<1>, C4<1>;
L_0x14d643a00 .functor AND 1, v0x14d6423b0_0, L_0x14d643920, C4<1>, C4<1>;
L_0x140040010 .functor BUFT 1, C4<00000>, C4<0>, C4<0>, C4<0>;
v0x14d63ce40_0 .net/2u *"_ivl_0", 4 0, L_0x140040010;  1 drivers
v0x14d63cf00_0 .net *"_ivl_10", 31 0, L_0x14d6432d0;  1 drivers
v0x14d63cfb0_0 .net *"_ivl_12", 6 0, L_0x14d643390;  1 drivers
L_0x1400400a0 .functor BUFT 1, C4<00>, C4<0>, C4<0>, C4<0>;
v0x14d63d070_0 .net *"_ivl_15", 1 0, L_0x1400400a0;  1 drivers
v0x14d63d120_0 .net *"_ivl_16", 31 0, L_0x14d6434d0;  1 drivers
v0x14d63d210_0 .net *"_ivl_2", 0 0, L_0x14d642f50;  1 drivers
L_0x1400400e8 .functor BUFT 1, C4<00000>, C4<0>, C4<0>, C4<0>;
v0x14d63d2b0_0 .net/2u *"_ivl_20", 4 0, L_0x1400400e8;  1 drivers
v0x14d63d360_0 .net *"_ivl_22", 0 0, L_0x14d6437c0;  1 drivers
L_0x140040130 .functor BUFT 1, C4<00000000000000000000000000000000>, C4<0>, C4<0>, C4<0>;
v0x14d63d400_0 .net/2u *"_ivl_24", 31 0, L_0x140040130;  1 drivers
v0x14d63d510_0 .net *"_ivl_26", 0 0, L_0x14d643920;  1 drivers
v0x14d63d5b0_0 .net *"_ivl_28", 0 0, L_0x14d643a00;  1 drivers
v0x14d63d660_0 .net *"_ivl_30", 31 0, L_0x14d643ab0;  1 drivers
v0x14d63d710_0 .net *"_ivl_32", 6 0, L_0x14d643ba0;  1 drivers
L_0x140040178 .functor BUFT 1, C4<00>, C4<0>, C4<0>, C4<0>;
v0x14d63d7c0_0 .net *"_ivl_35", 1 0, L_0x140040178;  1 drivers
v0x14d63d870_0 .net *"_ivl_36", 31 0, L_0x14d643c80;  1 drivers
L_0x140040058 .functor BUFT 1, C4<00000000000000000000000000000000>, C4<0>, C4<0>, C4<0>;
v0x14d63d920_0 .net/2u *"_ivl_4", 31 0, L_0x140040058;  1 drivers
v0x14d63d9d0_0 .net *"_ivl_6", 0 0, L_0x14d6430a0;  1 drivers
v0x14d63db60_0 .net *"_ivl_8", 0 0, L_0x14d6431e0;  1 drivers
v0x14d63dbf0_0 .net "clk", 0 0, v0x14d6425c0_0;  alias, 1 drivers
v0x14d63dc80 .array "mem", 31 0, 31 0;
v0x14d63dd10_0 .net "r_addr1", 4 0, L_0x14d643f60;  1 drivers
v0x14d63ddc0_0 .net "r_addr2", 4 0, L_0x14d644080;  1 drivers
v0x14d63de70_0 .net "r_data1", 31 0, L_0x14d643660;  alias, 1 drivers
v0x14d63df20_0 .net "r_data2", 31 0, L_0x14d643dc0;  alias, 1 drivers
v0x14d63dfd0_0 .net "w_addr", 4 0, v0x14d642270_0;  1 drivers
v0x14d63e080_0 .net "w_data", 31 0, L_0x14d647e20;  alias, 1 drivers
v0x14d63e130_0 .net "we", 0 0, v0x14d6423b0_0;  1 drivers
L_0x14d642f50 .cmp/eq 5, L_0x14d643f60, L_0x140040010;
L_0x14d6430a0 .cmp/eq 5, L_0x14d643f60, v0x14d642270_0;
L_0x14d6432d0 .array/port v0x14d63dc80, L_0x14d643390;
L_0x14d643390 .concat [ 5 2 0 0], L_0x14d643f60, L_0x1400400a0;
L_0x14d6434d0 .functor MUXZ 32, L_0x14d6432d0, L_0x14d647e20, L_0x14d6431e0, C4<>;
L_0x14d643660 .functor MUXZ 32, L_0x14d6434d0, L_0x140040058, L_0x14d642f50, C4<>;
L_0x14d6437c0 .cmp/eq 5, L_0x14d644080, L_0x1400400e8;
L_0x14d643920 .cmp/eq 5, L_0x14d644080, v0x14d642270_0;
L_0x14d643ab0 .array/port v0x14d63dc80, L_0x14d643ba0;
L_0x14d643ba0 .concat [ 5 2 0 0], L_0x14d644080, L_0x140040178;
L_0x14d643c80 .functor MUXZ 32, L_0x14d643ab0, L_0x14d647e20, L_0x14d643a00, C4<>;
L_0x14d643dc0 .functor MUXZ 32, L_0x14d643c80, L_0x140040130, L_0x14d6437c0, C4<>;
    .scope S_0x14d63c290;
T_0 ;
    %wait E_0x14d636000;
    %load/vec4 v0x14d63c610_0;
    %flag_set/vec4 8;
    %jmp/0xz  T_0.0, 8;
    %load/vec4 v0x14d63c4c0_0;
    %parti/s 30, 2, 3;
    %ix/vec4 4;
    %load/vec4a v0x14d63c750, 4;
    %assign/vec4 v0x14d63c820_0, 0;
T_0.0 ;
    %load/vec4 v0x14d63c550_0;
    %parti/s 30, 2, 3;
    %ix/vec4 4;
    %load/vec4a v0x14d63c750, 4;
    %assign/vec4 v0x14d63c8c0_0, 0;
    %jmp T_0;
    .thread T_0;
    .scope S_0x14d63c290;
T_1 ;
    %wait E_0x14d636000;
    %load/vec4 v0x14d63ca20_0;
    %parti/s 1, 0, 2;
    %flag_set/vec4 8;
    %jmp/0xz  T_1.0, 8;
    %load/vec4 v0x14d63c970_0;
    %parti/s 8, 0, 2;
    %load/vec4 v0x14d63c550_0;
    %parti/s 30, 2, 3;
    %ix/vec4 3;
    %ix/load 4, 0, 0; Constant delay
    %assign/vec4/a/d v0x14d63c750, 0, 4;
T_1.0 ;
    %load/vec4 v0x14d63ca20_0;
    %parti/s 1, 1, 2;
    %flag_set/vec4 8;
    %jmp/0xz  T_1.2, 8;
    %load/vec4 v0x14d63c970_0;
    %parti/s 8, 8, 5;
    %load/vec4 v0x14d63c550_0;
    %parti/s 30, 2, 3;
    %ix/vec4 3;
    %ix/load 4, 8, 0; part off
    %ix/load 5, 0, 0; Constant delay
    %assign/vec4/a/d v0x14d63c750, 4, 5;
T_1.2 ;
    %load/vec4 v0x14d63ca20_0;
    %parti/s 1, 2, 3;
    %flag_set/vec4 8;
    %jmp/0xz  T_1.4, 8;
    %load/vec4 v0x14d63c970_0;
    %parti/s 8, 16, 6;
    %load/vec4 v0x14d63c550_0;
    %parti/s 30, 2, 3;
    %ix/vec4 3;
    %ix/load 4, 16, 0; part off
    %ix/load 5, 0, 0; Constant delay
    %assign/vec4/a/d v0x14d63c750, 4, 5;
T_1.4 ;
    %load/vec4 v0x14d63ca20_0;
    %parti/s 1, 3, 3;
    %flag_set/vec4 8;
    %jmp/0xz  T_1.6, 8;
    %load/vec4 v0x14d63c970_0;
    %parti/s 8, 24, 6;
    %load/vec4 v0x14d63c550_0;
    %parti/s 30, 2, 3;
    %ix/vec4 3;
    %ix/load 4, 24, 0; part off
    %ix/load 5, 0, 0; Constant delay
    %assign/vec4/a/d v0x14d63c750, 4, 5;
T_1.6 ;
    %jmp T_1;
    .thread T_1;
    .scope S_0x14d63cbc0;
T_2 ;
    %wait E_0x14d636000;
    %load/vec4 v0x14d63e130_0;
    %flag_set/vec4 9;
    %flag_get/vec4 9;
    %jmp/0 T_2.2, 9;
    %load/vec4 v0x14d63dfd0_0;
    %pushi/vec4 0, 0, 5;
    %cmp/ne;
    %flag_get/vec4 4;
    %and;
T_2.2;
    %flag_set/vec4 8;
    %jmp/0xz  T_2.0, 8;
    %load/vec4 v0x14d63e080_0;
    %load/vec4 v0x14d63dfd0_0;
    %pad/u 7;
    %ix/vec4 3;
    %ix/load 4, 0, 0; Constant delay
    %assign/vec4/a/d v0x14d63dc80, 0, 4;
T_2.0 ;
    %jmp T_2;
    .thread T_2;
    .scope S_0x14d637f80;
T_3 ;
    %wait E_0x14d638470;
    %pushi/vec4 0, 0, 1;
    %store/vec4 v0x14d638b00_0, 0, 1;
    %load/vec4 v0x14d638c40_0;
    %dup/vec4;
    %pushi/vec4 4294967219, 4294967168, 32;
    %cmp/x;
    %jmp/1 T_3.0, 4;
    %dup/vec4;
    %pushi/vec4 4294967187, 4294967168, 32;
    %cmp/x;
    %jmp/1 T_3.1, 4;
    %dup/vec4;
    %pushi/vec4 4294967223, 4294967168, 32;
    %cmp/x;
    %jmp/1 T_3.2, 4;
    %dup/vec4;
    %pushi/vec4 4294967191, 4294967168, 32;
    %cmp/x;
    %jmp/1 T_3.3, 4;
    %dup/vec4;
    %pushi/vec4 4294967279, 4294967168, 32;
    %cmp/x;
    %jmp/1 T_3.4, 4;
    %dup/vec4;
    %pushi/vec4 4294967271, 4294967168, 32;
    %cmp/x;
    %jmp/1 T_3.5, 4;
    %dup/vec4;
    %pushi/vec4 4294967267, 4294967168, 32;
    %cmp/x;
    %jmp/1 T_3.6, 4;
    %dup/vec4;
    %pushi/vec4 4294967171, 4294967168, 32;
    %cmp/x;
    %jmp/1 T_3.7, 4;
    %dup/vec4;
    %pushi/vec4 4294967203, 4294967168, 32;
    %cmp/x;
    %jmp/1 T_3.8, 4;
    %dup/vec4;
    %pushi/vec4 4294967283, 4294967168, 32;
    %cmp/x;
    %jmp/1 T_3.9, 4;
    %pushi/vec4 4294967295, 4294967295, 32;
    %store/vec4 v0x14d638b90_0, 0, 32;
    %pushi/vec4 1, 1, 1;
    %store/vec4 v0x14d6384c0_0, 0, 1;
    %pushi/vec4 1, 1, 1;
    %store/vec4 v0x14d638570_0, 0, 1;
    %pushi/vec4 15, 15, 4;
    %store/vec4 v0x14d638610_0, 0, 4;
    %pushi/vec4 0, 0, 1;
    %store/vec4 v0x14d639190_0, 0, 1;
    %pushi/vec4 3, 3, 2;
    %store/vec4 v0x14d638800_0, 0, 2;
    %pushi/vec4 0, 0, 1;
    %store/vec4 v0x14d638cf0_0, 0, 1;
    %pushi/vec4 0, 0, 1;
    %store/vec4 v0x14d6386a0_0, 0, 1;
    %pushi/vec4 0, 0, 1;
    %store/vec4 v0x14d638f70_0, 0, 1;
    %pushi/vec4 0, 0, 1;
    %store/vec4 v0x14d639350_0, 0, 1;
    %pushi/vec4 0, 0, 1;
    %store/vec4 v0x14d639530_0, 0, 1;
    %pushi/vec4 0, 0, 1;
    %store/vec4 v0x14d6389f0_0, 0, 1;
    %pushi/vec4 0, 0, 1;
    %store/vec4 v0x14d639100_0, 0, 1;
    %pushi/vec4 0, 0, 1;
    %store/vec4 v0x14d6393f0_0, 0, 1;
    %pushi/vec4 0, 0, 1;
    %store/vec4 v0x14d639490_0, 0, 1;
    %jmp T_3.11;
T_3.0 ;
    %pushi/vec4 4294967295, 4294967295, 32;
    %store/vec4 v0x14d638b90_0, 0, 32;
    %pushi/vec4 0, 0, 1;
    %store/vec4 v0x14d6384c0_0, 0, 1;
    %pushi/vec4 0, 0, 1;
    %store/vec4 v0x14d638570_0, 0, 1;
    %pushi/vec4 1, 0, 1;
    %store/vec4 v0x14d639190_0, 0, 1;
    %pushi/vec4 0, 0, 2;
    %store/vec4 v0x14d638800_0, 0, 2;
    %load/vec4 v0x14d638c40_0;
    %dup/vec4;
    %pushi/vec4 33525683, 33525632, 32;
    %cmp/x;
    %jmp/1 T_3.12, 4;
    %dup/vec4;
    %pushi/vec4 1107267507, 33525632, 32;
    %cmp/x;
    %jmp/1 T_3.13, 4;
    %dup/vec4;
    %pushi/vec4 33529779, 33525632, 32;
    %cmp/x;
    %jmp/1 T_3.14, 4;
    %dup/vec4;
    %pushi/vec4 33533875, 33525632, 32;
    %cmp/x;
    %jmp/1 T_3.15, 4;
    %dup/vec4;
    %pushi/vec4 33537971, 33525632, 32;
    %cmp/x;
    %jmp/1 T_3.16, 4;
    %dup/vec4;
    %pushi/vec4 33542067, 33525632, 32;
    %cmp/x;
    %jmp/1 T_3.17, 4;
    %dup/vec4;
    %pushi/vec4 33546163, 33525632, 32;
    %cmp/x;
    %jmp/1 T_3.18, 4;
    %dup/vec4;
    %pushi/vec4 1107287987, 33525632, 32;
    %cmp/x;
    %jmp/1 T_3.19, 4;
    %dup/vec4;
    %pushi/vec4 33550259, 33525632, 32;
    %cmp/x;
    %jmp/1 T_3.20, 4;
    %dup/vec4;
    %pushi/vec4 33554355, 33525632, 32;
    %cmp/x;
    %jmp/1 T_3.21, 4;
    %pushi/vec4 0, 0, 1;
    %store/vec4 v0x14d639190_0, 0, 1;
    %pushi/vec4 15, 15, 4;
    %store/vec4 v0x14d638610_0, 0, 4;
    %pushi/vec4 1, 0, 1;
    %store/vec4 v0x14d638b00_0, 0, 1;
    %jmp T_3.23;
T_3.12 ;
    %pushi/vec4 0, 0, 4;
    %store/vec4 v0x14d638610_0, 0, 4;
    %jmp T_3.23;
T_3.13 ;
    %pushi/vec4 8, 0, 4;
    %store/vec4 v0x14d638610_0, 0, 4;
    %jmp T_3.23;
T_3.14 ;
    %pushi/vec4 1, 0, 4;
    %store/vec4 v0x14d638610_0, 0, 4;
    %jmp T_3.23;
T_3.15 ;
    %pushi/vec4 2, 0, 4;
    %store/vec4 v0x14d638610_0, 0, 4;
    %jmp T_3.23;
T_3.16 ;
    %pushi/vec4 3, 0, 4;
    %store/vec4 v0x14d638610_0, 0, 4;
    %jmp T_3.23;
T_3.17 ;
    %pushi/vec4 4, 0, 4;
    %store/vec4 v0x14d638610_0, 0, 4;
    %jmp T_3.23;
T_3.18 ;
    %pushi/vec4 5, 0, 4;
    %store/vec4 v0x14d638610_0, 0, 4;
    %jmp T_3.23;
T_3.19 ;
    %pushi/vec4 13, 0, 4;
    %store/vec4 v0x14d638610_0, 0, 4;
    %jmp T_3.23;
T_3.20 ;
    %pushi/vec4 6, 0, 4;
    %store/vec4 v0x14d638610_0, 0, 4;
    %jmp T_3.23;
T_3.21 ;
    %pushi/vec4 7, 0, 4;
    %store/vec4 v0x14d638610_0, 0, 4;
    %jmp T_3.23;
T_3.23 ;
    %pop/vec4 1;
    %pushi/vec4 0, 0, 1;
    %store/vec4 v0x14d638cf0_0, 0, 1;
    %pushi/vec4 0, 0, 1;
    %store/vec4 v0x14d6386a0_0, 0, 1;
    %pushi/vec4 0, 0, 1;
    %store/vec4 v0x14d638f70_0, 0, 1;
    %pushi/vec4 0, 0, 1;
    %store/vec4 v0x14d639350_0, 0, 1;
    %pushi/vec4 0, 0, 1;
    %store/vec4 v0x14d639530_0, 0, 1;
    %pushi/vec4 0, 0, 1;
    %store/vec4 v0x14d6389f0_0, 0, 1;
    %pushi/vec4 0, 0, 1;
    %store/vec4 v0x14d639100_0, 0, 1;
    %pushi/vec4 1, 0, 1;
    %store/vec4 v0x14d6393f0_0, 0, 1;
    %pushi/vec4 1, 0, 1;
    %store/vec4 v0x14d639490_0, 0, 1;
    %jmp T_3.11;
T_3.1 ;
    %load/vec4 v0x14d638c40_0;
    %parti/s 1, 31, 6;
    %replicate 20;
    %load/vec4 v0x14d638c40_0;
    %parti/s 12, 20, 6;
    %concat/vec4; draw_concat_vec4
    %store/vec4 v0x14d638b90_0, 0, 32;
    %pushi/vec4 0, 0, 1;
    %store/vec4 v0x14d6384c0_0, 0, 1;
    %pushi/vec4 1, 0, 1;
    %store/vec4 v0x14d638570_0, 0, 1;
    %pushi/vec4 1, 0, 1;
    %store/vec4 v0x14d639190_0, 0, 1;
    %pushi/vec4 0, 0, 2;
    %store/vec4 v0x14d638800_0, 0, 2;
    %load/vec4 v0x14d638c40_0;
    %dup/vec4;
    %pushi/vec4 4294938515, 4294938496, 32;
    %cmp/x;
    %jmp/1 T_3.24, 4;
    %dup/vec4;
    %pushi/vec4 4294946707, 4294938496, 32;
    %cmp/x;
    %jmp/1 T_3.25, 4;
    %dup/vec4;
    %pushi/vec4 4294950803, 4294938496, 32;
    %cmp/x;
    %jmp/1 T_3.26, 4;
    %dup/vec4;
    %pushi/vec4 4294954899, 4294938496, 32;
    %cmp/x;
    %jmp/1 T_3.27, 4;
    %dup/vec4;
    %pushi/vec4 4294963091, 4294938496, 32;
    %cmp/x;
    %jmp/1 T_3.28, 4;
    %dup/vec4;
    %pushi/vec4 4294967187, 4294938496, 32;
    %cmp/x;
    %jmp/1 T_3.29, 4;
    %dup/vec4;
    %pushi/vec4 33529747, 33525632, 32;
    %cmp/x;
    %jmp/1 T_3.30, 4;
    %dup/vec4;
    %pushi/vec4 33546131, 33525632, 32;
    %cmp/x;
    %jmp/1 T_3.31, 4;
    %dup/vec4;
    %pushi/vec4 1107287955, 33525632, 32;
    %cmp/x;
    %jmp/1 T_3.32, 4;
    %pushi/vec4 0, 0, 1;
    %store/vec4 v0x14d639190_0, 0, 1;
    %pushi/vec4 15, 15, 4;
    %store/vec4 v0x14d638610_0, 0, 4;
    %pushi/vec4 1, 0, 1;
    %store/vec4 v0x14d638b00_0, 0, 1;
    %jmp T_3.34;
T_3.24 ;
    %pushi/vec4 0, 0, 4;
    %store/vec4 v0x14d638610_0, 0, 4;
    %jmp T_3.34;
T_3.25 ;
    %pushi/vec4 2, 0, 4;
    %store/vec4 v0x14d638610_0, 0, 4;
    %jmp T_3.34;
T_3.26 ;
    %pushi/vec4 3, 0, 4;
    %store/vec4 v0x14d638610_0, 0, 4;
    %jmp T_3.34;
T_3.27 ;
    %pushi/vec4 4, 0, 4;
    %store/vec4 v0x14d638610_0, 0, 4;
    %jmp T_3.34;
T_3.28 ;
    %pushi/vec4 6, 0, 4;
    %store/vec4 v0x14d638610_0, 0, 4;
    %jmp T_3.34;
T_3.29 ;
    %pushi/vec4 7, 0, 4;
    %store/vec4 v0x14d638610_0, 0, 4;
    %jmp T_3.34;
T_3.30 ;
    %pushi/vec4 1, 0, 4;
    %store/vec4 v0x14d638610_0, 0, 4;
    %jmp T_3.34;
T_3.31 ;
    %pushi/vec4 5, 0, 4;
    %store/vec4 v0x14d638610_0, 0, 4;
    %jmp T_3.34;
T_3.32 ;
    %pushi/vec4 13, 0, 4;
    %store/vec4 v0x14d638610_0, 0, 4;
    %jmp T_3.34;
T_3.34 ;
    %pop/vec4 1;
    %pushi/vec4 0, 0, 1;
    %store/vec4 v0x14d638cf0_0, 0, 1;
    %pushi/vec4 0, 0, 1;
    %store/vec4 v0x14d6386a0_0, 0, 1;
    %pushi/vec4 0, 0, 1;
    %store/vec4 v0x14d638f70_0, 0, 1;
    %pushi/vec4 0, 0, 1;
    %store/vec4 v0x14d639350_0, 0, 1;
    %pushi/vec4 0, 0, 1;
    %store/vec4 v0x14d639530_0, 0, 1;
    %pushi/vec4 0, 0, 1;
    %store/vec4 v0x14d6389f0_0, 0, 1;
    %pushi/vec4 0, 0, 1;
    %store/vec4 v0x14d639100_0, 0, 1;
    %pushi/vec4 1, 0, 1;
    %store/vec4 v0x14d6393f0_0, 0, 1;
    %pushi/vec4 0, 0, 1;
    %store/vec4 v0x14d639490_0, 0, 1;
    %jmp T_3.11;
T_3.2 ;
    %load/vec4 v0x14d638c40_0;
    %parti/s 20, 12, 5;
    %concati/vec4 0, 0, 12;
    %store/vec4 v0x14d638b90_0, 0, 32;
    %pushi/vec4 1, 1, 1;
    %store/vec4 v0x14d6384c0_0, 0, 1;
    %pushi/vec4 1, 1, 1;
    %store/vec4 v0x14d638570_0, 0, 1;
    %pushi/vec4 15, 15, 4;
    %store/vec4 v0x14d638610_0, 0, 4;
    %pushi/vec4 1, 0, 1;
    %store/vec4 v0x14d639190_0, 0, 1;
    %pushi/vec4 1, 0, 2;
    %store/vec4 v0x14d638800_0, 0, 2;
    %pushi/vec4 0, 0, 1;
    %store/vec4 v0x14d638cf0_0, 0, 1;
    %pushi/vec4 0, 0, 1;
    %store/vec4 v0x14d6386a0_0, 0, 1;
    %pushi/vec4 0, 0, 1;
    %store/vec4 v0x14d638f70_0, 0, 1;
    %pushi/vec4 0, 0, 1;
    %store/vec4 v0x14d639350_0, 0, 1;
    %pushi/vec4 0, 0, 1;
    %store/vec4 v0x14d639530_0, 0, 1;
    %pushi/vec4 0, 0, 1;
    %store/vec4 v0x14d6389f0_0, 0, 1;
    %pushi/vec4 0, 0, 1;
    %store/vec4 v0x14d639100_0, 0, 1;
    %pushi/vec4 0, 0, 1;
    %store/vec4 v0x14d6393f0_0, 0, 1;
    %pushi/vec4 0, 0, 1;
    %store/vec4 v0x14d639490_0, 0, 1;
    %jmp T_3.11;
T_3.3 ;
    %load/vec4 v0x14d638c40_0;
    %parti/s 20, 12, 5;
    %concati/vec4 0, 0, 12;
    %store/vec4 v0x14d638b90_0, 0, 32;
    %pushi/vec4 1, 0, 1;
    %store/vec4 v0x14d6384c0_0, 0, 1;
    %pushi/vec4 1, 0, 1;
    %store/vec4 v0x14d638570_0, 0, 1;
    %pushi/vec4 0, 0, 4;
    %store/vec4 v0x14d638610_0, 0, 4;
    %pushi/vec4 1, 0, 1;
    %store/vec4 v0x14d639190_0, 0, 1;
    %pushi/vec4 0, 0, 2;
    %store/vec4 v0x14d638800_0, 0, 2;
    %pushi/vec4 0, 0, 1;
    %store/vec4 v0x14d638cf0_0, 0, 1;
    %pushi/vec4 0, 0, 1;
    %store/vec4 v0x14d6386a0_0, 0, 1;
    %pushi/vec4 0, 0, 1;
    %store/vec4 v0x14d638f70_0, 0, 1;
    %pushi/vec4 0, 0, 1;
    %store/vec4 v0x14d639350_0, 0, 1;
    %pushi/vec4 0, 0, 1;
    %store/vec4 v0x14d639530_0, 0, 1;
    %pushi/vec4 0, 0, 1;
    %store/vec4 v0x14d6389f0_0, 0, 1;
    %pushi/vec4 0, 0, 1;
    %store/vec4 v0x14d639100_0, 0, 1;
    %pushi/vec4 0, 0, 1;
    %store/vec4 v0x14d6393f0_0, 0, 1;
    %pushi/vec4 0, 0, 1;
    %store/vec4 v0x14d639490_0, 0, 1;
    %jmp T_3.11;
T_3.4 ;
    %load/vec4 v0x14d638c40_0;
    %parti/s 1, 31, 6;
    %replicate 12;
    %load/vec4 v0x14d638c40_0;
    %parti/s 8, 12, 5;
    %concat/vec4; draw_concat_vec4
    %load/vec4 v0x14d638c40_0;
    %parti/s 1, 20, 6;
    %concat/vec4; draw_concat_vec4
    %load/vec4 v0x14d638c40_0;
    %parti/s 10, 21, 6;
    %concat/vec4; draw_concat_vec4
    %concati/vec4 0, 0, 1;
    %store/vec4 v0x14d638b90_0, 0, 32;
    %pushi/vec4 1, 0, 1;
    %store/vec4 v0x14d6384c0_0, 0, 1;
    %pushi/vec4 1, 0, 1;
    %store/vec4 v0x14d638570_0, 0, 1;
    %pushi/vec4 0, 0, 4;
    %store/vec4 v0x14d638610_0, 0, 4;
    %pushi/vec4 1, 0, 1;
    %store/vec4 v0x14d639190_0, 0, 1;
    %pushi/vec4 2, 0, 2;
    %store/vec4 v0x14d638800_0, 0, 2;
    %pushi/vec4 1, 0, 1;
    %store/vec4 v0x14d638cf0_0, 0, 1;
    %pushi/vec4 0, 0, 1;
    %store/vec4 v0x14d6386a0_0, 0, 1;
    %pushi/vec4 0, 0, 1;
    %store/vec4 v0x14d638f70_0, 0, 1;
    %pushi/vec4 0, 0, 1;
    %store/vec4 v0x14d639350_0, 0, 1;
    %pushi/vec4 0, 0, 1;
    %store/vec4 v0x14d639530_0, 0, 1;
    %pushi/vec4 0, 0, 1;
    %store/vec4 v0x14d6389f0_0, 0, 1;
    %pushi/vec4 0, 0, 1;
    %store/vec4 v0x14d639100_0, 0, 1;
    %pushi/vec4 0, 0, 1;
    %store/vec4 v0x14d6393f0_0, 0, 1;
    %pushi/vec4 0, 0, 1;
    %store/vec4 v0x14d639490_0, 0, 1;
    %jmp T_3.11;
T_3.5 ;
    %load/vec4 v0x14d638c40_0;
    %parti/s 1, 31, 6;
    %replicate 20;
    %load/vec4 v0x14d638c40_0;
    %parti/s 12, 20, 6;
    %concat/vec4; draw_concat_vec4
    %store/vec4 v0x14d638b90_0, 0, 32;
    %pushi/vec4 0, 0, 1;
    %store/vec4 v0x14d6384c0_0, 0, 1;
    %pushi/vec4 1, 0, 1;
    %store/vec4 v0x14d638570_0, 0, 1;
    %pushi/vec4 0, 0, 4;
    %store/vec4 v0x14d638610_0, 0, 4;
    %pushi/vec4 1, 0, 1;
    %store/vec4 v0x14d639190_0, 0, 1;
    %pushi/vec4 2, 0, 2;
    %store/vec4 v0x14d638800_0, 0, 2;
    %pushi/vec4 1, 0, 1;
    %store/vec4 v0x14d638cf0_0, 0, 1;
    %pushi/vec4 0, 0, 1;
    %store/vec4 v0x14d6386a0_0, 0, 1;
    %pushi/vec4 0, 0, 1;
    %store/vec4 v0x14d638f70_0, 0, 1;
    %pushi/vec4 0, 0, 1;
    %store/vec4 v0x14d639350_0, 0, 1;
    %pushi/vec4 0, 0, 1;
    %store/vec4 v0x14d639530_0, 0, 1;
    %pushi/vec4 0, 0, 1;
    %store/vec4 v0x14d6389f0_0, 0, 1;
    %pushi/vec4 0, 0, 1;
    %store/vec4 v0x14d639100_0, 0, 1;
    %pushi/vec4 1, 0, 1;
    %store/vec4 v0x14d6393f0_0, 0, 1;
    %pushi/vec4 0, 0, 1;
    %store/vec4 v0x14d639490_0, 0, 1;
    %jmp T_3.11;
T_3.6 ;
    %load/vec4 v0x14d638c40_0;
    %parti/s 1, 31, 6;
    %replicate 20;
    %load/vec4 v0x14d638c40_0;
    %parti/s 1, 7, 4;
    %concat/vec4; draw_concat_vec4
    %load/vec4 v0x14d638c40_0;
    %parti/s 6, 25, 6;
    %concat/vec4; draw_concat_vec4
    %load/vec4 v0x14d638c40_0;
    %parti/s 4, 8, 5;
    %concat/vec4; draw_concat_vec4
    %concati/vec4 0, 0, 1;
    %store/vec4 v0x14d638b90_0, 0, 32;
    %pushi/vec4 1, 0, 1;
    %store/vec4 v0x14d6384c0_0, 0, 1;
    %pushi/vec4 1, 0, 1;
    %store/vec4 v0x14d638570_0, 0, 1;
    %pushi/vec4 0, 0, 4;
    %store/vec4 v0x14d638610_0, 0, 4;
    %pushi/vec4 0, 0, 1;
    %store/vec4 v0x14d639190_0, 0, 1;
    %pushi/vec4 0, 0, 2;
    %store/vec4 v0x14d638800_0, 0, 2;
    %pushi/vec4 0, 0, 1;
    %store/vec4 v0x14d638cf0_0, 0, 1;
    %pushi/vec4 1, 0, 1;
    %store/vec4 v0x14d6386a0_0, 0, 1;
    %load/vec4 v0x14d638c40_0;
    %dup/vec4;
    %pushi/vec4 4294938595, 4294938496, 32;
    %cmp/x;
    %jmp/1 T_3.35, 4;
    %dup/vec4;
    %pushi/vec4 4294942691, 4294938496, 32;
    %cmp/x;
    %jmp/1 T_3.36, 4;
    %dup/vec4;
    %pushi/vec4 4294954979, 4294938496, 32;
    %cmp/x;
    %jmp/1 T_3.37, 4;
    %dup/vec4;
    %pushi/vec4 4294959075, 4294938496, 32;
    %cmp/x;
    %jmp/1 T_3.38, 4;
    %dup/vec4;
    %pushi/vec4 4294963171, 4294938496, 32;
    %cmp/x;
    %jmp/1 T_3.39, 4;
    %dup/vec4;
    %pushi/vec4 4294967267, 4294938496, 32;
    %cmp/x;
    %jmp/1 T_3.40, 4;
    %pushi/vec4 0, 0, 1;
    %store/vec4 v0x14d6386a0_0, 0, 1;
    %pushi/vec4 1, 0, 1;
    %store/vec4 v0x14d638b00_0, 0, 1;
    %jmp T_3.42;
T_3.35 ;
    %jmp T_3.42;
T_3.36 ;
    %jmp T_3.42;
T_3.37 ;
    %jmp T_3.42;
T_3.38 ;
    %jmp T_3.42;
T_3.39 ;
    %jmp T_3.42;
T_3.40 ;
    %jmp T_3.42;
T_3.42 ;
    %pop/vec4 1;
    %pushi/vec4 0, 0, 1;
    %store/vec4 v0x14d638f70_0, 0, 1;
    %pushi/vec4 0, 0, 1;
    %store/vec4 v0x14d639350_0, 0, 1;
    %pushi/vec4 0, 0, 1;
    %store/vec4 v0x14d639530_0, 0, 1;
    %pushi/vec4 0, 0, 1;
    %store/vec4 v0x14d6389f0_0, 0, 1;
    %pushi/vec4 0, 0, 1;
    %store/vec4 v0x14d639100_0, 0, 1;
    %pushi/vec4 1, 0, 1;
    %store/vec4 v0x14d6393f0_0, 0, 1;
    %pushi/vec4 1, 0, 1;
    %store/vec4 v0x14d639490_0, 0, 1;
    %jmp T_3.11;
T_3.7 ;
    %load/vec4 v0x14d638c40_0;
    %parti/s 1, 31, 6;
    %replicate 20;
    %load/vec4 v0x14d638c40_0;
    %parti/s 12, 20, 6;
    %concat/vec4; draw_concat_vec4
    %store/vec4 v0x14d638b90_0, 0, 32;
    %pushi/vec4 0, 0, 1;
    %store/vec4 v0x14d6384c0_0, 0, 1;
    %pushi/vec4 1, 0, 1;
    %store/vec4 v0x14d638570_0, 0, 1;
    %pushi/vec4 0, 0, 4;
    %store/vec4 v0x14d638610_0, 0, 4;
    %pushi/vec4 1, 0, 1;
    %store/vec4 v0x14d639190_0, 0, 1;
    %pushi/vec4 0, 0, 2;
    %store/vec4 v0x14d638800_0, 0, 2;
    %pushi/vec4 0, 0, 1;
    %store/vec4 v0x14d638cf0_0, 0, 1;
    %pushi/vec4 0, 0, 1;
    %store/vec4 v0x14d6386a0_0, 0, 1;
    %pushi/vec4 1, 0, 1;
    %store/vec4 v0x14d638f70_0, 0, 1;
    %pushi/vec4 0, 0, 1;
    %store/vec4 v0x14d639350_0, 0, 1;
    %load/vec4 v0x14d638c40_0;
    %dup/vec4;
    %pushi/vec4 4294938499, 4294938496, 32;
    %cmp/x;
    %jmp/1 T_3.43, 4;
    %dup/vec4;
    %pushi/vec4 4294942595, 4294938496, 32;
    %cmp/x;
    %jmp/1 T_3.44, 4;
    %dup/vec4;
    %pushi/vec4 4294946691, 4294938496, 32;
    %cmp/x;
    %jmp/1 T_3.45, 4;
    %dup/vec4;
    %pushi/vec4 4294954883, 4294938496, 32;
    %cmp/x;
    %jmp/1 T_3.46, 4;
    %dup/vec4;
    %pushi/vec4 4294958979, 4294938496, 32;
    %cmp/x;
    %jmp/1 T_3.47, 4;
    %pushi/vec4 0, 0, 1;
    %store/vec4 v0x14d638f70_0, 0, 1;
    %pushi/vec4 1, 0, 1;
    %store/vec4 v0x14d638b00_0, 0, 1;
    %jmp T_3.49;
T_3.43 ;
    %jmp T_3.49;
T_3.44 ;
    %jmp T_3.49;
T_3.45 ;
    %jmp T_3.49;
T_3.46 ;
    %jmp T_3.49;
T_3.47 ;
    %jmp T_3.49;
T_3.49 ;
    %pop/vec4 1;
    %pushi/vec4 0, 0, 1;
    %store/vec4 v0x14d639530_0, 0, 1;
    %pushi/vec4 0, 0, 1;
    %store/vec4 v0x14d6389f0_0, 0, 1;
    %pushi/vec4 0, 0, 1;
    %store/vec4 v0x14d639100_0, 0, 1;
    %pushi/vec4 1, 0, 1;
    %store/vec4 v0x14d6393f0_0, 0, 1;
    %pushi/vec4 0, 0, 1;
    %store/vec4 v0x14d639490_0, 0, 1;
    %jmp T_3.11;
T_3.8 ;
    %load/vec4 v0x14d638c40_0;
    %parti/s 1, 31, 6;
    %replicate 20;
    %load/vec4 v0x14d638c40_0;
    %parti/s 7, 25, 6;
    %concat/vec4; draw_concat_vec4
    %load/vec4 v0x14d638c40_0;
    %parti/s 5, 7, 4;
    %concat/vec4; draw_concat_vec4
    %store/vec4 v0x14d638b90_0, 0, 32;
    %pushi/vec4 0, 0, 1;
    %store/vec4 v0x14d6384c0_0, 0, 1;
    %pushi/vec4 1, 0, 1;
    %store/vec4 v0x14d638570_0, 0, 1;
    %pushi/vec4 0, 0, 4;
    %store/vec4 v0x14d638610_0, 0, 4;
    %pushi/vec4 0, 0, 1;
    %store/vec4 v0x14d639190_0, 0, 1;
    %pushi/vec4 0, 0, 2;
    %store/vec4 v0x14d638800_0, 0, 2;
    %pushi/vec4 0, 0, 1;
    %store/vec4 v0x14d638cf0_0, 0, 1;
    %pushi/vec4 0, 0, 1;
    %store/vec4 v0x14d6386a0_0, 0, 1;
    %pushi/vec4 0, 0, 1;
    %store/vec4 v0x14d638f70_0, 0, 1;
    %pushi/vec4 1, 0, 1;
    %store/vec4 v0x14d639350_0, 0, 1;
    %load/vec4 v0x14d638c40_0;
    %dup/vec4;
    %pushi/vec4 4294938531, 4294938496, 32;
    %cmp/x;
    %jmp/1 T_3.50, 4;
    %dup/vec4;
    %pushi/vec4 4294942627, 4294938496, 32;
    %cmp/x;
    %jmp/1 T_3.51, 4;
    %dup/vec4;
    %pushi/vec4 4294946723, 4294938496, 32;
    %cmp/x;
    %jmp/1 T_3.52, 4;
    %pushi/vec4 0, 0, 1;
    %store/vec4 v0x14d639350_0, 0, 1;
    %pushi/vec4 1, 0, 1;
    %store/vec4 v0x14d638b00_0, 0, 1;
    %jmp T_3.54;
T_3.50 ;
    %jmp T_3.54;
T_3.51 ;
    %jmp T_3.54;
T_3.52 ;
    %jmp T_3.54;
T_3.54 ;
    %pop/vec4 1;
    %pushi/vec4 0, 0, 1;
    %store/vec4 v0x14d639530_0, 0, 1;
    %pushi/vec4 0, 0, 1;
    %store/vec4 v0x14d6389f0_0, 0, 1;
    %pushi/vec4 0, 0, 1;
    %store/vec4 v0x14d639100_0, 0, 1;
    %pushi/vec4 1, 0, 1;
    %store/vec4 v0x14d6393f0_0, 0, 1;
    %pushi/vec4 1, 0, 1;
    %store/vec4 v0x14d639490_0, 0, 1;
    %jmp T_3.11;
T_3.9 ;
    %pushi/vec4 4294967295, 4294967295, 32;
    %store/vec4 v0x14d638b90_0, 0, 32;
    %pushi/vec4 1, 1, 1;
    %store/vec4 v0x14d6384c0_0, 0, 1;
    %pushi/vec4 1, 1, 1;
    %store/vec4 v0x14d638570_0, 0, 1;
    %pushi/vec4 15, 15, 4;
    %store/vec4 v0x14d638610_0, 0, 4;
    %pushi/vec4 1, 0, 1;
    %store/vec4 v0x14d639190_0, 0, 1;
    %pushi/vec4 3, 0, 2;
    %store/vec4 v0x14d638800_0, 0, 2;
    %pushi/vec4 0, 0, 1;
    %store/vec4 v0x14d638cf0_0, 0, 1;
    %pushi/vec4 0, 0, 1;
    %store/vec4 v0x14d6386a0_0, 0, 1;
    %pushi/vec4 0, 0, 1;
    %store/vec4 v0x14d638f70_0, 0, 1;
    %pushi/vec4 0, 0, 1;
    %store/vec4 v0x14d639350_0, 0, 1;
    %load/vec4 v0x14d638c40_0;
    %dup/vec4;
    %pushi/vec4 115, 0, 32;
    %cmp/x;
    %jmp/1 T_3.55, 4;
    %dup/vec4;
    %pushi/vec4 4294942707, 4294938496, 32;
    %cmp/x;
    %jmp/1 T_3.56, 4;
    %dup/vec4;
    %pushi/vec4 4294946803, 4294938496, 32;
    %cmp/x;
    %jmp/1 T_3.57, 4;
    %dup/vec4;
    %pushi/vec4 4294950899, 4294938496, 32;
    %cmp/x;
    %jmp/1 T_3.58, 4;
    %dup/vec4;
    %pushi/vec4 4294959091, 4294938496, 32;
    %cmp/x;
    %jmp/1 T_3.59, 4;
    %dup/vec4;
    %pushi/vec4 4294963187, 4294938496, 32;
    %cmp/x;
    %jmp/1 T_3.60, 4;
    %dup/vec4;
    %pushi/vec4 4294967283, 4294938496, 32;
    %cmp/x;
    %jmp/1 T_3.61, 4;
    %dup/vec4;
    %pushi/vec4 807403635, 0, 32;
    %cmp/x;
    %jmp/1 T_3.62, 4;
    %pushi/vec4 0, 0, 1;
    %store/vec4 v0x14d639190_0, 0, 1;
    %pushi/vec4 0, 0, 1;
    %store/vec4 v0x14d639530_0, 0, 1;
    %pushi/vec4 0, 0, 1;
    %store/vec4 v0x14d6389f0_0, 0, 1;
    %pushi/vec4 0, 0, 1;
    %store/vec4 v0x14d639100_0, 0, 1;
    %pushi/vec4 0, 0, 1;
    %store/vec4 v0x14d6393f0_0, 0, 1;
    %pushi/vec4 1, 0, 1;
    %store/vec4 v0x14d638b00_0, 0, 1;
    %jmp T_3.64;
T_3.55 ;
    %pushi/vec4 0, 0, 1;
    %store/vec4 v0x14d639530_0, 0, 1;
    %pushi/vec4 1, 0, 1;
    %store/vec4 v0x14d6389f0_0, 0, 1;
    %pushi/vec4 0, 0, 1;
    %store/vec4 v0x14d639100_0, 0, 1;
    %pushi/vec4 0, 0, 1;
    %store/vec4 v0x14d6393f0_0, 0, 1;
    %jmp T_3.64;
T_3.56 ;
    %pushi/vec4 1, 0, 1;
    %store/vec4 v0x14d639530_0, 0, 1;
    %pushi/vec4 0, 0, 1;
    %store/vec4 v0x14d6389f0_0, 0, 1;
    %pushi/vec4 0, 0, 1;
    %store/vec4 v0x14d639100_0, 0, 1;
    %pushi/vec4 1, 0, 1;
    %store/vec4 v0x14d6393f0_0, 0, 1;
    %jmp T_3.64;
T_3.57 ;
    %pushi/vec4 1, 0, 1;
    %store/vec4 v0x14d639530_0, 0, 1;
    %pushi/vec4 0, 0, 1;
    %store/vec4 v0x14d6389f0_0, 0, 1;
    %pushi/vec4 0, 0, 1;
    %store/vec4 v0x14d639100_0, 0, 1;
    %pushi/vec4 1, 0, 1;
    %store/vec4 v0x14d6393f0_0, 0, 1;
    %jmp T_3.64;
T_3.58 ;
    %pushi/vec4 1, 0, 1;
    %store/vec4 v0x14d639530_0, 0, 1;
    %pushi/vec4 0, 0, 1;
    %store/vec4 v0x14d6389f0_0, 0, 1;
    %pushi/vec4 0, 0, 1;
    %store/vec4 v0x14d639100_0, 0, 1;
    %pushi/vec4 1, 0, 1;
    %store/vec4 v0x14d6393f0_0, 0, 1;
    %jmp T_3.64;
T_3.59 ;
    %pushi/vec4 1, 0, 1;
    %store/vec4 v0x14d639530_0, 0, 1;
    %pushi/vec4 0, 0, 1;
    %store/vec4 v0x14d6389f0_0, 0, 1;
    %pushi/vec4 0, 0, 1;
    %store/vec4 v0x14d639100_0, 0, 1;
    %pushi/vec4 0, 0, 1;
    %store/vec4 v0x14d6393f0_0, 0, 1;
    %jmp T_3.64;
T_3.60 ;
    %pushi/vec4 1, 0, 1;
    %store/vec4 v0x14d639530_0, 0, 1;
    %pushi/vec4 0, 0, 1;
    %store/vec4 v0x14d6389f0_0, 0, 1;
    %pushi/vec4 0, 0, 1;
    %store/vec4 v0x14d639100_0, 0, 1;
    %pushi/vec4 0, 0, 1;
    %store/vec4 v0x14d6393f0_0, 0, 1;
    %jmp T_3.64;
T_3.61 ;
    %pushi/vec4 1, 0, 1;
    %store/vec4 v0x14d639530_0, 0, 1;
    %pushi/vec4 0, 0, 1;
    %store/vec4 v0x14d6389f0_0, 0, 1;
    %pushi/vec4 0, 0, 1;
    %store/vec4 v0x14d639100_0, 0, 1;
    %pushi/vec4 0, 0, 1;
    %store/vec4 v0x14d6393f0_0, 0, 1;
    %jmp T_3.64;
T_3.62 ;
    %pushi/vec4 0, 0, 1;
    %store/vec4 v0x14d639530_0, 0, 1;
    %pushi/vec4 0, 0, 1;
    %store/vec4 v0x14d6389f0_0, 0, 1;
    %pushi/vec4 1, 0, 1;
    %store/vec4 v0x14d639100_0, 0, 1;
    %pushi/vec4 0, 0, 1;
    %store/vec4 v0x14d6393f0_0, 0, 1;
    %jmp T_3.64;
T_3.64 ;
    %pop/vec4 1;
    %pushi/vec4 0, 0, 1;
    %store/vec4 v0x14d639490_0, 0, 1;
    %jmp T_3.11;
T_3.11 ;
    %pop/vec4 1;
    %jmp T_3;
    .thread T_3, $push;
    .scope S_0x14d637f80;
T_4 ;
    %wait E_0x14d6383f0;
    %load/vec4 v0x14d6393f0_0;
    %flag_set/vec4 8;
    %jmp/0xz  T_4.0, 8;
    %load/vec4 v0x14d638950_0;
    %load/vec4 v0x14d6388a0_0;
    %pushi/vec4 0, 0, 5;
    %cmp/ne;
    %flag_get/vec4 4;
    %and;
    %load/vec4 v0x14d638c40_0;
    %parti/s 5, 15, 5;
    %load/vec4 v0x14d6388a0_0;
    %cmp/e;
    %flag_get/vec4 4;
    %and;
    %flag_set/vec4 8;
    %jmp/0xz  T_4.2, 8;
    %load/vec4 v0x14d638730_0;
    %flag_set/vec4 8;
    %jmp/0xz  T_4.4, 8;
    %pushi/vec4 1, 1, 1;
    %store/vec4 v0x14d639220_0, 0, 1;
    %pushi/vec4 1, 0, 1;
    %store/vec4 v0x14d638e30_0, 0, 1;
    %jmp T_4.5;
T_4.4 ;
    %pushi/vec4 1, 0, 1;
    %store/vec4 v0x14d639220_0, 0, 1;
    %pushi/vec4 0, 0, 1;
    %store/vec4 v0x14d638e30_0, 0, 1;
T_4.5 ;
    %jmp T_4.3;
T_4.2 ;
    %pushi/vec4 0, 0, 1;
    %store/vec4 v0x14d639220_0, 0, 1;
    %pushi/vec4 0, 0, 1;
    %store/vec4 v0x14d638e30_0, 0, 1;
T_4.3 ;
    %jmp T_4.1;
T_4.0 ;
    %pushi/vec4 1, 1, 1;
    %store/vec4 v0x14d639220_0, 0, 1;
    %pushi/vec4 0, 0, 1;
    %store/vec4 v0x14d638e30_0, 0, 1;
T_4.1 ;
    %load/vec4 v0x14d639490_0;
    %flag_set/vec4 8;
    %jmp/0xz  T_4.6, 8;
    %load/vec4 v0x14d638950_0;
    %load/vec4 v0x14d6388a0_0;
    %pushi/vec4 0, 0, 5;
    %cmp/ne;
    %flag_get/vec4 4;
    %and;
    %load/vec4 v0x14d638c40_0;
    %parti/s 5, 20, 6;
    %load/vec4 v0x14d6388a0_0;
    %cmp/e;
    %flag_get/vec4 4;
    %and;
    %flag_set/vec4 8;
    %jmp/0xz  T_4.8, 8;
    %load/vec4 v0x14d638730_0;
    %flag_set/vec4 8;
    %jmp/0xz  T_4.10, 8;
    %pushi/vec4 1, 1, 1;
    %store/vec4 v0x14d6392b0_0, 0, 1;
    %pushi/vec4 1, 0, 1;
    %store/vec4 v0x14d638ed0_0, 0, 1;
    %jmp T_4.11;
T_4.10 ;
    %pushi/vec4 1, 0, 1;
    %store/vec4 v0x14d6392b0_0, 0, 1;
    %pushi/vec4 0, 0, 1;
    %store/vec4 v0x14d638ed0_0, 0, 1;
T_4.11 ;
    %jmp T_4.9;
T_4.8 ;
    %pushi/vec4 0, 0, 1;
    %store/vec4 v0x14d6392b0_0, 0, 1;
    %pushi/vec4 0, 0, 1;
    %store/vec4 v0x14d638ed0_0, 0, 1;
T_4.9 ;
    %jmp T_4.7;
T_4.6 ;
    %pushi/vec4 1, 1, 1;
    %store/vec4 v0x14d6392b0_0, 0, 1;
    %pushi/vec4 0, 0, 1;
    %store/vec4 v0x14d638ed0_0, 0, 1;
T_4.7 ;
    %jmp T_4;
    .thread T_4, $push;
    .scope S_0x14d635cc0;
T_5 ;
    %pushi/vec4 3, 0, 2;
    %store/vec4 v0x14d6379e0_0, 0, 2;
    %end;
    .thread T_5;
    .scope S_0x14d635cc0;
T_6 ;
    %wait E_0x14d636050;
    %load/vec4 v0x14d637dc0_0;
    %flag_set/vec4 8;
    %jmp/0xz  T_6.0, 8;
    %load/vec4 v0x14d636f40_0;
    %dup/vec4;
    %pushi/vec4 3857, 0, 12;
    %cmp/u;
    %jmp/1 T_6.2, 6;
    %dup/vec4;
    %pushi/vec4 3858, 0, 12;
    %cmp/u;
    %jmp/1 T_6.3, 6;
    %dup/vec4;
    %pushi/vec4 3859, 0, 12;
    %cmp/u;
    %jmp/1 T_6.4, 6;
    %dup/vec4;
    %pushi/vec4 3860, 0, 12;
    %cmp/u;
    %jmp/1 T_6.5, 6;
    %dup/vec4;
    %pushi/vec4 3861, 0, 12;
    %cmp/u;
    %jmp/1 T_6.6, 6;
    %dup/vec4;
    %pushi/vec4 768, 0, 12;
    %cmp/u;
    %jmp/1 T_6.7, 6;
    %dup/vec4;
    %pushi/vec4 773, 0, 12;
    %cmp/u;
    %jmp/1 T_6.8, 6;
    %dup/vec4;
    %pushi/vec4 832, 0, 12;
    %cmp/u;
    %jmp/1 T_6.9, 6;
    %dup/vec4;
    %pushi/vec4 833, 0, 12;
    %cmp/u;
    %jmp/1 T_6.10, 6;
    %dup/vec4;
    %pushi/vec4 834, 0, 12;
    %cmp/u;
    %jmp/1 T_6.11, 6;
    %pushi/vec4 0, 0, 32;
    %store/vec4 v0x14d637a70_0, 0, 32;
    %jmp T_6.13;
T_6.2 ;
    %pushi/vec4 0, 0, 32;
    %store/vec4 v0x14d637a70_0, 0, 32;
    %jmp T_6.13;
T_6.3 ;
    %pushi/vec4 0, 0, 32;
    %store/vec4 v0x14d637a70_0, 0, 32;
    %jmp T_6.13;
T_6.4 ;
    %pushi/vec4 0, 0, 32;
    %store/vec4 v0x14d637a70_0, 0, 32;
    %jmp T_6.13;
T_6.5 ;
    %pushi/vec4 0, 0, 32;
    %store/vec4 v0x14d637a70_0, 0, 32;
    %jmp T_6.13;
T_6.6 ;
    %pushi/vec4 0, 0, 32;
    %store/vec4 v0x14d637a70_0, 0, 32;
    %jmp T_6.13;
T_6.7 ;
    %pushi/vec4 0, 0, 19;
    %load/vec4 v0x14d6375f0_0;
    %concat/vec4; draw_concat_vec4
    %concati/vec4 0, 0, 3;
    %load/vec4 v0x14d637550_0;
    %concat/vec4; draw_concat_vec4
    %concati/vec4 0, 0, 3;
    %load/vec4 v0x14d6374c0_0;
    %concat/vec4; draw_concat_vec4
    %concati/vec4 0, 0, 3;
    %store/vec4 v0x14d637a70_0, 0, 32;
    %jmp T_6.13;
T_6.8 ;
    %load/vec4 v0x14d6376a0_0;
    %store/vec4 v0x14d637a70_0, 0, 32;
    %jmp T_6.13;
T_6.9 ;
    %load/vec4 v0x14d637430_0;
    %store/vec4 v0x14d637a70_0, 0, 32;
    %jmp T_6.13;
T_6.10 ;
    %load/vec4 v0x14d637310_0;
    %store/vec4 v0x14d637a70_0, 0, 32;
    %jmp T_6.13;
T_6.11 ;
    %load/vec4 v0x14d637280_0;
    %store/vec4 v0x14d637a70_0, 0, 32;
    %jmp T_6.13;
T_6.13 ;
    %pop/vec4 1;
    %jmp T_6.1;
T_6.0 ;
    %load/vec4 v0x14d6371f0_0;
    %flag_set/vec4 8;
    %jmp/0xz  T_6.14, 8;
    %load/vec4 v0x14d6376a0_0;
    %store/vec4 v0x14d637a70_0, 0, 32;
    %jmp T_6.15;
T_6.14 ;
    %load/vec4 v0x14d637090_0;
    %flag_set/vec4 8;
    %jmp/0xz  T_6.16, 8;
    %load/vec4 v0x14d6376a0_0;
    %store/vec4 v0x14d637a70_0, 0, 32;
    %jmp T_6.17;
T_6.16 ;
    %load/vec4 v0x14d6373a0_0;
    %flag_set/vec4 8;
    %jmp/0xz  T_6.18, 8;
    %load/vec4 v0x14d637310_0;
    %store/vec4 v0x14d637a70_0, 0, 32;
    %jmp T_6.19;
T_6.18 ;
    %pushi/vec4 0, 0, 32;
    %store/vec4 v0x14d637a70_0, 0, 32;
T_6.19 ;
T_6.17 ;
T_6.15 ;
T_6.1 ;
    %jmp T_6;
    .thread T_6, $push;
    .scope S_0x14d635cc0;
T_7 ;
    %wait E_0x14d636000;
    %load/vec4 v0x14d637bd0_0;
    %flag_set/vec4 8;
    %jmp/0xz  T_7.0, 8;
    %pushi/vec4 1, 0, 1;
    %assign/vec4 v0x14d6374c0_0, 0;
    %jmp T_7.1;
T_7.0 ;
    %load/vec4 v0x14d6371f0_0;
    %flag_set/vec4 8;
    %jmp/0xz  T_7.2, 8;
    %pushi/vec4 2, 0, 32;
    %assign/vec4 v0x14d637280_0, 0;
    %load/vec4 v0x14d636d30_0;
    %assign/vec4 v0x14d637310_0, 0;
    %load/vec4 v0x14d6379e0_0;
    %assign/vec4 v0x14d6375f0_0, 0;
    %load/vec4 v0x14d6374c0_0;
    %assign/vec4 v0x14d637550_0, 0;
    %pushi/vec4 0, 0, 1;
    %assign/vec4 v0x14d6374c0_0, 0;
    %jmp T_7.3;
T_7.2 ;
    %load/vec4 v0x14d637090_0;
    %flag_set/vec4 8;
    %jmp/0xz  T_7.4, 8;
    %pushi/vec4 11, 0, 32;
    %assign/vec4 v0x14d637280_0, 0;
    %load/vec4 v0x14d636d30_0;
    %assign/vec4 v0x14d637310_0, 0;
    %load/vec4 v0x14d6379e0_0;
    %assign/vec4 v0x14d6375f0_0, 0;
    %load/vec4 v0x14d6374c0_0;
    %assign/vec4 v0x14d637550_0, 0;
    %pushi/vec4 0, 0, 1;
    %assign/vec4 v0x14d6374c0_0, 0;
    %jmp T_7.5;
T_7.4 ;
    %load/vec4 v0x14d6373a0_0;
    %flag_set/vec4 8;
    %jmp/0xz  T_7.6, 8;
    %load/vec4 v0x14d637550_0;
    %assign/vec4 v0x14d6374c0_0, 0;
    %load/vec4 v0x14d6375f0_0;
    %assign/vec4 v0x14d6379e0_0, 0;
    %jmp T_7.7;
T_7.6 ;
    %load/vec4 v0x14d637dc0_0;
    %flag_set/vec4 8;
    %jmp/0xz  T_7.8, 8;
    %load/vec4 v0x14d637750_0;
    %pushi/vec4 0, 0, 32;
    %cmp/e;
    %flag_get/vec4 4;
    %load/vec4 v0x14d637130_0;
    %parti/s 2, 0, 2;
    %pushi/vec4 2, 0, 2;
    %cmp/e;
    %flag_get/vec4 4;
    %and;
    %inv;
    %load/vec4 v0x14d636f40_0;
    %parti/s 2, 10, 5;
    %pushi/vec4 3, 0, 2;
    %cmp/e;
    %flag_get/vec4 4;
    %and;
    %flag_set/vec4 8;
    %jmp/0xz  T_7.10, 8;
    %pushi/vec4 2, 0, 32;
    %assign/vec4 v0x14d637280_0, 0;
    %load/vec4 v0x14d636d30_0;
    %assign/vec4 v0x14d637310_0, 0;
    %load/vec4 v0x14d6379e0_0;
    %assign/vec4 v0x14d6375f0_0, 0;
    %load/vec4 v0x14d6374c0_0;
    %assign/vec4 v0x14d637550_0, 0;
    %pushi/vec4 0, 0, 1;
    %assign/vec4 v0x14d6374c0_0, 0;
    %jmp T_7.11;
T_7.10 ;
    %load/vec4 v0x14d636f40_0;
    %dup/vec4;
    %pushi/vec4 768, 0, 12;
    %cmp/u;
    %jmp/1 T_7.12, 6;
    %dup/vec4;
    %pushi/vec4 773, 0, 12;
    %cmp/u;
    %jmp/1 T_7.13, 6;
    %dup/vec4;
    %pushi/vec4 832, 0, 12;
    %cmp/u;
    %jmp/1 T_7.14, 6;
    %dup/vec4;
    %pushi/vec4 833, 0, 12;
    %cmp/u;
    %jmp/1 T_7.15, 6;
    %dup/vec4;
    %pushi/vec4 834, 0, 12;
    %cmp/u;
    %jmp/1 T_7.16, 6;
    %jmp T_7.18;
T_7.12 ;
    %load/vec4 v0x14d637d10_0;
    %parti/s 1, 3, 3;
    %assign/vec4 v0x14d6374c0_0, 0;
    %load/vec4 v0x14d637d10_0;
    %parti/s 1, 7, 4;
    %assign/vec4 v0x14d637550_0, 0;
    %load/vec4 v0x14d637d10_0;
    %parti/s 2, 11, 5;
    %assign/vec4 v0x14d6375f0_0, 0;
    %jmp T_7.18;
T_7.13 ;
    %load/vec4 v0x14d637d10_0;
    %assign/vec4 v0x14d6376a0_0, 0;
    %jmp T_7.18;
T_7.14 ;
    %load/vec4 v0x14d637d10_0;
    %assign/vec4 v0x14d637430_0, 0;
    %jmp T_7.18;
T_7.15 ;
    %load/vec4 v0x14d637d10_0;
    %assign/vec4 v0x14d637310_0, 0;
    %jmp T_7.18;
T_7.16 ;
    %load/vec4 v0x14d637d10_0;
    %assign/vec4 v0x14d637280_0, 0;
    %jmp T_7.18;
T_7.18 ;
    %pop/vec4 1;
T_7.11 ;
T_7.8 ;
T_7.7 ;
T_7.5 ;
T_7.3 ;
T_7.1 ;
    %jmp T_7;
    .thread T_7;
    .scope S_0x14d625bc0;
T_8 ;
    %wait E_0x14d624b30;
    %load/vec4 v0x14d6355f0_0;
    %dup/vec4;
    %pushi/vec4 0, 0, 4;
    %cmp/x;
    %jmp/1 T_8.0, 4;
    %dup/vec4;
    %pushi/vec4 8, 0, 4;
    %cmp/x;
    %jmp/1 T_8.1, 4;
    %dup/vec4;
    %pushi/vec4 1, 0, 4;
    %cmp/x;
    %jmp/1 T_8.2, 4;
    %dup/vec4;
    %pushi/vec4 2, 0, 4;
    %cmp/x;
    %jmp/1 T_8.3, 4;
    %dup/vec4;
    %pushi/vec4 3, 0, 4;
    %cmp/x;
    %jmp/1 T_8.4, 4;
    %dup/vec4;
    %pushi/vec4 4, 0, 4;
    %cmp/x;
    %jmp/1 T_8.5, 4;
    %dup/vec4;
    %pushi/vec4 5, 0, 4;
    %cmp/x;
    %jmp/1 T_8.6, 4;
    %dup/vec4;
    %pushi/vec4 13, 0, 4;
    %cmp/x;
    %jmp/1 T_8.7, 4;
    %dup/vec4;
    %pushi/vec4 6, 0, 4;
    %cmp/x;
    %jmp/1 T_8.8, 4;
    %dup/vec4;
    %pushi/vec4 7, 0, 4;
    %cmp/x;
    %jmp/1 T_8.9, 4;
    %load/vec4 v0x14d624b70_0;
    %store/vec4 v0x14d635530_0, 0, 32;
    %jmp T_8.11;
T_8.0 ;
    %load/vec4 v0x14d624b70_0;
    %load/vec4 v0x14d635480_0;
    %add;
    %store/vec4 v0x14d635530_0, 0, 32;
    %jmp T_8.11;
T_8.1 ;
    %load/vec4 v0x14d624b70_0;
    %load/vec4 v0x14d635480_0;
    %sub;
    %store/vec4 v0x14d635530_0, 0, 32;
    %jmp T_8.11;
T_8.2 ;
    %load/vec4 v0x14d624b70_0;
    %load/vec4 v0x14d635480_0;
    %parti/s 5, 0, 2;
    %ix/vec4 4;
    %shiftl 4;
    %store/vec4 v0x14d635530_0, 0, 32;
    %jmp T_8.11;
T_8.3 ;
    %load/vec4 v0x14d624b70_0;
    %load/vec4 v0x14d635480_0;
    %cmp/s;
    %flag_get/vec4 5;
    %pad/u 32;
    %store/vec4 v0x14d635530_0, 0, 32;
    %jmp T_8.11;
T_8.4 ;
    %load/vec4 v0x14d624b70_0;
    %load/vec4 v0x14d635480_0;
    %cmp/u;
    %flag_get/vec4 5;
    %pad/u 32;
    %store/vec4 v0x14d635530_0, 0, 32;
    %jmp T_8.11;
T_8.5 ;
    %load/vec4 v0x14d624b70_0;
    %load/vec4 v0x14d635480_0;
    %xor;
    %store/vec4 v0x14d635530_0, 0, 32;
    %jmp T_8.11;
T_8.6 ;
    %load/vec4 v0x14d624b70_0;
    %load/vec4 v0x14d635480_0;
    %parti/s 5, 0, 2;
    %ix/vec4 4;
    %shiftr 4;
    %store/vec4 v0x14d635530_0, 0, 32;
    %jmp T_8.11;
T_8.7 ;
    %load/vec4 v0x14d624b70_0;
    %load/vec4 v0x14d635480_0;
    %parti/s 5, 0, 2;
    %ix/vec4 4;
    %shiftr/s 4;
    %store/vec4 v0x14d635530_0, 0, 32;
    %jmp T_8.11;
T_8.8 ;
    %load/vec4 v0x14d624b70_0;
    %load/vec4 v0x14d635480_0;
    %or;
    %store/vec4 v0x14d635530_0, 0, 32;
    %jmp T_8.11;
T_8.9 ;
    %load/vec4 v0x14d624b70_0;
    %load/vec4 v0x14d635480_0;
    %and;
    %store/vec4 v0x14d635530_0, 0, 32;
    %jmp T_8.11;
T_8.11 ;
    %pop/vec4 1;
    %jmp T_8;
    .thread T_8, $push;
    .scope S_0x14d635700;
T_9 ;
    %wait E_0x14d635930;
    %load/vec4 v0x14d635bb0_0;
    %dup/vec4;
    %pushi/vec4 0, 0, 3;
    %cmp/x;
    %jmp/1 T_9.0, 4;
    %dup/vec4;
    %pushi/vec4 1, 0, 3;
    %cmp/x;
    %jmp/1 T_9.1, 4;
    %dup/vec4;
    %pushi/vec4 4, 0, 3;
    %cmp/x;
    %jmp/1 T_9.2, 4;
    %dup/vec4;
    %pushi/vec4 5, 0, 3;
    %cmp/x;
    %jmp/1 T_9.3, 4;
    %dup/vec4;
    %pushi/vec4 6, 0, 3;
    %cmp/x;
    %jmp/1 T_9.4, 4;
    %dup/vec4;
    %pushi/vec4 7, 0, 3;
    %cmp/x;
    %jmp/1 T_9.5, 4;
    %pushi/vec4 0, 0, 1;
    %store/vec4 v0x14d635990_0, 0, 1;
    %jmp T_9.7;
T_9.0 ;
    %load/vec4 v0x14d635a40_0;
    %load/vec4 v0x14d635af0_0;
    %cmp/e;
    %flag_get/vec4 4;
    %store/vec4 v0x14d635990_0, 0, 1;
    %jmp T_9.7;
T_9.1 ;
    %load/vec4 v0x14d635a40_0;
    %load/vec4 v0x14d635af0_0;
    %cmp/ne;
    %flag_get/vec4 4;
    %store/vec4 v0x14d635990_0, 0, 1;
    %jmp T_9.7;
T_9.2 ;
    %load/vec4 v0x14d635a40_0;
    %load/vec4 v0x14d635af0_0;
    %cmp/s;
    %flag_get/vec4 5;
    %store/vec4 v0x14d635990_0, 0, 1;
    %jmp T_9.7;
T_9.3 ;
    %load/vec4 v0x14d635af0_0;
    %load/vec4 v0x14d635a40_0;
    %cmp/s;
    %flag_get/vec4 4;
    %flag_get/vec4 5;
    %or;
    %store/vec4 v0x14d635990_0, 0, 1;
    %jmp T_9.7;
T_9.4 ;
    %load/vec4 v0x14d635a40_0;
    %load/vec4 v0x14d635af0_0;
    %cmp/u;
    %flag_get/vec4 5;
    %store/vec4 v0x14d635990_0, 0, 1;
    %jmp T_9.7;
T_9.5 ;
    %load/vec4 v0x14d635af0_0;
    %load/vec4 v0x14d635a40_0;
    %cmp/u;
    %flag_get/vec4 4;
    %flag_get/vec4 5;
    %or;
    %store/vec4 v0x14d635990_0, 0, 1;
    %jmp T_9.7;
T_9.7 ;
    %pop/vec4 1;
    %jmp T_9;
    .thread T_9, $push;
    .scope S_0x14d6397d0;
T_10 ;
    %wait E_0x14d639a70;
    %load/vec4 v0x14d63a400_0;
    %dup/vec4;
    %pushi/vec4 0, 0, 2;
    %cmp/u;
    %jmp/1 T_10.0, 6;
    %dup/vec4;
    %pushi/vec4 1, 0, 2;
    %cmp/u;
    %jmp/1 T_10.1, 6;
    %dup/vec4;
    %pushi/vec4 2, 0, 2;
    %cmp/u;
    %jmp/1 T_10.2, 6;
    %pushi/vec4 0, 0, 1;
    %store/vec4 v0x14d63a550_0, 0, 1;
    %jmp T_10.4;
T_10.0 ;
    %pushi/vec4 0, 0, 1;
    %store/vec4 v0x14d63a550_0, 0, 1;
    %jmp T_10.4;
T_10.1 ;
    %load/vec4 v0x14d63a2e0_0;
    %parti/s 2, 0, 2;
    %dup/vec4;
    %pushi/vec4 0, 0, 2;
    %cmp/u;
    %jmp/1 T_10.5, 6;
    %dup/vec4;
    %pushi/vec4 1, 0, 2;
    %cmp/u;
    %jmp/1 T_10.6, 6;
    %dup/vec4;
    %pushi/vec4 2, 0, 2;
    %cmp/u;
    %jmp/1 T_10.7, 6;
    %dup/vec4;
    %pushi/vec4 3, 0, 2;
    %cmp/u;
    %jmp/1 T_10.8, 6;
    %pushi/vec4 0, 0, 1;
    %store/vec4 v0x14d63a550_0, 0, 1;
    %jmp T_10.10;
T_10.5 ;
    %pushi/vec4 0, 0, 1;
    %store/vec4 v0x14d63a550_0, 0, 1;
    %jmp T_10.10;
T_10.6 ;
    %pushi/vec4 0, 0, 1;
    %store/vec4 v0x14d63a550_0, 0, 1;
    %jmp T_10.10;
T_10.7 ;
    %pushi/vec4 0, 0, 1;
    %store/vec4 v0x14d63a550_0, 0, 1;
    %jmp T_10.10;
T_10.8 ;
    %pushi/vec4 1, 0, 1;
    %store/vec4 v0x14d63a550_0, 0, 1;
    %jmp T_10.10;
T_10.10 ;
    %pop/vec4 1;
    %jmp T_10.4;
T_10.2 ;
    %load/vec4 v0x14d63a2e0_0;
    %parti/s 2, 0, 2;
    %dup/vec4;
    %pushi/vec4 0, 0, 2;
    %cmp/u;
    %jmp/1 T_10.11, 6;
    %dup/vec4;
    %pushi/vec4 1, 0, 2;
    %cmp/u;
    %jmp/1 T_10.12, 6;
    %dup/vec4;
    %pushi/vec4 2, 0, 2;
    %cmp/u;
    %jmp/1 T_10.13, 6;
    %dup/vec4;
    %pushi/vec4 3, 0, 2;
    %cmp/u;
    %jmp/1 T_10.14, 6;
    %pushi/vec4 0, 0, 1;
    %store/vec4 v0x14d63a550_0, 0, 1;
    %jmp T_10.16;
T_10.11 ;
    %pushi/vec4 0, 0, 1;
    %store/vec4 v0x14d63a550_0, 0, 1;
    %jmp T_10.16;
T_10.12 ;
    %pushi/vec4 1, 0, 1;
    %store/vec4 v0x14d63a550_0, 0, 1;
    %jmp T_10.16;
T_10.13 ;
    %pushi/vec4 1, 0, 1;
    %store/vec4 v0x14d63a550_0, 0, 1;
    %jmp T_10.16;
T_10.14 ;
    %pushi/vec4 1, 0, 1;
    %store/vec4 v0x14d63a550_0, 0, 1;
    %jmp T_10.16;
T_10.16 ;
    %pop/vec4 1;
    %jmp T_10.4;
T_10.4 ;
    %pop/vec4 1;
    %jmp T_10;
    .thread T_10, $push;
    .scope S_0x14d6397d0;
T_11 ;
    %wait E_0x14d636000;
    %load/vec4 v0x14d63a2e0_0;
    %parti/s 30, 2, 3;
    %concati/vec4 0, 0, 2;
    %assign/vec4 v0x14d63a840_0, 0;
    %load/vec4 v0x14d63a550_0;
    %load/vec4 v0x14d63a4a0_0;
    %load/vec4 v0x14d63aae0_0;
    %or;
    %and;
    %flag_set/vec4 8;
    %jmp/0xz  T_11.0, 8;
    %load/vec4 v0x14d63a8f0_0;
    %inv;
    %assign/vec4 v0x14d63a8f0_0, 0;
    %jmp T_11.1;
T_11.0 ;
    %pushi/vec4 0, 0, 1;
    %assign/vec4 v0x14d63a8f0_0, 0;
T_11.1 ;
    %jmp T_11;
    .thread T_11;
    .scope S_0x14d6397d0;
T_12 ;
    %wait E_0x14d638190;
    %load/vec4 v0x14d63a8f0_0;
    %flag_set/vec4 8;
    %jmp/0xz  T_12.0, 8;
    %load/vec4 v0x14d63a840_0;
    %addi 4, 0, 32;
    %store/vec4 v0x14d63a5e0_0, 0, 32;
    %pushi/vec4 0, 0, 8;
    %load/vec4 v0x14d63a990_0;
    %parti/s 24, 32, 7;
    %concat/vec4; draw_concat_vec4
    %store/vec4 v0x14d63a790_0, 0, 32;
    %load/vec4 v0x14d63aae0_0;
    %flag_set/vec4 8;
    %jmp/0xz  T_12.2, 8;
    %load/vec4 v0x14d63a400_0;
    %dup/vec4;
    %pushi/vec4 1, 0, 2;
    %cmp/u;
    %jmp/1 T_12.4, 6;
    %dup/vec4;
    %pushi/vec4 2, 0, 2;
    %cmp/u;
    %jmp/1 T_12.5, 6;
    %pushi/vec4 0, 0, 4;
    %store/vec4 v0x14d63ab80_0, 0, 4;
    %jmp T_12.7;
T_12.4 ;
    %pushi/vec4 1, 0, 4;
    %store/vec4 v0x14d63ab80_0, 0, 4;
    %jmp T_12.7;
T_12.5 ;
    %pushi/vec4 15, 0, 4;
    %load/vec4 v0x14d63a2e0_0;
    %parti/s 2, 0, 2;
    %ix/vec4 4;
    %shiftl 4;
    %inv;
    %store/vec4 v0x14d63ab80_0, 0, 4;
    %jmp T_12.7;
T_12.7 ;
    %pop/vec4 1;
    %jmp T_12.3;
T_12.2 ;
    %pushi/vec4 0, 0, 4;
    %store/vec4 v0x14d63ab80_0, 0, 4;
T_12.3 ;
    %jmp T_12.1;
T_12.0 ;
    %load/vec4 v0x14d63a2e0_0;
    %parti/s 30, 2, 3;
    %concati/vec4 0, 0, 2;
    %store/vec4 v0x14d63a5e0_0, 0, 32;
    %load/vec4 v0x14d63a990_0;
    %parti/s 32, 0, 2;
    %store/vec4 v0x14d63a790_0, 0, 32;
    %load/vec4 v0x14d63aae0_0;
    %flag_set/vec4 8;
    %jmp/0xz  T_12.8, 8;
    %load/vec4 v0x14d63a400_0;
    %dup/vec4;
    %pushi/vec4 0, 0, 2;
    %cmp/u;
    %jmp/1 T_12.10, 6;
    %dup/vec4;
    %pushi/vec4 1, 0, 2;
    %cmp/u;
    %jmp/1 T_12.11, 6;
    %dup/vec4;
    %pushi/vec4 2, 0, 2;
    %cmp/u;
    %jmp/1 T_12.12, 6;
    %pushi/vec4 0, 0, 4;
    %store/vec4 v0x14d63ab80_0, 0, 4;
    %jmp T_12.14;
T_12.10 ;
    %pushi/vec4 1, 0, 4;
    %load/vec4 v0x14d63a2e0_0;
    %parti/s 2, 0, 2;
    %ix/vec4 4;
    %shiftl 4;
    %store/vec4 v0x14d63ab80_0, 0, 4;
    %jmp T_12.14;
T_12.11 ;
    %pushi/vec4 3, 0, 4;
    %load/vec4 v0x14d63a2e0_0;
    %parti/s 2, 0, 2;
    %ix/vec4 4;
    %shiftl 4;
    %store/vec4 v0x14d63ab80_0, 0, 4;
    %jmp T_12.14;
T_12.12 ;
    %pushi/vec4 15, 0, 4;
    %load/vec4 v0x14d63a2e0_0;
    %parti/s 2, 0, 2;
    %ix/vec4 4;
    %shiftl 4;
    %store/vec4 v0x14d63ab80_0, 0, 4;
    %jmp T_12.14;
T_12.14 ;
    %pop/vec4 1;
    %jmp T_12.9;
T_12.8 ;
    %pushi/vec4 0, 0, 4;
    %store/vec4 v0x14d63ab80_0, 0, 4;
T_12.9 ;
T_12.1 ;
    %jmp T_12;
    .thread T_12, $push;
    .scope S_0x14d63ad20;
T_13 ;
    %wait E_0x14d636000;
    %load/vec4 v0x14d63bc80_0;
    %assign/vec4 v0x14d63bf40_0, 0;
    %load/vec4 v0x14d63ba60_0;
    %assign/vec4 v0x14d63baf0_0, 0;
    %load/vec4 v0x14d63baf0_0;
    %assign/vec4 v0x14d63bff0_0, 0;
    %jmp T_13;
    .thread T_13;
    .scope S_0x14d63ad20;
T_14 ;
    %wait E_0x14d63a140;
    %load/vec4 v0x14d63bd30_0;
    %dup/vec4;
    %pushi/vec4 0, 0, 2;
    %cmp/u;
    %jmp/1 T_14.0, 6;
    %dup/vec4;
    %pushi/vec4 1, 0, 2;
    %cmp/u;
    %jmp/1 T_14.1, 6;
    %dup/vec4;
    %pushi/vec4 2, 0, 2;
    %cmp/u;
    %jmp/1 T_14.2, 6;
    %load/vec4 v0x14d63c090_0;
    %store/vec4 v0x14d63be90_0, 0, 32;
    %jmp T_14.4;
T_14.0 ;
    %load/vec4 v0x14d63c140_0;
    %flag_set/vec4 8;
    %jmp/0xz  T_14.5, 8;
    %pushi/vec4 0, 0, 24;
    %load/vec4 v0x14d63c090_0;
    %parti/s 8, 0, 2;
    %concat/vec4; draw_concat_vec4
    %store/vec4 v0x14d63be90_0, 0, 32;
    %jmp T_14.6;
T_14.5 ;
    %load/vec4 v0x14d63c090_0;
    %parti/s 1, 7, 4;
    %replicate 24;
    %load/vec4 v0x14d63c090_0;
    %parti/s 8, 0, 2;
    %concat/vec4; draw_concat_vec4
    %store/vec4 v0x14d63be90_0, 0, 32;
T_14.6 ;
    %jmp T_14.4;
T_14.1 ;
    %load/vec4 v0x14d63c140_0;
    %flag_set/vec4 8;
    %jmp/0xz  T_14.7, 8;
    %pushi/vec4 0, 0, 16;
    %load/vec4 v0x14d63c090_0;
    %parti/s 16, 0, 2;
    %concat/vec4; draw_concat_vec4
    %store/vec4 v0x14d63be90_0, 0, 32;
    %jmp T_14.8;
T_14.7 ;
    %load/vec4 v0x14d63c090_0;
    %parti/s 1, 15, 5;
    %replicate 16;
    %load/vec4 v0x14d63c090_0;
    %parti/s 16, 0, 2;
    %concat/vec4; draw_concat_vec4
    %store/vec4 v0x14d63be90_0, 0, 32;
T_14.8 ;
    %jmp T_14.4;
T_14.2 ;
    %load/vec4 v0x14d63c090_0;
    %store/vec4 v0x14d63be90_0, 0, 32;
    %jmp T_14.4;
T_14.4 ;
    %pop/vec4 1;
    %jmp T_14;
    .thread T_14, $push;
    .scope S_0x14d625a50;
T_15 ;
    %wait E_0x14d636000;
    %load/vec4 v0x14d642510_0;
    %flag_set/vec4 8;
    %jmp/0xz  T_15.0, 8;
    %pushi/vec4 0, 0, 32;
    %assign/vec4 v0x14d641970_0, 0;
    %jmp T_15.1;
T_15.0 ;
    %load/vec4 v0x14d640440_0;
    %load/vec4 v0x14d641760_0;
    %or;
    %inv;
    %flag_set/vec4 8;
    %jmp/0xz  T_15.2, 8;
    %load/vec4 v0x14d642460_0;
    %assign/vec4 v0x14d641970_0, 0;
T_15.2 ;
T_15.1 ;
    %jmp T_15;
    .thread T_15;
    .scope S_0x14d625a50;
T_16 ;
    %wait E_0x14d636000;
    %load/vec4 v0x14d642510_0;
    %load/vec4 v0x14d641760_0;
    %load/vec4 v0x14d640440_0;
    %inv;
    %and;
    %or;
    %load/vec4 v0x14d63fde0_0;
    %or;
    %load/vec4 v0x14d63fae0_0;
    %or;
    %flag_set/vec4 8;
    %jmp/0xz  T_16.0, 8;
    %pushi/vec4 0, 0, 12;
    %assign/vec4 v0x14d640230_0, 0;
    %pushi/vec4 0, 0, 5;
    %assign/vec4 v0x14d640be0_0, 0;
    %pushi/vec4 0, 0, 3;
    %assign/vec4 v0x14d640040_0, 0;
    %pushi/vec4 0, 0, 5;
    %assign/vec4 v0x14d640a70_0, 0;
    %pushi/vec4 0, 0, 32;
    %assign/vec4 v0x14d640930_0, 0;
    %pushi/vec4 0, 0, 32;
    %assign/vec4 v0x14d63f9a0_0, 0;
    %pushi/vec4 0, 0, 32;
    %assign/vec4 v0x14d63fa30_0, 0;
    %pushi/vec4 0, 0, 32;
    %assign/vec4 v0x14d6401a0_0, 0;
    %pushi/vec4 0, 0, 1;
    %assign/vec4 v0x14d63f910_0, 0;
    %pushi/vec4 0, 0, 1;
    %assign/vec4 v0x14d63fba0_0, 0;
    %pushi/vec4 0, 0, 4;
    %assign/vec4 v0x14d63fcc0_0, 0;
    %pushi/vec4 0, 0, 1;
    %assign/vec4 v0x14d640b30_0, 0;
    %pushi/vec4 0, 0, 2;
    %assign/vec4 v0x14d6408a0_0, 0;
    %pushi/vec4 0, 0, 1;
    %assign/vec4 v0x14d6402e0_0, 0;
    %pushi/vec4 0, 0, 1;
    %assign/vec4 v0x14d63fe70_0, 0;
    %pushi/vec4 0, 0, 1;
    %assign/vec4 v0x14d640370_0, 0;
    %pushi/vec4 0, 0, 1;
    %assign/vec4 v0x14d640f60_0, 0;
    %pushi/vec4 0, 0, 1;
    %assign/vec4 v0x14d640ff0_0, 0;
    %pushi/vec4 0, 0, 1;
    %assign/vec4 v0x14d63ff90_0, 0;
    %pushi/vec4 0, 0, 1;
    %assign/vec4 v0x14d640780_0, 0;
    %pushi/vec4 0, 0, 1;
    %assign/vec4 v0x14d640110_0, 0;
    %pushi/vec4 0, 0, 1;
    %assign/vec4 v0x14d640d60_0, 0;
    %pushi/vec4 0, 0, 1;
    %assign/vec4 v0x14d640ed0_0, 0;
    %jmp T_16.1;
T_16.0 ;
    %load/vec4 v0x14d640440_0;
    %inv;
    %flag_set/vec4 8;
    %jmp/0xz  T_16.2, 8;
    %load/vec4 v0x14d641600_0;
    %parti/s 12, 20, 6;
    %assign/vec4 v0x14d640230_0, 0;
    %load/vec4 v0x14d641600_0;
    %parti/s 5, 15, 5;
    %assign/vec4 v0x14d640be0_0, 0;
    %load/vec4 v0x14d641600_0;
    %parti/s 3, 12, 5;
    %assign/vec4 v0x14d640040_0, 0;
    %load/vec4 v0x14d641600_0;
    %parti/s 5, 7, 4;
    %assign/vec4 v0x14d640a70_0, 0;
    %load/vec4 v0x14d641970_0;
    %assign/vec4 v0x14d640930_0, 0;
    %load/vec4 v0x14d641d30_0;
    %assign/vec4 v0x14d63f9a0_0, 0;
    %load/vec4 v0x14d641de0_0;
    %assign/vec4 v0x14d63fa30_0, 0;
    %load/vec4 v0x14d641550_0;
    %assign/vec4 v0x14d6401a0_0, 0;
    %load/vec4 v0x14d641080_0;
    %assign/vec4 v0x14d63f910_0, 0;
    %load/vec4 v0x14d641130_0;
    %assign/vec4 v0x14d63fba0_0, 0;
    %load/vec4 v0x14d6411e0_0;
    %assign/vec4 v0x14d63fcc0_0, 0;
    %load/vec4 v0x14d641a90_0;
    %assign/vec4 v0x14d640b30_0, 0;
    %load/vec4 v0x14d641340_0;
    %assign/vec4 v0x14d6408a0_0, 0;
    %load/vec4 v0x14d6416d0_0;
    %assign/vec4 v0x14d6402e0_0, 0;
    %load/vec4 v0x14d641290_0;
    %assign/vec4 v0x14d63fe70_0, 0;
    %load/vec4 v0x14d641810_0;
    %assign/vec4 v0x14d640370_0, 0;
    %load/vec4 v0x14d641ca0_0;
    %assign/vec4 v0x14d640f60_0, 0;
    %load/vec4 v0x14d641e90_0;
    %assign/vec4 v0x14d640ff0_0, 0;
    %load/vec4 v0x14d6413f0_0;
    %assign/vec4 v0x14d63ff90_0, 0;
    %load/vec4 v0x14d6418c0_0;
    %assign/vec4 v0x14d640780_0, 0;
    %load/vec4 v0x14d6414a0_0;
    %assign/vec4 v0x14d640110_0, 0;
    %load/vec4 v0x14d641b40_0;
    %assign/vec4 v0x14d640d60_0, 0;
    %load/vec4 v0x14d641bf0_0;
    %assign/vec4 v0x14d640ed0_0, 0;
T_16.2 ;
T_16.1 ;
    %jmp T_16;
    .thread T_16;
    .scope S_0x14d625a50;
T_17 ;
    %wait E_0x14d636000;
    %load/vec4 v0x14d642510_0;
    %flag_set/vec4 8;
    %jmp/0xz  T_17.0, 8;
    %pushi/vec4 0, 0, 3;
    %assign/vec4 v0x14d641fd0_0, 0;
    %pushi/vec4 0, 0, 5;
    %assign/vec4 v0x14d642270_0, 0;
    %pushi/vec4 0, 0, 32;
    %assign/vec4 v0x14d641f40_0, 0;
    %pushi/vec4 0, 0, 1;
    %assign/vec4 v0x14d6423b0_0, 0;
    %pushi/vec4 0, 0, 1;
    %assign/vec4 v0x14d642060_0, 0;
    %jmp T_17.1;
T_17.0 ;
    %load/vec4 v0x14d640440_0;
    %inv;
    %flag_set/vec4 8;
    %jmp/0xz  T_17.2, 8;
    %load/vec4 v0x14d640040_0;
    %assign/vec4 v0x14d641fd0_0, 0;
    %load/vec4 v0x14d640a70_0;
    %assign/vec4 v0x14d642270_0, 0;
    %load/vec4 v0x14d640810_0;
    %assign/vec4 v0x14d641f40_0, 0;
    %load/vec4 v0x14d640b30_0;
    %assign/vec4 v0x14d6423b0_0, 0;
    %load/vec4 v0x14d640370_0;
    %assign/vec4 v0x14d642060_0, 0;
T_17.2 ;
T_17.1 ;
    %jmp T_17;
    .thread T_17;
    .scope S_0x14d6258e0;
T_18 ;
    %pushi/vec4 0, 0, 32;
    %store/vec4 v0x14d642650_0, 0, 32;
    %pushi/vec4 0, 0, 32;
    %store/vec4 v0x14d6426f0_0, 0, 32;
    %pushi/vec4 0, 0, 32;
    %store/vec4 v0x14d642ab0_0, 0, 32;
    %pushi/vec4 0, 0, 32;
    %store/vec4 v0x14d6427b0_0, 0, 32;
    %end;
    .thread T_18;
    .scope S_0x14d6258e0;
T_19 ;
    %vpi_call 2 21 "$dumpfile", "test.vcd" {0 0 0};
    %vpi_call 2 22 "$dumpvars", 32'sb00000000000000000000000000000000, S_0x14d6258e0 {0 0 0};
    %vpi_func 2 24 "$fopen" 32, "test_file_name.txt", "r" {0 0 0};
    %store/vec4 v0x14d642650_0, 0, 32;
    %vpi_func 2 25 "$fopen" 32, "test_result.txt", "w" {0 0 0};
    %store/vec4 v0x14d6426f0_0, 0, 32;
T_19.0 ;
    %vpi_func 2 26 "$feof" 32, v0x14d642650_0 {0 0 0};
    %cmpi/e 0, 0, 32;
    %jmp/0xz T_19.1, 4;
    %vpi_func 2 27 "$fscanf" 32, v0x14d642650_0, "%s\012", v0x14d642a00_0 {0 0 0};
    %store/vec4 v0x14d642970_0, 0, 32;
    %load/vec4 v0x14d642a00_0;
    %ix/getv/s 4, v0x14d642ab0_0;
    %store/vec4a v0x14d642b60, 4, 0;
    %vpi_call 2 30 "$fdisplay", v0x14d6426f0_0, "%s", &A<v0x14d642b60, v0x14d642ab0_0 > {0 0 0};
    %load/vec4 v0x14d642ab0_0;
    %addi 1, 0, 32;
    %store/vec4 v0x14d642ab0_0, 0, 32;
    %jmp T_19.0;
T_19.1 ;
    %vpi_call 2 33 "$fclose", v0x14d642650_0 {0 0 0};
    %load/vec4 v0x14d642ab0_0;
    %store/vec4 v0x14d6427b0_0, 0, 32;
    %pushi/vec4 0, 0, 32;
    %store/vec4 v0x14d642ab0_0, 0, 32;
    %vpi_call 2 36 "$fdisplay", v0x14d6426f0_0, "----------------------" {0 0 0};
    %vpi_call 2 37 "$fdisplay", v0x14d6426f0_0, "%s", &A<v0x14d642b60, v0x14d642ab0_0 > {0 0 0};
    %vpi_call 2 38 "$readmemh", &A<v0x14d642b60, v0x14d642ab0_0 >, v0x14d63c750 {0 0 0};
    %end;
    .thread T_19;
    .scope S_0x14d6258e0;
T_20 ;
    %pushi/vec4 0, 0, 1;
    %assign/vec4 v0x14d6425c0_0, 0;
    %pushi/vec4 1, 0, 1;
    %assign/vec4 v0x14d642860_0, 0;
    %delay 22000, 0;
    %pushi/vec4 0, 0, 1;
    %assign/vec4 v0x14d642860_0, 0;
    %end;
    .thread T_20;
    .scope S_0x14d6258e0;
T_21 ;
T_21.0 ;
    %delay 5000, 0;
    %load/vec4 v0x14d6425c0_0;
    %inv;
    %assign/vec4 v0x14d6425c0_0, 0;
    %jmp T_21.0;
    %end;
    .thread T_21;
    .scope S_0x14d6258e0;
T_22 ;
    %delay 4000, 0;
T_22.0 ;
    %delay 10000, 0;
    %vpi_call 2 59 "$fdisplay", v0x14d6426f0_0, "time:%d pc:%h inst:%h x1:%h x2:%h x3:%h x4:%h x5:%h x6:%h x7:%h", $realtime, v0x14d641970_0, v0x14d641600_0, &A<v0x14d63dc80, 1>, &A<v0x14d63dc80, 2>, &A<v0x14d63dc80, 3>, &A<v0x14d63dc80, 4>, &A<v0x14d63dc80, 5>, &A<v0x14d63dc80, 6>, &A<v0x14d63dc80, 7> {0 0 0};
    %load/vec4 v0x14d642270_0;
    %pushi/vec4 3, 0, 5;
    %cmp/e;
    %flag_get/vec4 4;
    %load/vec4 v0x14d6423b0_0;
    %pushi/vec4 1, 0, 1;
    %cmp/e;
    %flag_get/vec4 4;
    %and;
    %flag_set/vec4 8;
    %jmp/0xz  T_22.1, 8;
    %vpi_call 2 61 "$fdisplay", v0x14d6426f0_0, "gp:%d", v0x14d642300_0 {0 0 0};
T_22.1 ;
    %load/vec4 v0x14d641970_0;
    %cmpi/e 68, 0, 32;
    %jmp/0xz  T_22.3, 4;
    %ix/load 4, 3, 0;
    %flag_set/imm 4, 0;
    %load/vec4a v0x14d63dc80, 4;
    %cmpi/e 1, 0, 32;
    %jmp/0xz  T_22.5, 4;
    %vpi_call 2 65 "$fdisplay", v0x14d6426f0_0, "test pass" {0 0 0};
    %pushi/vec4 1, 0, 1;
    %ix/getv/s 4, v0x14d642ab0_0;
    %store/vec4a v0x14d642c70, 4, 0;
    %jmp T_22.6;
T_22.5 ;
    %vpi_call 2 68 "$fdisplay", v0x14d6426f0_0, "test fail" {0 0 0};
    %pushi/vec4 0, 0, 1;
    %ix/getv/s 4, v0x14d642ab0_0;
    %store/vec4a v0x14d642c70, 4, 0;
T_22.6 ;
    %load/vec4 v0x14d642ab0_0;
    %addi 1, 0, 32;
    %store/vec4 v0x14d642ab0_0, 0, 32;
    %load/vec4 v0x14d642ab0_0;
    %load/vec4 v0x14d6427b0_0;
    %cmp/e;
    %jmp/0xz  T_22.7, 4;
    %vpi_call 2 73 "$fdisplay", v0x14d6426f0_0, "----------------------" {0 0 0};
    %vpi_call 2 74 "$display", "----------------------" {0 0 0};
    %pushi/vec4 0, 0, 32;
    %store/vec4 v0x14d642ab0_0, 0, 32;
T_22.9 ;
    %load/vec4 v0x14d642ab0_0;
    %load/vec4 v0x14d6427b0_0;
    %cmp/s;
    %jmp/0xz T_22.10, 5;
    %ix/getv/s 4, v0x14d642ab0_0;
    %load/vec4a v0x14d642c70, 4;
    %cmpi/e 1, 0, 1;
    %jmp/0xz  T_22.11, 4;
    %vpi_call 2 77 "$display", "%s  pass", &A<v0x14d642b60, v0x14d642ab0_0 > {0 0 0};
    %vpi_call 2 78 "$fdisplay", v0x14d6426f0_0, "%s  pass", &A<v0x14d642b60, v0x14d642ab0_0 > {0 0 0};
    %jmp T_22.12;
T_22.11 ;
    %vpi_call 2 80 "$display", "%s  fail", &A<v0x14d642b60, v0x14d642ab0_0 > {0 0 0};
    %vpi_call 2 81 "$fdisplay", v0x14d6426f0_0, "%s  fail", &A<v0x14d642b60, v0x14d642ab0_0 > {0 0 0};
T_22.12 ;
    %load/vec4 v0x14d642ab0_0;
    %addi 1, 0, 32;
    %store/vec4 v0x14d642ab0_0, 0, 32;
    %jmp T_22.9;
T_22.10 ;
    %vpi_call 2 84 "$fclose", v0x14d6426f0_0 {0 0 0};
    %vpi_call 2 85 "$finish" {0 0 0};
T_22.7 ;
    %vpi_call 2 87 "$fdisplay", v0x14d6426f0_0, "----------------------" {0 0 0};
    %vpi_call 2 88 "$fdisplay", v0x14d6426f0_0, "%s", &A<v0x14d642b60, v0x14d642ab0_0 > {0 0 0};
    %pushi/vec4 1, 0, 1;
    %assign/vec4 v0x14d642860_0, 0;
    %delay 10000, 0;
    %vpi_call 2 91 "$readmemh", &A<v0x14d642b60, v0x14d642ab0_0 >, v0x14d63c750 {0 0 0};
    %delay 10000, 0;
    %pushi/vec4 0, 0, 1;
    %assign/vec4 v0x14d642860_0, 0;
T_22.3 ;
    %jmp T_22.0;
    %end;
    .thread T_22;
    .scope S_0x14d6258e0;
T_23 ;
    %delay 1000000000, 0;
    %vpi_call 2 98 "$finish" {0 0 0};
    %end;
    .thread T_23;
# The file index is used to find the file name in the following table.
:file_names 12;
    "N/A";
    "<interactive>";
    "test_all.v";
    "core.v";
    "alu.v";
    "br_unit.v";
    "csr.v";
    "decoder.v";
    "ma_ctrl.v";
    "r_data_fmt.v";
    "ram.v";
    "reg_file.v";
